2024-11-23 10:03:48,137 - {'optimizer': {'name': 'adam', 'lr': 0.001, 'weight_decay': 0}, 'train': {'epoch': 500, 'batch_size': 4096, 'save_model': False, 'loss': 'pairwise', 'log_loss': False, 'test_step': 3, 'patience': 5, 'reproducible': True, 'seed': 2023, 'early_stop': True}, 'test': {'metrics': ['recall', 'ndcg'], 'k': [10, 20, 40], 'batch_size': 1024}, 'data': {'type': 'social', 'name': 'lastfm', 'user_num': 1892, 'item_num': 17632}, 'model': {'name': 'mhcn', 'layer_num': 2, 'reg_weight': 0.001, 'embedding_size': 64, 'ss_rate': 0.01}, 'tune': {'enable': True, 'hyperparameters': ['layer_num', 'reg_weight', 'ss_rate'], 'layer_num': [2, 3], 'reg_weight': [0.1, 0.01, 0.001], 'ss_rate': [0.01, 0.001]}, 'device': 'cuda', 'log': True}
2024-11-23 10:03:48,138 - hyperparameter: {'layer_num': 2, 'reg_weight': 0.1, 'ss_rate': 0.01}
2024-11-23 10:03:50,315 - Epoch   0 Test set [recall@10: 0.1453 recall@20: 0.2078 recall@40: 0.2845 ] Test set [ndcg@10: 0.1818 ndcg@20: 0.2043 ndcg@40: 0.2382 ] 
2024-11-23 10:03:50,316 - Validation score increased.  Copying the best model ...
2024-11-23 10:03:53,071 - Epoch   3 Test set [recall@10: 0.1624 recall@20: 0.2309 recall@40: 0.3144 ] Test set [ndcg@10: 0.2053 ndcg@20: 0.2294 ndcg@40: 0.2663 ] 
2024-11-23 10:03:53,072 - Validation score increased.  Copying the best model ...
2024-11-23 10:03:55,818 - Epoch   6 Test set [recall@10: 0.1700 recall@20: 0.2425 recall@40: 0.3293 ] Test set [ndcg@10: 0.2164 ndcg@20: 0.2419 ndcg@40: 0.2802 ] 
2024-11-23 10:03:55,819 - Validation score increased.  Copying the best model ...
2024-11-23 10:03:58,649 - Epoch   9 Test set [recall@10: 0.1763 recall@20: 0.2500 recall@40: 0.3387 ] Test set [ndcg@10: 0.2249 ndcg@20: 0.2503 ndcg@40: 0.2897 ] 
2024-11-23 10:03:58,650 - Validation score increased.  Copying the best model ...
2024-11-23 10:04:01,468 - Epoch  12 Test set [recall@10: 0.1797 recall@20: 0.2544 recall@40: 0.3465 ] Test set [ndcg@10: 0.2287 ndcg@20: 0.2543 ndcg@40: 0.2951 ] 
2024-11-23 10:04:01,469 - Validation score increased.  Copying the best model ...
2024-11-23 10:04:04,245 - Epoch  15 Test set [recall@10: 0.1829 recall@20: 0.2572 recall@40: 0.3502 ] Test set [ndcg@10: 0.2314 ndcg@20: 0.2568 ndcg@40: 0.2981 ] 
2024-11-23 10:04:04,246 - Validation score increased.  Copying the best model ...
2024-11-23 10:04:07,056 - Epoch  18 Test set [recall@10: 0.1860 recall@20: 0.2643 recall@40: 0.3550 ] Test set [ndcg@10: 0.2375 ndcg@20: 0.2644 ndcg@40: 0.3047 ] 
2024-11-23 10:04:07,057 - Validation score increased.  Copying the best model ...
2024-11-23 10:04:09,788 - Epoch  21 Test set [recall@10: 0.1868 recall@20: 0.2612 recall@40: 0.3551 ] Test set [ndcg@10: 0.2392 ndcg@20: 0.2643 ndcg@40: 0.3060 ] 
2024-11-23 10:04:09,789 - Validation score increased.  Copying the best model ...
2024-11-23 10:04:12,591 - Epoch  24 Test set [recall@10: 0.1884 recall@20: 0.2626 recall@40: 0.3563 ] Test set [ndcg@10: 0.2399 ndcg@20: 0.2645 ndcg@40: 0.3060 ] 
2024-11-23 10:04:12,592 - Validation score increased.  Copying the best model ...
2024-11-23 10:04:15,394 - Epoch  27 Test set [recall@10: 0.1892 recall@20: 0.2655 recall@40: 0.3588 ] Test set [ndcg@10: 0.2404 ndcg@20: 0.2662 ndcg@40: 0.3077 ] 
2024-11-23 10:04:15,394 - Validation score increased.  Copying the best model ...
2024-11-23 10:04:18,195 - Epoch  30 Test set [recall@10: 0.1904 recall@20: 0.2655 recall@40: 0.3593 ] Test set [ndcg@10: 0.2415 ndcg@20: 0.2667 ndcg@40: 0.3083 ] 
2024-11-23 10:04:18,196 - Validation score increased.  Copying the best model ...
2024-11-23 10:04:20,926 - Epoch  33 Test set [recall@10: 0.1894 recall@20: 0.2677 recall@40: 0.3611 ] Test set [ndcg@10: 0.2416 ndcg@20: 0.2684 ndcg@40: 0.3098 ] 
2024-11-23 10:04:20,927 - Early stop counter: 1 out of 5
2024-11-23 10:04:23,727 - Epoch  36 Test set [recall@10: 0.1900 recall@20: 0.2675 recall@40: 0.3602 ] Test set [ndcg@10: 0.2419 ndcg@20: 0.2682 ndcg@40: 0.3094 ] 
2024-11-23 10:04:23,727 - Early stop counter: 2 out of 5
2024-11-23 10:04:26,384 - Epoch  39 Test set [recall@10: 0.1895 recall@20: 0.2672 recall@40: 0.3631 ] Test set [ndcg@10: 0.2431 ndcg@20: 0.2697 ndcg@40: 0.3121 ] 
2024-11-23 10:04:26,384 - Early stop counter: 3 out of 5
2024-11-23 10:04:29,096 - Epoch  42 Test set [recall@10: 0.1911 recall@20: 0.2680 recall@40: 0.3636 ] Test set [ndcg@10: 0.2434 ndcg@20: 0.2696 ndcg@40: 0.3118 ] 
2024-11-23 10:04:29,097 - Validation score increased.  Copying the best model ...
2024-11-23 10:04:31,850 - Epoch  45 Test set [recall@10: 0.1926 recall@20: 0.2687 recall@40: 0.3630 ] Test set [ndcg@10: 0.2452 ndcg@20: 0.2709 ndcg@40: 0.3124 ] 
2024-11-23 10:04:31,851 - Validation score increased.  Copying the best model ...
2024-11-23 10:04:34,470 - Epoch  48 Test set [recall@10: 0.1943 recall@20: 0.2691 recall@40: 0.3646 ] Test set [ndcg@10: 0.2474 ndcg@20: 0.2719 ndcg@40: 0.3142 ] 
2024-11-23 10:04:34,471 - Validation score increased.  Copying the best model ...
2024-11-23 10:04:36,963 - Epoch  51 Test set [recall@10: 0.1912 recall@20: 0.2692 recall@40: 0.3613 ] Test set [ndcg@10: 0.2447 ndcg@20: 0.2714 ndcg@40: 0.3122 ] 
2024-11-23 10:04:36,963 - Early stop counter: 1 out of 5
2024-11-23 10:04:39,563 - Epoch  54 Test set [recall@10: 0.1933 recall@20: 0.2709 recall@40: 0.3666 ] Test set [ndcg@10: 0.2458 ndcg@20: 0.2725 ndcg@40: 0.3147 ] 
2024-11-23 10:04:39,563 - Early stop counter: 2 out of 5
2024-11-23 10:04:42,317 - Epoch  57 Test set [recall@10: 0.1955 recall@20: 0.2716 recall@40: 0.3661 ] Test set [ndcg@10: 0.2472 ndcg@20: 0.2727 ndcg@40: 0.3145 ] 
2024-11-23 10:04:42,318 - Validation score increased.  Copying the best model ...
2024-11-23 10:04:45,025 - Epoch  60 Test set [recall@10: 0.1957 recall@20: 0.2713 recall@40: 0.3647 ] Test set [ndcg@10: 0.2489 ndcg@20: 0.2739 ndcg@40: 0.3152 ] 
2024-11-23 10:04:45,026 - Validation score increased.  Copying the best model ...
2024-11-23 10:04:47,511 - Epoch  63 Test set [recall@10: 0.1934 recall@20: 0.2694 recall@40: 0.3634 ] Test set [ndcg@10: 0.2466 ndcg@20: 0.2721 ndcg@40: 0.3137 ] 
2024-11-23 10:04:47,511 - Early stop counter: 1 out of 5
2024-11-23 10:04:50,253 - Epoch  66 Test set [recall@10: 0.1940 recall@20: 0.2711 recall@40: 0.3637 ] Test set [ndcg@10: 0.2470 ndcg@20: 0.2730 ndcg@40: 0.3139 ] 
2024-11-23 10:04:50,253 - Early stop counter: 2 out of 5
2024-11-23 10:04:52,788 - Epoch  69 Test set [recall@10: 0.1939 recall@20: 0.2693 recall@40: 0.3620 ] Test set [ndcg@10: 0.2474 ndcg@20: 0.2728 ndcg@40: 0.3138 ] 
2024-11-23 10:04:52,788 - Early stop counter: 3 out of 5
2024-11-23 10:04:55,461 - Epoch  72 Test set [recall@10: 0.1958 recall@20: 0.2706 recall@40: 0.3630 ] Test set [ndcg@10: 0.2493 ndcg@20: 0.2742 ndcg@40: 0.3151 ] 
2024-11-23 10:04:55,462 - Validation score increased.  Copying the best model ...
2024-11-23 10:04:58,093 - Epoch  75 Test set [recall@10: 0.1937 recall@20: 0.2728 recall@40: 0.3674 ] Test set [ndcg@10: 0.2477 ndcg@20: 0.2747 ndcg@40: 0.3167 ] 
2024-11-23 10:04:58,093 - Early stop counter: 1 out of 5
2024-11-23 10:05:00,611 - Epoch  78 Test set [recall@10: 0.1929 recall@20: 0.2693 recall@40: 0.3638 ] Test set [ndcg@10: 0.2458 ndcg@20: 0.2720 ndcg@40: 0.3138 ] 
2024-11-23 10:05:00,611 - Early stop counter: 2 out of 5
2024-11-23 10:05:03,338 - Epoch  81 Test set [recall@10: 0.1950 recall@20: 0.2723 recall@40: 0.3643 ] Test set [ndcg@10: 0.2485 ndcg@20: 0.2743 ndcg@40: 0.3153 ] 
2024-11-23 10:05:03,338 - Early stop counter: 3 out of 5
2024-11-23 10:05:06,143 - Epoch  84 Test set [recall@10: 0.1945 recall@20: 0.2726 recall@40: 0.3687 ] Test set [ndcg@10: 0.2475 ndcg@20: 0.2741 ndcg@40: 0.3165 ] 
2024-11-23 10:05:06,143 - Early stop counter: 4 out of 5
2024-11-23 10:05:08,837 - Epoch  87 Test set [recall@10: 0.1939 recall@20: 0.2707 recall@40: 0.3660 ] Test set [ndcg@10: 0.2479 ndcg@20: 0.2735 ndcg@40: 0.3156 ] 
2024-11-23 10:05:08,837 - Early stop counter: 5 out of 5
2024-11-23 10:05:08,837 - Best Epoch 72
2024-11-23 10:05:09,187 - Test set [recall@10: 0.1958 recall@20: 0.2706 recall@40: 0.3630 ] Test set [ndcg@10: 0.2493 ndcg@20: 0.2742 ndcg@40: 0.3151 ] 
2024-11-23 10:05:09,532 - Test set [recall@10: 0.1958 recall@20: 0.2706 recall@40: 0.3630 ] Test set [ndcg@10: 0.2493 ndcg@20: 0.2742 ndcg@40: 0.3151 ] 
2024-11-23 10:05:09,555 - hyperparameter: {'layer_num': 2, 'reg_weight': 0.1, 'ss_rate': 0.001}
2024-11-23 10:05:10,702 - Epoch   0 Test set [recall@10: 0.1452 recall@20: 0.2079 recall@40: 0.2845 ] Test set [ndcg@10: 0.1816 ndcg@20: 0.2042 ndcg@40: 0.2380 ] 
2024-11-23 10:05:10,703 - Validation score increased.  Copying the best model ...
2024-11-23 10:05:13,401 - Epoch   3 Test set [recall@10: 0.1613 recall@20: 0.2316 recall@40: 0.3158 ] Test set [ndcg@10: 0.2048 ndcg@20: 0.2298 ndcg@40: 0.2671 ] 
2024-11-23 10:05:13,402 - Validation score increased.  Copying the best model ...
2024-11-23 10:05:16,053 - Epoch   6 Test set [recall@10: 0.1690 recall@20: 0.2430 recall@40: 0.3298 ] Test set [ndcg@10: 0.2150 ndcg@20: 0.2415 ndcg@40: 0.2798 ] 
2024-11-23 10:05:16,054 - Validation score increased.  Copying the best model ...
2024-11-23 10:05:18,802 - Epoch   9 Test set [recall@10: 0.1756 recall@20: 0.2506 recall@40: 0.3392 ] Test set [ndcg@10: 0.2240 ndcg@20: 0.2501 ndcg@40: 0.2894 ] 
2024-11-23 10:05:18,803 - Validation score increased.  Copying the best model ...
2024-11-23 10:05:21,589 - Epoch  12 Test set [recall@10: 0.1785 recall@20: 0.2551 recall@40: 0.3469 ] Test set [ndcg@10: 0.2281 ndcg@20: 0.2548 ndcg@40: 0.2954 ] 
2024-11-23 10:05:21,590 - Validation score increased.  Copying the best model ...
2024-11-23 10:05:24,239 - Epoch  15 Test set [recall@10: 0.1818 recall@20: 0.2576 recall@40: 0.3495 ] Test set [ndcg@10: 0.2298 ndcg@20: 0.2563 ndcg@40: 0.2972 ] 
2024-11-23 10:05:24,240 - Validation score increased.  Copying the best model ...
2024-11-23 10:05:26,792 - Epoch  18 Test set [recall@10: 0.1864 recall@20: 0.2641 recall@40: 0.3555 ] Test set [ndcg@10: 0.2367 ndcg@20: 0.2636 ndcg@40: 0.3043 ] 
2024-11-23 10:05:26,793 - Validation score increased.  Copying the best model ...
2024-11-23 10:05:29,347 - Epoch  21 Test set [recall@10: 0.1866 recall@20: 0.2603 recall@40: 0.3537 ] Test set [ndcg@10: 0.2390 ndcg@20: 0.2638 ndcg@40: 0.3053 ] 
2024-11-23 10:05:29,348 - Validation score increased.  Copying the best model ...
2024-11-23 10:05:31,929 - Epoch  24 Test set [recall@10: 0.1880 recall@20: 0.2618 recall@40: 0.3557 ] Test set [ndcg@10: 0.2395 ndcg@20: 0.2640 ndcg@40: 0.3056 ] 
2024-11-23 10:05:31,930 - Validation score increased.  Copying the best model ...
2024-11-23 10:05:34,699 - Epoch  27 Test set [recall@10: 0.1881 recall@20: 0.2625 recall@40: 0.3562 ] Test set [ndcg@10: 0.2395 ndcg@20: 0.2644 ndcg@40: 0.3060 ] 
2024-11-23 10:05:34,700 - Validation score increased.  Copying the best model ...
2024-11-23 10:05:37,384 - Epoch  30 Test set [recall@10: 0.1895 recall@20: 0.2641 recall@40: 0.3583 ] Test set [ndcg@10: 0.2409 ndcg@20: 0.2662 ndcg@40: 0.3078 ] 
2024-11-23 10:05:37,385 - Validation score increased.  Copying the best model ...
2024-11-23 10:05:40,003 - Epoch  33 Test set [recall@10: 0.1910 recall@20: 0.2667 recall@40: 0.3573 ] Test set [ndcg@10: 0.2432 ndcg@20: 0.2688 ndcg@40: 0.3088 ] 
2024-11-23 10:05:40,004 - Validation score increased.  Copying the best model ...
2024-11-23 10:05:42,768 - Epoch  36 Test set [recall@10: 0.1913 recall@20: 0.2666 recall@40: 0.3593 ] Test set [ndcg@10: 0.2432 ndcg@20: 0.2686 ndcg@40: 0.3098 ] 
2024-11-23 10:05:42,769 - Validation score increased.  Copying the best model ...
2024-11-23 10:05:45,565 - Epoch  39 Test set [recall@10: 0.1888 recall@20: 0.2667 recall@40: 0.3613 ] Test set [ndcg@10: 0.2413 ndcg@20: 0.2681 ndcg@40: 0.3100 ] 
2024-11-23 10:05:45,565 - Early stop counter: 1 out of 5
2024-11-23 10:05:48,229 - Epoch  42 Test set [recall@10: 0.1890 recall@20: 0.2670 recall@40: 0.3585 ] Test set [ndcg@10: 0.2424 ndcg@20: 0.2689 ndcg@40: 0.3095 ] 
2024-11-23 10:05:48,230 - Early stop counter: 2 out of 5
2024-11-23 10:05:50,931 - Epoch  45 Test set [recall@10: 0.1919 recall@20: 0.2666 recall@40: 0.3587 ] Test set [ndcg@10: 0.2441 ndcg@20: 0.2691 ndcg@40: 0.3099 ] 
2024-11-23 10:05:50,932 - Validation score increased.  Copying the best model ...
2024-11-23 10:05:53,735 - Epoch  48 Test set [recall@10: 0.1914 recall@20: 0.2686 recall@40: 0.3606 ] Test set [ndcg@10: 0.2438 ndcg@20: 0.2702 ndcg@40: 0.3109 ] 
2024-11-23 10:05:53,735 - Early stop counter: 1 out of 5
2024-11-23 10:05:56,700 - Epoch  51 Test set [recall@10: 0.1909 recall@20: 0.2666 recall@40: 0.3592 ] Test set [ndcg@10: 0.2430 ndcg@20: 0.2688 ndcg@40: 0.3099 ] 
2024-11-23 10:05:56,701 - Early stop counter: 2 out of 5
2024-11-23 10:05:59,858 - Epoch  54 Test set [recall@10: 0.1896 recall@20: 0.2681 recall@40: 0.3615 ] Test set [ndcg@10: 0.2413 ndcg@20: 0.2685 ndcg@40: 0.3100 ] 
2024-11-23 10:05:59,858 - Early stop counter: 3 out of 5
2024-11-23 10:06:02,916 - Epoch  57 Test set [recall@10: 0.1932 recall@20: 0.2684 recall@40: 0.3633 ] Test set [ndcg@10: 0.2450 ndcg@20: 0.2700 ndcg@40: 0.3119 ] 
2024-11-23 10:06:02,917 - Validation score increased.  Copying the best model ...
2024-11-23 10:06:06,141 - Epoch  60 Test set [recall@10: 0.1930 recall@20: 0.2700 recall@40: 0.3615 ] Test set [ndcg@10: 0.2462 ndcg@20: 0.2722 ndcg@40: 0.3127 ] 
2024-11-23 10:06:06,141 - Early stop counter: 1 out of 5
2024-11-23 10:06:08,957 - Epoch  63 Test set [recall@10: 0.1937 recall@20: 0.2690 recall@40: 0.3614 ] Test set [ndcg@10: 0.2461 ndcg@20: 0.2715 ndcg@40: 0.3123 ] 
2024-11-23 10:06:08,958 - Validation score increased.  Copying the best model ...
2024-11-23 10:06:11,852 - Epoch  66 Test set [recall@10: 0.1934 recall@20: 0.2694 recall@40: 0.3616 ] Test set [ndcg@10: 0.2459 ndcg@20: 0.2714 ndcg@40: 0.3122 ] 
2024-11-23 10:06:11,852 - Early stop counter: 1 out of 5
2024-11-23 10:06:14,750 - Epoch  69 Test set [recall@10: 0.1900 recall@20: 0.2673 recall@40: 0.3582 ] Test set [ndcg@10: 0.2438 ndcg@20: 0.2704 ndcg@40: 0.3106 ] 
2024-11-23 10:06:14,750 - Early stop counter: 2 out of 5
2024-11-23 10:06:17,950 - Epoch  72 Test set [recall@10: 0.1923 recall@20: 0.2675 recall@40: 0.3579 ] Test set [ndcg@10: 0.2456 ndcg@20: 0.2709 ndcg@40: 0.3109 ] 
2024-11-23 10:06:17,950 - Early stop counter: 3 out of 5
2024-11-23 10:06:21,384 - Epoch  75 Test set [recall@10: 0.1919 recall@20: 0.2671 recall@40: 0.3588 ] Test set [ndcg@10: 0.2444 ndcg@20: 0.2691 ndcg@40: 0.3099 ] 
2024-11-23 10:06:21,384 - Early stop counter: 4 out of 5
2024-11-23 10:06:24,733 - Epoch  78 Test set [recall@10: 0.1903 recall@20: 0.2636 recall@40: 0.3598 ] Test set [ndcg@10: 0.2422 ndcg@20: 0.2668 ndcg@40: 0.3095 ] 
2024-11-23 10:06:24,733 - Early stop counter: 5 out of 5
2024-11-23 10:06:24,733 - Best Epoch 63
2024-11-23 10:06:25,148 - Test set [recall@10: 0.1937 recall@20: 0.2690 recall@40: 0.3614 ] Test set [ndcg@10: 0.2461 ndcg@20: 0.2715 ndcg@40: 0.3123 ] 
2024-11-23 10:06:25,599 - Test set [recall@10: 0.1937 recall@20: 0.2690 recall@40: 0.3614 ] Test set [ndcg@10: 0.2461 ndcg@20: 0.2715 ndcg@40: 0.3123 ] 
2024-11-23 10:06:25,622 - hyperparameter: {'layer_num': 2, 'reg_weight': 0.01, 'ss_rate': 0.01}
2024-11-23 10:06:27,091 - Epoch   0 Test set [recall@10: 0.1449 recall@20: 0.2079 recall@40: 0.2846 ] Test set [ndcg@10: 0.1815 ndcg@20: 0.2043 ndcg@40: 0.2382 ] 
2024-11-23 10:06:27,092 - Validation score increased.  Copying the best model ...
2024-11-23 10:06:30,457 - Epoch   3 Test set [recall@10: 0.1625 recall@20: 0.2307 recall@40: 0.3141 ] Test set [ndcg@10: 0.2049 ndcg@20: 0.2288 ndcg@40: 0.2657 ] 
2024-11-23 10:06:30,459 - Validation score increased.  Copying the best model ...
2024-11-23 10:06:33,827 - Epoch   6 Test set [recall@10: 0.1699 recall@20: 0.2420 recall@40: 0.3290 ] Test set [ndcg@10: 0.2162 ndcg@20: 0.2414 ndcg@40: 0.2798 ] 
2024-11-23 10:06:33,828 - Validation score increased.  Copying the best model ...
2024-11-23 10:06:36,668 - Epoch   9 Test set [recall@10: 0.1747 recall@20: 0.2503 recall@40: 0.3398 ] Test set [ndcg@10: 0.2244 ndcg@20: 0.2508 ndcg@40: 0.2906 ] 
2024-11-23 10:06:36,668 - Validation score increased.  Copying the best model ...
2024-11-23 10:06:39,345 - Epoch  12 Test set [recall@10: 0.1794 recall@20: 0.2547 recall@40: 0.3466 ] Test set [ndcg@10: 0.2285 ndcg@20: 0.2545 ndcg@40: 0.2952 ] 
2024-11-23 10:06:39,346 - Validation score increased.  Copying the best model ...
2024-11-23 10:06:42,095 - Epoch  15 Test set [recall@10: 0.1831 recall@20: 0.2560 recall@40: 0.3501 ] Test set [ndcg@10: 0.2316 ndcg@20: 0.2563 ndcg@40: 0.2981 ] 
2024-11-23 10:06:42,096 - Validation score increased.  Copying the best model ...
2024-11-23 10:06:44,816 - Epoch  18 Test set [recall@10: 0.1869 recall@20: 0.2644 recall@40: 0.3552 ] Test set [ndcg@10: 0.2377 ndcg@20: 0.2642 ndcg@40: 0.3045 ] 
2024-11-23 10:06:44,817 - Validation score increased.  Copying the best model ...
2024-11-23 10:06:47,742 - Epoch  21 Test set [recall@10: 0.1878 recall@20: 0.2638 recall@40: 0.3567 ] Test set [ndcg@10: 0.2400 ndcg@20: 0.2657 ndcg@40: 0.3069 ] 
2024-11-23 10:06:47,743 - Validation score increased.  Copying the best model ...
2024-11-23 10:06:50,420 - Epoch  24 Test set [recall@10: 0.1875 recall@20: 0.2643 recall@40: 0.3590 ] Test set [ndcg@10: 0.2405 ndcg@20: 0.2662 ndcg@40: 0.3083 ] 
2024-11-23 10:06:50,421 - Early stop counter: 1 out of 5
2024-11-23 10:06:53,057 - Epoch  27 Test set [recall@10: 0.1888 recall@20: 0.2670 recall@40: 0.3614 ] Test set [ndcg@10: 0.2408 ndcg@20: 0.2673 ndcg@40: 0.3092 ] 
2024-11-23 10:06:53,058 - Validation score increased.  Copying the best model ...
2024-11-23 10:06:55,825 - Epoch  30 Test set [recall@10: 0.1909 recall@20: 0.2681 recall@40: 0.3629 ] Test set [ndcg@10: 0.2421 ndcg@20: 0.2682 ndcg@40: 0.3102 ] 
2024-11-23 10:06:55,826 - Validation score increased.  Copying the best model ...
2024-11-23 10:06:58,635 - Epoch  33 Test set [recall@10: 0.1909 recall@20: 0.2691 recall@40: 0.3645 ] Test set [ndcg@10: 0.2444 ndcg@20: 0.2710 ndcg@40: 0.3135 ] 
2024-11-23 10:06:58,637 - Validation score increased.  Copying the best model ...
2024-11-23 10:07:01,434 - Epoch  36 Test set [recall@10: 0.1917 recall@20: 0.2693 recall@40: 0.3655 ] Test set [ndcg@10: 0.2447 ndcg@20: 0.2707 ndcg@40: 0.3134 ] 
2024-11-23 10:07:01,435 - Validation score increased.  Copying the best model ...
2024-11-23 10:07:04,616 - Epoch  39 Test set [recall@10: 0.1912 recall@20: 0.2704 recall@40: 0.3666 ] Test set [ndcg@10: 0.2445 ndcg@20: 0.2715 ndcg@40: 0.3143 ] 
2024-11-23 10:07:04,617 - Early stop counter: 1 out of 5
2024-11-23 10:07:07,454 - Epoch  42 Test set [recall@10: 0.1927 recall@20: 0.2712 recall@40: 0.3671 ] Test set [ndcg@10: 0.2456 ndcg@20: 0.2722 ndcg@40: 0.3149 ] 
2024-11-23 10:07:07,455 - Validation score increased.  Copying the best model ...
2024-11-23 10:07:10,410 - Epoch  45 Test set [recall@10: 0.1930 recall@20: 0.2705 recall@40: 0.3678 ] Test set [ndcg@10: 0.2461 ndcg@20: 0.2721 ndcg@40: 0.3153 ] 
2024-11-23 10:07:10,411 - Validation score increased.  Copying the best model ...
2024-11-23 10:07:13,364 - Epoch  48 Test set [recall@10: 0.1960 recall@20: 0.2735 recall@40: 0.3704 ] Test set [ndcg@10: 0.2500 ndcg@20: 0.2757 ndcg@40: 0.3188 ] 
2024-11-23 10:07:13,365 - Validation score increased.  Copying the best model ...
2024-11-23 10:07:16,182 - Epoch  51 Test set [recall@10: 0.1951 recall@20: 0.2742 recall@40: 0.3697 ] Test set [ndcg@10: 0.2485 ndcg@20: 0.2752 ndcg@40: 0.3174 ] 
2024-11-23 10:07:16,182 - Early stop counter: 1 out of 5
2024-11-23 10:07:18,978 - Epoch  54 Test set [recall@10: 0.1956 recall@20: 0.2740 recall@40: 0.3720 ] Test set [ndcg@10: 0.2486 ndcg@20: 0.2749 ndcg@40: 0.3185 ] 
2024-11-23 10:07:18,978 - Early stop counter: 2 out of 5
2024-11-23 10:07:21,635 - Epoch  57 Test set [recall@10: 0.1991 recall@20: 0.2774 recall@40: 0.3718 ] Test set [ndcg@10: 0.2521 ndcg@20: 0.2780 ndcg@40: 0.3198 ] 
2024-11-23 10:07:21,635 - Validation score increased.  Copying the best model ...
2024-11-23 10:07:24,523 - Epoch  60 Test set [recall@10: 0.1991 recall@20: 0.2742 recall@40: 0.3712 ] Test set [ndcg@10: 0.2529 ndcg@20: 0.2774 ndcg@40: 0.3204 ] 
2024-11-23 10:07:24,523 - Early stop counter: 1 out of 5
2024-11-23 10:07:27,141 - Epoch  63 Test set [recall@10: 0.1961 recall@20: 0.2733 recall@40: 0.3724 ] Test set [ndcg@10: 0.2509 ndcg@20: 0.2765 ndcg@40: 0.3205 ] 
2024-11-23 10:07:27,141 - Early stop counter: 2 out of 5
2024-11-23 10:07:29,876 - Epoch  66 Test set [recall@10: 0.1976 recall@20: 0.2753 recall@40: 0.3707 ] Test set [ndcg@10: 0.2516 ndcg@20: 0.2773 ndcg@40: 0.3196 ] 
2024-11-23 10:07:29,876 - Early stop counter: 3 out of 5
2024-11-23 10:07:32,587 - Epoch  69 Test set [recall@10: 0.1990 recall@20: 0.2777 recall@40: 0.3715 ] Test set [ndcg@10: 0.2528 ndcg@20: 0.2789 ndcg@40: 0.3204 ] 
2024-11-23 10:07:32,587 - Early stop counter: 4 out of 5
2024-11-23 10:07:35,484 - Epoch  72 Test set [recall@10: 0.1997 recall@20: 0.2773 recall@40: 0.3706 ] Test set [ndcg@10: 0.2542 ndcg@20: 0.2797 ndcg@40: 0.3212 ] 
2024-11-23 10:07:35,485 - Validation score increased.  Copying the best model ...
2024-11-23 10:07:38,358 - Epoch  75 Test set [recall@10: 0.1992 recall@20: 0.2776 recall@40: 0.3725 ] Test set [ndcg@10: 0.2533 ndcg@20: 0.2793 ndcg@40: 0.3216 ] 
2024-11-23 10:07:38,359 - Early stop counter: 1 out of 5
2024-11-23 10:07:41,404 - Epoch  78 Test set [recall@10: 0.1977 recall@20: 0.2764 recall@40: 0.3720 ] Test set [ndcg@10: 0.2518 ndcg@20: 0.2784 ndcg@40: 0.3208 ] 
2024-11-23 10:07:41,404 - Early stop counter: 2 out of 5
2024-11-23 10:07:44,020 - Epoch  81 Test set [recall@10: 0.1992 recall@20: 0.2789 recall@40: 0.3730 ] Test set [ndcg@10: 0.2520 ndcg@20: 0.2787 ndcg@40: 0.3206 ] 
2024-11-23 10:07:44,020 - Early stop counter: 3 out of 5
2024-11-23 10:07:46,852 - Epoch  84 Test set [recall@10: 0.1983 recall@20: 0.2776 recall@40: 0.3713 ] Test set [ndcg@10: 0.2524 ndcg@20: 0.2789 ndcg@40: 0.3205 ] 
2024-11-23 10:07:46,853 - Early stop counter: 4 out of 5
2024-11-23 10:07:49,659 - Epoch  87 Test set [recall@10: 0.2004 recall@20: 0.2785 recall@40: 0.3743 ] Test set [ndcg@10: 0.2537 ndcg@20: 0.2794 ndcg@40: 0.3218 ] 
2024-11-23 10:07:49,660 - Validation score increased.  Copying the best model ...
2024-11-23 10:07:52,553 - Epoch  90 Test set [recall@10: 0.2001 recall@20: 0.2793 recall@40: 0.3734 ] Test set [ndcg@10: 0.2551 ndcg@20: 0.2813 ndcg@40: 0.3230 ] 
2024-11-23 10:07:52,553 - Early stop counter: 1 out of 5
2024-11-23 10:07:55,252 - Epoch  93 Test set [recall@10: 0.2012 recall@20: 0.2792 recall@40: 0.3736 ] Test set [ndcg@10: 0.2558 ndcg@20: 0.2816 ndcg@40: 0.3233 ] 
2024-11-23 10:07:55,253 - Validation score increased.  Copying the best model ...
2024-11-23 10:07:58,070 - Epoch  96 Test set [recall@10: 0.2029 recall@20: 0.2807 recall@40: 0.3737 ] Test set [ndcg@10: 0.2565 ndcg@20: 0.2822 ndcg@40: 0.3234 ] 
2024-11-23 10:07:58,071 - Validation score increased.  Copying the best model ...
2024-11-23 10:08:00,789 - Epoch  99 Test set [recall@10: 0.1989 recall@20: 0.2794 recall@40: 0.3743 ] Test set [ndcg@10: 0.2539 ndcg@20: 0.2813 ndcg@40: 0.3234 ] 
2024-11-23 10:08:00,790 - Early stop counter: 1 out of 5
2024-11-23 10:08:03,497 - Epoch 102 Test set [recall@10: 0.2033 recall@20: 0.2822 recall@40: 0.3748 ] Test set [ndcg@10: 0.2578 ndcg@20: 0.2841 ndcg@40: 0.3251 ] 
2024-11-23 10:08:03,499 - Validation score increased.  Copying the best model ...
2024-11-23 10:08:06,193 - Epoch 105 Test set [recall@10: 0.2023 recall@20: 0.2807 recall@40: 0.3730 ] Test set [ndcg@10: 0.2565 ndcg@20: 0.2824 ndcg@40: 0.3235 ] 
2024-11-23 10:08:06,193 - Early stop counter: 1 out of 5
2024-11-23 10:08:08,869 - Epoch 108 Test set [recall@10: 0.2011 recall@20: 0.2826 recall@40: 0.3737 ] Test set [ndcg@10: 0.2561 ndcg@20: 0.2837 ndcg@40: 0.3242 ] 
2024-11-23 10:08:08,869 - Early stop counter: 2 out of 5
2024-11-23 10:08:11,644 - Epoch 111 Test set [recall@10: 0.2032 recall@20: 0.2822 recall@40: 0.3756 ] Test set [ndcg@10: 0.2574 ndcg@20: 0.2834 ndcg@40: 0.3249 ] 
2024-11-23 10:08:11,645 - Early stop counter: 3 out of 5
2024-11-23 10:08:14,456 - Epoch 114 Test set [recall@10: 0.2039 recall@20: 0.2816 recall@40: 0.3755 ] Test set [ndcg@10: 0.2567 ndcg@20: 0.2825 ndcg@40: 0.3240 ] 
2024-11-23 10:08:14,457 - Validation score increased.  Copying the best model ...
2024-11-23 10:08:17,271 - Epoch 117 Test set [recall@10: 0.2046 recall@20: 0.2817 recall@40: 0.3782 ] Test set [ndcg@10: 0.2574 ndcg@20: 0.2828 ndcg@40: 0.3255 ] 
2024-11-23 10:08:17,272 - Validation score increased.  Copying the best model ...
2024-11-23 10:08:19,992 - Epoch 120 Test set [recall@10: 0.2033 recall@20: 0.2811 recall@40: 0.3766 ] Test set [ndcg@10: 0.2573 ndcg@20: 0.2829 ndcg@40: 0.3251 ] 
2024-11-23 10:08:19,992 - Early stop counter: 1 out of 5
2024-11-23 10:08:22,807 - Epoch 123 Test set [recall@10: 0.2030 recall@20: 0.2803 recall@40: 0.3780 ] Test set [ndcg@10: 0.2576 ndcg@20: 0.2829 ndcg@40: 0.3261 ] 
2024-11-23 10:08:22,807 - Early stop counter: 2 out of 5
2024-11-23 10:08:25,659 - Epoch 126 Test set [recall@10: 0.2034 recall@20: 0.2816 recall@40: 0.3770 ] Test set [ndcg@10: 0.2578 ndcg@20: 0.2837 ndcg@40: 0.3260 ] 
2024-11-23 10:08:25,659 - Early stop counter: 3 out of 5
2024-11-23 10:08:28,745 - Epoch 129 Test set [recall@10: 0.2025 recall@20: 0.2811 recall@40: 0.3753 ] Test set [ndcg@10: 0.2570 ndcg@20: 0.2830 ndcg@40: 0.3247 ] 
2024-11-23 10:08:28,745 - Early stop counter: 4 out of 5
2024-11-23 10:08:31,675 - Epoch 132 Test set [recall@10: 0.2049 recall@20: 0.2837 recall@40: 0.3762 ] Test set [ndcg@10: 0.2576 ndcg@20: 0.2837 ndcg@40: 0.3247 ] 
2024-11-23 10:08:31,676 - Validation score increased.  Copying the best model ...
2024-11-23 10:08:34,629 - Epoch 135 Test set [recall@10: 0.2018 recall@20: 0.2819 recall@40: 0.3760 ] Test set [ndcg@10: 0.2558 ndcg@20: 0.2827 ndcg@40: 0.3243 ] 
2024-11-23 10:08:34,629 - Early stop counter: 1 out of 5
2024-11-23 10:08:37,589 - Epoch 138 Test set [recall@10: 0.2046 recall@20: 0.2836 recall@40: 0.3767 ] Test set [ndcg@10: 0.2591 ndcg@20: 0.2852 ndcg@40: 0.3263 ] 
2024-11-23 10:08:37,589 - Early stop counter: 2 out of 5
2024-11-23 10:08:40,461 - Epoch 141 Test set [recall@10: 0.2035 recall@20: 0.2834 recall@40: 0.3750 ] Test set [ndcg@10: 0.2594 ndcg@20: 0.2860 ndcg@40: 0.3267 ] 
2024-11-23 10:08:40,461 - Early stop counter: 3 out of 5
2024-11-23 10:08:43,131 - Epoch 144 Test set [recall@10: 0.2052 recall@20: 0.2843 recall@40: 0.3773 ] Test set [ndcg@10: 0.2598 ndcg@20: 0.2859 ndcg@40: 0.3271 ] 
2024-11-23 10:08:43,131 - Validation score increased.  Copying the best model ...
2024-11-23 10:08:45,822 - Epoch 147 Test set [recall@10: 0.2051 recall@20: 0.2835 recall@40: 0.3761 ] Test set [ndcg@10: 0.2600 ndcg@20: 0.2860 ndcg@40: 0.3270 ] 
2024-11-23 10:08:45,822 - Early stop counter: 1 out of 5
2024-11-23 10:08:48,540 - Epoch 150 Test set [recall@10: 0.2031 recall@20: 0.2828 recall@40: 0.3764 ] Test set [ndcg@10: 0.2583 ndcg@20: 0.2849 ndcg@40: 0.3263 ] 
2024-11-23 10:08:48,540 - Early stop counter: 2 out of 5
2024-11-23 10:08:51,608 - Epoch 153 Test set [recall@10: 0.2027 recall@20: 0.2823 recall@40: 0.3766 ] Test set [ndcg@10: 0.2583 ndcg@20: 0.2850 ndcg@40: 0.3268 ] 
2024-11-23 10:08:51,608 - Early stop counter: 3 out of 5
2024-11-23 10:08:54,288 - Epoch 156 Test set [recall@10: 0.2052 recall@20: 0.2840 recall@40: 0.3776 ] Test set [ndcg@10: 0.2595 ndcg@20: 0.2858 ndcg@40: 0.3273 ] 
2024-11-23 10:08:54,289 - Validation score increased.  Copying the best model ...
2024-11-23 10:08:56,826 - Epoch 159 Test set [recall@10: 0.2050 recall@20: 0.2842 recall@40: 0.3768 ] Test set [ndcg@10: 0.2594 ndcg@20: 0.2857 ndcg@40: 0.3270 ] 
2024-11-23 10:08:56,826 - Early stop counter: 1 out of 5
2024-11-23 10:08:59,723 - Epoch 162 Test set [recall@10: 0.2042 recall@20: 0.2833 recall@40: 0.3765 ] Test set [ndcg@10: 0.2597 ndcg@20: 0.2858 ndcg@40: 0.3272 ] 
2024-11-23 10:08:59,723 - Early stop counter: 2 out of 5
2024-11-23 10:09:02,679 - Epoch 165 Test set [recall@10: 0.2049 recall@20: 0.2847 recall@40: 0.3761 ] Test set [ndcg@10: 0.2597 ndcg@20: 0.2861 ndcg@40: 0.3265 ] 
2024-11-23 10:09:02,679 - Early stop counter: 3 out of 5
2024-11-23 10:09:05,853 - Epoch 168 Test set [recall@10: 0.2051 recall@20: 0.2845 recall@40: 0.3781 ] Test set [ndcg@10: 0.2600 ndcg@20: 0.2864 ndcg@40: 0.3280 ] 
2024-11-23 10:09:05,853 - Early stop counter: 4 out of 5
2024-11-23 10:09:09,004 - Epoch 171 Test set [recall@10: 0.2041 recall@20: 0.2849 recall@40: 0.3771 ] Test set [ndcg@10: 0.2582 ndcg@20: 0.2855 ndcg@40: 0.3264 ] 
2024-11-23 10:09:09,004 - Early stop counter: 5 out of 5
2024-11-23 10:09:09,004 - Best Epoch 156
2024-11-23 10:09:09,462 - Test set [recall@10: 0.2052 recall@20: 0.2840 recall@40: 0.3776 ] Test set [ndcg@10: 0.2595 ndcg@20: 0.2858 ndcg@40: 0.3273 ] 
2024-11-23 10:09:09,887 - Test set [recall@10: 0.2052 recall@20: 0.2840 recall@40: 0.3776 ] Test set [ndcg@10: 0.2595 ndcg@20: 0.2858 ndcg@40: 0.3273 ] 
2024-11-23 10:09:09,908 - hyperparameter: {'layer_num': 2, 'reg_weight': 0.01, 'ss_rate': 0.001}
2024-11-23 10:09:11,199 - Epoch   0 Test set [recall@10: 0.1452 recall@20: 0.2078 recall@40: 0.2844 ] Test set [ndcg@10: 0.1815 ndcg@20: 0.2040 ndcg@40: 0.2379 ] 
2024-11-23 10:09:11,200 - Validation score increased.  Copying the best model ...
2024-11-23 10:09:14,479 - Epoch   3 Test set [recall@10: 0.1613 recall@20: 0.2314 recall@40: 0.3157 ] Test set [ndcg@10: 0.2041 ndcg@20: 0.2291 ndcg@40: 0.2664 ] 
2024-11-23 10:09:14,480 - Validation score increased.  Copying the best model ...
2024-11-23 10:09:17,655 - Epoch   6 Test set [recall@10: 0.1689 recall@20: 0.2427 recall@40: 0.3290 ] Test set [ndcg@10: 0.2150 ndcg@20: 0.2412 ndcg@40: 0.2793 ] 
2024-11-23 10:09:17,656 - Validation score increased.  Copying the best model ...
2024-11-23 10:09:21,117 - Epoch   9 Test set [recall@10: 0.1750 recall@20: 0.2506 recall@40: 0.3391 ] Test set [ndcg@10: 0.2229 ndcg@20: 0.2494 ndcg@40: 0.2887 ] 
2024-11-23 10:09:21,118 - Validation score increased.  Copying the best model ...
2024-11-23 10:09:24,478 - Epoch  12 Test set [recall@10: 0.1777 recall@20: 0.2552 recall@40: 0.3468 ] Test set [ndcg@10: 0.2272 ndcg@20: 0.2546 ndcg@40: 0.2950 ] 
2024-11-23 10:09:24,479 - Validation score increased.  Copying the best model ...
2024-11-23 10:09:27,772 - Epoch  15 Test set [recall@10: 0.1815 recall@20: 0.2571 recall@40: 0.3513 ] Test set [ndcg@10: 0.2296 ndcg@20: 0.2561 ndcg@40: 0.2979 ] 
2024-11-23 10:09:27,773 - Validation score increased.  Copying the best model ...
2024-11-23 10:09:31,075 - Epoch  18 Test set [recall@10: 0.1857 recall@20: 0.2642 recall@40: 0.3557 ] Test set [ndcg@10: 0.2361 ndcg@20: 0.2636 ndcg@40: 0.3041 ] 
2024-11-23 10:09:31,076 - Validation score increased.  Copying the best model ...
2024-11-23 10:09:34,571 - Epoch  21 Test set [recall@10: 0.1886 recall@20: 0.2637 recall@40: 0.3581 ] Test set [ndcg@10: 0.2396 ndcg@20: 0.2650 ndcg@40: 0.3068 ] 
2024-11-23 10:09:34,572 - Validation score increased.  Copying the best model ...
2024-11-23 10:09:37,409 - Epoch  24 Test set [recall@10: 0.1888 recall@20: 0.2639 recall@40: 0.3592 ] Test set [ndcg@10: 0.2392 ndcg@20: 0.2646 ndcg@40: 0.3067 ] 
2024-11-23 10:09:37,410 - Validation score increased.  Copying the best model ...
2024-11-23 10:09:40,309 - Epoch  27 Test set [recall@10: 0.1891 recall@20: 0.2664 recall@40: 0.3609 ] Test set [ndcg@10: 0.2395 ndcg@20: 0.2658 ndcg@40: 0.3077 ] 
2024-11-23 10:09:40,310 - Validation score increased.  Copying the best model ...
2024-11-23 10:09:43,160 - Epoch  30 Test set [recall@10: 0.1909 recall@20: 0.2674 recall@40: 0.3634 ] Test set [ndcg@10: 0.2422 ndcg@20: 0.2680 ndcg@40: 0.3104 ] 
2024-11-23 10:09:43,162 - Validation score increased.  Copying the best model ...
2024-11-23 10:09:46,132 - Epoch  33 Test set [recall@10: 0.1900 recall@20: 0.2689 recall@40: 0.3638 ] Test set [ndcg@10: 0.2431 ndcg@20: 0.2700 ndcg@40: 0.3119 ] 
2024-11-23 10:09:46,133 - Early stop counter: 1 out of 5
2024-11-23 10:09:49,000 - Epoch  36 Test set [recall@10: 0.1928 recall@20: 0.2684 recall@40: 0.3640 ] Test set [ndcg@10: 0.2451 ndcg@20: 0.2703 ndcg@40: 0.3129 ] 
2024-11-23 10:09:49,001 - Validation score increased.  Copying the best model ...
2024-11-23 10:09:51,863 - Epoch  39 Test set [recall@10: 0.1931 recall@20: 0.2709 recall@40: 0.3669 ] Test set [ndcg@10: 0.2454 ndcg@20: 0.2718 ndcg@40: 0.3142 ] 
2024-11-23 10:09:51,864 - Validation score increased.  Copying the best model ...
2024-11-23 10:09:54,516 - Epoch  42 Test set [recall@10: 0.1909 recall@20: 0.2693 recall@40: 0.3663 ] Test set [ndcg@10: 0.2435 ndcg@20: 0.2704 ndcg@40: 0.3134 ] 
2024-11-23 10:09:54,516 - Early stop counter: 1 out of 5
2024-11-23 10:09:57,159 - Epoch  45 Test set [recall@10: 0.1915 recall@20: 0.2690 recall@40: 0.3671 ] Test set [ndcg@10: 0.2447 ndcg@20: 0.2709 ndcg@40: 0.3144 ] 
2024-11-23 10:09:57,159 - Early stop counter: 2 out of 5
2024-11-23 10:10:00,172 - Epoch  48 Test set [recall@10: 0.1956 recall@20: 0.2718 recall@40: 0.3672 ] Test set [ndcg@10: 0.2491 ndcg@20: 0.2743 ndcg@40: 0.3168 ] 
2024-11-23 10:10:00,173 - Validation score increased.  Copying the best model ...
2024-11-23 10:10:02,930 - Epoch  51 Test set [recall@10: 0.1943 recall@20: 0.2719 recall@40: 0.3650 ] Test set [ndcg@10: 0.2470 ndcg@20: 0.2735 ndcg@40: 0.3147 ] 
2024-11-23 10:10:02,930 - Early stop counter: 1 out of 5
2024-11-23 10:10:05,636 - Epoch  54 Test set [recall@10: 0.1950 recall@20: 0.2727 recall@40: 0.3702 ] Test set [ndcg@10: 0.2481 ndcg@20: 0.2740 ndcg@40: 0.3172 ] 
2024-11-23 10:10:05,637 - Early stop counter: 2 out of 5
2024-11-23 10:10:08,448 - Epoch  57 Test set [recall@10: 0.1986 recall@20: 0.2739 recall@40: 0.3712 ] Test set [ndcg@10: 0.2508 ndcg@20: 0.2756 ndcg@40: 0.3188 ] 
2024-11-23 10:10:08,449 - Validation score increased.  Copying the best model ...
2024-11-23 10:10:11,353 - Epoch  60 Test set [recall@10: 0.1968 recall@20: 0.2736 recall@40: 0.3695 ] Test set [ndcg@10: 0.2502 ndcg@20: 0.2759 ndcg@40: 0.3184 ] 
2024-11-23 10:10:11,353 - Early stop counter: 1 out of 5
2024-11-23 10:10:13,994 - Epoch  63 Test set [recall@10: 0.1975 recall@20: 0.2739 recall@40: 0.3712 ] Test set [ndcg@10: 0.2498 ndcg@20: 0.2753 ndcg@40: 0.3183 ] 
2024-11-23 10:10:13,994 - Early stop counter: 2 out of 5
2024-11-23 10:10:16,583 - Epoch  66 Test set [recall@10: 0.1956 recall@20: 0.2738 recall@40: 0.3681 ] Test set [ndcg@10: 0.2484 ndcg@20: 0.2749 ndcg@40: 0.3167 ] 
2024-11-23 10:10:16,583 - Early stop counter: 3 out of 5
2024-11-23 10:10:19,072 - Epoch  69 Test set [recall@10: 0.1973 recall@20: 0.2759 recall@40: 0.3701 ] Test set [ndcg@10: 0.2515 ndcg@20: 0.2781 ndcg@40: 0.3199 ] 
2024-11-23 10:10:19,072 - Early stop counter: 4 out of 5
2024-11-23 10:10:21,626 - Epoch  72 Test set [recall@10: 0.1962 recall@20: 0.2757 recall@40: 0.3688 ] Test set [ndcg@10: 0.2510 ndcg@20: 0.2782 ndcg@40: 0.3194 ] 
2024-11-23 10:10:21,627 - Early stop counter: 5 out of 5
2024-11-23 10:10:21,627 - Best Epoch 57
2024-11-23 10:10:21,999 - Test set [recall@10: 0.1986 recall@20: 0.2739 recall@40: 0.3712 ] Test set [ndcg@10: 0.2508 ndcg@20: 0.2756 ndcg@40: 0.3188 ] 
2024-11-23 10:10:22,386 - Test set [recall@10: 0.1986 recall@20: 0.2739 recall@40: 0.3712 ] Test set [ndcg@10: 0.2508 ndcg@20: 0.2756 ndcg@40: 0.3188 ] 
2024-11-23 10:10:22,408 - hyperparameter: {'layer_num': 2, 'reg_weight': 0.001, 'ss_rate': 0.01}
2024-11-23 10:10:23,595 - Epoch   0 Test set [recall@10: 0.1449 recall@20: 0.2078 recall@40: 0.2847 ] Test set [ndcg@10: 0.1815 ndcg@20: 0.2043 ndcg@40: 0.2382 ] 
2024-11-23 10:10:23,596 - Validation score increased.  Copying the best model ...
2024-11-23 10:10:26,458 - Epoch   3 Test set [recall@10: 0.1625 recall@20: 0.2308 recall@40: 0.3138 ] Test set [ndcg@10: 0.2049 ndcg@20: 0.2289 ndcg@40: 0.2656 ] 
2024-11-23 10:10:26,459 - Validation score increased.  Copying the best model ...
2024-11-23 10:10:29,221 - Epoch   6 Test set [recall@10: 0.1697 recall@20: 0.2421 recall@40: 0.3288 ] Test set [ndcg@10: 0.2160 ndcg@20: 0.2414 ndcg@40: 0.2796 ] 
2024-11-23 10:10:29,222 - Validation score increased.  Copying the best model ...
2024-11-23 10:10:31,877 - Epoch   9 Test set [recall@10: 0.1747 recall@20: 0.2504 recall@40: 0.3398 ] Test set [ndcg@10: 0.2244 ndcg@20: 0.2509 ndcg@40: 0.2905 ] 
2024-11-23 10:10:31,878 - Validation score increased.  Copying the best model ...
2024-11-23 10:10:34,562 - Epoch  12 Test set [recall@10: 0.1791 recall@20: 0.2549 recall@40: 0.3469 ] Test set [ndcg@10: 0.2284 ndcg@20: 0.2546 ndcg@40: 0.2954 ] 
2024-11-23 10:10:34,563 - Validation score increased.  Copying the best model ...
2024-11-23 10:10:37,474 - Epoch  15 Test set [recall@10: 0.1832 recall@20: 0.2565 recall@40: 0.3504 ] Test set [ndcg@10: 0.2315 ndcg@20: 0.2563 ndcg@40: 0.2981 ] 
2024-11-23 10:10:37,475 - Validation score increased.  Copying the best model ...
2024-11-23 10:10:40,193 - Epoch  18 Test set [recall@10: 0.1866 recall@20: 0.2641 recall@40: 0.3562 ] Test set [ndcg@10: 0.2375 ndcg@20: 0.2639 ndcg@40: 0.3046 ] 
2024-11-23 10:10:40,194 - Validation score increased.  Copying the best model ...
2024-11-23 10:10:42,869 - Epoch  21 Test set [recall@10: 0.1883 recall@20: 0.2640 recall@40: 0.3570 ] Test set [ndcg@10: 0.2402 ndcg@20: 0.2657 ndcg@40: 0.3070 ] 
2024-11-23 10:10:42,870 - Validation score increased.  Copying the best model ...
2024-11-23 10:10:45,599 - Epoch  24 Test set [recall@10: 0.1879 recall@20: 0.2647 recall@40: 0.3598 ] Test set [ndcg@10: 0.2409 ndcg@20: 0.2664 ndcg@40: 0.3087 ] 
2024-11-23 10:10:45,600 - Early stop counter: 1 out of 5
2024-11-23 10:10:48,447 - Epoch  27 Test set [recall@10: 0.1889 recall@20: 0.2685 recall@40: 0.3624 ] Test set [ndcg@10: 0.2409 ndcg@20: 0.2681 ndcg@40: 0.3097 ] 
2024-11-23 10:10:48,448 - Validation score increased.  Copying the best model ...
2024-11-23 10:10:51,148 - Epoch  30 Test set [recall@10: 0.1908 recall@20: 0.2684 recall@40: 0.3634 ] Test set [ndcg@10: 0.2424 ndcg@20: 0.2687 ndcg@40: 0.3108 ] 
2024-11-23 10:10:51,149 - Validation score increased.  Copying the best model ...
2024-11-23 10:10:53,821 - Epoch  33 Test set [recall@10: 0.1910 recall@20: 0.2690 recall@40: 0.3652 ] Test set [ndcg@10: 0.2446 ndcg@20: 0.2710 ndcg@40: 0.3138 ] 
2024-11-23 10:10:53,822 - Validation score increased.  Copying the best model ...
2024-11-23 10:10:56,385 - Epoch  36 Test set [recall@10: 0.1925 recall@20: 0.2688 recall@40: 0.3662 ] Test set [ndcg@10: 0.2456 ndcg@20: 0.2709 ndcg@40: 0.3142 ] 
2024-11-23 10:10:56,386 - Validation score increased.  Copying the best model ...
2024-11-23 10:10:59,160 - Epoch  39 Test set [recall@10: 0.1925 recall@20: 0.2701 recall@40: 0.3673 ] Test set [ndcg@10: 0.2457 ndcg@20: 0.2719 ndcg@40: 0.3150 ] 
2024-11-23 10:10:59,160 - Early stop counter: 1 out of 5
2024-11-23 10:11:02,037 - Epoch  42 Test set [recall@10: 0.1922 recall@20: 0.2715 recall@40: 0.3681 ] Test set [ndcg@10: 0.2452 ndcg@20: 0.2723 ndcg@40: 0.3152 ] 
2024-11-23 10:11:02,037 - Early stop counter: 2 out of 5
2024-11-23 10:11:04,709 - Epoch  45 Test set [recall@10: 0.1923 recall@20: 0.2720 recall@40: 0.3690 ] Test set [ndcg@10: 0.2453 ndcg@20: 0.2726 ndcg@40: 0.3156 ] 
2024-11-23 10:11:04,709 - Early stop counter: 3 out of 5
2024-11-23 10:11:07,461 - Epoch  48 Test set [recall@10: 0.1962 recall@20: 0.2734 recall@40: 0.3719 ] Test set [ndcg@10: 0.2492 ndcg@20: 0.2748 ndcg@40: 0.3186 ] 
2024-11-23 10:11:07,462 - Validation score increased.  Copying the best model ...
2024-11-23 10:11:10,136 - Epoch  51 Test set [recall@10: 0.1949 recall@20: 0.2743 recall@40: 0.3707 ] Test set [ndcg@10: 0.2487 ndcg@20: 0.2757 ndcg@40: 0.3184 ] 
2024-11-23 10:11:10,136 - Early stop counter: 1 out of 5
2024-11-23 10:11:13,007 - Epoch  54 Test set [recall@10: 0.1956 recall@20: 0.2765 recall@40: 0.3735 ] Test set [ndcg@10: 0.2484 ndcg@20: 0.2760 ndcg@40: 0.3191 ] 
2024-11-23 10:11:13,007 - Early stop counter: 2 out of 5
2024-11-23 10:11:15,717 - Epoch  57 Test set [recall@10: 0.2003 recall@20: 0.2772 recall@40: 0.3728 ] Test set [ndcg@10: 0.2529 ndcg@20: 0.2783 ndcg@40: 0.3206 ] 
2024-11-23 10:11:15,718 - Validation score increased.  Copying the best model ...
2024-11-23 10:11:18,426 - Epoch  60 Test set [recall@10: 0.1979 recall@20: 0.2755 recall@40: 0.3729 ] Test set [ndcg@10: 0.2524 ndcg@20: 0.2781 ndcg@40: 0.3212 ] 
2024-11-23 10:11:18,426 - Early stop counter: 1 out of 5
2024-11-23 10:11:21,333 - Epoch  63 Test set [recall@10: 0.1969 recall@20: 0.2740 recall@40: 0.3738 ] Test set [ndcg@10: 0.2513 ndcg@20: 0.2769 ndcg@40: 0.3211 ] 
2024-11-23 10:11:21,334 - Early stop counter: 2 out of 5
2024-11-23 10:11:24,279 - Epoch  66 Test set [recall@10: 0.1978 recall@20: 0.2771 recall@40: 0.3732 ] Test set [ndcg@10: 0.2516 ndcg@20: 0.2783 ndcg@40: 0.3209 ] 
2024-11-23 10:11:24,279 - Early stop counter: 3 out of 5
2024-11-23 10:11:27,076 - Epoch  69 Test set [recall@10: 0.1991 recall@20: 0.2768 recall@40: 0.3727 ] Test set [ndcg@10: 0.2537 ndcg@20: 0.2795 ndcg@40: 0.3220 ] 
2024-11-23 10:11:27,076 - Early stop counter: 4 out of 5
2024-11-23 10:11:29,860 - Epoch  72 Test set [recall@10: 0.2006 recall@20: 0.2772 recall@40: 0.3718 ] Test set [ndcg@10: 0.2552 ndcg@20: 0.2804 ndcg@40: 0.3223 ] 
2024-11-23 10:11:29,861 - Validation score increased.  Copying the best model ...
2024-11-23 10:11:32,496 - Epoch  75 Test set [recall@10: 0.1995 recall@20: 0.2791 recall@40: 0.3735 ] Test set [ndcg@10: 0.2533 ndcg@20: 0.2802 ndcg@40: 0.3220 ] 
2024-11-23 10:11:32,496 - Early stop counter: 1 out of 5
2024-11-23 10:11:35,202 - Epoch  78 Test set [recall@10: 0.1974 recall@20: 0.2798 recall@40: 0.3729 ] Test set [ndcg@10: 0.2521 ndcg@20: 0.2806 ndcg@40: 0.3219 ] 
2024-11-23 10:11:35,203 - Early stop counter: 2 out of 5
2024-11-23 10:11:38,062 - Epoch  81 Test set [recall@10: 0.1989 recall@20: 0.2796 recall@40: 0.3737 ] Test set [ndcg@10: 0.2526 ndcg@20: 0.2798 ndcg@40: 0.3216 ] 
2024-11-23 10:11:38,062 - Early stop counter: 3 out of 5
2024-11-23 10:11:41,066 - Epoch  84 Test set [recall@10: 0.1982 recall@20: 0.2781 recall@40: 0.3743 ] Test set [ndcg@10: 0.2519 ndcg@20: 0.2789 ndcg@40: 0.3215 ] 
2024-11-23 10:11:41,067 - Early stop counter: 4 out of 5
2024-11-23 10:11:43,790 - Epoch  87 Test set [recall@10: 0.2007 recall@20: 0.2800 recall@40: 0.3748 ] Test set [ndcg@10: 0.2545 ndcg@20: 0.2808 ndcg@40: 0.3228 ] 
2024-11-23 10:11:43,791 - Validation score increased.  Copying the best model ...
2024-11-23 10:11:46,644 - Epoch  90 Test set [recall@10: 0.2007 recall@20: 0.2807 recall@40: 0.3767 ] Test set [ndcg@10: 0.2553 ndcg@20: 0.2819 ndcg@40: 0.3244 ] 
2024-11-23 10:11:46,644 - Early stop counter: 1 out of 5
2024-11-23 10:11:49,355 - Epoch  93 Test set [recall@10: 0.2017 recall@20: 0.2814 recall@40: 0.3750 ] Test set [ndcg@10: 0.2562 ndcg@20: 0.2830 ndcg@40: 0.3244 ] 
2024-11-23 10:11:49,356 - Validation score increased.  Copying the best model ...
2024-11-23 10:11:52,255 - Epoch  96 Test set [recall@10: 0.2018 recall@20: 0.2808 recall@40: 0.3758 ] Test set [ndcg@10: 0.2567 ndcg@20: 0.2830 ndcg@40: 0.3252 ] 
2024-11-23 10:11:52,257 - Validation score increased.  Copying the best model ...
2024-11-23 10:11:54,945 - Epoch  99 Test set [recall@10: 0.2009 recall@20: 0.2800 recall@40: 0.3762 ] Test set [ndcg@10: 0.2554 ndcg@20: 0.2819 ndcg@40: 0.3247 ] 
2024-11-23 10:11:54,945 - Early stop counter: 1 out of 5
2024-11-23 10:11:57,591 - Epoch 102 Test set [recall@10: 0.2025 recall@20: 0.2827 recall@40: 0.3761 ] Test set [ndcg@10: 0.2575 ndcg@20: 0.2844 ndcg@40: 0.3258 ] 
2024-11-23 10:11:57,592 - Validation score increased.  Copying the best model ...
2024-11-23 10:12:00,353 - Epoch 105 Test set [recall@10: 0.2024 recall@20: 0.2816 recall@40: 0.3746 ] Test set [ndcg@10: 0.2574 ndcg@20: 0.2840 ndcg@40: 0.3252 ] 
2024-11-23 10:12:00,353 - Early stop counter: 1 out of 5
2024-11-23 10:12:03,018 - Epoch 108 Test set [recall@10: 0.2013 recall@20: 0.2851 recall@40: 0.3781 ] Test set [ndcg@10: 0.2564 ndcg@20: 0.2852 ndcg@40: 0.3263 ] 
2024-11-23 10:12:03,019 - Early stop counter: 2 out of 5
2024-11-23 10:12:05,890 - Epoch 111 Test set [recall@10: 0.2030 recall@20: 0.2828 recall@40: 0.3771 ] Test set [ndcg@10: 0.2576 ndcg@20: 0.2843 ndcg@40: 0.3261 ] 
2024-11-23 10:12:05,891 - Validation score increased.  Copying the best model ...
2024-11-23 10:12:08,488 - Epoch 114 Test set [recall@10: 0.2040 recall@20: 0.2833 recall@40: 0.3769 ] Test set [ndcg@10: 0.2576 ndcg@20: 0.2840 ndcg@40: 0.3255 ] 
2024-11-23 10:12:08,489 - Validation score increased.  Copying the best model ...
2024-11-23 10:12:11,380 - Epoch 117 Test set [recall@10: 0.2052 recall@20: 0.2843 recall@40: 0.3775 ] Test set [ndcg@10: 0.2580 ndcg@20: 0.2843 ndcg@40: 0.3256 ] 
2024-11-23 10:12:11,381 - Validation score increased.  Copying the best model ...
2024-11-23 10:12:14,260 - Epoch 120 Test set [recall@10: 0.2045 recall@20: 0.2832 recall@40: 0.3770 ] Test set [ndcg@10: 0.2574 ndcg@20: 0.2837 ndcg@40: 0.3253 ] 
2024-11-23 10:12:14,260 - Early stop counter: 1 out of 5
2024-11-23 10:12:17,514 - Epoch 123 Test set [recall@10: 0.2030 recall@20: 0.2819 recall@40: 0.3788 ] Test set [ndcg@10: 0.2566 ndcg@20: 0.2828 ndcg@40: 0.3258 ] 
2024-11-23 10:12:17,514 - Early stop counter: 2 out of 5
2024-11-23 10:12:20,594 - Epoch 126 Test set [recall@10: 0.2047 recall@20: 0.2831 recall@40: 0.3780 ] Test set [ndcg@10: 0.2581 ndcg@20: 0.2841 ndcg@40: 0.3263 ] 
2024-11-23 10:12:20,594 - Early stop counter: 3 out of 5
2024-11-23 10:12:23,762 - Epoch 129 Test set [recall@10: 0.2037 recall@20: 0.2817 recall@40: 0.3771 ] Test set [ndcg@10: 0.2572 ndcg@20: 0.2826 ndcg@40: 0.3249 ] 
2024-11-23 10:12:23,762 - Early stop counter: 4 out of 5
2024-11-23 10:12:26,982 - Epoch 132 Test set [recall@10: 0.2065 recall@20: 0.2839 recall@40: 0.3762 ] Test set [ndcg@10: 0.2584 ndcg@20: 0.2838 ndcg@40: 0.3248 ] 
2024-11-23 10:12:26,983 - Validation score increased.  Copying the best model ...
2024-11-23 10:12:30,086 - Epoch 135 Test set [recall@10: 0.2043 recall@20: 0.2830 recall@40: 0.3764 ] Test set [ndcg@10: 0.2581 ndcg@20: 0.2840 ndcg@40: 0.3255 ] 
2024-11-23 10:12:30,087 - Early stop counter: 1 out of 5
2024-11-23 10:12:32,960 - Epoch 138 Test set [recall@10: 0.2063 recall@20: 0.2851 recall@40: 0.3771 ] Test set [ndcg@10: 0.2603 ndcg@20: 0.2862 ndcg@40: 0.3269 ] 
2024-11-23 10:12:32,960 - Early stop counter: 2 out of 5
2024-11-23 10:12:35,832 - Epoch 141 Test set [recall@10: 0.2057 recall@20: 0.2856 recall@40: 0.3774 ] Test set [ndcg@10: 0.2604 ndcg@20: 0.2872 ndcg@40: 0.3278 ] 
2024-11-23 10:12:35,832 - Early stop counter: 3 out of 5
2024-11-23 10:12:38,576 - Epoch 144 Test set [recall@10: 0.2047 recall@20: 0.2857 recall@40: 0.3786 ] Test set [ndcg@10: 0.2596 ndcg@20: 0.2868 ndcg@40: 0.3280 ] 
2024-11-23 10:12:38,577 - Early stop counter: 4 out of 5
2024-11-23 10:12:41,333 - Epoch 147 Test set [recall@10: 0.2066 recall@20: 0.2866 recall@40: 0.3778 ] Test set [ndcg@10: 0.2614 ndcg@20: 0.2880 ndcg@40: 0.3284 ] 
2024-11-23 10:12:41,334 - Validation score increased.  Copying the best model ...
2024-11-23 10:12:43,984 - Epoch 150 Test set [recall@10: 0.2054 recall@20: 0.2855 recall@40: 0.3773 ] Test set [ndcg@10: 0.2605 ndcg@20: 0.2871 ndcg@40: 0.3278 ] 
2024-11-23 10:12:43,984 - Early stop counter: 1 out of 5
2024-11-23 10:12:46,670 - Epoch 153 Test set [recall@10: 0.2049 recall@20: 0.2852 recall@40: 0.3774 ] Test set [ndcg@10: 0.2596 ndcg@20: 0.2865 ndcg@40: 0.3274 ] 
2024-11-23 10:12:46,670 - Early stop counter: 2 out of 5
2024-11-23 10:12:49,381 - Epoch 156 Test set [recall@10: 0.2052 recall@20: 0.2848 recall@40: 0.3773 ] Test set [ndcg@10: 0.2600 ndcg@20: 0.2866 ndcg@40: 0.3278 ] 
2024-11-23 10:12:49,381 - Early stop counter: 3 out of 5
2024-11-23 10:12:52,314 - Epoch 159 Test set [recall@10: 0.2057 recall@20: 0.2863 recall@40: 0.3783 ] Test set [ndcg@10: 0.2592 ndcg@20: 0.2865 ndcg@40: 0.3273 ] 
2024-11-23 10:12:52,314 - Early stop counter: 4 out of 5
2024-11-23 10:12:54,925 - Epoch 162 Test set [recall@10: 0.2050 recall@20: 0.2868 recall@40: 0.3781 ] Test set [ndcg@10: 0.2597 ndcg@20: 0.2874 ndcg@40: 0.3278 ] 
2024-11-23 10:12:54,926 - Early stop counter: 5 out of 5
2024-11-23 10:12:54,926 - Best Epoch 147
2024-11-23 10:12:55,286 - Test set [recall@10: 0.2066 recall@20: 0.2866 recall@40: 0.3778 ] Test set [ndcg@10: 0.2614 ndcg@20: 0.2880 ndcg@40: 0.3284 ] 
2024-11-23 10:12:55,644 - Test set [recall@10: 0.2066 recall@20: 0.2866 recall@40: 0.3778 ] Test set [ndcg@10: 0.2614 ndcg@20: 0.2880 ndcg@40: 0.3284 ] 
2024-11-23 10:12:55,665 - hyperparameter: {'layer_num': 2, 'reg_weight': 0.001, 'ss_rate': 0.001}
2024-11-23 10:12:56,804 - Epoch   0 Test set [recall@10: 0.1452 recall@20: 0.2078 recall@40: 0.2844 ] Test set [ndcg@10: 0.1814 ndcg@20: 0.2040 ndcg@40: 0.2378 ] 
2024-11-23 10:12:56,805 - Validation score increased.  Copying the best model ...
2024-11-23 10:12:59,532 - Epoch   3 Test set [recall@10: 0.1613 recall@20: 0.2314 recall@40: 0.3155 ] Test set [ndcg@10: 0.2041 ndcg@20: 0.2291 ndcg@40: 0.2663 ] 
2024-11-23 10:12:59,533 - Validation score increased.  Copying the best model ...
2024-11-23 10:13:02,162 - Epoch   6 Test set [recall@10: 0.1689 recall@20: 0.2426 recall@40: 0.3289 ] Test set [ndcg@10: 0.2150 ndcg@20: 0.2412 ndcg@40: 0.2792 ] 
2024-11-23 10:13:02,163 - Validation score increased.  Copying the best model ...
2024-11-23 10:13:05,107 - Epoch   9 Test set [recall@10: 0.1748 recall@20: 0.2498 recall@40: 0.3391 ] Test set [ndcg@10: 0.2227 ndcg@20: 0.2489 ndcg@40: 0.2886 ] 
2024-11-23 10:13:05,108 - Validation score increased.  Copying the best model ...
2024-11-23 10:13:07,812 - Epoch  12 Test set [recall@10: 0.1775 recall@20: 0.2550 recall@40: 0.3473 ] Test set [ndcg@10: 0.2269 ndcg@20: 0.2542 ndcg@40: 0.2950 ] 
2024-11-23 10:13:07,812 - Validation score increased.  Copying the best model ...
2024-11-23 10:13:10,544 - Epoch  15 Test set [recall@10: 0.1815 recall@20: 0.2574 recall@40: 0.3515 ] Test set [ndcg@10: 0.2294 ndcg@20: 0.2560 ndcg@40: 0.2978 ] 
2024-11-23 10:13:10,545 - Validation score increased.  Copying the best model ...
2024-11-23 10:13:13,211 - Epoch  18 Test set [recall@10: 0.1855 recall@20: 0.2643 recall@40: 0.3563 ] Test set [ndcg@10: 0.2360 ndcg@20: 0.2637 ndcg@40: 0.3043 ] 
2024-11-23 10:13:13,212 - Validation score increased.  Copying the best model ...
2024-11-23 10:13:15,989 - Epoch  21 Test set [recall@10: 0.1886 recall@20: 0.2639 recall@40: 0.3583 ] Test set [ndcg@10: 0.2395 ndcg@20: 0.2651 ndcg@40: 0.3069 ] 
2024-11-23 10:13:15,990 - Validation score increased.  Copying the best model ...
2024-11-23 10:13:18,830 - Epoch  24 Test set [recall@10: 0.1887 recall@20: 0.2652 recall@40: 0.3594 ] Test set [ndcg@10: 0.2395 ndcg@20: 0.2654 ndcg@40: 0.3070 ] 
2024-11-23 10:13:18,831 - Validation score increased.  Copying the best model ...
2024-11-23 10:13:21,588 - Epoch  27 Test set [recall@10: 0.1891 recall@20: 0.2662 recall@40: 0.3612 ] Test set [ndcg@10: 0.2397 ndcg@20: 0.2658 ndcg@40: 0.3081 ] 
2024-11-23 10:13:21,589 - Validation score increased.  Copying the best model ...
2024-11-23 10:13:24,331 - Epoch  30 Test set [recall@10: 0.1909 recall@20: 0.2679 recall@40: 0.3636 ] Test set [ndcg@10: 0.2417 ndcg@20: 0.2676 ndcg@40: 0.3100 ] 
2024-11-23 10:13:24,332 - Validation score increased.  Copying the best model ...
2024-11-23 10:13:27,284 - Epoch  33 Test set [recall@10: 0.1897 recall@20: 0.2678 recall@40: 0.3649 ] Test set [ndcg@10: 0.2427 ndcg@20: 0.2693 ndcg@40: 0.3122 ] 
2024-11-23 10:13:27,284 - Early stop counter: 1 out of 5
2024-11-23 10:13:30,241 - Epoch  36 Test set [recall@10: 0.1927 recall@20: 0.2688 recall@40: 0.3641 ] Test set [ndcg@10: 0.2449 ndcg@20: 0.2705 ndcg@40: 0.3128 ] 
2024-11-23 10:13:30,243 - Validation score increased.  Copying the best model ...
2024-11-23 10:13:33,069 - Epoch  39 Test set [recall@10: 0.1927 recall@20: 0.2704 recall@40: 0.3673 ] Test set [ndcg@10: 0.2450 ndcg@20: 0.2715 ndcg@40: 0.3143 ] 
2024-11-23 10:13:33,069 - Early stop counter: 1 out of 5
2024-11-23 10:13:35,756 - Epoch  42 Test set [recall@10: 0.1908 recall@20: 0.2700 recall@40: 0.3673 ] Test set [ndcg@10: 0.2429 ndcg@20: 0.2701 ndcg@40: 0.3133 ] 
2024-11-23 10:13:35,757 - Early stop counter: 2 out of 5
2024-11-23 10:13:38,521 - Epoch  45 Test set [recall@10: 0.1916 recall@20: 0.2692 recall@40: 0.3682 ] Test set [ndcg@10: 0.2439 ndcg@20: 0.2702 ndcg@40: 0.3141 ] 
2024-11-23 10:13:38,522 - Early stop counter: 3 out of 5
2024-11-23 10:13:41,423 - Epoch  48 Test set [recall@10: 0.1951 recall@20: 0.2711 recall@40: 0.3685 ] Test set [ndcg@10: 0.2477 ndcg@20: 0.2731 ndcg@40: 0.3165 ] 
2024-11-23 10:13:41,424 - Validation score increased.  Copying the best model ...
2024-11-23 10:13:44,239 - Epoch  51 Test set [recall@10: 0.1937 recall@20: 0.2714 recall@40: 0.3667 ] Test set [ndcg@10: 0.2463 ndcg@20: 0.2727 ndcg@40: 0.3149 ] 
2024-11-23 10:13:44,239 - Early stop counter: 1 out of 5
2024-11-23 10:13:47,036 - Epoch  54 Test set [recall@10: 0.1943 recall@20: 0.2734 recall@40: 0.3713 ] Test set [ndcg@10: 0.2470 ndcg@20: 0.2737 ndcg@40: 0.3170 ] 
2024-11-23 10:13:47,037 - Early stop counter: 2 out of 5
2024-11-23 10:13:49,902 - Epoch  57 Test set [recall@10: 0.1979 recall@20: 0.2742 recall@40: 0.3718 ] Test set [ndcg@10: 0.2502 ndcg@20: 0.2756 ndcg@40: 0.3189 ] 
2024-11-23 10:13:49,903 - Validation score increased.  Copying the best model ...
2024-11-23 10:13:52,652 - Epoch  60 Test set [recall@10: 0.1970 recall@20: 0.2748 recall@40: 0.3707 ] Test set [ndcg@10: 0.2504 ndcg@20: 0.2769 ndcg@40: 0.3194 ] 
2024-11-23 10:13:52,653 - Early stop counter: 1 out of 5
2024-11-23 10:13:55,444 - Epoch  63 Test set [recall@10: 0.1966 recall@20: 0.2754 recall@40: 0.3722 ] Test set [ndcg@10: 0.2495 ndcg@20: 0.2762 ndcg@40: 0.3191 ] 
2024-11-23 10:13:55,444 - Early stop counter: 2 out of 5
2024-11-23 10:13:58,169 - Epoch  66 Test set [recall@10: 0.1966 recall@20: 0.2751 recall@40: 0.3686 ] Test set [ndcg@10: 0.2495 ndcg@20: 0.2760 ndcg@40: 0.3176 ] 
2024-11-23 10:13:58,169 - Early stop counter: 3 out of 5
2024-11-23 10:14:00,751 - Epoch  69 Test set [recall@10: 0.1984 recall@20: 0.2765 recall@40: 0.3719 ] Test set [ndcg@10: 0.2516 ndcg@20: 0.2778 ndcg@40: 0.3201 ] 
2024-11-23 10:14:00,752 - Validation score increased.  Copying the best model ...
2024-11-23 10:14:03,613 - Epoch  72 Test set [recall@10: 0.1984 recall@20: 0.2763 recall@40: 0.3707 ] Test set [ndcg@10: 0.2524 ndcg@20: 0.2786 ndcg@40: 0.3204 ] 
2024-11-23 10:14:03,614 - Validation score increased.  Copying the best model ...
2024-11-23 10:14:06,439 - Epoch  75 Test set [recall@10: 0.1971 recall@20: 0.2775 recall@40: 0.3735 ] Test set [ndcg@10: 0.2506 ndcg@20: 0.2778 ndcg@40: 0.3204 ] 
2024-11-23 10:14:06,440 - Early stop counter: 1 out of 5
2024-11-23 10:14:09,187 - Epoch  78 Test set [recall@10: 0.1966 recall@20: 0.2750 recall@40: 0.3712 ] Test set [ndcg@10: 0.2499 ndcg@20: 0.2763 ndcg@40: 0.3190 ] 
2024-11-23 10:14:09,187 - Early stop counter: 2 out of 5
2024-11-23 10:14:11,936 - Epoch  81 Test set [recall@10: 0.1970 recall@20: 0.2772 recall@40: 0.3727 ] Test set [ndcg@10: 0.2493 ndcg@20: 0.2766 ndcg@40: 0.3189 ] 
2024-11-23 10:14:11,936 - Early stop counter: 3 out of 5
2024-11-23 10:14:14,722 - Epoch  84 Test set [recall@10: 0.1937 recall@20: 0.2750 recall@40: 0.3720 ] Test set [ndcg@10: 0.2459 ndcg@20: 0.2740 ndcg@40: 0.3171 ] 
2024-11-23 10:14:14,722 - Early stop counter: 4 out of 5
2024-11-23 10:14:17,545 - Epoch  87 Test set [recall@10: 0.1979 recall@20: 0.2770 recall@40: 0.3722 ] Test set [ndcg@10: 0.2500 ndcg@20: 0.2765 ndcg@40: 0.3188 ] 
2024-11-23 10:14:17,545 - Early stop counter: 5 out of 5
2024-11-23 10:14:17,546 - Best Epoch 72
2024-11-23 10:14:17,951 - Test set [recall@10: 0.1984 recall@20: 0.2763 recall@40: 0.3707 ] Test set [ndcg@10: 0.2524 ndcg@20: 0.2786 ndcg@40: 0.3204 ] 
2024-11-23 10:14:18,345 - Test set [recall@10: 0.1984 recall@20: 0.2763 recall@40: 0.3707 ] Test set [ndcg@10: 0.2524 ndcg@20: 0.2786 ndcg@40: 0.3204 ] 
2024-11-23 10:14:18,366 - hyperparameter: {'layer_num': 3, 'reg_weight': 0.1, 'ss_rate': 0.01}
2024-11-23 10:14:19,777 - Epoch   0 Test set [recall@10: 0.1597 recall@20: 0.2273 recall@40: 0.3113 ] Test set [ndcg@10: 0.2025 ndcg@20: 0.2262 ndcg@40: 0.2634 ] 
2024-11-23 10:14:19,778 - Validation score increased.  Copying the best model ...
2024-11-23 10:14:22,900 - Epoch   3 Test set [recall@10: 0.1770 recall@20: 0.2531 recall@40: 0.3431 ] Test set [ndcg@10: 0.2228 ndcg@20: 0.2497 ndcg@40: 0.2896 ] 
2024-11-23 10:14:22,901 - Validation score increased.  Copying the best model ...
2024-11-23 10:14:25,951 - Epoch   6 Test set [recall@10: 0.1821 recall@20: 0.2600 recall@40: 0.3521 ] Test set [ndcg@10: 0.2287 ndcg@20: 0.2562 ndcg@40: 0.2971 ] 
2024-11-23 10:14:25,951 - Validation score increased.  Copying the best model ...
2024-11-23 10:14:29,125 - Epoch   9 Test set [recall@10: 0.1855 recall@20: 0.2656 recall@40: 0.3553 ] Test set [ndcg@10: 0.2348 ndcg@20: 0.2631 ndcg@40: 0.3031 ] 
2024-11-23 10:14:29,127 - Validation score increased.  Copying the best model ...
2024-11-23 10:14:32,400 - Epoch  12 Test set [recall@10: 0.1892 recall@20: 0.2690 recall@40: 0.3615 ] Test set [ndcg@10: 0.2374 ndcg@20: 0.2653 ndcg@40: 0.3063 ] 
2024-11-23 10:14:32,401 - Validation score increased.  Copying the best model ...
2024-11-23 10:14:35,512 - Epoch  15 Test set [recall@10: 0.1926 recall@20: 0.2720 recall@40: 0.3621 ] Test set [ndcg@10: 0.2417 ndcg@20: 0.2691 ndcg@40: 0.3091 ] 
2024-11-23 10:14:35,513 - Validation score increased.  Copying the best model ...
2024-11-23 10:14:38,579 - Epoch  18 Test set [recall@10: 0.1947 recall@20: 0.2724 recall@40: 0.3648 ] Test set [ndcg@10: 0.2456 ndcg@20: 0.2719 ndcg@40: 0.3131 ] 
2024-11-23 10:14:38,580 - Validation score increased.  Copying the best model ...
2024-11-23 10:14:41,731 - Epoch  21 Test set [recall@10: 0.1967 recall@20: 0.2707 recall@40: 0.3614 ] Test set [ndcg@10: 0.2459 ndcg@20: 0.2703 ndcg@40: 0.3105 ] 
2024-11-23 10:14:41,732 - Validation score increased.  Copying the best model ...
2024-11-23 10:14:44,949 - Epoch  24 Test set [recall@10: 0.1932 recall@20: 0.2706 recall@40: 0.3606 ] Test set [ndcg@10: 0.2440 ndcg@20: 0.2700 ndcg@40: 0.3101 ] 
2024-11-23 10:14:44,949 - Early stop counter: 1 out of 5
2024-11-23 10:14:47,998 - Epoch  27 Test set [recall@10: 0.1940 recall@20: 0.2712 recall@40: 0.3617 ] Test set [ndcg@10: 0.2433 ndcg@20: 0.2691 ndcg@40: 0.3095 ] 
2024-11-23 10:14:47,998 - Early stop counter: 2 out of 5
2024-11-23 10:14:51,088 - Epoch  30 Test set [recall@10: 0.1936 recall@20: 0.2729 recall@40: 0.3661 ] Test set [ndcg@10: 0.2455 ndcg@20: 0.2724 ndcg@40: 0.3137 ] 
2024-11-23 10:14:51,088 - Early stop counter: 3 out of 5
2024-11-23 10:14:54,244 - Epoch  33 Test set [recall@10: 0.1943 recall@20: 0.2715 recall@40: 0.3638 ] Test set [ndcg@10: 0.2472 ndcg@20: 0.2731 ndcg@40: 0.3140 ] 
2024-11-23 10:14:54,244 - Early stop counter: 4 out of 5
2024-11-23 10:14:57,569 - Epoch  36 Test set [recall@10: 0.1962 recall@20: 0.2731 recall@40: 0.3612 ] Test set [ndcg@10: 0.2471 ndcg@20: 0.2728 ndcg@40: 0.3118 ] 
2024-11-23 10:14:57,569 - Early stop counter: 5 out of 5
2024-11-23 10:14:57,569 - Best Epoch 21
2024-11-23 10:14:57,922 - Test set [recall@10: 0.1967 recall@20: 0.2707 recall@40: 0.3614 ] Test set [ndcg@10: 0.2459 ndcg@20: 0.2703 ndcg@40: 0.3105 ] 
2024-11-23 10:14:58,270 - Test set [recall@10: 0.1967 recall@20: 0.2707 recall@40: 0.3614 ] Test set [ndcg@10: 0.2459 ndcg@20: 0.2703 ndcg@40: 0.3105 ] 
2024-11-23 10:14:58,291 - hyperparameter: {'layer_num': 3, 'reg_weight': 0.1, 'ss_rate': 0.001}
2024-11-23 10:14:59,547 - Epoch   0 Test set [recall@10: 0.1610 recall@20: 0.2281 recall@40: 0.3120 ] Test set [ndcg@10: 0.2038 ndcg@20: 0.2270 ndcg@40: 0.2641 ] 
2024-11-23 10:14:59,548 - Validation score increased.  Copying the best model ...
2024-11-23 10:15:02,821 - Epoch   3 Test set [recall@10: 0.1763 recall@20: 0.2545 recall@40: 0.3436 ] Test set [ndcg@10: 0.2228 ndcg@20: 0.2506 ndcg@40: 0.2902 ] 
2024-11-23 10:15:02,822 - Validation score increased.  Copying the best model ...
2024-11-23 10:15:06,087 - Epoch   6 Test set [recall@10: 0.1809 recall@20: 0.2601 recall@40: 0.3517 ] Test set [ndcg@10: 0.2272 ndcg@20: 0.2554 ndcg@40: 0.2959 ] 
2024-11-23 10:15:06,089 - Validation score increased.  Copying the best model ...
2024-11-23 10:15:09,891 - Epoch   9 Test set [recall@10: 0.1842 recall@20: 0.2620 recall@40: 0.3509 ] Test set [ndcg@10: 0.2316 ndcg@20: 0.2590 ndcg@40: 0.2985 ] 
2024-11-23 10:15:09,893 - Validation score increased.  Copying the best model ...
2024-11-23 10:15:13,538 - Epoch  12 Test set [recall@10: 0.1869 recall@20: 0.2674 recall@40: 0.3599 ] Test set [ndcg@10: 0.2345 ndcg@20: 0.2630 ndcg@40: 0.3039 ] 
2024-11-23 10:15:13,539 - Validation score increased.  Copying the best model ...
2024-11-23 10:15:17,181 - Epoch  15 Test set [recall@10: 0.1871 recall@20: 0.2662 recall@40: 0.3561 ] Test set [ndcg@10: 0.2344 ndcg@20: 0.2624 ndcg@40: 0.3022 ] 
2024-11-23 10:15:17,182 - Validation score increased.  Copying the best model ...
2024-11-23 10:15:20,779 - Epoch  18 Test set [recall@10: 0.1936 recall@20: 0.2719 recall@40: 0.3607 ] Test set [ndcg@10: 0.2432 ndcg@20: 0.2699 ndcg@40: 0.3094 ] 
2024-11-23 10:15:20,780 - Validation score increased.  Copying the best model ...
2024-11-23 10:15:24,416 - Epoch  21 Test set [recall@10: 0.1938 recall@20: 0.2684 recall@40: 0.3584 ] Test set [ndcg@10: 0.2422 ndcg@20: 0.2674 ndcg@40: 0.3073 ] 
2024-11-23 10:15:24,418 - Validation score increased.  Copying the best model ...
2024-11-23 10:15:28,209 - Epoch  24 Test set [recall@10: 0.1922 recall@20: 0.2654 recall@40: 0.3553 ] Test set [ndcg@10: 0.2415 ndcg@20: 0.2656 ndcg@40: 0.3055 ] 
2024-11-23 10:15:28,210 - Early stop counter: 1 out of 5
2024-11-23 10:15:32,089 - Epoch  27 Test set [recall@10: 0.1913 recall@20: 0.2664 recall@40: 0.3557 ] Test set [ndcg@10: 0.2394 ndcg@20: 0.2647 ndcg@40: 0.3044 ] 
2024-11-23 10:15:32,090 - Early stop counter: 2 out of 5
2024-11-23 10:15:35,798 - Epoch  30 Test set [recall@10: 0.1912 recall@20: 0.2693 recall@40: 0.3606 ] Test set [ndcg@10: 0.2412 ndcg@20: 0.2680 ndcg@40: 0.3086 ] 
2024-11-23 10:15:35,798 - Early stop counter: 3 out of 5
2024-11-23 10:15:39,329 - Epoch  33 Test set [recall@10: 0.1916 recall@20: 0.2680 recall@40: 0.3545 ] Test set [ndcg@10: 0.2429 ndcg@20: 0.2685 ndcg@40: 0.3068 ] 
2024-11-23 10:15:39,329 - Early stop counter: 4 out of 5
2024-11-23 10:15:42,664 - Epoch  36 Test set [recall@10: 0.1921 recall@20: 0.2679 recall@40: 0.3557 ] Test set [ndcg@10: 0.2417 ndcg@20: 0.2672 ndcg@40: 0.3064 ] 
2024-11-23 10:15:42,664 - Early stop counter: 5 out of 5
2024-11-23 10:15:42,664 - Best Epoch 21
2024-11-23 10:15:43,026 - Test set [recall@10: 0.1938 recall@20: 0.2684 recall@40: 0.3584 ] Test set [ndcg@10: 0.2422 ndcg@20: 0.2674 ndcg@40: 0.3073 ] 
2024-11-23 10:15:43,385 - Test set [recall@10: 0.1938 recall@20: 0.2684 recall@40: 0.3584 ] Test set [ndcg@10: 0.2422 ndcg@20: 0.2674 ndcg@40: 0.3073 ] 
2024-11-23 10:15:43,409 - hyperparameter: {'layer_num': 3, 'reg_weight': 0.01, 'ss_rate': 0.01}
2024-11-23 10:15:44,765 - Epoch   0 Test set [recall@10: 0.1593 recall@20: 0.2275 recall@40: 0.3110 ] Test set [ndcg@10: 0.2022 ndcg@20: 0.2262 ndcg@40: 0.2632 ] 
2024-11-23 10:15:44,766 - Validation score increased.  Copying the best model ...
2024-11-23 10:15:48,063 - Epoch   3 Test set [recall@10: 0.1766 recall@20: 0.2527 recall@40: 0.3427 ] Test set [ndcg@10: 0.2230 ndcg@20: 0.2498 ndcg@40: 0.2898 ] 
2024-11-23 10:15:48,064 - Validation score increased.  Copying the best model ...
2024-11-23 10:15:51,526 - Epoch   6 Test set [recall@10: 0.1822 recall@20: 0.2600 recall@40: 0.3520 ] Test set [ndcg@10: 0.2285 ndcg@20: 0.2560 ndcg@40: 0.2968 ] 
2024-11-23 10:15:51,527 - Validation score increased.  Copying the best model ...
2024-11-23 10:15:54,668 - Epoch   9 Test set [recall@10: 0.1854 recall@20: 0.2654 recall@40: 0.3560 ] Test set [ndcg@10: 0.2339 ndcg@20: 0.2621 ndcg@40: 0.3024 ] 
2024-11-23 10:15:54,669 - Validation score increased.  Copying the best model ...
2024-11-23 10:15:57,753 - Epoch  12 Test set [recall@10: 0.1884 recall@20: 0.2679 recall@40: 0.3600 ] Test set [ndcg@10: 0.2365 ndcg@20: 0.2641 ndcg@40: 0.3052 ] 
2024-11-23 10:15:57,754 - Validation score increased.  Copying the best model ...
2024-11-23 10:16:00,945 - Epoch  15 Test set [recall@10: 0.1906 recall@20: 0.2701 recall@40: 0.3622 ] Test set [ndcg@10: 0.2394 ndcg@20: 0.2671 ndcg@40: 0.3079 ] 
2024-11-23 10:16:00,946 - Validation score increased.  Copying the best model ...
2024-11-23 10:16:04,208 - Epoch  18 Test set [recall@10: 0.1944 recall@20: 0.2726 recall@40: 0.3648 ] Test set [ndcg@10: 0.2446 ndcg@20: 0.2710 ndcg@40: 0.3121 ] 
2024-11-23 10:16:04,209 - Validation score increased.  Copying the best model ...
2024-11-23 10:16:07,339 - Epoch  21 Test set [recall@10: 0.1943 recall@20: 0.2742 recall@40: 0.3647 ] Test set [ndcg@10: 0.2443 ndcg@20: 0.2716 ndcg@40: 0.3117 ] 
2024-11-23 10:16:07,339 - Early stop counter: 1 out of 5
2024-11-23 10:16:10,531 - Epoch  24 Test set [recall@10: 0.1943 recall@20: 0.2723 recall@40: 0.3643 ] Test set [ndcg@10: 0.2446 ndcg@20: 0.2710 ndcg@40: 0.3118 ] 
2024-11-23 10:16:10,531 - Early stop counter: 2 out of 5
2024-11-23 10:16:13,599 - Epoch  27 Test set [recall@10: 0.1945 recall@20: 0.2730 recall@40: 0.3627 ] Test set [ndcg@10: 0.2424 ndcg@20: 0.2692 ndcg@40: 0.3090 ] 
2024-11-23 10:16:13,600 - Validation score increased.  Copying the best model ...
2024-11-23 10:16:16,814 - Epoch  30 Test set [recall@10: 0.1964 recall@20: 0.2748 recall@40: 0.3679 ] Test set [ndcg@10: 0.2464 ndcg@20: 0.2731 ndcg@40: 0.3143 ] 
2024-11-23 10:16:16,815 - Validation score increased.  Copying the best model ...
2024-11-23 10:16:19,924 - Epoch  33 Test set [recall@10: 0.1957 recall@20: 0.2754 recall@40: 0.3673 ] Test set [ndcg@10: 0.2474 ndcg@20: 0.2744 ndcg@40: 0.3153 ] 
2024-11-23 10:16:19,924 - Early stop counter: 1 out of 5
2024-11-23 10:16:23,001 - Epoch  36 Test set [recall@10: 0.1974 recall@20: 0.2740 recall@40: 0.3663 ] Test set [ndcg@10: 0.2466 ndcg@20: 0.2725 ndcg@40: 0.3133 ] 
2024-11-23 10:16:23,002 - Validation score increased.  Copying the best model ...
2024-11-23 10:16:26,012 - Epoch  39 Test set [recall@10: 0.1944 recall@20: 0.2767 recall@40: 0.3677 ] Test set [ndcg@10: 0.2458 ndcg@20: 0.2744 ndcg@40: 0.3148 ] 
2024-11-23 10:16:26,012 - Early stop counter: 1 out of 5
2024-11-23 10:16:29,294 - Epoch  42 Test set [recall@10: 0.1948 recall@20: 0.2750 recall@40: 0.3663 ] Test set [ndcg@10: 0.2460 ndcg@20: 0.2734 ndcg@40: 0.3141 ] 
2024-11-23 10:16:29,294 - Early stop counter: 2 out of 5
2024-11-23 10:16:32,510 - Epoch  45 Test set [recall@10: 0.1964 recall@20: 0.2763 recall@40: 0.3695 ] Test set [ndcg@10: 0.2465 ndcg@20: 0.2738 ndcg@40: 0.3150 ] 
2024-11-23 10:16:32,510 - Early stop counter: 3 out of 5
2024-11-23 10:16:35,537 - Epoch  48 Test set [recall@10: 0.1971 recall@20: 0.2760 recall@40: 0.3690 ] Test set [ndcg@10: 0.2488 ndcg@20: 0.2754 ndcg@40: 0.3167 ] 
2024-11-23 10:16:35,537 - Early stop counter: 4 out of 5
2024-11-23 10:16:38,658 - Epoch  51 Test set [recall@10: 0.1966 recall@20: 0.2747 recall@40: 0.3653 ] Test set [ndcg@10: 0.2469 ndcg@20: 0.2738 ndcg@40: 0.3140 ] 
2024-11-23 10:16:38,659 - Early stop counter: 5 out of 5
2024-11-23 10:16:38,659 - Best Epoch 36
2024-11-23 10:16:39,021 - Test set [recall@10: 0.1974 recall@20: 0.2740 recall@40: 0.3663 ] Test set [ndcg@10: 0.2466 ndcg@20: 0.2725 ndcg@40: 0.3133 ] 
2024-11-23 10:16:39,404 - Test set [recall@10: 0.1974 recall@20: 0.2740 recall@40: 0.3663 ] Test set [ndcg@10: 0.2466 ndcg@20: 0.2725 ndcg@40: 0.3133 ] 
2024-11-23 10:16:39,427 - hyperparameter: {'layer_num': 3, 'reg_weight': 0.01, 'ss_rate': 0.001}
2024-11-23 10:16:40,731 - Epoch   0 Test set [recall@10: 0.1611 recall@20: 0.2281 recall@40: 0.3117 ] Test set [ndcg@10: 0.2036 ndcg@20: 0.2267 ndcg@40: 0.2638 ] 
2024-11-23 10:16:40,732 - Validation score increased.  Copying the best model ...
2024-11-23 10:16:43,853 - Epoch   3 Test set [recall@10: 0.1764 recall@20: 0.2537 recall@40: 0.3434 ] Test set [ndcg@10: 0.2224 ndcg@20: 0.2499 ndcg@40: 0.2897 ] 
2024-11-23 10:16:43,854 - Validation score increased.  Copying the best model ...
2024-11-23 10:16:46,933 - Epoch   6 Test set [recall@10: 0.1812 recall@20: 0.2600 recall@40: 0.3507 ] Test set [ndcg@10: 0.2272 ndcg@20: 0.2552 ndcg@40: 0.2954 ] 
2024-11-23 10:16:46,934 - Validation score increased.  Copying the best model ...
2024-11-23 10:16:49,962 - Epoch   9 Test set [recall@10: 0.1843 recall@20: 0.2635 recall@40: 0.3513 ] Test set [ndcg@10: 0.2313 ndcg@20: 0.2594 ndcg@40: 0.2983 ] 
2024-11-23 10:16:49,963 - Validation score increased.  Copying the best model ...
2024-11-23 10:16:53,248 - Epoch  12 Test set [recall@10: 0.1864 recall@20: 0.2665 recall@40: 0.3580 ] Test set [ndcg@10: 0.2340 ndcg@20: 0.2624 ndcg@40: 0.3031 ] 
2024-11-23 10:16:53,249 - Validation score increased.  Copying the best model ...
2024-11-23 10:16:56,388 - Epoch  15 Test set [recall@10: 0.1879 recall@20: 0.2656 recall@40: 0.3575 ] Test set [ndcg@10: 0.2352 ndcg@20: 0.2625 ndcg@40: 0.3031 ] 
2024-11-23 10:16:56,389 - Validation score increased.  Copying the best model ...
2024-11-23 10:16:59,519 - Epoch  18 Test set [recall@10: 0.1935 recall@20: 0.2717 recall@40: 0.3601 ] Test set [ndcg@10: 0.2429 ndcg@20: 0.2696 ndcg@40: 0.3089 ] 
2024-11-23 10:16:59,520 - Validation score increased.  Copying the best model ...
2024-11-23 10:17:02,498 - Epoch  21 Test set [recall@10: 0.1935 recall@20: 0.2695 recall@40: 0.3607 ] Test set [ndcg@10: 0.2431 ndcg@20: 0.2690 ndcg@40: 0.3094 ] 
2024-11-23 10:17:02,499 - Validation score increased.  Copying the best model ...
2024-11-23 10:17:05,910 - Epoch  24 Test set [recall@10: 0.1913 recall@20: 0.2669 recall@40: 0.3571 ] Test set [ndcg@10: 0.2395 ndcg@20: 0.2652 ndcg@40: 0.3051 ] 
2024-11-23 10:17:05,910 - Early stop counter: 1 out of 5
2024-11-23 10:17:09,101 - Epoch  27 Test set [recall@10: 0.1911 recall@20: 0.2672 recall@40: 0.3571 ] Test set [ndcg@10: 0.2381 ndcg@20: 0.2638 ndcg@40: 0.3036 ] 
2024-11-23 10:17:09,101 - Early stop counter: 2 out of 5
2024-11-23 10:17:12,407 - Epoch  30 Test set [recall@10: 0.1942 recall@20: 0.2698 recall@40: 0.3631 ] Test set [ndcg@10: 0.2422 ndcg@20: 0.2676 ndcg@40: 0.3089 ] 
2024-11-23 10:17:12,408 - Validation score increased.  Copying the best model ...
2024-11-23 10:17:15,588 - Epoch  33 Test set [recall@10: 0.1902 recall@20: 0.2696 recall@40: 0.3606 ] Test set [ndcg@10: 0.2404 ndcg@20: 0.2679 ndcg@40: 0.3082 ] 
2024-11-23 10:17:15,589 - Early stop counter: 1 out of 5
2024-11-23 10:17:18,867 - Epoch  36 Test set [recall@10: 0.1942 recall@20: 0.2709 recall@40: 0.3595 ] Test set [ndcg@10: 0.2420 ndcg@20: 0.2679 ndcg@40: 0.3073 ] 
2024-11-23 10:17:18,868 - Validation score increased.  Copying the best model ...
2024-11-23 10:17:21,943 - Epoch  39 Test set [recall@10: 0.1930 recall@20: 0.2717 recall@40: 0.3620 ] Test set [ndcg@10: 0.2424 ndcg@20: 0.2695 ndcg@40: 0.3094 ] 
2024-11-23 10:17:21,943 - Early stop counter: 1 out of 5
2024-11-23 10:17:25,048 - Epoch  42 Test set [recall@10: 0.1897 recall@20: 0.2685 recall@40: 0.3582 ] Test set [ndcg@10: 0.2375 ndcg@20: 0.2651 ndcg@40: 0.3050 ] 
2024-11-23 10:17:25,048 - Early stop counter: 2 out of 5
2024-11-23 10:17:28,291 - Epoch  45 Test set [recall@10: 0.1946 recall@20: 0.2711 recall@40: 0.3639 ] Test set [ndcg@10: 0.2430 ndcg@20: 0.2690 ndcg@40: 0.3100 ] 
2024-11-23 10:17:28,292 - Validation score increased.  Copying the best model ...
2024-11-23 10:17:31,585 - Epoch  48 Test set [recall@10: 0.1943 recall@20: 0.2726 recall@40: 0.3636 ] Test set [ndcg@10: 0.2446 ndcg@20: 0.2715 ndcg@40: 0.3119 ] 
2024-11-23 10:17:31,585 - Early stop counter: 1 out of 5
2024-11-23 10:17:34,660 - Epoch  51 Test set [recall@10: 0.1930 recall@20: 0.2685 recall@40: 0.3600 ] Test set [ndcg@10: 0.2423 ndcg@20: 0.2679 ndcg@40: 0.3085 ] 
2024-11-23 10:17:34,660 - Early stop counter: 2 out of 5
2024-11-23 10:17:37,721 - Epoch  54 Test set [recall@10: 0.1928 recall@20: 0.2707 recall@40: 0.3600 ] Test set [ndcg@10: 0.2421 ndcg@20: 0.2689 ndcg@40: 0.3084 ] 
2024-11-23 10:17:37,721 - Early stop counter: 3 out of 5
2024-11-23 10:17:40,909 - Epoch  57 Test set [recall@10: 0.1953 recall@20: 0.2741 recall@40: 0.3626 ] Test set [ndcg@10: 0.2444 ndcg@20: 0.2712 ndcg@40: 0.3104 ] 
2024-11-23 10:17:40,910 - Validation score increased.  Copying the best model ...
2024-11-23 10:17:44,053 - Epoch  60 Test set [recall@10: 0.1924 recall@20: 0.2722 recall@40: 0.3632 ] Test set [ndcg@10: 0.2415 ndcg@20: 0.2694 ndcg@40: 0.3098 ] 
2024-11-23 10:17:44,053 - Early stop counter: 1 out of 5
2024-11-23 10:17:47,232 - Epoch  63 Test set [recall@10: 0.1910 recall@20: 0.2686 recall@40: 0.3577 ] Test set [ndcg@10: 0.2404 ndcg@20: 0.2670 ndcg@40: 0.3067 ] 
2024-11-23 10:17:47,232 - Early stop counter: 2 out of 5
2024-11-23 10:17:50,288 - Epoch  66 Test set [recall@10: 0.1952 recall@20: 0.2712 recall@40: 0.3601 ] Test set [ndcg@10: 0.2448 ndcg@20: 0.2707 ndcg@40: 0.3099 ] 
2024-11-23 10:17:50,288 - Early stop counter: 3 out of 5
2024-11-23 10:17:53,575 - Epoch  69 Test set [recall@10: 0.1934 recall@20: 0.2687 recall@40: 0.3585 ] Test set [ndcg@10: 0.2460 ndcg@20: 0.2713 ndcg@40: 0.3111 ] 
2024-11-23 10:17:53,576 - Early stop counter: 4 out of 5
2024-11-23 10:17:56,860 - Epoch  72 Test set [recall@10: 0.1933 recall@20: 0.2686 recall@40: 0.3611 ] Test set [ndcg@10: 0.2444 ndcg@20: 0.2696 ndcg@40: 0.3108 ] 
2024-11-23 10:17:56,860 - Early stop counter: 5 out of 5
2024-11-23 10:17:56,860 - Best Epoch 57
2024-11-23 10:17:57,258 - Test set [recall@10: 0.1953 recall@20: 0.2741 recall@40: 0.3626 ] Test set [ndcg@10: 0.2444 ndcg@20: 0.2712 ndcg@40: 0.3104 ] 
2024-11-23 10:17:57,658 - Test set [recall@10: 0.1953 recall@20: 0.2741 recall@40: 0.3626 ] Test set [ndcg@10: 0.2444 ndcg@20: 0.2712 ndcg@40: 0.3104 ] 
2024-11-23 10:17:57,682 - hyperparameter: {'layer_num': 3, 'reg_weight': 0.001, 'ss_rate': 0.01}
2024-11-23 10:17:59,089 - Epoch   0 Test set [recall@10: 0.1593 recall@20: 0.2275 recall@40: 0.3109 ] Test set [ndcg@10: 0.2022 ndcg@20: 0.2263 ndcg@40: 0.2632 ] 
2024-11-23 10:17:59,091 - Validation score increased.  Copying the best model ...
2024-11-23 10:18:02,450 - Epoch   3 Test set [recall@10: 0.1765 recall@20: 0.2529 recall@40: 0.3430 ] Test set [ndcg@10: 0.2229 ndcg@20: 0.2499 ndcg@40: 0.2899 ] 
2024-11-23 10:18:02,451 - Validation score increased.  Copying the best model ...
2024-11-23 10:18:05,924 - Epoch   6 Test set [recall@10: 0.1824 recall@20: 0.2600 recall@40: 0.3523 ] Test set [ndcg@10: 0.2285 ndcg@20: 0.2560 ndcg@40: 0.2969 ] 
2024-11-23 10:18:05,925 - Validation score increased.  Copying the best model ...
2024-11-23 10:18:09,101 - Epoch   9 Test set [recall@10: 0.1857 recall@20: 0.2655 recall@40: 0.3556 ] Test set [ndcg@10: 0.2337 ndcg@20: 0.2618 ndcg@40: 0.3019 ] 
2024-11-23 10:18:09,102 - Validation score increased.  Copying the best model ...
2024-11-23 10:18:12,232 - Epoch  12 Test set [recall@10: 0.1881 recall@20: 0.2684 recall@40: 0.3596 ] Test set [ndcg@10: 0.2364 ndcg@20: 0.2644 ndcg@40: 0.3051 ] 
2024-11-23 10:18:12,233 - Validation score increased.  Copying the best model ...
2024-11-23 10:18:15,452 - Epoch  15 Test set [recall@10: 0.1908 recall@20: 0.2705 recall@40: 0.3616 ] Test set [ndcg@10: 0.2396 ndcg@20: 0.2674 ndcg@40: 0.3077 ] 
2024-11-23 10:18:15,453 - Validation score increased.  Copying the best model ...
2024-11-23 10:18:19,129 - Epoch  18 Test set [recall@10: 0.1934 recall@20: 0.2728 recall@40: 0.3650 ] Test set [ndcg@10: 0.2439 ndcg@20: 0.2711 ndcg@40: 0.3121 ] 
2024-11-23 10:18:19,131 - Validation score increased.  Copying the best model ...
2024-11-23 10:18:22,798 - Epoch  21 Test set [recall@10: 0.1940 recall@20: 0.2739 recall@40: 0.3642 ] Test set [ndcg@10: 0.2442 ndcg@20: 0.2715 ndcg@40: 0.3115 ] 
2024-11-23 10:18:22,799 - Validation score increased.  Copying the best model ...
2024-11-23 10:18:26,578 - Epoch  24 Test set [recall@10: 0.1943 recall@20: 0.2722 recall@40: 0.3648 ] Test set [ndcg@10: 0.2445 ndcg@20: 0.2708 ndcg@40: 0.3118 ] 
2024-11-23 10:18:26,579 - Validation score increased.  Copying the best model ...
2024-11-23 10:18:29,843 - Epoch  27 Test set [recall@10: 0.1936 recall@20: 0.2719 recall@40: 0.3623 ] Test set [ndcg@10: 0.2418 ndcg@20: 0.2687 ndcg@40: 0.3088 ] 
2024-11-23 10:18:29,843 - Early stop counter: 1 out of 5
2024-11-23 10:18:33,083 - Epoch  30 Test set [recall@10: 0.1956 recall@20: 0.2758 recall@40: 0.3681 ] Test set [ndcg@10: 0.2460 ndcg@20: 0.2738 ndcg@40: 0.3147 ] 
2024-11-23 10:18:33,084 - Validation score increased.  Copying the best model ...
2024-11-23 10:18:36,306 - Epoch  33 Test set [recall@10: 0.1960 recall@20: 0.2760 recall@40: 0.3677 ] Test set [ndcg@10: 0.2474 ndcg@20: 0.2745 ndcg@40: 0.3152 ] 
2024-11-23 10:18:36,307 - Validation score increased.  Copying the best model ...
2024-11-23 10:18:39,586 - Epoch  36 Test set [recall@10: 0.1974 recall@20: 0.2730 recall@40: 0.3662 ] Test set [ndcg@10: 0.2467 ndcg@20: 0.2721 ndcg@40: 0.3133 ] 
2024-11-23 10:18:39,586 - Validation score increased.  Copying the best model ...
2024-11-23 10:18:42,889 - Epoch  39 Test set [recall@10: 0.1942 recall@20: 0.2764 recall@40: 0.3665 ] Test set [ndcg@10: 0.2454 ndcg@20: 0.2741 ndcg@40: 0.3141 ] 
2024-11-23 10:18:42,889 - Early stop counter: 1 out of 5
2024-11-23 10:18:45,959 - Epoch  42 Test set [recall@10: 0.1946 recall@20: 0.2738 recall@40: 0.3656 ] Test set [ndcg@10: 0.2455 ndcg@20: 0.2726 ndcg@40: 0.3134 ] 
2024-11-23 10:18:45,959 - Early stop counter: 2 out of 5
2024-11-23 10:18:48,884 - Epoch  45 Test set [recall@10: 0.1964 recall@20: 0.2764 recall@40: 0.3688 ] Test set [ndcg@10: 0.2468 ndcg@20: 0.2741 ndcg@40: 0.3150 ] 
2024-11-23 10:18:48,884 - Early stop counter: 3 out of 5
2024-11-23 10:18:51,984 - Epoch  48 Test set [recall@10: 0.1971 recall@20: 0.2762 recall@40: 0.3683 ] Test set [ndcg@10: 0.2488 ndcg@20: 0.2756 ndcg@40: 0.3164 ] 
2024-11-23 10:18:51,984 - Early stop counter: 4 out of 5
2024-11-23 10:18:55,218 - Epoch  51 Test set [recall@10: 0.1960 recall@20: 0.2751 recall@40: 0.3668 ] Test set [ndcg@10: 0.2464 ndcg@20: 0.2738 ndcg@40: 0.3144 ] 
2024-11-23 10:18:55,218 - Early stop counter: 5 out of 5
2024-11-23 10:18:55,218 - Best Epoch 36
2024-11-23 10:18:55,564 - Test set [recall@10: 0.1974 recall@20: 0.2730 recall@40: 0.3662 ] Test set [ndcg@10: 0.2467 ndcg@20: 0.2721 ndcg@40: 0.3133 ] 
2024-11-23 10:18:55,918 - Test set [recall@10: 0.1974 recall@20: 0.2730 recall@40: 0.3662 ] Test set [ndcg@10: 0.2467 ndcg@20: 0.2721 ndcg@40: 0.3133 ] 
2024-11-23 10:18:55,941 - hyperparameter: {'layer_num': 3, 'reg_weight': 0.001, 'ss_rate': 0.001}
2024-11-23 10:18:57,224 - Epoch   0 Test set [recall@10: 0.1610 recall@20: 0.2281 recall@40: 0.3117 ] Test set [ndcg@10: 0.2036 ndcg@20: 0.2268 ndcg@40: 0.2638 ] 
2024-11-23 10:18:57,225 - Validation score increased.  Copying the best model ...
2024-11-23 10:19:00,304 - Epoch   3 Test set [recall@10: 0.1762 recall@20: 0.2531 recall@40: 0.3432 ] Test set [ndcg@10: 0.2224 ndcg@20: 0.2498 ndcg@40: 0.2898 ] 
2024-11-23 10:19:00,305 - Validation score increased.  Copying the best model ...
2024-11-23 10:19:03,493 - Epoch   6 Test set [recall@10: 0.1815 recall@20: 0.2599 recall@40: 0.3509 ] Test set [ndcg@10: 0.2273 ndcg@20: 0.2551 ndcg@40: 0.2955 ] 
2024-11-23 10:19:03,494 - Validation score increased.  Copying the best model ...
2024-11-23 10:19:06,768 - Epoch   9 Test set [recall@10: 0.1843 recall@20: 0.2630 recall@40: 0.3506 ] Test set [ndcg@10: 0.2311 ndcg@20: 0.2590 ndcg@40: 0.2979 ] 
2024-11-23 10:19:06,769 - Validation score increased.  Copying the best model ...
2024-11-23 10:19:09,870 - Epoch  12 Test set [recall@10: 0.1862 recall@20: 0.2659 recall@40: 0.3582 ] Test set [ndcg@10: 0.2338 ndcg@20: 0.2621 ndcg@40: 0.3031 ] 
2024-11-23 10:19:09,871 - Validation score increased.  Copying the best model ...
2024-11-23 10:19:13,022 - Epoch  15 Test set [recall@10: 0.1879 recall@20: 0.2656 recall@40: 0.3571 ] Test set [ndcg@10: 0.2352 ndcg@20: 0.2624 ndcg@40: 0.3029 ] 
2024-11-23 10:19:13,023 - Validation score increased.  Copying the best model ...
2024-11-23 10:19:16,130 - Epoch  18 Test set [recall@10: 0.1934 recall@20: 0.2721 recall@40: 0.3601 ] Test set [ndcg@10: 0.2426 ndcg@20: 0.2695 ndcg@40: 0.3086 ] 
2024-11-23 10:19:16,131 - Validation score increased.  Copying the best model ...
2024-11-23 10:19:19,265 - Epoch  21 Test set [recall@10: 0.1934 recall@20: 0.2697 recall@40: 0.3595 ] Test set [ndcg@10: 0.2434 ndcg@20: 0.2694 ndcg@40: 0.3092 ] 
2024-11-23 10:19:19,265 - Early stop counter: 1 out of 5
2024-11-23 10:19:22,421 - Epoch  24 Test set [recall@10: 0.1907 recall@20: 0.2665 recall@40: 0.3570 ] Test set [ndcg@10: 0.2387 ndcg@20: 0.2646 ndcg@40: 0.3047 ] 
2024-11-23 10:19:22,421 - Early stop counter: 2 out of 5
2024-11-23 10:19:25,421 - Epoch  27 Test set [recall@10: 0.1904 recall@20: 0.2678 recall@40: 0.3565 ] Test set [ndcg@10: 0.2377 ndcg@20: 0.2641 ndcg@40: 0.3034 ] 
2024-11-23 10:19:25,421 - Early stop counter: 3 out of 5
2024-11-23 10:19:28,546 - Epoch  30 Test set [recall@10: 0.1933 recall@20: 0.2703 recall@40: 0.3629 ] Test set [ndcg@10: 0.2413 ndcg@20: 0.2675 ndcg@40: 0.3085 ] 
2024-11-23 10:19:28,546 - Early stop counter: 4 out of 5
2024-11-23 10:19:31,697 - Epoch  33 Test set [recall@10: 0.1903 recall@20: 0.2700 recall@40: 0.3599 ] Test set [ndcg@10: 0.2401 ndcg@20: 0.2678 ndcg@40: 0.3076 ] 
2024-11-23 10:19:31,697 - Early stop counter: 5 out of 5
2024-11-23 10:19:31,697 - Best Epoch 18
2024-11-23 10:19:32,058 - Test set [recall@10: 0.1934 recall@20: 0.2721 recall@40: 0.3601 ] Test set [ndcg@10: 0.2426 ndcg@20: 0.2695 ndcg@40: 0.3086 ] 
2024-11-23 10:19:32,421 - Test set [recall@10: 0.1934 recall@20: 0.2721 recall@40: 0.3601 ] Test set [ndcg@10: 0.2426 ndcg@20: 0.2695 ndcg@40: 0.3086 ] 
