2024-11-23 10:05:11,051 - {'optimizer': {'name': 'adam', 'lr': 0.001, 'weight_decay': 0}, 'train': {'epoch': 500, 'batch_size': 4096, 'save_model': False, 'loss': 'pairwise', 'log_loss': False, 'test_step': 3, 'patience': 5, 'reproducible': True, 'seed': 2023, 'early_stop': True}, 'test': {'metrics': ['recall', 'ndcg'], 'k': [10, 20, 40], 'batch_size': 1024}, 'data': {'type': 'social', 'name': 'yelp', 'user_num': 43043, 'item_num': 66576}, 'model': {'name': 'mhcn', 'layer_num': 2, 'reg_weight': 0.001, 'embedding_size': 64, 'ss_rate': 0.01}, 'tune': {'enable': True, 'hyperparameters': ['layer_num', 'reg_weight', 'ss_rate'], 'layer_num': [2, 3], 'reg_weight': [0.1, 0.01, 0.001], 'ss_rate': [0.01, 0.001]}, 'device': 'cuda', 'log': True}
2024-11-23 10:05:11,052 - hyperparameter: {'layer_num': 2, 'reg_weight': 0.1, 'ss_rate': 0.01}
2024-11-23 10:05:37,800 - Epoch   0 Test set [recall@10: 0.0216 recall@20: 0.0369 recall@40: 0.0611 ] Test set [ndcg@10: 0.0106 ndcg@20: 0.0144 ndcg@40: 0.0194 ] 
2024-11-23 10:05:37,802 - Validation score increased.  Copying the best model ...
2024-11-23 10:06:48,331 - Epoch   3 Test set [recall@10: 0.0281 recall@20: 0.0460 recall@40: 0.0733 ] Test set [ndcg@10: 0.0142 ndcg@20: 0.0187 ndcg@40: 0.0242 ] 
2024-11-23 10:06:48,332 - Validation score increased.  Copying the best model ...
2024-11-23 10:07:32,974 - Epoch   6 Test set [recall@10: 0.0295 recall@20: 0.0485 recall@40: 0.0782 ] Test set [ndcg@10: 0.0150 ndcg@20: 0.0198 ndcg@40: 0.0258 ] 
2024-11-23 10:07:32,975 - Validation score increased.  Copying the best model ...
2024-11-23 10:08:21,034 - Epoch   9 Test set [recall@10: 0.0299 recall@20: 0.0495 recall@40: 0.0800 ] Test set [ndcg@10: 0.0150 ndcg@20: 0.0199 ndcg@40: 0.0261 ] 
2024-11-23 10:08:21,035 - Validation score increased.  Copying the best model ...
2024-11-23 10:09:37,799 - Epoch  12 Test set [recall@10: 0.0302 recall@20: 0.0488 recall@40: 0.0791 ] Test set [ndcg@10: 0.0153 ndcg@20: 0.0200 ndcg@40: 0.0262 ] 
2024-11-23 10:09:37,800 - Validation score increased.  Copying the best model ...
2024-11-23 10:10:24,506 - Epoch  15 Test set [recall@10: 0.0297 recall@20: 0.0497 recall@40: 0.0793 ] Test set [ndcg@10: 0.0151 ndcg@20: 0.0201 ndcg@40: 0.0261 ] 
2024-11-23 10:10:24,506 - Early stop counter: 1 out of 5
2024-11-23 10:11:09,449 - Epoch  18 Test set [recall@10: 0.0304 recall@20: 0.0516 recall@40: 0.0817 ] Test set [ndcg@10: 0.0151 ndcg@20: 0.0204 ndcg@40: 0.0265 ] 
2024-11-23 10:11:09,450 - Validation score increased.  Copying the best model ...
2024-11-23 10:11:57,136 - Epoch  21 Test set [recall@10: 0.0306 recall@20: 0.0500 recall@40: 0.0796 ] Test set [ndcg@10: 0.0154 ndcg@20: 0.0203 ndcg@40: 0.0263 ] 
2024-11-23 10:11:57,137 - Validation score increased.  Copying the best model ...
2024-11-23 10:12:53,545 - Epoch  24 Test set [recall@10: 0.0307 recall@20: 0.0501 recall@40: 0.0804 ] Test set [ndcg@10: 0.0155 ndcg@20: 0.0204 ndcg@40: 0.0265 ] 
2024-11-23 10:12:53,546 - Validation score increased.  Copying the best model ...
2024-11-23 10:13:38,645 - Epoch  27 Test set [recall@10: 0.0304 recall@20: 0.0511 recall@40: 0.0801 ] Test set [ndcg@10: 0.0157 ndcg@20: 0.0209 ndcg@40: 0.0268 ] 
2024-11-23 10:13:38,646 - Early stop counter: 1 out of 5
2024-11-23 10:14:24,684 - Epoch  30 Test set [recall@10: 0.0313 recall@20: 0.0506 recall@40: 0.0811 ] Test set [ndcg@10: 0.0157 ndcg@20: 0.0206 ndcg@40: 0.0268 ] 
2024-11-23 10:14:24,685 - Validation score increased.  Copying the best model ...
2024-11-23 10:15:42,769 - Epoch  33 Test set [recall@10: 0.0308 recall@20: 0.0499 recall@40: 0.0791 ] Test set [ndcg@10: 0.0157 ndcg@20: 0.0205 ndcg@40: 0.0264 ] 
2024-11-23 10:15:42,769 - Early stop counter: 1 out of 5
2024-11-23 10:16:30,610 - Epoch  36 Test set [recall@10: 0.0306 recall@20: 0.0491 recall@40: 0.0802 ] Test set [ndcg@10: 0.0155 ndcg@20: 0.0202 ndcg@40: 0.0265 ] 
2024-11-23 10:16:30,610 - Early stop counter: 2 out of 5
2024-11-23 10:17:14,671 - Epoch  39 Test set [recall@10: 0.0306 recall@20: 0.0515 recall@40: 0.0809 ] Test set [ndcg@10: 0.0152 ndcg@20: 0.0204 ndcg@40: 0.0264 ] 
2024-11-23 10:17:14,671 - Early stop counter: 3 out of 5
2024-11-23 10:17:59,785 - Epoch  42 Test set [recall@10: 0.0297 recall@20: 0.0503 recall@40: 0.0798 ] Test set [ndcg@10: 0.0152 ndcg@20: 0.0204 ndcg@40: 0.0264 ] 
2024-11-23 10:17:59,786 - Early stop counter: 4 out of 5
2024-11-23 10:18:55,646 - Epoch  45 Test set [recall@10: 0.0311 recall@20: 0.0505 recall@40: 0.0801 ] Test set [ndcg@10: 0.0158 ndcg@20: 0.0206 ndcg@40: 0.0266 ] 
2024-11-23 10:18:55,646 - Early stop counter: 5 out of 5
2024-11-23 10:18:55,646 - Best Epoch 30
2024-11-23 10:19:11,152 - Test set [recall@10: 0.0313 recall@20: 0.0506 recall@40: 0.0811 ] Test set [ndcg@10: 0.0157 ndcg@20: 0.0206 ndcg@40: 0.0268 ] 
2024-11-23 10:19:26,870 - Test set [recall@10: 0.0313 recall@20: 0.0506 recall@40: 0.0811 ] Test set [ndcg@10: 0.0157 ndcg@20: 0.0206 ndcg@40: 0.0268 ] 
2024-11-23 10:19:26,928 - hyperparameter: {'layer_num': 2, 'reg_weight': 0.1, 'ss_rate': 0.001}
2024-11-23 10:19:53,176 - Epoch   0 Test set [recall@10: 0.0166 recall@20: 0.0291 recall@40: 0.0512 ] Test set [ndcg@10: 0.0080 ndcg@20: 0.0111 ndcg@40: 0.0156 ] 
2024-11-23 10:19:53,177 - Validation score increased.  Copying the best model ...
2024-11-23 10:20:37,438 - Epoch   3 Test set [recall@10: 0.0191 recall@20: 0.0338 recall@40: 0.0586 ] Test set [ndcg@10: 0.0090 ndcg@20: 0.0127 ndcg@40: 0.0178 ] 
2024-11-23 10:20:37,439 - Validation score increased.  Copying the best model ...
2024-11-23 10:21:41,037 - Epoch   6 Test set [recall@10: 0.0223 recall@20: 0.0370 recall@40: 0.0632 ] Test set [ndcg@10: 0.0110 ndcg@20: 0.0147 ndcg@40: 0.0200 ] 
2024-11-23 10:21:41,039 - Validation score increased.  Copying the best model ...
2024-11-23 10:22:26,341 - Epoch   9 Test set [recall@10: 0.0236 recall@20: 0.0401 recall@40: 0.0642 ] Test set [ndcg@10: 0.0118 ndcg@20: 0.0160 ndcg@40: 0.0209 ] 
2024-11-23 10:22:26,343 - Validation score increased.  Copying the best model ...
2024-11-23 10:23:10,041 - Epoch  12 Test set [recall@10: 0.0240 recall@20: 0.0401 recall@40: 0.0647 ] Test set [ndcg@10: 0.0117 ndcg@20: 0.0157 ndcg@40: 0.0207 ] 
2024-11-23 10:23:10,043 - Validation score increased.  Copying the best model ...
2024-11-23 10:23:54,338 - Epoch  15 Test set [recall@10: 0.0232 recall@20: 0.0400 recall@40: 0.0667 ] Test set [ndcg@10: 0.0118 ndcg@20: 0.0160 ndcg@40: 0.0214 ] 
2024-11-23 10:23:54,339 - Early stop counter: 1 out of 5
2024-11-23 10:24:54,242 - Epoch  18 Test set [recall@10: 0.0241 recall@20: 0.0407 recall@40: 0.0661 ] Test set [ndcg@10: 0.0121 ndcg@20: 0.0162 ndcg@40: 0.0214 ] 
2024-11-23 10:24:54,243 - Validation score increased.  Copying the best model ...
2024-11-23 10:25:38,140 - Epoch  21 Test set [recall@10: 0.0239 recall@20: 0.0395 recall@40: 0.0653 ] Test set [ndcg@10: 0.0117 ndcg@20: 0.0156 ndcg@40: 0.0209 ] 
2024-11-23 10:25:38,140 - Early stop counter: 1 out of 5
2024-11-23 10:26:22,723 - Epoch  24 Test set [recall@10: 0.0239 recall@20: 0.0396 recall@40: 0.0666 ] Test set [ndcg@10: 0.0118 ndcg@20: 0.0158 ndcg@40: 0.0212 ] 
2024-11-23 10:26:22,723 - Early stop counter: 2 out of 5
2024-11-23 10:27:36,248 - Epoch  27 Test set [recall@10: 0.0246 recall@20: 0.0407 recall@40: 0.0673 ] Test set [ndcg@10: 0.0124 ndcg@20: 0.0164 ndcg@40: 0.0219 ] 
2024-11-23 10:27:36,249 - Validation score increased.  Copying the best model ...
2024-11-23 10:28:20,427 - Epoch  30 Test set [recall@10: 0.0242 recall@20: 0.0413 recall@40: 0.0684 ] Test set [ndcg@10: 0.0122 ndcg@20: 0.0165 ndcg@40: 0.0220 ] 
2024-11-23 10:28:20,428 - Early stop counter: 1 out of 5
2024-11-23 10:29:04,390 - Epoch  33 Test set [recall@10: 0.0242 recall@20: 0.0396 recall@40: 0.0647 ] Test set [ndcg@10: 0.0124 ndcg@20: 0.0163 ndcg@40: 0.0214 ] 
2024-11-23 10:29:04,390 - Early stop counter: 2 out of 5
2024-11-23 10:29:49,845 - Epoch  36 Test set [recall@10: 0.0243 recall@20: 0.0405 recall@40: 0.0657 ] Test set [ndcg@10: 0.0125 ndcg@20: 0.0166 ndcg@40: 0.0217 ] 
2024-11-23 10:29:49,845 - Early stop counter: 3 out of 5
2024-11-23 10:31:01,669 - Epoch  39 Test set [recall@10: 0.0241 recall@20: 0.0407 recall@40: 0.0667 ] Test set [ndcg@10: 0.0118 ndcg@20: 0.0160 ndcg@40: 0.0213 ] 
2024-11-23 10:31:01,670 - Early stop counter: 4 out of 5
2024-11-23 10:31:48,005 - Epoch  42 Test set [recall@10: 0.0236 recall@20: 0.0397 recall@40: 0.0654 ] Test set [ndcg@10: 0.0119 ndcg@20: 0.0159 ndcg@40: 0.0212 ] 
2024-11-23 10:31:48,005 - Early stop counter: 5 out of 5
2024-11-23 10:31:48,005 - Best Epoch 27
2024-11-23 10:32:02,893 - Test set [recall@10: 0.0246 recall@20: 0.0407 recall@40: 0.0673 ] Test set [ndcg@10: 0.0124 ndcg@20: 0.0164 ndcg@40: 0.0219 ] 
2024-11-23 10:32:17,808 - Test set [recall@10: 0.0246 recall@20: 0.0407 recall@40: 0.0673 ] Test set [ndcg@10: 0.0124 ndcg@20: 0.0164 ndcg@40: 0.0219 ] 
2024-11-23 10:32:17,866 - hyperparameter: {'layer_num': 2, 'reg_weight': 0.01, 'ss_rate': 0.01}
2024-11-23 10:32:42,525 - Epoch   0 Test set [recall@10: 0.0213 recall@20: 0.0362 recall@40: 0.0601 ] Test set [ndcg@10: 0.0105 ndcg@20: 0.0142 ndcg@40: 0.0191 ] 
2024-11-23 10:32:42,526 - Validation score increased.  Copying the best model ...
2024-11-23 10:33:50,937 - Epoch   3 Test set [recall@10: 0.0274 recall@20: 0.0469 recall@40: 0.0742 ] Test set [ndcg@10: 0.0137 ndcg@20: 0.0186 ndcg@40: 0.0241 ] 
2024-11-23 10:33:50,939 - Validation score increased.  Copying the best model ...
2024-11-23 10:34:35,521 - Epoch   6 Test set [recall@10: 0.0297 recall@20: 0.0487 recall@40: 0.0805 ] Test set [ndcg@10: 0.0149 ndcg@20: 0.0197 ndcg@40: 0.0261 ] 
2024-11-23 10:34:35,522 - Validation score increased.  Copying the best model ...
2024-11-23 10:35:19,154 - Epoch   9 Test set [recall@10: 0.0322 recall@20: 0.0526 recall@40: 0.0828 ] Test set [ndcg@10: 0.0159 ndcg@20: 0.0210 ndcg@40: 0.0271 ] 
2024-11-23 10:35:19,155 - Validation score increased.  Copying the best model ...
2024-11-23 10:36:05,251 - Epoch  12 Test set [recall@10: 0.0309 recall@20: 0.0527 recall@40: 0.0832 ] Test set [ndcg@10: 0.0157 ndcg@20: 0.0211 ndcg@40: 0.0274 ] 
2024-11-23 10:36:05,251 - Early stop counter: 1 out of 5
2024-11-23 10:37:01,416 - Epoch  15 Test set [recall@10: 0.0318 recall@20: 0.0520 recall@40: 0.0863 ] Test set [ndcg@10: 0.0160 ndcg@20: 0.0211 ndcg@40: 0.0281 ] 
2024-11-23 10:37:01,416 - Early stop counter: 2 out of 5
2024-11-23 10:37:44,895 - Epoch  18 Test set [recall@10: 0.0325 recall@20: 0.0550 recall@40: 0.0877 ] Test set [ndcg@10: 0.0164 ndcg@20: 0.0220 ndcg@40: 0.0287 ] 
2024-11-23 10:37:44,896 - Validation score increased.  Copying the best model ...
2024-11-23 10:38:27,452 - Epoch  21 Test set [recall@10: 0.0326 recall@20: 0.0534 recall@40: 0.0877 ] Test set [ndcg@10: 0.0164 ndcg@20: 0.0216 ndcg@40: 0.0286 ] 
2024-11-23 10:38:27,453 - Validation score increased.  Copying the best model ...
2024-11-23 10:39:10,738 - Epoch  24 Test set [recall@10: 0.0337 recall@20: 0.0547 recall@40: 0.0876 ] Test set [ndcg@10: 0.0168 ndcg@20: 0.0220 ndcg@40: 0.0287 ] 
2024-11-23 10:39:10,739 - Validation score increased.  Copying the best model ...
2024-11-23 10:40:34,138 - Epoch  27 Test set [recall@10: 0.0332 recall@20: 0.0556 recall@40: 0.0880 ] Test set [ndcg@10: 0.0169 ndcg@20: 0.0225 ndcg@40: 0.0291 ] 
2024-11-23 10:40:34,139 - Early stop counter: 1 out of 5
2024-11-23 10:41:19,314 - Epoch  30 Test set [recall@10: 0.0330 recall@20: 0.0551 recall@40: 0.0887 ] Test set [ndcg@10: 0.0168 ndcg@20: 0.0223 ndcg@40: 0.0291 ] 
2024-11-23 10:41:19,314 - Early stop counter: 2 out of 5
2024-11-23 10:42:23,406 - Epoch  33 Test set [recall@10: 0.0331 recall@20: 0.0528 recall@40: 0.0873 ] Test set [ndcg@10: 0.0168 ndcg@20: 0.0218 ndcg@40: 0.0288 ] 
2024-11-23 10:42:23,406 - Early stop counter: 3 out of 5
2024-11-23 10:43:07,150 - Epoch  36 Test set [recall@10: 0.0331 recall@20: 0.0548 recall@40: 0.0886 ] Test set [ndcg@10: 0.0167 ndcg@20: 0.0222 ndcg@40: 0.0291 ] 
2024-11-23 10:43:07,151 - Early stop counter: 4 out of 5
2024-11-23 10:43:51,109 - Epoch  39 Test set [recall@10: 0.0334 recall@20: 0.0545 recall@40: 0.0876 ] Test set [ndcg@10: 0.0165 ndcg@20: 0.0218 ndcg@40: 0.0286 ] 
2024-11-23 10:43:51,109 - Early stop counter: 5 out of 5
2024-11-23 10:43:51,109 - Best Epoch 24
2024-11-23 10:44:05,385 - Test set [recall@10: 0.0337 recall@20: 0.0547 recall@40: 0.0876 ] Test set [ndcg@10: 0.0168 ndcg@20: 0.0220 ndcg@40: 0.0287 ] 
2024-11-23 10:44:19,661 - Test set [recall@10: 0.0337 recall@20: 0.0547 recall@40: 0.0876 ] Test set [ndcg@10: 0.0168 ndcg@20: 0.0220 ndcg@40: 0.0287 ] 
2024-11-23 10:44:19,719 - hyperparameter: {'layer_num': 2, 'reg_weight': 0.01, 'ss_rate': 0.001}
2024-11-23 10:44:43,393 - Epoch   0 Test set [recall@10: 0.0164 recall@20: 0.0291 recall@40: 0.0514 ] Test set [ndcg@10: 0.0079 ndcg@20: 0.0110 ndcg@40: 0.0156 ] 
2024-11-23 10:44:43,394 - Validation score increased.  Copying the best model ...
2024-11-23 10:45:25,167 - Epoch   3 Test set [recall@10: 0.0200 recall@20: 0.0360 recall@40: 0.0615 ] Test set [ndcg@10: 0.0095 ndcg@20: 0.0136 ndcg@40: 0.0187 ] 
2024-11-23 10:45:25,168 - Validation score increased.  Copying the best model ...
2024-11-23 10:46:05,794 - Epoch   6 Test set [recall@10: 0.0234 recall@20: 0.0403 recall@40: 0.0671 ] Test set [ndcg@10: 0.0114 ndcg@20: 0.0156 ndcg@40: 0.0211 ] 
2024-11-23 10:46:05,795 - Validation score increased.  Copying the best model ...
2024-11-23 10:46:46,755 - Epoch   9 Test set [recall@10: 0.0256 recall@20: 0.0429 recall@40: 0.0717 ] Test set [ndcg@10: 0.0130 ndcg@20: 0.0173 ndcg@40: 0.0232 ] 
2024-11-23 10:46:46,756 - Validation score increased.  Copying the best model ...
2024-11-23 10:47:30,202 - Epoch  12 Test set [recall@10: 0.0267 recall@20: 0.0449 recall@40: 0.0722 ] Test set [ndcg@10: 0.0132 ndcg@20: 0.0177 ndcg@40: 0.0233 ] 
2024-11-23 10:47:30,204 - Validation score increased.  Copying the best model ...
2024-11-23 10:48:11,054 - Epoch  15 Test set [recall@10: 0.0266 recall@20: 0.0446 recall@40: 0.0751 ] Test set [ndcg@10: 0.0133 ndcg@20: 0.0178 ndcg@40: 0.0240 ] 
2024-11-23 10:48:11,055 - Early stop counter: 1 out of 5
2024-11-23 10:48:52,007 - Epoch  18 Test set [recall@10: 0.0269 recall@20: 0.0458 recall@40: 0.0760 ] Test set [ndcg@10: 0.0138 ndcg@20: 0.0185 ndcg@40: 0.0247 ] 
2024-11-23 10:48:52,008 - Validation score increased.  Copying the best model ...
2024-11-23 10:49:32,842 - Epoch  21 Test set [recall@10: 0.0278 recall@20: 0.0472 recall@40: 0.0763 ] Test set [ndcg@10: 0.0139 ndcg@20: 0.0188 ndcg@40: 0.0247 ] 
2024-11-23 10:49:32,844 - Validation score increased.  Copying the best model ...
2024-11-23 10:50:16,010 - Epoch  24 Test set [recall@10: 0.0285 recall@20: 0.0471 recall@40: 0.0757 ] Test set [ndcg@10: 0.0142 ndcg@20: 0.0189 ndcg@40: 0.0247 ] 
2024-11-23 10:50:16,011 - Validation score increased.  Copying the best model ...
2024-11-23 10:50:56,612 - Epoch  27 Test set [recall@10: 0.0285 recall@20: 0.0474 recall@40: 0.0780 ] Test set [ndcg@10: 0.0146 ndcg@20: 0.0194 ndcg@40: 0.0256 ] 
2024-11-23 10:50:56,613 - Validation score increased.  Copying the best model ...
2024-11-23 10:51:37,275 - Epoch  30 Test set [recall@10: 0.0289 recall@20: 0.0482 recall@40: 0.0779 ] Test set [ndcg@10: 0.0146 ndcg@20: 0.0195 ndcg@40: 0.0256 ] 
2024-11-23 10:51:37,276 - Validation score increased.  Copying the best model ...
2024-11-23 10:52:18,193 - Epoch  33 Test set [recall@10: 0.0292 recall@20: 0.0485 recall@40: 0.0770 ] Test set [ndcg@10: 0.0149 ndcg@20: 0.0197 ndcg@40: 0.0255 ] 
2024-11-23 10:52:18,194 - Validation score increased.  Copying the best model ...
2024-11-23 10:53:02,590 - Epoch  36 Test set [recall@10: 0.0294 recall@20: 0.0487 recall@40: 0.0801 ] Test set [ndcg@10: 0.0150 ndcg@20: 0.0199 ndcg@40: 0.0263 ] 
2024-11-23 10:53:02,591 - Validation score increased.  Copying the best model ...
2024-11-23 10:53:43,866 - Epoch  39 Test set [recall@10: 0.0287 recall@20: 0.0480 recall@40: 0.0776 ] Test set [ndcg@10: 0.0145 ndcg@20: 0.0193 ndcg@40: 0.0254 ] 
2024-11-23 10:53:43,866 - Early stop counter: 1 out of 5
2024-11-23 10:54:24,978 - Epoch  42 Test set [recall@10: 0.0287 recall@20: 0.0476 recall@40: 0.0769 ] Test set [ndcg@10: 0.0146 ndcg@20: 0.0194 ndcg@40: 0.0253 ] 
2024-11-23 10:54:24,978 - Early stop counter: 2 out of 5
2024-11-23 10:55:05,931 - Epoch  45 Test set [recall@10: 0.0295 recall@20: 0.0475 recall@40: 0.0779 ] Test set [ndcg@10: 0.0151 ndcg@20: 0.0197 ndcg@40: 0.0258 ] 
2024-11-23 10:55:05,932 - Validation score increased.  Copying the best model ...
2024-11-23 10:55:50,232 - Epoch  48 Test set [recall@10: 0.0280 recall@20: 0.0478 recall@40: 0.0764 ] Test set [ndcg@10: 0.0145 ndcg@20: 0.0194 ndcg@40: 0.0253 ] 
2024-11-23 10:55:50,233 - Early stop counter: 1 out of 5
2024-11-23 10:56:31,097 - Epoch  51 Test set [recall@10: 0.0293 recall@20: 0.0481 recall@40: 0.0764 ] Test set [ndcg@10: 0.0148 ndcg@20: 0.0195 ndcg@40: 0.0252 ] 
2024-11-23 10:56:31,098 - Early stop counter: 2 out of 5
2024-11-23 10:57:12,036 - Epoch  54 Test set [recall@10: 0.0286 recall@20: 0.0477 recall@40: 0.0784 ] Test set [ndcg@10: 0.0146 ndcg@20: 0.0194 ndcg@40: 0.0257 ] 
2024-11-23 10:57:12,036 - Early stop counter: 3 out of 5
2024-11-23 10:57:52,658 - Epoch  57 Test set [recall@10: 0.0301 recall@20: 0.0486 recall@40: 0.0778 ] Test set [ndcg@10: 0.0152 ndcg@20: 0.0199 ndcg@40: 0.0258 ] 
2024-11-23 10:57:52,659 - Validation score increased.  Copying the best model ...
2024-11-23 10:58:37,299 - Epoch  60 Test set [recall@10: 0.0291 recall@20: 0.0470 recall@40: 0.0767 ] Test set [ndcg@10: 0.0151 ndcg@20: 0.0196 ndcg@40: 0.0256 ] 
2024-11-23 10:58:37,299 - Early stop counter: 1 out of 5
2024-11-23 10:59:19,061 - Epoch  63 Test set [recall@10: 0.0294 recall@20: 0.0472 recall@40: 0.0778 ] Test set [ndcg@10: 0.0151 ndcg@20: 0.0196 ndcg@40: 0.0258 ] 
2024-11-23 10:59:19,061 - Early stop counter: 2 out of 5
2024-11-23 10:59:59,851 - Epoch  66 Test set [recall@10: 0.0302 recall@20: 0.0487 recall@40: 0.0775 ] Test set [ndcg@10: 0.0156 ndcg@20: 0.0202 ndcg@40: 0.0261 ] 
2024-11-23 10:59:59,852 - Validation score increased.  Copying the best model ...
2024-11-23 11:00:40,925 - Epoch  69 Test set [recall@10: 0.0301 recall@20: 0.0490 recall@40: 0.0784 ] Test set [ndcg@10: 0.0152 ndcg@20: 0.0200 ndcg@40: 0.0260 ] 
2024-11-23 11:00:40,925 - Early stop counter: 1 out of 5
2024-11-23 11:01:24,091 - Epoch  72 Test set [recall@10: 0.0290 recall@20: 0.0487 recall@40: 0.0792 ] Test set [ndcg@10: 0.0146 ndcg@20: 0.0195 ndcg@40: 0.0257 ] 
2024-11-23 11:01:24,091 - Early stop counter: 2 out of 5
2024-11-23 11:02:04,612 - Epoch  75 Test set [recall@10: 0.0296 recall@20: 0.0490 recall@40: 0.0804 ] Test set [ndcg@10: 0.0150 ndcg@20: 0.0198 ndcg@40: 0.0262 ] 
2024-11-23 11:02:04,612 - Early stop counter: 3 out of 5
2024-11-23 11:02:45,247 - Epoch  78 Test set [recall@10: 0.0290 recall@20: 0.0487 recall@40: 0.0788 ] Test set [ndcg@10: 0.0147 ndcg@20: 0.0197 ndcg@40: 0.0258 ] 
2024-11-23 11:02:45,248 - Early stop counter: 4 out of 5
2024-11-23 11:03:26,883 - Epoch  81 Test set [recall@10: 0.0301 recall@20: 0.0488 recall@40: 0.0796 ] Test set [ndcg@10: 0.0152 ndcg@20: 0.0199 ndcg@40: 0.0262 ] 
2024-11-23 11:03:26,883 - Early stop counter: 5 out of 5
2024-11-23 11:03:26,883 - Best Epoch 66
2024-11-23 11:03:41,808 - Test set [recall@10: 0.0302 recall@20: 0.0487 recall@40: 0.0775 ] Test set [ndcg@10: 0.0156 ndcg@20: 0.0202 ndcg@40: 0.0261 ] 
2024-11-23 11:03:55,866 - Test set [recall@10: 0.0302 recall@20: 0.0487 recall@40: 0.0775 ] Test set [ndcg@10: 0.0156 ndcg@20: 0.0202 ndcg@40: 0.0261 ] 
2024-11-23 11:03:55,925 - hyperparameter: {'layer_num': 2, 'reg_weight': 0.001, 'ss_rate': 0.01}
2024-11-23 11:04:19,081 - Epoch   0 Test set [recall@10: 0.0213 recall@20: 0.0361 recall@40: 0.0600 ] Test set [ndcg@10: 0.0104 ndcg@20: 0.0142 ndcg@40: 0.0190 ] 
2024-11-23 11:04:19,082 - Validation score increased.  Copying the best model ...
2024-11-23 11:04:59,839 - Epoch   3 Test set [recall@10: 0.0271 recall@20: 0.0469 recall@40: 0.0741 ] Test set [ndcg@10: 0.0136 ndcg@20: 0.0185 ndcg@40: 0.0240 ] 
2024-11-23 11:04:59,840 - Validation score increased.  Copying the best model ...
2024-11-23 11:05:40,647 - Epoch   6 Test set [recall@10: 0.0295 recall@20: 0.0490 recall@40: 0.0805 ] Test set [ndcg@10: 0.0148 ndcg@20: 0.0197 ndcg@40: 0.0261 ] 
2024-11-23 11:05:40,648 - Validation score increased.  Copying the best model ...
2024-11-23 11:06:24,177 - Epoch   9 Test set [recall@10: 0.0322 recall@20: 0.0520 recall@40: 0.0829 ] Test set [ndcg@10: 0.0159 ndcg@20: 0.0209 ndcg@40: 0.0272 ] 
2024-11-23 11:06:24,178 - Validation score increased.  Copying the best model ...
2024-11-23 11:07:04,839 - Epoch  12 Test set [recall@10: 0.0312 recall@20: 0.0527 recall@40: 0.0831 ] Test set [ndcg@10: 0.0158 ndcg@20: 0.0211 ndcg@40: 0.0273 ] 
2024-11-23 11:07:04,840 - Early stop counter: 1 out of 5
2024-11-23 11:07:45,560 - Epoch  15 Test set [recall@10: 0.0315 recall@20: 0.0524 recall@40: 0.0859 ] Test set [ndcg@10: 0.0157 ndcg@20: 0.0210 ndcg@40: 0.0278 ] 
2024-11-23 11:07:45,560 - Early stop counter: 2 out of 5
2024-11-23 11:08:26,177 - Epoch  18 Test set [recall@10: 0.0323 recall@20: 0.0544 recall@40: 0.0873 ] Test set [ndcg@10: 0.0163 ndcg@20: 0.0218 ndcg@40: 0.0286 ] 
2024-11-23 11:08:26,178 - Validation score increased.  Copying the best model ...
2024-11-23 11:09:10,938 - Epoch  21 Test set [recall@10: 0.0321 recall@20: 0.0536 recall@40: 0.0870 ] Test set [ndcg@10: 0.0162 ndcg@20: 0.0216 ndcg@40: 0.0284 ] 
2024-11-23 11:09:10,939 - Early stop counter: 1 out of 5
2024-11-23 11:09:51,583 - Epoch  24 Test set [recall@10: 0.0330 recall@20: 0.0546 recall@40: 0.0872 ] Test set [ndcg@10: 0.0165 ndcg@20: 0.0219 ndcg@40: 0.0286 ] 
2024-11-23 11:09:51,584 - Validation score increased.  Copying the best model ...
2024-11-23 11:10:32,235 - Epoch  27 Test set [recall@10: 0.0330 recall@20: 0.0549 recall@40: 0.0885 ] Test set [ndcg@10: 0.0168 ndcg@20: 0.0223 ndcg@40: 0.0291 ] 
2024-11-23 11:10:32,235 - Early stop counter: 1 out of 5
2024-11-23 11:11:12,781 - Epoch  30 Test set [recall@10: 0.0326 recall@20: 0.0548 recall@40: 0.0887 ] Test set [ndcg@10: 0.0166 ndcg@20: 0.0221 ndcg@40: 0.0290 ] 
2024-11-23 11:11:12,782 - Early stop counter: 2 out of 5
2024-11-23 11:11:57,377 - Epoch  33 Test set [recall@10: 0.0321 recall@20: 0.0527 recall@40: 0.0874 ] Test set [ndcg@10: 0.0166 ndcg@20: 0.0218 ndcg@40: 0.0288 ] 
2024-11-23 11:11:57,378 - Early stop counter: 3 out of 5
2024-11-23 11:12:37,860 - Epoch  36 Test set [recall@10: 0.0334 recall@20: 0.0546 recall@40: 0.0877 ] Test set [ndcg@10: 0.0167 ndcg@20: 0.0220 ndcg@40: 0.0288 ] 
2024-11-23 11:12:37,861 - Validation score increased.  Copying the best model ...
2024-11-23 11:13:18,617 - Epoch  39 Test set [recall@10: 0.0327 recall@20: 0.0541 recall@40: 0.0884 ] Test set [ndcg@10: 0.0165 ndcg@20: 0.0219 ndcg@40: 0.0289 ] 
2024-11-23 11:13:18,617 - Early stop counter: 1 out of 5
2024-11-23 11:13:59,228 - Epoch  42 Test set [recall@10: 0.0332 recall@20: 0.0542 recall@40: 0.0881 ] Test set [ndcg@10: 0.0167 ndcg@20: 0.0220 ndcg@40: 0.0289 ] 
2024-11-23 11:13:59,228 - Early stop counter: 2 out of 5
2024-11-23 11:14:43,638 - Epoch  45 Test set [recall@10: 0.0327 recall@20: 0.0544 recall@40: 0.0871 ] Test set [ndcg@10: 0.0164 ndcg@20: 0.0219 ndcg@40: 0.0285 ] 
2024-11-23 11:14:43,638 - Early stop counter: 3 out of 5
2024-11-23 11:15:24,111 - Epoch  48 Test set [recall@10: 0.0324 recall@20: 0.0540 recall@40: 0.0878 ] Test set [ndcg@10: 0.0163 ndcg@20: 0.0217 ndcg@40: 0.0286 ] 
2024-11-23 11:15:24,111 - Early stop counter: 4 out of 5
2024-11-23 11:16:04,763 - Epoch  51 Test set [recall@10: 0.0330 recall@20: 0.0536 recall@40: 0.0887 ] Test set [ndcg@10: 0.0165 ndcg@20: 0.0217 ndcg@40: 0.0288 ] 
2024-11-23 11:16:04,763 - Early stop counter: 5 out of 5
2024-11-23 11:16:04,763 - Best Epoch 36
2024-11-23 11:16:19,068 - Test set [recall@10: 0.0334 recall@20: 0.0546 recall@40: 0.0877 ] Test set [ndcg@10: 0.0167 ndcg@20: 0.0220 ndcg@40: 0.0288 ] 
2024-11-23 11:16:33,270 - Test set [recall@10: 0.0334 recall@20: 0.0546 recall@40: 0.0877 ] Test set [ndcg@10: 0.0167 ndcg@20: 0.0220 ndcg@40: 0.0288 ] 
2024-11-23 11:16:33,327 - hyperparameter: {'layer_num': 2, 'reg_weight': 0.001, 'ss_rate': 0.001}
2024-11-23 11:16:58,034 - Epoch   0 Test set [recall@10: 0.0164 recall@20: 0.0291 recall@40: 0.0514 ] Test set [ndcg@10: 0.0079 ndcg@20: 0.0111 ndcg@40: 0.0156 ] 
2024-11-23 11:16:58,035 - Validation score increased.  Copying the best model ...
2024-11-23 11:17:38,726 - Epoch   3 Test set [recall@10: 0.0203 recall@20: 0.0363 recall@40: 0.0613 ] Test set [ndcg@10: 0.0096 ndcg@20: 0.0136 ndcg@40: 0.0187 ] 
2024-11-23 11:17:38,727 - Validation score increased.  Copying the best model ...
2024-11-23 11:18:19,513 - Epoch   6 Test set [recall@10: 0.0232 recall@20: 0.0407 recall@40: 0.0679 ] Test set [ndcg@10: 0.0114 ndcg@20: 0.0158 ndcg@40: 0.0213 ] 
2024-11-23 11:18:19,514 - Validation score increased.  Copying the best model ...
2024-11-23 11:19:00,076 - Epoch   9 Test set [recall@10: 0.0257 recall@20: 0.0433 recall@40: 0.0717 ] Test set [ndcg@10: 0.0130 ndcg@20: 0.0174 ndcg@40: 0.0232 ] 
2024-11-23 11:19:00,077 - Validation score increased.  Copying the best model ...
2024-11-23 11:19:43,193 - Epoch  12 Test set [recall@10: 0.0263 recall@20: 0.0453 recall@40: 0.0728 ] Test set [ndcg@10: 0.0131 ndcg@20: 0.0179 ndcg@40: 0.0235 ] 
2024-11-23 11:19:43,194 - Validation score increased.  Copying the best model ...
2024-11-23 11:20:24,344 - Epoch  15 Test set [recall@10: 0.0273 recall@20: 0.0454 recall@40: 0.0758 ] Test set [ndcg@10: 0.0135 ndcg@20: 0.0180 ndcg@40: 0.0242 ] 
2024-11-23 11:20:24,345 - Validation score increased.  Copying the best model ...
2024-11-23 11:21:05,099 - Epoch  18 Test set [recall@10: 0.0277 recall@20: 0.0462 recall@40: 0.0772 ] Test set [ndcg@10: 0.0138 ndcg@20: 0.0184 ndcg@40: 0.0247 ] 
2024-11-23 11:21:05,100 - Validation score increased.  Copying the best model ...
2024-11-23 11:21:45,851 - Epoch  21 Test set [recall@10: 0.0285 recall@20: 0.0480 recall@40: 0.0776 ] Test set [ndcg@10: 0.0141 ndcg@20: 0.0190 ndcg@40: 0.0250 ] 
2024-11-23 11:21:45,852 - Validation score increased.  Copying the best model ...
2024-11-23 11:22:30,098 - Epoch  24 Test set [recall@10: 0.0288 recall@20: 0.0481 recall@40: 0.0785 ] Test set [ndcg@10: 0.0145 ndcg@20: 0.0194 ndcg@40: 0.0255 ] 
2024-11-23 11:22:30,100 - Validation score increased.  Copying the best model ...
2024-11-23 11:23:11,178 - Epoch  27 Test set [recall@10: 0.0284 recall@20: 0.0493 recall@40: 0.0800 ] Test set [ndcg@10: 0.0147 ndcg@20: 0.0199 ndcg@40: 0.0262 ] 
2024-11-23 11:23:11,179 - Early stop counter: 1 out of 5
2024-11-23 11:23:52,446 - Epoch  30 Test set [recall@10: 0.0295 recall@20: 0.0486 recall@40: 0.0797 ] Test set [ndcg@10: 0.0150 ndcg@20: 0.0198 ndcg@40: 0.0261 ] 
2024-11-23 11:23:52,447 - Validation score increased.  Copying the best model ...
2024-11-23 11:24:33,274 - Epoch  33 Test set [recall@10: 0.0292 recall@20: 0.0487 recall@40: 0.0792 ] Test set [ndcg@10: 0.0150 ndcg@20: 0.0198 ndcg@40: 0.0260 ] 
2024-11-23 11:24:33,274 - Early stop counter: 1 out of 5
2024-11-23 11:25:17,907 - Epoch  36 Test set [recall@10: 0.0299 recall@20: 0.0495 recall@40: 0.0798 ] Test set [ndcg@10: 0.0151 ndcg@20: 0.0200 ndcg@40: 0.0262 ] 
2024-11-23 11:25:17,908 - Validation score increased.  Copying the best model ...
2024-11-23 11:25:58,781 - Epoch  39 Test set [recall@10: 0.0290 recall@20: 0.0488 recall@40: 0.0807 ] Test set [ndcg@10: 0.0147 ndcg@20: 0.0197 ndcg@40: 0.0262 ] 
2024-11-23 11:25:58,781 - Early stop counter: 1 out of 5
2024-11-23 11:26:39,641 - Epoch  42 Test set [recall@10: 0.0298 recall@20: 0.0486 recall@40: 0.0812 ] Test set [ndcg@10: 0.0150 ndcg@20: 0.0197 ndcg@40: 0.0264 ] 
2024-11-23 11:26:39,641 - Early stop counter: 2 out of 5
2024-11-23 11:27:20,453 - Epoch  45 Test set [recall@10: 0.0297 recall@20: 0.0491 recall@40: 0.0795 ] Test set [ndcg@10: 0.0151 ndcg@20: 0.0200 ndcg@40: 0.0262 ] 
2024-11-23 11:27:20,453 - Early stop counter: 3 out of 5
2024-11-23 11:28:05,180 - Epoch  48 Test set [recall@10: 0.0287 recall@20: 0.0486 recall@40: 0.0789 ] Test set [ndcg@10: 0.0146 ndcg@20: 0.0196 ndcg@40: 0.0258 ] 
2024-11-23 11:28:05,180 - Early stop counter: 4 out of 5
2024-11-23 11:28:45,984 - Epoch  51 Test set [recall@10: 0.0297 recall@20: 0.0487 recall@40: 0.0796 ] Test set [ndcg@10: 0.0150 ndcg@20: 0.0197 ndcg@40: 0.0260 ] 
2024-11-23 11:28:45,984 - Early stop counter: 5 out of 5
2024-11-23 11:28:45,984 - Best Epoch 36
2024-11-23 11:29:00,341 - Test set [recall@10: 0.0299 recall@20: 0.0495 recall@40: 0.0798 ] Test set [ndcg@10: 0.0151 ndcg@20: 0.0200 ndcg@40: 0.0262 ] 
2024-11-23 11:29:14,620 - Test set [recall@10: 0.0299 recall@20: 0.0495 recall@40: 0.0798 ] Test set [ndcg@10: 0.0151 ndcg@20: 0.0200 ndcg@40: 0.0262 ] 
2024-11-23 11:29:14,677 - hyperparameter: {'layer_num': 3, 'reg_weight': 0.1, 'ss_rate': 0.01}
2024-11-23 11:29:40,018 - Epoch   0 Test set [recall@10: 0.0184 recall@20: 0.0317 recall@40: 0.0544 ] Test set [ndcg@10: 0.0089 ndcg@20: 0.0122 ndcg@40: 0.0168 ] 
2024-11-23 11:29:40,019 - Validation score increased.  Copying the best model ...
2024-11-23 11:30:30,613 - Epoch   3 Test set [recall@10: 0.0197 recall@20: 0.0333 recall@40: 0.0569 ] Test set [ndcg@10: 0.0095 ndcg@20: 0.0130 ndcg@40: 0.0177 ] 
2024-11-23 11:30:30,614 - Validation score increased.  Copying the best model ...
2024-11-23 11:31:19,326 - Epoch   6 Test set [recall@10: 0.0193 recall@20: 0.0335 recall@40: 0.0572 ] Test set [ndcg@10: 0.0095 ndcg@20: 0.0131 ndcg@40: 0.0179 ] 
2024-11-23 11:31:19,326 - Early stop counter: 1 out of 5
2024-11-23 11:32:06,874 - Epoch   9 Test set [recall@10: 0.0210 recall@20: 0.0356 recall@40: 0.0603 ] Test set [ndcg@10: 0.0101 ndcg@20: 0.0138 ndcg@40: 0.0188 ] 
2024-11-23 11:32:06,875 - Validation score increased.  Copying the best model ...
2024-11-23 11:32:54,892 - Epoch  12 Test set [recall@10: 0.0187 recall@20: 0.0334 recall@40: 0.0585 ] Test set [ndcg@10: 0.0092 ndcg@20: 0.0129 ndcg@40: 0.0180 ] 
2024-11-23 11:32:54,892 - Early stop counter: 1 out of 5
2024-11-23 11:33:43,401 - Epoch  15 Test set [recall@10: 0.0194 recall@20: 0.0347 recall@40: 0.0585 ] Test set [ndcg@10: 0.0094 ndcg@20: 0.0133 ndcg@40: 0.0181 ] 
2024-11-23 11:33:43,401 - Early stop counter: 2 out of 5
2024-11-23 11:34:30,476 - Epoch  18 Test set [recall@10: 0.0197 recall@20: 0.0355 recall@40: 0.0603 ] Test set [ndcg@10: 0.0096 ndcg@20: 0.0136 ndcg@40: 0.0186 ] 
2024-11-23 11:34:30,476 - Early stop counter: 3 out of 5
2024-11-23 11:35:17,730 - Epoch  21 Test set [recall@10: 0.0195 recall@20: 0.0348 recall@40: 0.0585 ] Test set [ndcg@10: 0.0096 ndcg@20: 0.0135 ndcg@40: 0.0183 ] 
2024-11-23 11:35:17,730 - Early stop counter: 4 out of 5
2024-11-23 11:36:07,910 - Epoch  24 Test set [recall@10: 0.0200 recall@20: 0.0355 recall@40: 0.0610 ] Test set [ndcg@10: 0.0097 ndcg@20: 0.0135 ndcg@40: 0.0187 ] 
2024-11-23 11:36:07,911 - Early stop counter: 5 out of 5
2024-11-23 11:36:07,911 - Best Epoch 9
2024-11-23 11:36:22,106 - Test set [recall@10: 0.0210 recall@20: 0.0356 recall@40: 0.0603 ] Test set [ndcg@10: 0.0101 ndcg@20: 0.0138 ndcg@40: 0.0188 ] 
2024-11-23 11:36:36,466 - Test set [recall@10: 0.0210 recall@20: 0.0356 recall@40: 0.0603 ] Test set [ndcg@10: 0.0101 ndcg@20: 0.0138 ndcg@40: 0.0188 ] 
2024-11-23 11:36:36,529 - hyperparameter: {'layer_num': 3, 'reg_weight': 0.1, 'ss_rate': 0.001}
2024-11-23 11:37:02,001 - Epoch   0 Test set [recall@10: 0.0162 recall@20: 0.0283 recall@40: 0.0495 ] Test set [ndcg@10: 0.0080 ndcg@20: 0.0111 ndcg@40: 0.0154 ] 
2024-11-23 11:37:02,002 - Validation score increased.  Copying the best model ...
2024-11-23 11:37:49,419 - Epoch   3 Test set [recall@10: 0.0154 recall@20: 0.0263 recall@40: 0.0447 ] Test set [ndcg@10: 0.0073 ndcg@20: 0.0100 ndcg@40: 0.0138 ] 
2024-11-23 11:37:49,420 - Early stop counter: 1 out of 5
2024-11-23 11:38:40,311 - Epoch   6 Test set [recall@10: 0.0151 recall@20: 0.0277 recall@40: 0.0475 ] Test set [ndcg@10: 0.0073 ndcg@20: 0.0104 ndcg@40: 0.0144 ] 
2024-11-23 11:38:40,311 - Early stop counter: 2 out of 5
2024-11-23 11:39:27,804 - Epoch   9 Test set [recall@10: 0.0175 recall@20: 0.0291 recall@40: 0.0499 ] Test set [ndcg@10: 0.0086 ndcg@20: 0.0115 ndcg@40: 0.0157 ] 
2024-11-23 11:39:27,805 - Validation score increased.  Copying the best model ...
2024-11-23 11:40:15,525 - Epoch  12 Test set [recall@10: 0.0159 recall@20: 0.0280 recall@40: 0.0483 ] Test set [ndcg@10: 0.0075 ndcg@20: 0.0105 ndcg@40: 0.0146 ] 
2024-11-23 11:40:15,525 - Early stop counter: 1 out of 5
2024-11-23 11:41:05,383 - Epoch  15 Test set [recall@10: 0.0166 recall@20: 0.0288 recall@40: 0.0496 ] Test set [ndcg@10: 0.0081 ndcg@20: 0.0111 ndcg@40: 0.0153 ] 
2024-11-23 11:41:05,383 - Early stop counter: 2 out of 5
2024-11-23 11:41:53,095 - Epoch  18 Test set [recall@10: 0.0157 recall@20: 0.0278 recall@40: 0.0487 ] Test set [ndcg@10: 0.0078 ndcg@20: 0.0109 ndcg@40: 0.0151 ] 
2024-11-23 11:41:53,095 - Early stop counter: 3 out of 5
2024-11-23 11:42:40,398 - Epoch  21 Test set [recall@10: 0.0165 recall@20: 0.0283 recall@40: 0.0482 ] Test set [ndcg@10: 0.0080 ndcg@20: 0.0110 ndcg@40: 0.0150 ] 
2024-11-23 11:42:40,398 - Early stop counter: 4 out of 5
2024-11-23 11:43:27,796 - Epoch  24 Test set [recall@10: 0.0165 recall@20: 0.0267 recall@40: 0.0469 ] Test set [ndcg@10: 0.0080 ndcg@20: 0.0105 ndcg@40: 0.0146 ] 
2024-11-23 11:43:27,796 - Early stop counter: 5 out of 5
2024-11-23 11:43:27,796 - Best Epoch 9
2024-11-23 11:43:42,605 - Test set [recall@10: 0.0175 recall@20: 0.0291 recall@40: 0.0499 ] Test set [ndcg@10: 0.0086 ndcg@20: 0.0115 ndcg@40: 0.0157 ] 
2024-11-23 11:43:57,281 - Test set [recall@10: 0.0175 recall@20: 0.0291 recall@40: 0.0499 ] Test set [ndcg@10: 0.0086 ndcg@20: 0.0115 ndcg@40: 0.0157 ] 
2024-11-23 11:43:57,341 - hyperparameter: {'layer_num': 3, 'reg_weight': 0.01, 'ss_rate': 0.01}
2024-11-23 11:44:22,941 - Epoch   0 Test set [recall@10: 0.0181 recall@20: 0.0318 recall@40: 0.0542 ] Test set [ndcg@10: 0.0088 ndcg@20: 0.0122 ndcg@40: 0.0168 ] 
2024-11-23 11:44:22,942 - Validation score increased.  Copying the best model ...
2024-11-23 11:45:10,292 - Epoch   3 Test set [recall@10: 0.0195 recall@20: 0.0335 recall@40: 0.0565 ] Test set [ndcg@10: 0.0093 ndcg@20: 0.0128 ndcg@40: 0.0174 ] 
2024-11-23 11:45:10,293 - Validation score increased.  Copying the best model ...
2024-11-23 11:45:57,617 - Epoch   6 Test set [recall@10: 0.0192 recall@20: 0.0348 recall@40: 0.0584 ] Test set [ndcg@10: 0.0094 ndcg@20: 0.0133 ndcg@40: 0.0181 ] 
2024-11-23 11:45:57,617 - Early stop counter: 1 out of 5
2024-11-23 11:46:48,015 - Epoch   9 Test set [recall@10: 0.0208 recall@20: 0.0362 recall@40: 0.0615 ] Test set [ndcg@10: 0.0101 ndcg@20: 0.0139 ndcg@40: 0.0191 ] 
2024-11-23 11:46:48,016 - Validation score increased.  Copying the best model ...
2024-11-23 11:47:35,446 - Epoch  12 Test set [recall@10: 0.0199 recall@20: 0.0350 recall@40: 0.0596 ] Test set [ndcg@10: 0.0097 ndcg@20: 0.0135 ndcg@40: 0.0185 ] 
2024-11-23 11:47:35,446 - Early stop counter: 1 out of 5
2024-11-23 11:48:23,080 - Epoch  15 Test set [recall@10: 0.0208 recall@20: 0.0358 recall@40: 0.0620 ] Test set [ndcg@10: 0.0101 ndcg@20: 0.0139 ndcg@40: 0.0192 ] 
2024-11-23 11:48:23,080 - Early stop counter: 2 out of 5
2024-11-23 11:49:13,447 - Epoch  18 Test set [recall@10: 0.0217 recall@20: 0.0370 recall@40: 0.0641 ] Test set [ndcg@10: 0.0105 ndcg@20: 0.0143 ndcg@40: 0.0198 ] 
2024-11-23 11:49:13,448 - Validation score increased.  Copying the best model ...
2024-11-23 11:50:00,368 - Epoch  21 Test set [recall@10: 0.0207 recall@20: 0.0374 recall@40: 0.0629 ] Test set [ndcg@10: 0.0103 ndcg@20: 0.0145 ndcg@40: 0.0197 ] 
2024-11-23 11:50:00,368 - Early stop counter: 1 out of 5
2024-11-23 11:50:47,647 - Epoch  24 Test set [recall@10: 0.0222 recall@20: 0.0388 recall@40: 0.0649 ] Test set [ndcg@10: 0.0110 ndcg@20: 0.0152 ndcg@40: 0.0205 ] 
2024-11-23 11:50:47,648 - Validation score increased.  Copying the best model ...
2024-11-23 11:51:35,103 - Epoch  27 Test set [recall@10: 0.0221 recall@20: 0.0401 recall@40: 0.0638 ] Test set [ndcg@10: 0.0110 ndcg@20: 0.0155 ndcg@40: 0.0203 ] 
2024-11-23 11:51:35,103 - Early stop counter: 1 out of 5
2024-11-23 11:52:24,607 - Epoch  30 Test set [recall@10: 0.0235 recall@20: 0.0394 recall@40: 0.0645 ] Test set [ndcg@10: 0.0114 ndcg@20: 0.0154 ndcg@40: 0.0205 ] 
2024-11-23 11:52:24,608 - Validation score increased.  Copying the best model ...
2024-11-23 11:53:11,450 - Epoch  33 Test set [recall@10: 0.0226 recall@20: 0.0385 recall@40: 0.0638 ] Test set [ndcg@10: 0.0110 ndcg@20: 0.0150 ndcg@40: 0.0202 ] 
2024-11-23 11:53:11,451 - Early stop counter: 1 out of 5
2024-11-23 11:53:58,686 - Epoch  36 Test set [recall@10: 0.0233 recall@20: 0.0393 recall@40: 0.0648 ] Test set [ndcg@10: 0.0115 ndcg@20: 0.0155 ndcg@40: 0.0206 ] 
2024-11-23 11:53:58,686 - Early stop counter: 2 out of 5
2024-11-23 11:54:48,738 - Epoch  39 Test set [recall@10: 0.0236 recall@20: 0.0391 recall@40: 0.0650 ] Test set [ndcg@10: 0.0116 ndcg@20: 0.0154 ndcg@40: 0.0207 ] 
2024-11-23 11:54:48,739 - Validation score increased.  Copying the best model ...
2024-11-23 11:55:35,451 - Epoch  42 Test set [recall@10: 0.0233 recall@20: 0.0398 recall@40: 0.0665 ] Test set [ndcg@10: 0.0115 ndcg@20: 0.0157 ndcg@40: 0.0211 ] 
2024-11-23 11:55:35,451 - Early stop counter: 1 out of 5
2024-11-23 11:56:22,713 - Epoch  45 Test set [recall@10: 0.0232 recall@20: 0.0402 recall@40: 0.0664 ] Test set [ndcg@10: 0.0117 ndcg@20: 0.0160 ndcg@40: 0.0213 ] 
2024-11-23 11:56:22,713 - Early stop counter: 2 out of 5
2024-11-23 11:57:11,393 - Epoch  48 Test set [recall@10: 0.0238 recall@20: 0.0403 recall@40: 0.0662 ] Test set [ndcg@10: 0.0117 ndcg@20: 0.0158 ndcg@40: 0.0211 ] 
2024-11-23 11:57:11,394 - Validation score increased.  Copying the best model ...
2024-11-23 11:58:04,450 - Epoch  51 Test set [recall@10: 0.0245 recall@20: 0.0413 recall@40: 0.0676 ] Test set [ndcg@10: 0.0124 ndcg@20: 0.0166 ndcg@40: 0.0220 ] 
2024-11-23 11:58:04,451 - Validation score increased.  Copying the best model ...
2024-11-23 11:58:53,252 - Epoch  54 Test set [recall@10: 0.0253 recall@20: 0.0415 recall@40: 0.0685 ] Test set [ndcg@10: 0.0124 ndcg@20: 0.0165 ndcg@40: 0.0220 ] 
2024-11-23 11:58:53,253 - Validation score increased.  Copying the best model ...
2024-11-23 11:59:40,260 - Epoch  57 Test set [recall@10: 0.0256 recall@20: 0.0419 recall@40: 0.0690 ] Test set [ndcg@10: 0.0128 ndcg@20: 0.0169 ndcg@40: 0.0224 ] 
2024-11-23 11:59:40,261 - Validation score increased.  Copying the best model ...
2024-11-23 12:00:27,069 - Epoch  60 Test set [recall@10: 0.0256 recall@20: 0.0430 recall@40: 0.0692 ] Test set [ndcg@10: 0.0130 ndcg@20: 0.0174 ndcg@40: 0.0227 ] 
2024-11-23 12:00:27,069 - Early stop counter: 1 out of 5
2024-11-23 12:01:14,018 - Epoch  63 Test set [recall@10: 0.0261 recall@20: 0.0428 recall@40: 0.0690 ] Test set [ndcg@10: 0.0134 ndcg@20: 0.0176 ndcg@40: 0.0229 ] 
2024-11-23 12:01:14,019 - Validation score increased.  Copying the best model ...
2024-11-23 12:02:03,784 - Epoch  66 Test set [recall@10: 0.0265 recall@20: 0.0437 recall@40: 0.0709 ] Test set [ndcg@10: 0.0137 ndcg@20: 0.0180 ndcg@40: 0.0235 ] 
2024-11-23 12:02:03,786 - Validation score increased.  Copying the best model ...
2024-11-23 12:02:50,965 - Epoch  69 Test set [recall@10: 0.0260 recall@20: 0.0441 recall@40: 0.0714 ] Test set [ndcg@10: 0.0133 ndcg@20: 0.0178 ndcg@40: 0.0234 ] 
2024-11-23 12:02:50,965 - Early stop counter: 1 out of 5
2024-11-23 12:03:37,933 - Epoch  72 Test set [recall@10: 0.0267 recall@20: 0.0433 recall@40: 0.0698 ] Test set [ndcg@10: 0.0135 ndcg@20: 0.0177 ndcg@40: 0.0231 ] 
2024-11-23 12:03:37,934 - Validation score increased.  Copying the best model ...
2024-11-23 12:04:28,148 - Epoch  75 Test set [recall@10: 0.0265 recall@20: 0.0444 recall@40: 0.0729 ] Test set [ndcg@10: 0.0132 ndcg@20: 0.0177 ndcg@40: 0.0235 ] 
2024-11-23 12:04:28,149 - Early stop counter: 1 out of 5
2024-11-23 12:05:14,938 - Epoch  78 Test set [recall@10: 0.0272 recall@20: 0.0451 recall@40: 0.0721 ] Test set [ndcg@10: 0.0138 ndcg@20: 0.0183 ndcg@40: 0.0237 ] 
2024-11-23 12:05:14,939 - Validation score increased.  Copying the best model ...
2024-11-23 12:06:01,978 - Epoch  81 Test set [recall@10: 0.0265 recall@20: 0.0440 recall@40: 0.0719 ] Test set [ndcg@10: 0.0135 ndcg@20: 0.0179 ndcg@40: 0.0236 ] 
2024-11-23 12:06:01,978 - Early stop counter: 1 out of 5
2024-11-23 12:06:50,778 - Epoch  84 Test set [recall@10: 0.0271 recall@20: 0.0440 recall@40: 0.0715 ] Test set [ndcg@10: 0.0140 ndcg@20: 0.0182 ndcg@40: 0.0238 ] 
2024-11-23 12:06:50,778 - Early stop counter: 2 out of 5
2024-11-23 12:07:37,651 - Epoch  87 Test set [recall@10: 0.0272 recall@20: 0.0455 recall@40: 0.0718 ] Test set [ndcg@10: 0.0141 ndcg@20: 0.0187 ndcg@40: 0.0240 ] 
2024-11-23 12:07:37,651 - Early stop counter: 3 out of 5
2024-11-23 12:08:24,610 - Epoch  90 Test set [recall@10: 0.0274 recall@20: 0.0444 recall@40: 0.0723 ] Test set [ndcg@10: 0.0137 ndcg@20: 0.0179 ndcg@40: 0.0236 ] 
2024-11-23 12:08:24,611 - Validation score increased.  Copying the best model ...
2024-11-23 12:09:11,432 - Epoch  93 Test set [recall@10: 0.0272 recall@20: 0.0439 recall@40: 0.0723 ] Test set [ndcg@10: 0.0135 ndcg@20: 0.0178 ndcg@40: 0.0235 ] 
2024-11-23 12:09:11,433 - Early stop counter: 1 out of 5
2024-11-23 12:10:01,001 - Epoch  96 Test set [recall@10: 0.0283 recall@20: 0.0462 recall@40: 0.0735 ] Test set [ndcg@10: 0.0145 ndcg@20: 0.0190 ndcg@40: 0.0245 ] 
2024-11-23 12:10:01,002 - Validation score increased.  Copying the best model ...
2024-11-23 12:10:47,756 - Epoch  99 Test set [recall@10: 0.0286 recall@20: 0.0462 recall@40: 0.0741 ] Test set [ndcg@10: 0.0145 ndcg@20: 0.0189 ndcg@40: 0.0246 ] 
2024-11-23 12:10:47,757 - Validation score increased.  Copying the best model ...
2024-11-23 12:11:34,552 - Epoch 102 Test set [recall@10: 0.0281 recall@20: 0.0454 recall@40: 0.0723 ] Test set [ndcg@10: 0.0143 ndcg@20: 0.0186 ndcg@40: 0.0241 ] 
2024-11-23 12:11:34,552 - Early stop counter: 1 out of 5
2024-11-23 12:12:24,248 - Epoch 105 Test set [recall@10: 0.0281 recall@20: 0.0464 recall@40: 0.0724 ] Test set [ndcg@10: 0.0143 ndcg@20: 0.0188 ndcg@40: 0.0241 ] 
2024-11-23 12:12:24,248 - Early stop counter: 2 out of 5
2024-11-23 12:13:10,536 - Epoch 108 Test set [recall@10: 0.0287 recall@20: 0.0450 recall@40: 0.0715 ] Test set [ndcg@10: 0.0146 ndcg@20: 0.0187 ndcg@40: 0.0240 ] 
2024-11-23 12:13:10,537 - Validation score increased.  Copying the best model ...
2024-11-23 12:13:57,475 - Epoch 111 Test set [recall@10: 0.0278 recall@20: 0.0456 recall@40: 0.0735 ] Test set [ndcg@10: 0.0142 ndcg@20: 0.0186 ndcg@40: 0.0243 ] 
2024-11-23 12:13:57,475 - Early stop counter: 1 out of 5
2024-11-23 12:14:45,147 - Epoch 114 Test set [recall@10: 0.0289 recall@20: 0.0454 recall@40: 0.0733 ] Test set [ndcg@10: 0.0147 ndcg@20: 0.0189 ndcg@40: 0.0245 ] 
2024-11-23 12:14:45,149 - Validation score increased.  Copying the best model ...
2024-11-23 12:15:32,856 - Epoch 117 Test set [recall@10: 0.0278 recall@20: 0.0446 recall@40: 0.0727 ] Test set [ndcg@10: 0.0138 ndcg@20: 0.0180 ndcg@40: 0.0237 ] 
2024-11-23 12:15:32,857 - Early stop counter: 1 out of 5
2024-11-23 12:16:19,408 - Epoch 120 Test set [recall@10: 0.0281 recall@20: 0.0458 recall@40: 0.0727 ] Test set [ndcg@10: 0.0146 ndcg@20: 0.0190 ndcg@40: 0.0245 ] 
2024-11-23 12:16:19,408 - Early stop counter: 2 out of 5
2024-11-23 12:17:06,037 - Epoch 123 Test set [recall@10: 0.0284 recall@20: 0.0441 recall@40: 0.0719 ] Test set [ndcg@10: 0.0143 ndcg@20: 0.0182 ndcg@40: 0.0239 ] 
2024-11-23 12:17:06,037 - Early stop counter: 3 out of 5
2024-11-23 12:17:55,762 - Epoch 126 Test set [recall@10: 0.0272 recall@20: 0.0446 recall@40: 0.0725 ] Test set [ndcg@10: 0.0140 ndcg@20: 0.0184 ndcg@40: 0.0241 ] 
2024-11-23 12:17:55,762 - Early stop counter: 4 out of 5
2024-11-23 12:18:43,021 - Epoch 129 Test set [recall@10: 0.0269 recall@20: 0.0443 recall@40: 0.0724 ] Test set [ndcg@10: 0.0135 ndcg@20: 0.0179 ndcg@40: 0.0236 ] 
2024-11-23 12:18:43,022 - Early stop counter: 5 out of 5
2024-11-23 12:18:43,022 - Best Epoch 114
2024-11-23 12:18:57,114 - Test set [recall@10: 0.0289 recall@20: 0.0454 recall@40: 0.0733 ] Test set [ndcg@10: 0.0147 ndcg@20: 0.0189 ndcg@40: 0.0245 ] 
2024-11-23 12:19:11,236 - Test set [recall@10: 0.0289 recall@20: 0.0454 recall@40: 0.0733 ] Test set [ndcg@10: 0.0147 ndcg@20: 0.0189 ndcg@40: 0.0245 ] 
2024-11-23 12:19:11,306 - hyperparameter: {'layer_num': 3, 'reg_weight': 0.01, 'ss_rate': 0.001}
2024-11-23 12:19:36,644 - Epoch   0 Test set [recall@10: 0.0161 recall@20: 0.0286 recall@40: 0.0495 ] Test set [ndcg@10: 0.0081 ndcg@20: 0.0112 ndcg@40: 0.0154 ] 
2024-11-23 12:19:36,645 - Validation score increased.  Copying the best model ...
2024-11-23 12:20:25,821 - Epoch   3 Test set [recall@10: 0.0150 recall@20: 0.0269 recall@40: 0.0455 ] Test set [ndcg@10: 0.0071 ndcg@20: 0.0101 ndcg@40: 0.0139 ] 
2024-11-23 12:20:25,821 - Early stop counter: 1 out of 5
2024-11-23 12:21:12,969 - Epoch   6 Test set [recall@10: 0.0157 recall@20: 0.0277 recall@40: 0.0480 ] Test set [ndcg@10: 0.0074 ndcg@20: 0.0104 ndcg@40: 0.0145 ] 
2024-11-23 12:21:12,969 - Early stop counter: 2 out of 5
2024-11-23 12:21:59,675 - Epoch   9 Test set [recall@10: 0.0167 recall@20: 0.0296 recall@40: 0.0506 ] Test set [ndcg@10: 0.0082 ndcg@20: 0.0115 ndcg@40: 0.0157 ] 
2024-11-23 12:21:59,676 - Validation score increased.  Copying the best model ...
2024-11-23 12:22:47,873 - Epoch  12 Test set [recall@10: 0.0167 recall@20: 0.0294 recall@40: 0.0501 ] Test set [ndcg@10: 0.0080 ndcg@20: 0.0112 ndcg@40: 0.0154 ] 
2024-11-23 12:22:47,875 - Validation score increased.  Copying the best model ...
2024-11-23 12:23:34,644 - Epoch  15 Test set [recall@10: 0.0168 recall@20: 0.0302 recall@40: 0.0522 ] Test set [ndcg@10: 0.0083 ndcg@20: 0.0117 ndcg@40: 0.0162 ] 
2024-11-23 12:23:34,645 - Validation score increased.  Copying the best model ...
2024-11-23 12:24:21,466 - Epoch  18 Test set [recall@10: 0.0176 recall@20: 0.0314 recall@40: 0.0538 ] Test set [ndcg@10: 0.0084 ndcg@20: 0.0118 ndcg@40: 0.0164 ] 
2024-11-23 12:24:21,467 - Validation score increased.  Copying the best model ...
2024-11-23 12:25:08,178 - Epoch  21 Test set [recall@10: 0.0179 recall@20: 0.0314 recall@40: 0.0539 ] Test set [ndcg@10: 0.0088 ndcg@20: 0.0121 ndcg@40: 0.0167 ] 
2024-11-23 12:25:08,179 - Validation score increased.  Copying the best model ...
2024-11-23 12:25:58,079 - Epoch  24 Test set [recall@10: 0.0186 recall@20: 0.0323 recall@40: 0.0548 ] Test set [ndcg@10: 0.0091 ndcg@20: 0.0125 ndcg@40: 0.0171 ] 
2024-11-23 12:25:58,080 - Validation score increased.  Copying the best model ...
2024-11-23 12:26:45,081 - Epoch  27 Test set [recall@10: 0.0198 recall@20: 0.0332 recall@40: 0.0563 ] Test set [ndcg@10: 0.0097 ndcg@20: 0.0130 ndcg@40: 0.0177 ] 
2024-11-23 12:26:45,082 - Validation score increased.  Copying the best model ...
2024-11-23 12:27:31,916 - Epoch  30 Test set [recall@10: 0.0189 recall@20: 0.0339 recall@40: 0.0561 ] Test set [ndcg@10: 0.0092 ndcg@20: 0.0130 ndcg@40: 0.0175 ] 
2024-11-23 12:27:31,916 - Early stop counter: 1 out of 5
2024-11-23 12:28:21,619 - Epoch  33 Test set [recall@10: 0.0185 recall@20: 0.0324 recall@40: 0.0539 ] Test set [ndcg@10: 0.0092 ndcg@20: 0.0127 ndcg@40: 0.0171 ] 
2024-11-23 12:28:21,619 - Early stop counter: 2 out of 5
2024-11-23 12:29:08,783 - Epoch  36 Test set [recall@10: 0.0191 recall@20: 0.0327 recall@40: 0.0534 ] Test set [ndcg@10: 0.0094 ndcg@20: 0.0128 ndcg@40: 0.0170 ] 
2024-11-23 12:29:08,783 - Early stop counter: 3 out of 5
2024-11-23 12:29:55,513 - Epoch  39 Test set [recall@10: 0.0191 recall@20: 0.0321 recall@40: 0.0551 ] Test set [ndcg@10: 0.0092 ndcg@20: 0.0125 ndcg@40: 0.0172 ] 
2024-11-23 12:29:55,513 - Early stop counter: 4 out of 5
2024-11-23 12:30:44,798 - Epoch  42 Test set [recall@10: 0.0184 recall@20: 0.0315 recall@40: 0.0536 ] Test set [ndcg@10: 0.0090 ndcg@20: 0.0122 ndcg@40: 0.0167 ] 
2024-11-23 12:30:44,798 - Early stop counter: 5 out of 5
2024-11-23 12:30:44,798 - Best Epoch 27
2024-11-23 12:30:58,582 - Test set [recall@10: 0.0198 recall@20: 0.0332 recall@40: 0.0563 ] Test set [ndcg@10: 0.0097 ndcg@20: 0.0130 ndcg@40: 0.0177 ] 
2024-11-23 12:31:12,365 - Test set [recall@10: 0.0198 recall@20: 0.0332 recall@40: 0.0563 ] Test set [ndcg@10: 0.0097 ndcg@20: 0.0130 ndcg@40: 0.0177 ] 
2024-11-23 12:31:12,425 - hyperparameter: {'layer_num': 3, 'reg_weight': 0.001, 'ss_rate': 0.01}
2024-11-23 12:31:37,248 - Epoch   0 Test set [recall@10: 0.0180 recall@20: 0.0318 recall@40: 0.0543 ] Test set [ndcg@10: 0.0088 ndcg@20: 0.0122 ndcg@40: 0.0168 ] 
2024-11-23 12:31:37,249 - Validation score increased.  Copying the best model ...
2024-11-23 12:32:24,482 - Epoch   3 Test set [recall@10: 0.0194 recall@20: 0.0333 recall@40: 0.0559 ] Test set [ndcg@10: 0.0092 ndcg@20: 0.0127 ndcg@40: 0.0173 ] 
2024-11-23 12:32:24,483 - Validation score increased.  Copying the best model ...
2024-11-23 12:33:11,779 - Epoch   6 Test set [recall@10: 0.0197 recall@20: 0.0346 recall@40: 0.0589 ] Test set [ndcg@10: 0.0095 ndcg@20: 0.0133 ndcg@40: 0.0182 ] 
2024-11-23 12:33:11,780 - Validation score increased.  Copying the best model ...
2024-11-23 12:34:00,823 - Epoch   9 Test set [recall@10: 0.0210 recall@20: 0.0365 recall@40: 0.0615 ] Test set [ndcg@10: 0.0102 ndcg@20: 0.0140 ndcg@40: 0.0191 ] 
2024-11-23 12:34:00,824 - Validation score increased.  Copying the best model ...
2024-11-23 12:34:47,830 - Epoch  12 Test set [recall@10: 0.0199 recall@20: 0.0350 recall@40: 0.0591 ] Test set [ndcg@10: 0.0097 ndcg@20: 0.0135 ndcg@40: 0.0184 ] 
2024-11-23 12:34:47,830 - Early stop counter: 1 out of 5
2024-11-23 12:35:34,654 - Epoch  15 Test set [recall@10: 0.0212 recall@20: 0.0360 recall@40: 0.0621 ] Test set [ndcg@10: 0.0102 ndcg@20: 0.0139 ndcg@40: 0.0192 ] 
2024-11-23 12:35:34,655 - Validation score increased.  Copying the best model ...
2024-11-23 12:36:23,973 - Epoch  18 Test set [recall@10: 0.0221 recall@20: 0.0376 recall@40: 0.0644 ] Test set [ndcg@10: 0.0108 ndcg@20: 0.0147 ndcg@40: 0.0201 ] 
2024-11-23 12:36:23,974 - Validation score increased.  Copying the best model ...
2024-11-23 12:37:10,832 - Epoch  21 Test set [recall@10: 0.0215 recall@20: 0.0373 recall@40: 0.0630 ] Test set [ndcg@10: 0.0106 ndcg@20: 0.0146 ndcg@40: 0.0198 ] 
2024-11-23 12:37:10,832 - Early stop counter: 1 out of 5
2024-11-23 12:37:57,663 - Epoch  24 Test set [recall@10: 0.0229 recall@20: 0.0393 recall@40: 0.0660 ] Test set [ndcg@10: 0.0111 ndcg@20: 0.0152 ndcg@40: 0.0207 ] 
2024-11-23 12:37:57,665 - Validation score increased.  Copying the best model ...
2024-11-23 12:38:48,097 - Epoch  27 Test set [recall@10: 0.0231 recall@20: 0.0402 recall@40: 0.0652 ] Test set [ndcg@10: 0.0114 ndcg@20: 0.0157 ndcg@40: 0.0208 ] 
2024-11-23 12:38:48,098 - Validation score increased.  Copying the best model ...
2024-11-23 12:39:34,741 - Epoch  30 Test set [recall@10: 0.0237 recall@20: 0.0411 recall@40: 0.0662 ] Test set [ndcg@10: 0.0117 ndcg@20: 0.0160 ndcg@40: 0.0211 ] 
2024-11-23 12:39:34,743 - Validation score increased.  Copying the best model ...
2024-11-23 12:40:21,663 - Epoch  33 Test set [recall@10: 0.0229 recall@20: 0.0389 recall@40: 0.0653 ] Test set [ndcg@10: 0.0114 ndcg@20: 0.0154 ndcg@40: 0.0208 ] 
2024-11-23 12:40:21,663 - Early stop counter: 1 out of 5
2024-11-23 12:41:08,831 - Epoch  36 Test set [recall@10: 0.0240 recall@20: 0.0397 recall@40: 0.0657 ] Test set [ndcg@10: 0.0117 ndcg@20: 0.0157 ndcg@40: 0.0210 ] 
2024-11-23 12:41:08,832 - Validation score increased.  Copying the best model ...
2024-11-23 12:41:57,934 - Epoch  39 Test set [recall@10: 0.0236 recall@20: 0.0407 recall@40: 0.0671 ] Test set [ndcg@10: 0.0116 ndcg@20: 0.0159 ndcg@40: 0.0212 ] 
2024-11-23 12:41:57,934 - Early stop counter: 1 out of 5
2024-11-23 12:42:44,457 - Epoch  42 Test set [recall@10: 0.0239 recall@20: 0.0413 recall@40: 0.0682 ] Test set [ndcg@10: 0.0118 ndcg@20: 0.0162 ndcg@40: 0.0216 ] 
2024-11-23 12:42:44,457 - Early stop counter: 2 out of 5
2024-11-23 12:43:30,949 - Epoch  45 Test set [recall@10: 0.0242 recall@20: 0.0412 recall@40: 0.0689 ] Test set [ndcg@10: 0.0121 ndcg@20: 0.0164 ndcg@40: 0.0220 ] 
2024-11-23 12:43:30,950 - Validation score increased.  Copying the best model ...
2024-11-23 12:44:20,729 - Epoch  48 Test set [recall@10: 0.0242 recall@20: 0.0420 recall@40: 0.0678 ] Test set [ndcg@10: 0.0120 ndcg@20: 0.0164 ndcg@40: 0.0217 ] 
2024-11-23 12:44:20,730 - Validation score increased.  Copying the best model ...
2024-11-23 12:45:07,298 - Epoch  51 Test set [recall@10: 0.0253 recall@20: 0.0412 recall@40: 0.0689 ] Test set [ndcg@10: 0.0127 ndcg@20: 0.0167 ndcg@40: 0.0223 ] 
2024-11-23 12:45:07,299 - Validation score increased.  Copying the best model ...
2024-11-23 12:45:53,739 - Epoch  54 Test set [recall@10: 0.0261 recall@20: 0.0437 recall@40: 0.0701 ] Test set [ndcg@10: 0.0130 ndcg@20: 0.0174 ndcg@40: 0.0228 ] 
2024-11-23 12:45:53,740 - Validation score increased.  Copying the best model ...
2024-11-23 12:46:42,841 - Epoch  57 Test set [recall@10: 0.0251 recall@20: 0.0428 recall@40: 0.0699 ] Test set [ndcg@10: 0.0127 ndcg@20: 0.0171 ndcg@40: 0.0226 ] 
2024-11-23 12:46:42,842 - Early stop counter: 1 out of 5
2024-11-23 12:47:29,565 - Epoch  60 Test set [recall@10: 0.0261 recall@20: 0.0440 recall@40: 0.0707 ] Test set [ndcg@10: 0.0131 ndcg@20: 0.0176 ndcg@40: 0.0230 ] 
2024-11-23 12:47:29,565 - Early stop counter: 2 out of 5
2024-11-23 12:48:16,223 - Epoch  63 Test set [recall@10: 0.0263 recall@20: 0.0432 recall@40: 0.0700 ] Test set [ndcg@10: 0.0134 ndcg@20: 0.0177 ndcg@40: 0.0231 ] 
2024-11-23 12:48:16,224 - Validation score increased.  Copying the best model ...
2024-11-23 12:49:03,116 - Epoch  66 Test set [recall@10: 0.0266 recall@20: 0.0434 recall@40: 0.0715 ] Test set [ndcg@10: 0.0138 ndcg@20: 0.0180 ndcg@40: 0.0237 ] 
2024-11-23 12:49:03,117 - Validation score increased.  Copying the best model ...
2024-11-23 12:49:52,969 - Epoch  69 Test set [recall@10: 0.0275 recall@20: 0.0448 recall@40: 0.0714 ] Test set [ndcg@10: 0.0141 ndcg@20: 0.0184 ndcg@40: 0.0238 ] 
2024-11-23 12:49:52,970 - Validation score increased.  Copying the best model ...
2024-11-23 12:50:40,122 - Epoch  72 Test set [recall@10: 0.0271 recall@20: 0.0436 recall@40: 0.0713 ] Test set [ndcg@10: 0.0136 ndcg@20: 0.0178 ndcg@40: 0.0234 ] 
2024-11-23 12:50:40,122 - Early stop counter: 1 out of 5
2024-11-23 12:51:26,807 - Epoch  75 Test set [recall@10: 0.0274 recall@20: 0.0452 recall@40: 0.0717 ] Test set [ndcg@10: 0.0136 ndcg@20: 0.0180 ndcg@40: 0.0234 ] 
2024-11-23 12:51:26,807 - Early stop counter: 2 out of 5
2024-11-23 12:52:16,139 - Epoch  78 Test set [recall@10: 0.0275 recall@20: 0.0461 recall@40: 0.0732 ] Test set [ndcg@10: 0.0141 ndcg@20: 0.0188 ndcg@40: 0.0243 ] 
2024-11-23 12:52:16,140 - Early stop counter: 3 out of 5
2024-11-23 12:53:02,820 - Epoch  81 Test set [recall@10: 0.0274 recall@20: 0.0454 recall@40: 0.0732 ] Test set [ndcg@10: 0.0140 ndcg@20: 0.0185 ndcg@40: 0.0242 ] 
2024-11-23 12:53:02,820 - Early stop counter: 4 out of 5
2024-11-23 12:53:49,335 - Epoch  84 Test set [recall@10: 0.0278 recall@20: 0.0463 recall@40: 0.0735 ] Test set [ndcg@10: 0.0141 ndcg@20: 0.0188 ndcg@40: 0.0243 ] 
2024-11-23 12:53:49,336 - Validation score increased.  Copying the best model ...
2024-11-23 12:54:37,297 - Epoch  87 Test set [recall@10: 0.0275 recall@20: 0.0452 recall@40: 0.0727 ] Test set [ndcg@10: 0.0138 ndcg@20: 0.0183 ndcg@40: 0.0239 ] 
2024-11-23 12:54:37,297 - Early stop counter: 1 out of 5
2024-11-23 12:55:24,239 - Epoch  90 Test set [recall@10: 0.0275 recall@20: 0.0451 recall@40: 0.0732 ] Test set [ndcg@10: 0.0135 ndcg@20: 0.0179 ndcg@40: 0.0237 ] 
2024-11-23 12:55:24,239 - Early stop counter: 2 out of 5
2024-11-23 12:56:11,171 - Epoch  93 Test set [recall@10: 0.0271 recall@20: 0.0452 recall@40: 0.0731 ] Test set [ndcg@10: 0.0136 ndcg@20: 0.0182 ndcg@40: 0.0238 ] 
2024-11-23 12:56:11,171 - Early stop counter: 3 out of 5
2024-11-23 12:56:58,222 - Epoch  96 Test set [recall@10: 0.0277 recall@20: 0.0455 recall@40: 0.0745 ] Test set [ndcg@10: 0.0142 ndcg@20: 0.0186 ndcg@40: 0.0245 ] 
2024-11-23 12:56:58,223 - Early stop counter: 4 out of 5
2024-11-23 12:57:48,191 - Epoch  99 Test set [recall@10: 0.0283 recall@20: 0.0464 recall@40: 0.0752 ] Test set [ndcg@10: 0.0143 ndcg@20: 0.0189 ndcg@40: 0.0247 ] 
2024-11-23 12:57:48,192 - Validation score increased.  Copying the best model ...
2024-11-23 12:58:35,119 - Epoch 102 Test set [recall@10: 0.0282 recall@20: 0.0462 recall@40: 0.0741 ] Test set [ndcg@10: 0.0143 ndcg@20: 0.0188 ndcg@40: 0.0245 ] 
2024-11-23 12:58:35,119 - Early stop counter: 1 out of 5
2024-11-23 12:59:21,577 - Epoch 105 Test set [recall@10: 0.0281 recall@20: 0.0464 recall@40: 0.0748 ] Test set [ndcg@10: 0.0142 ndcg@20: 0.0188 ndcg@40: 0.0246 ] 
2024-11-23 12:59:21,578 - Early stop counter: 2 out of 5
2024-11-23 13:00:12,002 - Epoch 108 Test set [recall@10: 0.0280 recall@20: 0.0458 recall@40: 0.0731 ] Test set [ndcg@10: 0.0141 ndcg@20: 0.0186 ndcg@40: 0.0241 ] 
2024-11-23 13:00:12,002 - Early stop counter: 3 out of 5
2024-11-23 13:00:59,983 - Epoch 111 Test set [recall@10: 0.0278 recall@20: 0.0462 recall@40: 0.0737 ] Test set [ndcg@10: 0.0141 ndcg@20: 0.0187 ndcg@40: 0.0243 ] 
2024-11-23 13:00:59,984 - Early stop counter: 4 out of 5
2024-11-23 13:01:47,018 - Epoch 114 Test set [recall@10: 0.0278 recall@20: 0.0454 recall@40: 0.0742 ] Test set [ndcg@10: 0.0142 ndcg@20: 0.0186 ndcg@40: 0.0244 ] 
2024-11-23 13:01:47,019 - Early stop counter: 5 out of 5
2024-11-23 13:01:47,019 - Best Epoch 99
2024-11-23 13:02:01,266 - Test set [recall@10: 0.0283 recall@20: 0.0464 recall@40: 0.0752 ] Test set [ndcg@10: 0.0143 ndcg@20: 0.0189 ndcg@40: 0.0247 ] 
2024-11-23 13:02:15,579 - Test set [recall@10: 0.0283 recall@20: 0.0464 recall@40: 0.0752 ] Test set [ndcg@10: 0.0143 ndcg@20: 0.0189 ndcg@40: 0.0247 ] 
2024-11-23 13:02:15,651 - hyperparameter: {'layer_num': 3, 'reg_weight': 0.001, 'ss_rate': 0.001}
2024-11-23 13:02:43,291 - Epoch   0 Test set [recall@10: 0.0161 recall@20: 0.0286 recall@40: 0.0496 ] Test set [ndcg@10: 0.0081 ndcg@20: 0.0112 ndcg@40: 0.0155 ] 
2024-11-23 13:02:43,292 - Validation score increased.  Copying the best model ...
2024-11-23 13:03:35,595 - Epoch   3 Test set [recall@10: 0.0148 recall@20: 0.0269 recall@40: 0.0462 ] Test set [ndcg@10: 0.0071 ndcg@20: 0.0101 ndcg@40: 0.0141 ] 
2024-11-23 13:03:35,596 - Early stop counter: 1 out of 5
2024-11-23 13:04:25,383 - Epoch   6 Test set [recall@10: 0.0155 recall@20: 0.0276 recall@40: 0.0481 ] Test set [ndcg@10: 0.0073 ndcg@20: 0.0104 ndcg@40: 0.0145 ] 
2024-11-23 13:04:25,383 - Early stop counter: 2 out of 5
2024-11-23 13:05:12,919 - Epoch   9 Test set [recall@10: 0.0167 recall@20: 0.0298 recall@40: 0.0508 ] Test set [ndcg@10: 0.0081 ndcg@20: 0.0114 ndcg@40: 0.0157 ] 
2024-11-23 13:05:12,920 - Validation score increased.  Copying the best model ...
2024-11-23 13:06:00,119 - Epoch  12 Test set [recall@10: 0.0170 recall@20: 0.0295 recall@40: 0.0502 ] Test set [ndcg@10: 0.0082 ndcg@20: 0.0113 ndcg@40: 0.0155 ] 
2024-11-23 13:06:00,120 - Validation score increased.  Copying the best model ...
2024-11-23 13:06:49,172 - Epoch  15 Test set [recall@10: 0.0170 recall@20: 0.0302 recall@40: 0.0525 ] Test set [ndcg@10: 0.0084 ndcg@20: 0.0117 ndcg@40: 0.0163 ] 
2024-11-23 13:06:49,172 - Early stop counter: 1 out of 5
2024-11-23 13:07:38,019 - Epoch  18 Test set [recall@10: 0.0177 recall@20: 0.0318 recall@40: 0.0535 ] Test set [ndcg@10: 0.0085 ndcg@20: 0.0120 ndcg@40: 0.0164 ] 
2024-11-23 13:07:38,020 - Validation score increased.  Copying the best model ...
2024-11-23 13:08:25,204 - Epoch  21 Test set [recall@10: 0.0183 recall@20: 0.0321 recall@40: 0.0560 ] Test set [ndcg@10: 0.0089 ndcg@20: 0.0124 ndcg@40: 0.0172 ] 
2024-11-23 13:08:25,205 - Validation score increased.  Copying the best model ...
2024-11-23 13:09:12,106 - Epoch  24 Test set [recall@10: 0.0194 recall@20: 0.0334 recall@40: 0.0561 ] Test set [ndcg@10: 0.0094 ndcg@20: 0.0129 ndcg@40: 0.0175 ] 
2024-11-23 13:09:12,107 - Validation score increased.  Copying the best model ...
2024-11-23 13:10:02,297 - Epoch  27 Test set [recall@10: 0.0198 recall@20: 0.0333 recall@40: 0.0577 ] Test set [ndcg@10: 0.0098 ndcg@20: 0.0131 ndcg@40: 0.0181 ] 
2024-11-23 13:10:02,298 - Validation score increased.  Copying the best model ...
2024-11-23 13:10:49,456 - Epoch  30 Test set [recall@10: 0.0202 recall@20: 0.0353 recall@40: 0.0585 ] Test set [ndcg@10: 0.0098 ndcg@20: 0.0136 ndcg@40: 0.0183 ] 
2024-11-23 13:10:49,457 - Validation score increased.  Copying the best model ...
2024-11-23 13:11:36,599 - Epoch  33 Test set [recall@10: 0.0199 recall@20: 0.0334 recall@40: 0.0561 ] Test set [ndcg@10: 0.0099 ndcg@20: 0.0132 ndcg@40: 0.0179 ] 
2024-11-23 13:11:36,599 - Early stop counter: 1 out of 5
2024-11-23 13:12:26,799 - Epoch  36 Test set [recall@10: 0.0201 recall@20: 0.0343 recall@40: 0.0562 ] Test set [ndcg@10: 0.0100 ndcg@20: 0.0135 ndcg@40: 0.0180 ] 
2024-11-23 13:12:26,800 - Early stop counter: 2 out of 5
2024-11-23 13:13:14,014 - Epoch  39 Test set [recall@10: 0.0198 recall@20: 0.0343 recall@40: 0.0581 ] Test set [ndcg@10: 0.0097 ndcg@20: 0.0134 ndcg@40: 0.0182 ] 
2024-11-23 13:13:14,014 - Early stop counter: 3 out of 5
2024-11-23 13:14:01,368 - Epoch  42 Test set [recall@10: 0.0194 recall@20: 0.0330 recall@40: 0.0563 ] Test set [ndcg@10: 0.0097 ndcg@20: 0.0131 ndcg@40: 0.0178 ] 
2024-11-23 13:14:01,368 - Early stop counter: 4 out of 5
2024-11-23 13:14:50,057 - Epoch  45 Test set [recall@10: 0.0207 recall@20: 0.0344 recall@40: 0.0585 ] Test set [ndcg@10: 0.0104 ndcg@20: 0.0138 ndcg@40: 0.0187 ] 
2024-11-23 13:14:50,058 - Validation score increased.  Copying the best model ...
2024-11-23 13:15:37,425 - Epoch  48 Test set [recall@10: 0.0200 recall@20: 0.0339 recall@40: 0.0567 ] Test set [ndcg@10: 0.0100 ndcg@20: 0.0134 ndcg@40: 0.0181 ] 
2024-11-23 13:15:37,425 - Early stop counter: 1 out of 5
2024-11-23 13:16:24,712 - Epoch  51 Test set [recall@10: 0.0207 recall@20: 0.0353 recall@40: 0.0571 ] Test set [ndcg@10: 0.0103 ndcg@20: 0.0139 ndcg@40: 0.0183 ] 
2024-11-23 13:16:24,713 - Validation score increased.  Copying the best model ...
2024-11-23 13:17:11,862 - Epoch  54 Test set [recall@10: 0.0209 recall@20: 0.0347 recall@40: 0.0585 ] Test set [ndcg@10: 0.0102 ndcg@20: 0.0137 ndcg@40: 0.0185 ] 
2024-11-23 13:17:11,863 - Validation score increased.  Copying the best model ...
2024-11-23 13:18:02,526 - Epoch  57 Test set [recall@10: 0.0205 recall@20: 0.0348 recall@40: 0.0577 ] Test set [ndcg@10: 0.0101 ndcg@20: 0.0137 ndcg@40: 0.0183 ] 
2024-11-23 13:18:02,526 - Early stop counter: 1 out of 5
2024-11-23 13:18:49,896 - Epoch  60 Test set [recall@10: 0.0206 recall@20: 0.0347 recall@40: 0.0566 ] Test set [ndcg@10: 0.0103 ndcg@20: 0.0138 ndcg@40: 0.0182 ] 
2024-11-23 13:18:49,896 - Early stop counter: 2 out of 5
2024-11-23 13:19:37,042 - Epoch  63 Test set [recall@10: 0.0203 recall@20: 0.0336 recall@40: 0.0560 ] Test set [ndcg@10: 0.0101 ndcg@20: 0.0135 ndcg@40: 0.0180 ] 
2024-11-23 13:19:37,042 - Early stop counter: 3 out of 5
2024-11-23 13:20:27,027 - Epoch  66 Test set [recall@10: 0.0204 recall@20: 0.0338 recall@40: 0.0571 ] Test set [ndcg@10: 0.0103 ndcg@20: 0.0136 ndcg@40: 0.0184 ] 
2024-11-23 13:20:27,028 - Early stop counter: 4 out of 5
2024-11-23 13:21:14,424 - Epoch  69 Test set [recall@10: 0.0200 recall@20: 0.0353 recall@40: 0.0593 ] Test set [ndcg@10: 0.0102 ndcg@20: 0.0141 ndcg@40: 0.0189 ] 
2024-11-23 13:21:14,424 - Early stop counter: 5 out of 5
2024-11-23 13:21:14,424 - Best Epoch 54
2024-11-23 13:21:28,960 - Test set [recall@10: 0.0209 recall@20: 0.0347 recall@40: 0.0585 ] Test set [ndcg@10: 0.0102 ndcg@20: 0.0137 ndcg@40: 0.0185 ] 
2024-11-23 13:21:43,280 - Test set [recall@10: 0.0209 recall@20: 0.0347 recall@40: 0.0585 ] Test set [ndcg@10: 0.0102 ndcg@20: 0.0137 ndcg@40: 0.0185 ] 
