2024-11-30 16:07:38,080 - {'optimizer': {'name': 'adam', 'lr': 0.001, 'weight_decay': 0}, 'train': {'epoch': 500, 'batch_size': 4096, 'save_model': False, 'loss': 'pairwise', 'log_loss': False, 'test_step': 3, 'patience': 5, 'reproducible': True, 'seed': 2023, 'early_stop': True}, 'test': {'metrics': ['recall', 'ndcg'], 'k': [10, 20, 40], 'batch_size': 1024}, 'data': {'type': 'social', 'name': 'lastfm', 'user_num': 1892, 'item_num': 17632}, 'model': {'name': 'idea_reroute_lightgcn', 'layer_num': 2, 'reg_weight': 1e-08, 'embedding_size': 64, 'similarity_threshold': 0.5, 'self_gating_unit': True, 'pagerank': True, 'combine_gcn': False, 'alpha': 0.8, 'cl_weight': 1e-05, 'sigma': 20}, 'tune': {'enable': True, 'hyperparameters': ['similarity_threshold'], 'similarity_threshold': [0.0005, 0.001, 0.005, 0.01, 0.05, 0.1]}, 'device': 'cuda', 'log': True}
2024-11-30 16:07:38,081 - hyperparameter: {'similarity_threshold': 0.0005}
2024-11-30 16:07:40,968 - Epoch   0 Test set [recall@10: 0.0777 recall@20: 0.1060 recall@40: 0.1530 ] Test set [ndcg@10: 0.1002 ndcg@20: 0.1096 ndcg@40: 0.1303 ] 
2024-11-30 16:07:40,969 - Validation score increased.  Copying the best model ...
2024-11-30 16:07:45,676 - Epoch   3 Test set [recall@10: 0.0808 recall@20: 0.1167 recall@40: 0.1742 ] Test set [ndcg@10: 0.1041 ndcg@20: 0.1175 ndcg@40: 0.1427 ] 
2024-11-30 16:07:45,677 - Validation score increased.  Copying the best model ...
2024-11-30 16:07:50,628 - Epoch   6 Test set [recall@10: 0.0929 recall@20: 0.1344 recall@40: 0.1906 ] Test set [ndcg@10: 0.1168 ndcg@20: 0.1321 ndcg@40: 0.1568 ] 
2024-11-30 16:07:50,629 - Validation score increased.  Copying the best model ...
2024-11-30 16:07:52,864 - Epoch   9 Test set [recall@10: 0.1076 recall@20: 0.1532 recall@40: 0.2174 ] Test set [ndcg@10: 0.1364 ndcg@20: 0.1529 ndcg@40: 0.1810 ] 
2024-11-30 16:07:52,865 - Validation score increased.  Copying the best model ...
2024-11-30 16:07:55,739 - Epoch  12 Test set [recall@10: 0.1197 recall@20: 0.1686 recall@40: 0.2386 ] Test set [ndcg@10: 0.1520 ndcg@20: 0.1692 ndcg@40: 0.1999 ] 
2024-11-30 16:07:55,740 - Validation score increased.  Copying the best model ...
2024-11-30 16:08:00,699 - Epoch  15 Test set [recall@10: 0.1284 recall@20: 0.1820 recall@40: 0.2552 ] Test set [ndcg@10: 0.1631 ndcg@20: 0.1819 ndcg@40: 0.2143 ] 
2024-11-30 16:08:00,699 - Validation score increased.  Copying the best model ...
2024-11-30 16:08:04,949 - Epoch  18 Test set [recall@10: 0.1353 recall@20: 0.1904 recall@40: 0.2677 ] Test set [ndcg@10: 0.1719 ndcg@20: 0.1911 ndcg@40: 0.2251 ] 
2024-11-30 16:08:04,950 - Validation score increased.  Copying the best model ...
2024-11-30 16:08:09,720 - Epoch  21 Test set [recall@10: 0.1396 recall@20: 0.1981 recall@40: 0.2769 ] Test set [ndcg@10: 0.1790 ndcg@20: 0.1996 ndcg@40: 0.2342 ] 
2024-11-30 16:08:09,720 - Validation score increased.  Copying the best model ...
2024-11-30 16:08:11,968 - Epoch  24 Test set [recall@10: 0.1434 recall@20: 0.2044 recall@40: 0.2852 ] Test set [ndcg@10: 0.1837 ndcg@20: 0.2052 ndcg@40: 0.2407 ] 
2024-11-30 16:08:11,969 - Validation score increased.  Copying the best model ...
2024-11-30 16:08:14,365 - Epoch  27 Test set [recall@10: 0.1467 recall@20: 0.2087 recall@40: 0.2905 ] Test set [ndcg@10: 0.1877 ndcg@20: 0.2096 ndcg@40: 0.2456 ] 
2024-11-30 16:08:14,365 - Validation score increased.  Copying the best model ...
2024-11-30 16:08:18,700 - Epoch  30 Test set [recall@10: 0.1501 recall@20: 0.2125 recall@40: 0.2974 ] Test set [ndcg@10: 0.1922 ndcg@20: 0.2139 ndcg@40: 0.2512 ] 
2024-11-30 16:08:18,701 - Validation score increased.  Copying the best model ...
2024-11-30 16:08:23,667 - Epoch  33 Test set [recall@10: 0.1524 recall@20: 0.2154 recall@40: 0.3022 ] Test set [ndcg@10: 0.1955 ndcg@20: 0.2175 ndcg@40: 0.2558 ] 
2024-11-30 16:08:23,667 - Validation score increased.  Copying the best model ...
2024-11-30 16:08:28,426 - Epoch  36 Test set [recall@10: 0.1535 recall@20: 0.2170 recall@40: 0.3067 ] Test set [ndcg@10: 0.1970 ndcg@20: 0.2194 ndcg@40: 0.2589 ] 
2024-11-30 16:08:28,427 - Validation score increased.  Copying the best model ...
2024-11-30 16:08:31,641 - Epoch  39 Test set [recall@10: 0.1545 recall@20: 0.2203 recall@40: 0.3094 ] Test set [ndcg@10: 0.1992 ndcg@20: 0.2225 ndcg@40: 0.2618 ] 
2024-11-30 16:08:31,643 - Validation score increased.  Copying the best model ...
2024-11-30 16:08:33,841 - Epoch  42 Test set [recall@10: 0.1563 recall@20: 0.2233 recall@40: 0.3111 ] Test set [ndcg@10: 0.2015 ndcg@20: 0.2253 ndcg@40: 0.2641 ] 
2024-11-30 16:08:33,842 - Validation score increased.  Copying the best model ...
2024-11-30 16:08:37,683 - Epoch  45 Test set [recall@10: 0.1582 recall@20: 0.2252 recall@40: 0.3142 ] Test set [ndcg@10: 0.2039 ndcg@20: 0.2276 ndcg@40: 0.2669 ] 
2024-11-30 16:08:37,684 - Validation score increased.  Copying the best model ...
