2024-11-30 16:03:22,536 - {'optimizer': {'name': 'adam', 'lr': 0.001, 'weight_decay': 0}, 'train': {'epoch': 500, 'batch_size': 4096, 'save_model': False, 'loss': 'pairwise', 'log_loss': False, 'test_step': 3, 'patience': 5, 'reproducible': True, 'seed': 2023, 'early_stop': True}, 'test': {'metrics': ['recall', 'ndcg'], 'k': [10, 20, 40], 'batch_size': 1024}, 'data': {'type': 'social', 'name': 'lastfm', 'user_num': 1892, 'item_num': 17632}, 'model': {'name': 'idea_reroute_lightgcn', 'layer_num': 2, 'reg_weight': 1e-08, 'embedding_size': 64, 'similarity_threshold': 0.5, 'self_gating_unit': True, 'pagerank': True, 'combine_gcn': False, 'alpha': 0.8, 'cl_weight': 1e-05, 'sigma': 20}, 'tune': {'enable': True, 'hyperparameters': ['similarity_threshold'], 'similarity_threshold': [0.0001, 0.0005, 0.001, 0.005, 0.01, 0.05, 0.1]}, 'device': 'cuda', 'log': True}
2024-11-30 16:03:22,537 - hyperparameter: {'similarity_threshold': 0.0001}
2024-11-30 16:03:25,381 - Epoch   0 Test set [recall@10: 0.0777 recall@20: 0.1060 recall@40: 0.1530 ] Test set [ndcg@10: 0.1002 ndcg@20: 0.1096 ndcg@40: 0.1303 ] 
2024-11-30 16:03:25,382 - Validation score increased.  Copying the best model ...
2024-11-30 16:03:27,854 - Epoch   3 Test set [recall@10: 0.0808 recall@20: 0.1167 recall@40: 0.1742 ] Test set [ndcg@10: 0.1041 ndcg@20: 0.1175 ndcg@40: 0.1427 ] 
2024-11-30 16:03:27,855 - Validation score increased.  Copying the best model ...
2024-11-30 16:03:31,611 - Epoch   6 Test set [recall@10: 0.0929 recall@20: 0.1344 recall@40: 0.1906 ] Test set [ndcg@10: 0.1168 ndcg@20: 0.1321 ndcg@40: 0.1568 ] 
2024-11-30 16:03:31,611 - Validation score increased.  Copying the best model ...
2024-11-30 16:03:35,432 - Epoch   9 Test set [recall@10: 0.1076 recall@20: 0.1532 recall@40: 0.2174 ] Test set [ndcg@10: 0.1364 ndcg@20: 0.1529 ndcg@40: 0.1810 ] 
2024-11-30 16:03:35,433 - Validation score increased.  Copying the best model ...
2024-11-30 16:03:38,733 - Epoch  12 Test set [recall@10: 0.1197 recall@20: 0.1686 recall@40: 0.2386 ] Test set [ndcg@10: 0.1520 ndcg@20: 0.1692 ndcg@40: 0.1999 ] 
2024-11-30 16:03:38,734 - Validation score increased.  Copying the best model ...
2024-11-30 16:03:42,213 - Epoch  15 Test set [recall@10: 0.1284 recall@20: 0.1820 recall@40: 0.2552 ] Test set [ndcg@10: 0.1631 ndcg@20: 0.1819 ndcg@40: 0.2143 ] 
2024-11-30 16:03:42,214 - Validation score increased.  Copying the best model ...
2024-11-30 16:03:44,072 - Epoch  18 Test set [recall@10: 0.1353 recall@20: 0.1904 recall@40: 0.2677 ] Test set [ndcg@10: 0.1719 ndcg@20: 0.1911 ndcg@40: 0.2251 ] 
2024-11-30 16:03:44,073 - Validation score increased.  Copying the best model ...
2024-11-30 16:03:46,073 - Epoch  21 Test set [recall@10: 0.1395 recall@20: 0.1981 recall@40: 0.2769 ] Test set [ndcg@10: 0.1789 ndcg@20: 0.1996 ndcg@40: 0.2342 ] 
2024-11-30 16:03:46,074 - Validation score increased.  Copying the best model ...
2024-11-30 16:03:49,040 - Epoch  24 Test set [recall@10: 0.1434 recall@20: 0.2044 recall@40: 0.2852 ] Test set [ndcg@10: 0.1837 ndcg@20: 0.2052 ndcg@40: 0.2407 ] 
2024-11-30 16:03:49,041 - Validation score increased.  Copying the best model ...
