2024-11-27 23:45:20,723 - {'optimizer': {'name': 'adam', 'lr': 0.001, 'weight_decay': 0}, 'train': {'epoch': 500, 'batch_size': 4096, 'save_model': False, 'loss': 'pairwise', 'log_loss': False, 'test_step': 3, 'patience': 5, 'reproducible': True, 'seed': 2023, 'early_stop': True}, 'test': {'metrics': ['recall', 'ndcg'], 'k': [10, 20, 40], 'batch_size': 1024}, 'data': {'type': 'social', 'name': 'lastfm', 'user_num': 1892, 'item_num': 17632}, 'model': {'name': 'idea_reroute_lightgcn', 'layer_num': 2, 'reg_weight': 1e-08, 'embedding_size': 64, 'similarity_threshold': 0.5, 'self_gating_unit': True, 'pagerank': True, 'combine_gcn': False, 'alpha': 0.8, 'cl_weight': 1e-05, 'sigma': 20}, 'tune': {'enable': True, 'hyperparameters': ['similarity_threshold'], 'similarity_threshold': [0.1, 0.2, 0.3, 0.4, 0.5, 0.6, 0.7, 0.8, 0.9]}, 'device': 'cuda', 'log': True}
2024-11-27 23:45:20,724 - hyperparameter: {'similarity_threshold': 0.1}
2024-11-27 23:48:20,551 - Epoch   0 Test set [recall@10: 0.0776 recall@20: 0.1060 recall@40: 0.1531 ] Test set [ndcg@10: 0.1001 ndcg@20: 0.1096 ndcg@40: 0.1304 ] 
2024-11-27 23:48:20,553 - Validation score increased.  Copying the best model ...
2024-11-27 23:56:46,922 - Epoch   3 Test set [recall@10: 0.0808 recall@20: 0.1167 recall@40: 0.1743 ] Test set [ndcg@10: 0.1040 ndcg@20: 0.1174 ndcg@40: 0.1426 ] 
2024-11-27 23:56:46,923 - Validation score increased.  Copying the best model ...
2024-11-28 00:00:43,378 - Epoch   6 Test set [recall@10: 0.0929 recall@20: 0.1343 recall@40: 0.1904 ] Test set [ndcg@10: 0.1167 ndcg@20: 0.1320 ndcg@40: 0.1567 ] 
2024-11-28 00:00:43,379 - Validation score increased.  Copying the best model ...
2024-11-28 00:02:10,427 - Epoch   9 Test set [recall@10: 0.1075 recall@20: 0.1531 recall@40: 0.2176 ] Test set [ndcg@10: 0.1363 ndcg@20: 0.1528 ndcg@40: 0.1810 ] 
2024-11-28 00:02:10,428 - Validation score increased.  Copying the best model ...
2024-11-28 00:03:11,345 - Epoch  12 Test set [recall@10: 0.1197 recall@20: 0.1686 recall@40: 0.2386 ] Test set [ndcg@10: 0.1521 ndcg@20: 0.1693 ndcg@40: 0.2000 ] 
2024-11-28 00:03:11,346 - Validation score increased.  Copying the best model ...
2024-11-28 00:04:01,023 - Epoch  15 Test set [recall@10: 0.1284 recall@20: 0.1821 recall@40: 0.2553 ] Test set [ndcg@10: 0.1632 ndcg@20: 0.1820 ndcg@40: 0.2144 ] 
2024-11-28 00:04:01,024 - Validation score increased.  Copying the best model ...
2024-11-28 00:04:44,000 - Epoch  18 Test set [recall@10: 0.1354 recall@20: 0.1904 recall@40: 0.2676 ] Test set [ndcg@10: 0.1719 ndcg@20: 0.1911 ndcg@40: 0.2251 ] 
2024-11-28 00:04:44,000 - Validation score increased.  Copying the best model ...
2024-11-28 00:05:24,577 - Epoch  21 Test set [recall@10: 0.1394 recall@20: 0.1981 recall@40: 0.2769 ] Test set [ndcg@10: 0.1788 ndcg@20: 0.1995 ndcg@40: 0.2341 ] 
2024-11-28 00:05:24,578 - Validation score increased.  Copying the best model ...
2024-11-28 00:06:03,169 - Epoch  24 Test set [recall@10: 0.1436 recall@20: 0.2043 recall@40: 0.2853 ] Test set [ndcg@10: 0.1839 ndcg@20: 0.2053 ndcg@40: 0.2408 ] 
2024-11-28 00:06:03,170 - Validation score increased.  Copying the best model ...
2024-11-28 00:06:40,134 - Epoch  27 Test set [recall@10: 0.1466 recall@20: 0.2088 recall@40: 0.2904 ] Test set [ndcg@10: 0.1876 ndcg@20: 0.2096 ndcg@40: 0.2455 ] 
2024-11-28 00:06:40,135 - Validation score increased.  Copying the best model ...
2024-11-28 00:07:16,504 - Epoch  30 Test set [recall@10: 0.1503 recall@20: 0.2127 recall@40: 0.2974 ] Test set [ndcg@10: 0.1923 ndcg@20: 0.2140 ndcg@40: 0.2513 ] 
2024-11-28 00:07:16,505 - Validation score increased.  Copying the best model ...
2024-11-28 00:07:53,074 - Epoch  33 Test set [recall@10: 0.1524 recall@20: 0.2158 recall@40: 0.3023 ] Test set [ndcg@10: 0.1954 ndcg@20: 0.2176 ndcg@40: 0.2558 ] 
2024-11-28 00:07:53,075 - Validation score increased.  Copying the best model ...
2024-11-28 00:08:28,357 - Epoch  36 Test set [recall@10: 0.1533 recall@20: 0.2170 recall@40: 0.3068 ] Test set [ndcg@10: 0.1970 ndcg@20: 0.2194 ndcg@40: 0.2590 ] 
2024-11-28 00:08:28,358 - Validation score increased.  Copying the best model ...
2024-11-28 00:09:02,371 - Epoch  39 Test set [recall@10: 0.1545 recall@20: 0.2205 recall@40: 0.3094 ] Test set [ndcg@10: 0.1992 ndcg@20: 0.2227 ndcg@40: 0.2619 ] 
2024-11-28 00:09:02,372 - Validation score increased.  Copying the best model ...
2024-11-28 00:09:36,270 - Epoch  42 Test set [recall@10: 0.1564 recall@20: 0.2234 recall@40: 0.3113 ] Test set [ndcg@10: 0.2016 ndcg@20: 0.2255 ndcg@40: 0.2643 ] 
2024-11-28 00:09:36,271 - Validation score increased.  Copying the best model ...
2024-11-28 00:10:09,177 - Epoch  45 Test set [recall@10: 0.1582 recall@20: 0.2252 recall@40: 0.3142 ] Test set [ndcg@10: 0.2040 ndcg@20: 0.2277 ndcg@40: 0.2670 ] 
2024-11-28 00:10:09,178 - Validation score increased.  Copying the best model ...
2024-11-28 00:10:40,888 - Epoch  48 Test set [recall@10: 0.1597 recall@20: 0.2284 recall@40: 0.3173 ] Test set [ndcg@10: 0.2058 ndcg@20: 0.2303 ndcg@40: 0.2694 ] 
2024-11-28 00:10:40,889 - Validation score increased.  Copying the best model ...
2024-11-28 00:11:12,220 - Epoch  51 Test set [recall@10: 0.1617 recall@20: 0.2286 recall@40: 0.3190 ] Test set [ndcg@10: 0.2081 ndcg@20: 0.2317 ndcg@40: 0.2715 ] 
2024-11-28 00:11:12,221 - Validation score increased.  Copying the best model ...
2024-11-28 00:11:43,447 - Epoch  54 Test set [recall@10: 0.1625 recall@20: 0.2318 recall@40: 0.3222 ] Test set [ndcg@10: 0.2089 ndcg@20: 0.2337 ndcg@40: 0.2735 ] 
2024-11-28 00:11:43,447 - Validation score increased.  Copying the best model ...
2024-11-28 00:12:14,276 - Epoch  57 Test set [recall@10: 0.1640 recall@20: 0.2332 recall@40: 0.3236 ] Test set [ndcg@10: 0.2105 ndcg@20: 0.2350 ndcg@40: 0.2748 ] 
2024-11-28 00:12:14,277 - Validation score increased.  Copying the best model ...
2024-11-28 00:12:45,417 - Epoch  60 Test set [recall@10: 0.1657 recall@20: 0.2350 recall@40: 0.3270 ] Test set [ndcg@10: 0.2124 ndcg@20: 0.2367 ndcg@40: 0.2772 ] 
2024-11-28 00:12:45,417 - Validation score increased.  Copying the best model ...
2024-11-28 00:13:15,522 - Epoch  63 Test set [recall@10: 0.1661 recall@20: 0.2357 recall@40: 0.3288 ] Test set [ndcg@10: 0.2126 ndcg@20: 0.2370 ndcg@40: 0.2780 ] 
2024-11-28 00:13:15,523 - Validation score increased.  Copying the best model ...
2024-11-28 00:13:45,868 - Epoch  66 Test set [recall@10: 0.1681 recall@20: 0.2372 recall@40: 0.3306 ] Test set [ndcg@10: 0.2145 ndcg@20: 0.2386 ndcg@40: 0.2798 ] 
2024-11-28 00:13:45,869 - Validation score increased.  Copying the best model ...
2024-11-28 00:14:16,512 - Epoch  69 Test set [recall@10: 0.1682 recall@20: 0.2398 recall@40: 0.3341 ] Test set [ndcg@10: 0.2152 ndcg@20: 0.2405 ndcg@40: 0.2820 ] 
2024-11-28 00:14:16,512 - Validation score increased.  Copying the best model ...
2024-11-28 00:14:46,764 - Epoch  72 Test set [recall@10: 0.1678 recall@20: 0.2405 recall@40: 0.3354 ] Test set [ndcg@10: 0.2157 ndcg@20: 0.2415 ndcg@40: 0.2832 ] 
2024-11-28 00:14:46,764 - Early stop counter: 1 out of 5
2024-11-28 00:15:16,393 - Epoch  75 Test set [recall@10: 0.1685 recall@20: 0.2427 recall@40: 0.3360 ] Test set [ndcg@10: 0.2163 ndcg@20: 0.2428 ndcg@40: 0.2841 ] 
2024-11-28 00:15:16,393 - Validation score increased.  Copying the best model ...
2024-11-28 00:15:45,784 - Epoch  78 Test set [recall@10: 0.1692 recall@20: 0.2441 recall@40: 0.3376 ] Test set [ndcg@10: 0.2165 ndcg@20: 0.2434 ndcg@40: 0.2846 ] 
2024-11-28 00:15:45,784 - Validation score increased.  Copying the best model ...
2024-11-28 00:16:14,849 - Epoch  81 Test set [recall@10: 0.1697 recall@20: 0.2447 recall@40: 0.3379 ] Test set [ndcg@10: 0.2178 ndcg@20: 0.2447 ndcg@40: 0.2859 ] 
2024-11-28 00:16:14,850 - Validation score increased.  Copying the best model ...
2024-11-28 00:16:43,494 - Epoch  84 Test set [recall@10: 0.1696 recall@20: 0.2451 recall@40: 0.3383 ] Test set [ndcg@10: 0.2180 ndcg@20: 0.2451 ndcg@40: 0.2862 ] 
2024-11-28 00:16:43,494 - Early stop counter: 1 out of 5
2024-11-28 00:17:11,907 - Epoch  87 Test set [recall@10: 0.1701 recall@20: 0.2473 recall@40: 0.3413 ] Test set [ndcg@10: 0.2189 ndcg@20: 0.2467 ndcg@40: 0.2881 ] 
2024-11-28 00:17:11,908 - Validation score increased.  Copying the best model ...
2024-11-28 00:17:40,611 - Epoch  90 Test set [recall@10: 0.1709 recall@20: 0.2470 recall@40: 0.3415 ] Test set [ndcg@10: 0.2197 ndcg@20: 0.2469 ndcg@40: 0.2886 ] 
2024-11-28 00:17:40,612 - Validation score increased.  Copying the best model ...
2024-11-28 00:18:08,621 - Epoch  93 Test set [recall@10: 0.1734 recall@20: 0.2477 recall@40: 0.3428 ] Test set [ndcg@10: 0.2215 ndcg@20: 0.2477 ndcg@40: 0.2896 ] 
2024-11-28 00:18:08,621 - Validation score increased.  Copying the best model ...
2024-11-28 00:18:37,140 - Epoch  96 Test set [recall@10: 0.1743 recall@20: 0.2488 recall@40: 0.3440 ] Test set [ndcg@10: 0.2226 ndcg@20: 0.2489 ndcg@40: 0.2910 ] 
2024-11-28 00:18:37,141 - Validation score increased.  Copying the best model ...
2024-11-28 00:19:05,635 - Epoch  99 Test set [recall@10: 0.1747 recall@20: 0.2506 recall@40: 0.3464 ] Test set [ndcg@10: 0.2232 ndcg@20: 0.2500 ndcg@40: 0.2922 ] 
2024-11-28 00:19:05,636 - Validation score increased.  Copying the best model ...
2024-11-28 00:19:33,797 - Epoch 102 Test set [recall@10: 0.1749 recall@20: 0.2527 recall@40: 0.3469 ] Test set [ndcg@10: 0.2242 ndcg@20: 0.2518 ndcg@40: 0.2934 ] 
2024-11-28 00:19:33,797 - Validation score increased.  Copying the best model ...
2024-11-28 00:20:02,134 - Epoch 105 Test set [recall@10: 0.1760 recall@20: 0.2539 recall@40: 0.3476 ] Test set [ndcg@10: 0.2246 ndcg@20: 0.2523 ndcg@40: 0.2937 ] 
2024-11-28 00:20:02,134 - Validation score increased.  Copying the best model ...
2024-11-28 00:20:30,467 - Epoch 108 Test set [recall@10: 0.1773 recall@20: 0.2532 recall@40: 0.3478 ] Test set [ndcg@10: 0.2251 ndcg@20: 0.2522 ndcg@40: 0.2939 ] 
2024-11-28 00:20:30,468 - Validation score increased.  Copying the best model ...
2024-11-28 00:20:59,048 - Epoch 111 Test set [recall@10: 0.1782 recall@20: 0.2537 recall@40: 0.3493 ] Test set [ndcg@10: 0.2262 ndcg@20: 0.2529 ndcg@40: 0.2951 ] 
2024-11-28 00:20:59,049 - Validation score increased.  Copying the best model ...
2024-11-28 00:21:27,357 - Epoch 114 Test set [recall@10: 0.1788 recall@20: 0.2551 recall@40: 0.3485 ] Test set [ndcg@10: 0.2267 ndcg@20: 0.2539 ndcg@40: 0.2949 ] 
2024-11-28 00:21:27,358 - Validation score increased.  Copying the best model ...
2024-11-28 00:21:55,236 - Epoch 117 Test set [recall@10: 0.1800 recall@20: 0.2551 recall@40: 0.3481 ] Test set [ndcg@10: 0.2277 ndcg@20: 0.2541 ndcg@40: 0.2953 ] 
2024-11-28 00:21:55,237 - Validation score increased.  Copying the best model ...
2024-11-28 00:22:23,636 - Epoch 120 Test set [recall@10: 0.1802 recall@20: 0.2566 recall@40: 0.3493 ] Test set [ndcg@10: 0.2280 ndcg@20: 0.2550 ndcg@40: 0.2960 ] 
2024-11-28 00:22:23,637 - Validation score increased.  Copying the best model ...
2024-11-28 00:22:51,654 - Epoch 123 Test set [recall@10: 0.1801 recall@20: 0.2566 recall@40: 0.3489 ] Test set [ndcg@10: 0.2281 ndcg@20: 0.2551 ndcg@40: 0.2960 ] 
2024-11-28 00:22:51,654 - Early stop counter: 1 out of 5
2024-11-28 00:23:19,489 - Epoch 126 Test set [recall@10: 0.1795 recall@20: 0.2564 recall@40: 0.3511 ] Test set [ndcg@10: 0.2270 ndcg@20: 0.2544 ndcg@40: 0.2963 ] 
2024-11-28 00:23:19,489 - Early stop counter: 2 out of 5
2024-11-28 00:23:47,457 - Epoch 129 Test set [recall@10: 0.1805 recall@20: 0.2567 recall@40: 0.3508 ] Test set [ndcg@10: 0.2279 ndcg@20: 0.2553 ndcg@40: 0.2967 ] 
2024-11-28 00:23:47,457 - Validation score increased.  Copying the best model ...
2024-11-28 00:24:15,745 - Epoch 132 Test set [recall@10: 0.1807 recall@20: 0.2580 recall@40: 0.3509 ] Test set [ndcg@10: 0.2289 ndcg@20: 0.2566 ndcg@40: 0.2974 ] 
2024-11-28 00:24:15,745 - Validation score increased.  Copying the best model ...
2024-11-28 00:24:43,836 - Epoch 135 Test set [recall@10: 0.1817 recall@20: 0.2582 recall@40: 0.3515 ] Test set [ndcg@10: 0.2295 ndcg@20: 0.2567 ndcg@40: 0.2978 ] 
2024-11-28 00:24:43,836 - Validation score increased.  Copying the best model ...
2024-11-28 00:25:11,559 - Epoch 138 Test set [recall@10: 0.1827 recall@20: 0.2594 recall@40: 0.3508 ] Test set [ndcg@10: 0.2302 ndcg@20: 0.2574 ndcg@40: 0.2977 ] 
2024-11-28 00:25:11,559 - Validation score increased.  Copying the best model ...
2024-11-28 00:25:39,163 - Epoch 141 Test set [recall@10: 0.1825 recall@20: 0.2602 recall@40: 0.3503 ] Test set [ndcg@10: 0.2309 ndcg@20: 0.2585 ndcg@40: 0.2984 ] 
2024-11-28 00:25:39,163 - Early stop counter: 1 out of 5
2024-11-28 00:26:06,806 - Epoch 144 Test set [recall@10: 0.1825 recall@20: 0.2601 recall@40: 0.3512 ] Test set [ndcg@10: 0.2310 ndcg@20: 0.2584 ndcg@40: 0.2987 ] 
2024-11-28 00:26:06,807 - Early stop counter: 2 out of 5
2024-11-28 00:26:34,668 - Epoch 147 Test set [recall@10: 0.1840 recall@20: 0.2607 recall@40: 0.3505 ] Test set [ndcg@10: 0.2315 ndcg@20: 0.2585 ndcg@40: 0.2983 ] 
2024-11-28 00:26:34,669 - Validation score increased.  Copying the best model ...
2024-11-28 00:27:02,285 - Epoch 150 Test set [recall@10: 0.1822 recall@20: 0.2605 recall@40: 0.3514 ] Test set [ndcg@10: 0.2306 ndcg@20: 0.2586 ndcg@40: 0.2988 ] 
2024-11-28 00:27:02,285 - Early stop counter: 1 out of 5
2024-11-28 00:27:30,524 - Epoch 153 Test set [recall@10: 0.1826 recall@20: 0.2599 recall@40: 0.3510 ] Test set [ndcg@10: 0.2314 ndcg@20: 0.2589 ndcg@40: 0.2992 ] 
2024-11-28 00:27:30,524 - Early stop counter: 2 out of 5
2024-11-28 00:27:59,160 - Epoch 156 Test set [recall@10: 0.1830 recall@20: 0.2599 recall@40: 0.3525 ] Test set [ndcg@10: 0.2321 ndcg@20: 0.2592 ndcg@40: 0.3002 ] 
2024-11-28 00:27:59,160 - Early stop counter: 3 out of 5
2024-11-28 00:28:27,164 - Epoch 159 Test set [recall@10: 0.1843 recall@20: 0.2610 recall@40: 0.3518 ] Test set [ndcg@10: 0.2334 ndcg@20: 0.2601 ndcg@40: 0.3005 ] 
2024-11-28 00:28:27,165 - Validation score increased.  Copying the best model ...
2024-11-28 00:28:55,081 - Epoch 162 Test set [recall@10: 0.1854 recall@20: 0.2615 recall@40: 0.3529 ] Test set [ndcg@10: 0.2339 ndcg@20: 0.2603 ndcg@40: 0.3010 ] 
2024-11-28 00:28:55,081 - Validation score increased.  Copying the best model ...
2024-11-28 00:29:22,670 - Epoch 165 Test set [recall@10: 0.1841 recall@20: 0.2624 recall@40: 0.3527 ] Test set [ndcg@10: 0.2332 ndcg@20: 0.2609 ndcg@40: 0.3011 ] 
2024-11-28 00:29:22,670 - Early stop counter: 1 out of 5
2024-11-28 00:29:49,864 - Epoch 168 Test set [recall@10: 0.1842 recall@20: 0.2629 recall@40: 0.3541 ] Test set [ndcg@10: 0.2334 ndcg@20: 0.2612 ndcg@40: 0.3017 ] 
2024-11-28 00:29:49,865 - Early stop counter: 2 out of 5
2024-11-28 00:30:16,661 - Epoch 171 Test set [recall@10: 0.1839 recall@20: 0.2643 recall@40: 0.3528 ] Test set [ndcg@10: 0.2334 ndcg@20: 0.2620 ndcg@40: 0.3014 ] 
2024-11-28 00:30:16,662 - Early stop counter: 3 out of 5
2024-11-28 00:30:43,453 - Epoch 174 Test set [recall@10: 0.1842 recall@20: 0.2639 recall@40: 0.3530 ] Test set [ndcg@10: 0.2330 ndcg@20: 0.2611 ndcg@40: 0.3008 ] 
2024-11-28 00:30:43,453 - Early stop counter: 4 out of 5
2024-11-28 00:31:10,280 - Epoch 177 Test set [recall@10: 0.1846 recall@20: 0.2630 recall@40: 0.3534 ] Test set [ndcg@10: 0.2336 ndcg@20: 0.2612 ndcg@40: 0.3014 ] 
2024-11-28 00:31:10,280 - Early stop counter: 5 out of 5
2024-11-28 00:31:10,280 - Best Epoch 162
2024-11-28 00:31:12,352 - Test set [recall@10: 0.1854 recall@20: 0.2615 recall@40: 0.3529 ] Test set [ndcg@10: 0.2339 ndcg@20: 0.2603 ndcg@40: 0.3010 ] 
2024-11-28 00:31:14,501 - Test set [recall@10: 0.1854 recall@20: 0.2615 recall@40: 0.3529 ] Test set [ndcg@10: 0.2339 ndcg@20: 0.2603 ndcg@40: 0.3010 ] 
2024-11-28 00:31:14,533 - hyperparameter: {'similarity_threshold': 0.2}
2024-11-28 00:34:11,099 - Epoch   0 Test set [recall@10: 0.0776 recall@20: 0.1060 recall@40: 0.1531 ] Test set [ndcg@10: 0.1001 ndcg@20: 0.1096 ndcg@40: 0.1304 ] 
2024-11-28 00:34:11,100 - Validation score increased.  Copying the best model ...
2024-11-28 00:42:33,784 - Epoch   3 Test set [recall@10: 0.0808 recall@20: 0.1167 recall@40: 0.1743 ] Test set [ndcg@10: 0.1040 ndcg@20: 0.1174 ndcg@40: 0.1426 ] 
2024-11-28 00:42:33,785 - Validation score increased.  Copying the best model ...
2024-11-28 00:46:29,765 - Epoch   6 Test set [recall@10: 0.0929 recall@20: 0.1343 recall@40: 0.1904 ] Test set [ndcg@10: 0.1167 ndcg@20: 0.1320 ndcg@40: 0.1567 ] 
2024-11-28 00:46:29,766 - Validation score increased.  Copying the best model ...
2024-11-28 00:47:56,750 - Epoch   9 Test set [recall@10: 0.1075 recall@20: 0.1531 recall@40: 0.2176 ] Test set [ndcg@10: 0.1363 ndcg@20: 0.1528 ndcg@40: 0.1810 ] 
2024-11-28 00:47:56,751 - Validation score increased.  Copying the best model ...
2024-11-28 00:48:57,634 - Epoch  12 Test set [recall@10: 0.1197 recall@20: 0.1686 recall@40: 0.2386 ] Test set [ndcg@10: 0.1521 ndcg@20: 0.1693 ndcg@40: 0.2000 ] 
2024-11-28 00:48:57,634 - Validation score increased.  Copying the best model ...
2024-11-28 00:49:47,417 - Epoch  15 Test set [recall@10: 0.1284 recall@20: 0.1821 recall@40: 0.2553 ] Test set [ndcg@10: 0.1632 ndcg@20: 0.1820 ndcg@40: 0.2144 ] 
2024-11-28 00:49:47,417 - Validation score increased.  Copying the best model ...
2024-11-28 00:50:30,445 - Epoch  18 Test set [recall@10: 0.1354 recall@20: 0.1904 recall@40: 0.2676 ] Test set [ndcg@10: 0.1719 ndcg@20: 0.1911 ndcg@40: 0.2251 ] 
2024-11-28 00:50:30,446 - Validation score increased.  Copying the best model ...
2024-11-28 00:51:10,946 - Epoch  21 Test set [recall@10: 0.1394 recall@20: 0.1981 recall@40: 0.2769 ] Test set [ndcg@10: 0.1788 ndcg@20: 0.1995 ndcg@40: 0.2341 ] 
2024-11-28 00:51:10,947 - Validation score increased.  Copying the best model ...
2024-11-28 00:51:49,479 - Epoch  24 Test set [recall@10: 0.1436 recall@20: 0.2043 recall@40: 0.2853 ] Test set [ndcg@10: 0.1839 ndcg@20: 0.2053 ndcg@40: 0.2408 ] 
2024-11-28 00:51:49,480 - Validation score increased.  Copying the best model ...
2024-11-28 00:52:26,228 - Epoch  27 Test set [recall@10: 0.1466 recall@20: 0.2088 recall@40: 0.2904 ] Test set [ndcg@10: 0.1876 ndcg@20: 0.2096 ndcg@40: 0.2455 ] 
2024-11-28 00:52:26,229 - Validation score increased.  Copying the best model ...
2024-11-28 00:53:02,697 - Epoch  30 Test set [recall@10: 0.1503 recall@20: 0.2127 recall@40: 0.2974 ] Test set [ndcg@10: 0.1923 ndcg@20: 0.2140 ndcg@40: 0.2513 ] 
2024-11-28 00:53:02,698 - Validation score increased.  Copying the best model ...
2024-11-28 00:53:39,149 - Epoch  33 Test set [recall@10: 0.1524 recall@20: 0.2158 recall@40: 0.3023 ] Test set [ndcg@10: 0.1954 ndcg@20: 0.2176 ndcg@40: 0.2558 ] 
2024-11-28 00:53:39,150 - Validation score increased.  Copying the best model ...
2024-11-28 00:54:13,984 - Epoch  36 Test set [recall@10: 0.1533 recall@20: 0.2170 recall@40: 0.3068 ] Test set [ndcg@10: 0.1970 ndcg@20: 0.2194 ndcg@40: 0.2590 ] 
2024-11-28 00:54:13,985 - Validation score increased.  Copying the best model ...
2024-11-28 00:54:47,945 - Epoch  39 Test set [recall@10: 0.1545 recall@20: 0.2205 recall@40: 0.3094 ] Test set [ndcg@10: 0.1992 ndcg@20: 0.2227 ndcg@40: 0.2619 ] 
2024-11-28 00:54:47,945 - Validation score increased.  Copying the best model ...
2024-11-28 00:55:21,764 - Epoch  42 Test set [recall@10: 0.1564 recall@20: 0.2234 recall@40: 0.3113 ] Test set [ndcg@10: 0.2016 ndcg@20: 0.2255 ndcg@40: 0.2643 ] 
2024-11-28 00:55:21,765 - Validation score increased.  Copying the best model ...
2024-11-28 00:55:54,548 - Epoch  45 Test set [recall@10: 0.1582 recall@20: 0.2252 recall@40: 0.3142 ] Test set [ndcg@10: 0.2040 ndcg@20: 0.2277 ndcg@40: 0.2670 ] 
2024-11-28 00:55:54,549 - Validation score increased.  Copying the best model ...
2024-11-28 00:56:26,053 - Epoch  48 Test set [recall@10: 0.1597 recall@20: 0.2284 recall@40: 0.3173 ] Test set [ndcg@10: 0.2058 ndcg@20: 0.2303 ndcg@40: 0.2694 ] 
2024-11-28 00:56:26,054 - Validation score increased.  Copying the best model ...
2024-11-28 00:56:57,305 - Epoch  51 Test set [recall@10: 0.1617 recall@20: 0.2286 recall@40: 0.3190 ] Test set [ndcg@10: 0.2081 ndcg@20: 0.2317 ndcg@40: 0.2715 ] 
2024-11-28 00:56:57,306 - Validation score increased.  Copying the best model ...
2024-11-28 00:57:28,525 - Epoch  54 Test set [recall@10: 0.1625 recall@20: 0.2318 recall@40: 0.3222 ] Test set [ndcg@10: 0.2089 ndcg@20: 0.2337 ndcg@40: 0.2735 ] 
2024-11-28 00:57:28,526 - Validation score increased.  Copying the best model ...
2024-11-28 00:57:59,213 - Epoch  57 Test set [recall@10: 0.1640 recall@20: 0.2332 recall@40: 0.3236 ] Test set [ndcg@10: 0.2105 ndcg@20: 0.2350 ndcg@40: 0.2748 ] 
2024-11-28 00:57:59,213 - Validation score increased.  Copying the best model ...
2024-11-28 00:58:30,346 - Epoch  60 Test set [recall@10: 0.1657 recall@20: 0.2350 recall@40: 0.3270 ] Test set [ndcg@10: 0.2124 ndcg@20: 0.2367 ndcg@40: 0.2772 ] 
2024-11-28 00:58:30,346 - Validation score increased.  Copying the best model ...
2024-11-28 00:59:00,470 - Epoch  63 Test set [recall@10: 0.1661 recall@20: 0.2357 recall@40: 0.3288 ] Test set [ndcg@10: 0.2126 ndcg@20: 0.2370 ndcg@40: 0.2780 ] 
2024-11-28 00:59:00,471 - Validation score increased.  Copying the best model ...
2024-11-28 00:59:30,724 - Epoch  66 Test set [recall@10: 0.1681 recall@20: 0.2372 recall@40: 0.3306 ] Test set [ndcg@10: 0.2145 ndcg@20: 0.2386 ndcg@40: 0.2798 ] 
2024-11-28 00:59:30,725 - Validation score increased.  Copying the best model ...
2024-11-28 01:00:01,433 - Epoch  69 Test set [recall@10: 0.1682 recall@20: 0.2398 recall@40: 0.3341 ] Test set [ndcg@10: 0.2152 ndcg@20: 0.2405 ndcg@40: 0.2820 ] 
2024-11-28 01:00:01,433 - Validation score increased.  Copying the best model ...
2024-11-28 01:00:31,663 - Epoch  72 Test set [recall@10: 0.1678 recall@20: 0.2405 recall@40: 0.3354 ] Test set [ndcg@10: 0.2157 ndcg@20: 0.2415 ndcg@40: 0.2832 ] 
2024-11-28 01:00:31,663 - Early stop counter: 1 out of 5
2024-11-28 01:01:01,445 - Epoch  75 Test set [recall@10: 0.1685 recall@20: 0.2427 recall@40: 0.3360 ] Test set [ndcg@10: 0.2163 ndcg@20: 0.2428 ndcg@40: 0.2841 ] 
2024-11-28 01:01:01,446 - Validation score increased.  Copying the best model ...
2024-11-28 01:01:31,067 - Epoch  78 Test set [recall@10: 0.1692 recall@20: 0.2441 recall@40: 0.3376 ] Test set [ndcg@10: 0.2165 ndcg@20: 0.2434 ndcg@40: 0.2846 ] 
2024-11-28 01:01:31,068 - Validation score increased.  Copying the best model ...
2024-11-28 01:02:00,234 - Epoch  81 Test set [recall@10: 0.1697 recall@20: 0.2447 recall@40: 0.3379 ] Test set [ndcg@10: 0.2178 ndcg@20: 0.2447 ndcg@40: 0.2859 ] 
2024-11-28 01:02:00,235 - Validation score increased.  Copying the best model ...
2024-11-28 01:02:28,992 - Epoch  84 Test set [recall@10: 0.1696 recall@20: 0.2451 recall@40: 0.3383 ] Test set [ndcg@10: 0.2180 ndcg@20: 0.2451 ndcg@40: 0.2862 ] 
2024-11-28 01:02:28,992 - Early stop counter: 1 out of 5
2024-11-28 01:02:57,247 - Epoch  87 Test set [recall@10: 0.1701 recall@20: 0.2473 recall@40: 0.3413 ] Test set [ndcg@10: 0.2189 ndcg@20: 0.2467 ndcg@40: 0.2881 ] 
2024-11-28 01:02:57,248 - Validation score increased.  Copying the best model ...
2024-11-28 01:03:25,822 - Epoch  90 Test set [recall@10: 0.1709 recall@20: 0.2470 recall@40: 0.3415 ] Test set [ndcg@10: 0.2197 ndcg@20: 0.2469 ndcg@40: 0.2886 ] 
2024-11-28 01:03:25,823 - Validation score increased.  Copying the best model ...
2024-11-28 01:03:53,825 - Epoch  93 Test set [recall@10: 0.1734 recall@20: 0.2477 recall@40: 0.3428 ] Test set [ndcg@10: 0.2215 ndcg@20: 0.2477 ndcg@40: 0.2896 ] 
2024-11-28 01:03:53,826 - Validation score increased.  Copying the best model ...
2024-11-28 01:04:22,333 - Epoch  96 Test set [recall@10: 0.1743 recall@20: 0.2488 recall@40: 0.3440 ] Test set [ndcg@10: 0.2226 ndcg@20: 0.2489 ndcg@40: 0.2910 ] 
2024-11-28 01:04:22,333 - Validation score increased.  Copying the best model ...
2024-11-28 01:04:50,749 - Epoch  99 Test set [recall@10: 0.1747 recall@20: 0.2506 recall@40: 0.3464 ] Test set [ndcg@10: 0.2232 ndcg@20: 0.2500 ndcg@40: 0.2922 ] 
2024-11-28 01:04:50,750 - Validation score increased.  Copying the best model ...
2024-11-28 01:05:18,884 - Epoch 102 Test set [recall@10: 0.1749 recall@20: 0.2527 recall@40: 0.3469 ] Test set [ndcg@10: 0.2242 ndcg@20: 0.2518 ndcg@40: 0.2934 ] 
2024-11-28 01:05:18,884 - Validation score increased.  Copying the best model ...
2024-11-28 01:05:47,252 - Epoch 105 Test set [recall@10: 0.1760 recall@20: 0.2539 recall@40: 0.3476 ] Test set [ndcg@10: 0.2246 ndcg@20: 0.2523 ndcg@40: 0.2937 ] 
2024-11-28 01:05:47,252 - Validation score increased.  Copying the best model ...
2024-11-28 01:06:15,525 - Epoch 108 Test set [recall@10: 0.1773 recall@20: 0.2532 recall@40: 0.3478 ] Test set [ndcg@10: 0.2251 ndcg@20: 0.2522 ndcg@40: 0.2939 ] 
2024-11-28 01:06:15,525 - Validation score increased.  Copying the best model ...
2024-11-28 01:06:44,149 - Epoch 111 Test set [recall@10: 0.1782 recall@20: 0.2537 recall@40: 0.3493 ] Test set [ndcg@10: 0.2262 ndcg@20: 0.2529 ndcg@40: 0.2951 ] 
2024-11-28 01:06:44,149 - Validation score increased.  Copying the best model ...
2024-11-28 01:07:12,461 - Epoch 114 Test set [recall@10: 0.1788 recall@20: 0.2551 recall@40: 0.3485 ] Test set [ndcg@10: 0.2267 ndcg@20: 0.2539 ndcg@40: 0.2949 ] 
2024-11-28 01:07:12,461 - Validation score increased.  Copying the best model ...
2024-11-28 01:07:40,554 - Epoch 117 Test set [recall@10: 0.1800 recall@20: 0.2551 recall@40: 0.3481 ] Test set [ndcg@10: 0.2277 ndcg@20: 0.2541 ndcg@40: 0.2953 ] 
2024-11-28 01:07:40,555 - Validation score increased.  Copying the best model ...
2024-11-28 01:08:08,821 - Epoch 120 Test set [recall@10: 0.1802 recall@20: 0.2566 recall@40: 0.3493 ] Test set [ndcg@10: 0.2280 ndcg@20: 0.2550 ndcg@40: 0.2960 ] 
2024-11-28 01:08:08,821 - Validation score increased.  Copying the best model ...
2024-11-28 01:08:36,970 - Epoch 123 Test set [recall@10: 0.1801 recall@20: 0.2566 recall@40: 0.3489 ] Test set [ndcg@10: 0.2281 ndcg@20: 0.2551 ndcg@40: 0.2960 ] 
2024-11-28 01:08:36,970 - Early stop counter: 1 out of 5
2024-11-28 01:09:04,738 - Epoch 126 Test set [recall@10: 0.1795 recall@20: 0.2564 recall@40: 0.3511 ] Test set [ndcg@10: 0.2270 ndcg@20: 0.2544 ndcg@40: 0.2963 ] 
2024-11-28 01:09:04,738 - Early stop counter: 2 out of 5
2024-11-28 01:09:32,746 - Epoch 129 Test set [recall@10: 0.1805 recall@20: 0.2567 recall@40: 0.3508 ] Test set [ndcg@10: 0.2279 ndcg@20: 0.2553 ndcg@40: 0.2967 ] 
2024-11-28 01:09:32,746 - Validation score increased.  Copying the best model ...
2024-11-28 01:10:01,084 - Epoch 132 Test set [recall@10: 0.1807 recall@20: 0.2580 recall@40: 0.3509 ] Test set [ndcg@10: 0.2289 ndcg@20: 0.2566 ndcg@40: 0.2974 ] 
2024-11-28 01:10:01,085 - Validation score increased.  Copying the best model ...
2024-11-28 01:10:29,137 - Epoch 135 Test set [recall@10: 0.1817 recall@20: 0.2582 recall@40: 0.3515 ] Test set [ndcg@10: 0.2295 ndcg@20: 0.2567 ndcg@40: 0.2978 ] 
2024-11-28 01:10:29,138 - Validation score increased.  Copying the best model ...
2024-11-28 01:10:56,996 - Epoch 138 Test set [recall@10: 0.1827 recall@20: 0.2594 recall@40: 0.3508 ] Test set [ndcg@10: 0.2302 ndcg@20: 0.2574 ndcg@40: 0.2977 ] 
2024-11-28 01:10:56,996 - Validation score increased.  Copying the best model ...
2024-11-28 01:11:24,441 - Epoch 141 Test set [recall@10: 0.1825 recall@20: 0.2602 recall@40: 0.3503 ] Test set [ndcg@10: 0.2309 ndcg@20: 0.2585 ndcg@40: 0.2984 ] 
2024-11-28 01:11:24,441 - Early stop counter: 1 out of 5
2024-11-28 01:11:51,856 - Epoch 144 Test set [recall@10: 0.1825 recall@20: 0.2601 recall@40: 0.3512 ] Test set [ndcg@10: 0.2310 ndcg@20: 0.2584 ndcg@40: 0.2987 ] 
2024-11-28 01:11:51,856 - Early stop counter: 2 out of 5
2024-11-28 01:12:19,560 - Epoch 147 Test set [recall@10: 0.1840 recall@20: 0.2607 recall@40: 0.3505 ] Test set [ndcg@10: 0.2315 ndcg@20: 0.2585 ndcg@40: 0.2983 ] 
2024-11-28 01:12:19,561 - Validation score increased.  Copying the best model ...
2024-11-28 01:12:47,145 - Epoch 150 Test set [recall@10: 0.1822 recall@20: 0.2605 recall@40: 0.3514 ] Test set [ndcg@10: 0.2306 ndcg@20: 0.2586 ndcg@40: 0.2988 ] 
2024-11-28 01:12:47,145 - Early stop counter: 1 out of 5
2024-11-28 01:13:15,421 - Epoch 153 Test set [recall@10: 0.1826 recall@20: 0.2599 recall@40: 0.3510 ] Test set [ndcg@10: 0.2314 ndcg@20: 0.2589 ndcg@40: 0.2992 ] 
2024-11-28 01:13:15,421 - Early stop counter: 2 out of 5
2024-11-28 01:13:44,142 - Epoch 156 Test set [recall@10: 0.1830 recall@20: 0.2599 recall@40: 0.3525 ] Test set [ndcg@10: 0.2321 ndcg@20: 0.2592 ndcg@40: 0.3002 ] 
2024-11-28 01:13:44,143 - Early stop counter: 3 out of 5
2024-11-28 01:14:12,162 - Epoch 159 Test set [recall@10: 0.1843 recall@20: 0.2610 recall@40: 0.3518 ] Test set [ndcg@10: 0.2334 ndcg@20: 0.2601 ndcg@40: 0.3005 ] 
2024-11-28 01:14:12,162 - Validation score increased.  Copying the best model ...
2024-11-28 01:14:40,177 - Epoch 162 Test set [recall@10: 0.1854 recall@20: 0.2615 recall@40: 0.3529 ] Test set [ndcg@10: 0.2339 ndcg@20: 0.2603 ndcg@40: 0.3010 ] 
2024-11-28 01:14:40,177 - Validation score increased.  Copying the best model ...
2024-11-28 01:15:07,650 - Epoch 165 Test set [recall@10: 0.1841 recall@20: 0.2624 recall@40: 0.3527 ] Test set [ndcg@10: 0.2332 ndcg@20: 0.2609 ndcg@40: 0.3011 ] 
2024-11-28 01:15:07,650 - Early stop counter: 1 out of 5
2024-11-28 01:15:34,663 - Epoch 168 Test set [recall@10: 0.1842 recall@20: 0.2629 recall@40: 0.3541 ] Test set [ndcg@10: 0.2334 ndcg@20: 0.2612 ndcg@40: 0.3017 ] 
2024-11-28 01:15:34,663 - Early stop counter: 2 out of 5
2024-11-28 01:16:01,420 - Epoch 171 Test set [recall@10: 0.1839 recall@20: 0.2643 recall@40: 0.3528 ] Test set [ndcg@10: 0.2334 ndcg@20: 0.2620 ndcg@40: 0.3014 ] 
2024-11-28 01:16:01,420 - Early stop counter: 3 out of 5
2024-11-28 01:16:28,206 - Epoch 174 Test set [recall@10: 0.1842 recall@20: 0.2639 recall@40: 0.3530 ] Test set [ndcg@10: 0.2330 ndcg@20: 0.2611 ndcg@40: 0.3008 ] 
2024-11-28 01:16:28,206 - Early stop counter: 4 out of 5
2024-11-28 01:16:54,945 - Epoch 177 Test set [recall@10: 0.1846 recall@20: 0.2630 recall@40: 0.3534 ] Test set [ndcg@10: 0.2336 ndcg@20: 0.2612 ndcg@40: 0.3014 ] 
2024-11-28 01:16:54,946 - Early stop counter: 5 out of 5
2024-11-28 01:16:54,946 - Best Epoch 162
2024-11-28 01:16:57,474 - Test set [recall@10: 0.1854 recall@20: 0.2615 recall@40: 0.3529 ] Test set [ndcg@10: 0.2339 ndcg@20: 0.2603 ndcg@40: 0.3010 ] 
2024-11-28 01:16:59,904 - Test set [recall@10: 0.1854 recall@20: 0.2615 recall@40: 0.3529 ] Test set [ndcg@10: 0.2339 ndcg@20: 0.2603 ndcg@40: 0.3010 ] 
2024-11-28 01:16:59,936 - hyperparameter: {'similarity_threshold': 0.3}
2024-11-28 01:19:55,360 - Epoch   0 Test set [recall@10: 0.0776 recall@20: 0.1060 recall@40: 0.1531 ] Test set [ndcg@10: 0.1001 ndcg@20: 0.1096 ndcg@40: 0.1304 ] 
2024-11-28 01:19:55,360 - Validation score increased.  Copying the best model ...
2024-11-28 01:28:15,540 - Epoch   3 Test set [recall@10: 0.0808 recall@20: 0.1167 recall@40: 0.1743 ] Test set [ndcg@10: 0.1040 ndcg@20: 0.1174 ndcg@40: 0.1426 ] 
2024-11-28 01:28:15,541 - Validation score increased.  Copying the best model ...
2024-11-28 01:32:16,326 - Epoch   6 Test set [recall@10: 0.0929 recall@20: 0.1343 recall@40: 0.1904 ] Test set [ndcg@10: 0.1167 ndcg@20: 0.1320 ndcg@40: 0.1567 ] 
2024-11-28 01:32:16,326 - Validation score increased.  Copying the best model ...
2024-11-28 01:33:45,609 - Epoch   9 Test set [recall@10: 0.1075 recall@20: 0.1531 recall@40: 0.2176 ] Test set [ndcg@10: 0.1363 ndcg@20: 0.1528 ndcg@40: 0.1810 ] 
2024-11-28 01:33:45,609 - Validation score increased.  Copying the best model ...
2024-11-28 01:34:48,534 - Epoch  12 Test set [recall@10: 0.1197 recall@20: 0.1686 recall@40: 0.2386 ] Test set [ndcg@10: 0.1521 ndcg@20: 0.1692 ndcg@40: 0.2000 ] 
2024-11-28 01:34:48,535 - Validation score increased.  Copying the best model ...
2024-11-28 01:35:40,156 - Epoch  15 Test set [recall@10: 0.1284 recall@20: 0.1821 recall@40: 0.2553 ] Test set [ndcg@10: 0.1632 ndcg@20: 0.1820 ndcg@40: 0.2144 ] 
2024-11-28 01:35:40,157 - Validation score increased.  Copying the best model ...
2024-11-28 01:36:24,676 - Epoch  18 Test set [recall@10: 0.1354 recall@20: 0.1904 recall@40: 0.2676 ] Test set [ndcg@10: 0.1719 ndcg@20: 0.1911 ndcg@40: 0.2251 ] 
2024-11-28 01:36:24,677 - Validation score increased.  Copying the best model ...
2024-11-28 01:37:06,992 - Epoch  21 Test set [recall@10: 0.1394 recall@20: 0.1981 recall@40: 0.2769 ] Test set [ndcg@10: 0.1788 ndcg@20: 0.1995 ndcg@40: 0.2341 ] 
2024-11-28 01:37:06,993 - Validation score increased.  Copying the best model ...
2024-11-28 01:37:46,999 - Epoch  24 Test set [recall@10: 0.1436 recall@20: 0.2043 recall@40: 0.2853 ] Test set [ndcg@10: 0.1839 ndcg@20: 0.2053 ndcg@40: 0.2408 ] 
2024-11-28 01:37:46,999 - Validation score increased.  Copying the best model ...
2024-11-28 01:38:25,463 - Epoch  27 Test set [recall@10: 0.1466 recall@20: 0.2088 recall@40: 0.2904 ] Test set [ndcg@10: 0.1876 ndcg@20: 0.2096 ndcg@40: 0.2455 ] 
2024-11-28 01:38:25,464 - Validation score increased.  Copying the best model ...
2024-11-28 01:39:02,901 - Epoch  30 Test set [recall@10: 0.1503 recall@20: 0.2127 recall@40: 0.2974 ] Test set [ndcg@10: 0.1923 ndcg@20: 0.2140 ndcg@40: 0.2513 ] 
2024-11-28 01:39:02,902 - Validation score increased.  Copying the best model ...
2024-11-28 01:39:40,861 - Epoch  33 Test set [recall@10: 0.1524 recall@20: 0.2158 recall@40: 0.3023 ] Test set [ndcg@10: 0.1954 ndcg@20: 0.2176 ndcg@40: 0.2558 ] 
2024-11-28 01:39:40,862 - Validation score increased.  Copying the best model ...
2024-11-28 01:40:17,297 - Epoch  36 Test set [recall@10: 0.1533 recall@20: 0.2170 recall@40: 0.3068 ] Test set [ndcg@10: 0.1970 ndcg@20: 0.2194 ndcg@40: 0.2590 ] 
2024-11-28 01:40:17,298 - Validation score increased.  Copying the best model ...
2024-11-28 01:40:52,630 - Epoch  39 Test set [recall@10: 0.1545 recall@20: 0.2205 recall@40: 0.3094 ] Test set [ndcg@10: 0.1992 ndcg@20: 0.2227 ndcg@40: 0.2619 ] 
2024-11-28 01:40:52,631 - Validation score increased.  Copying the best model ...
2024-11-28 01:41:27,899 - Epoch  42 Test set [recall@10: 0.1564 recall@20: 0.2234 recall@40: 0.3113 ] Test set [ndcg@10: 0.2016 ndcg@20: 0.2255 ndcg@40: 0.2643 ] 
2024-11-28 01:41:27,899 - Validation score increased.  Copying the best model ...
2024-11-28 01:42:01,475 - Epoch  45 Test set [recall@10: 0.1582 recall@20: 0.2252 recall@40: 0.3142 ] Test set [ndcg@10: 0.2040 ndcg@20: 0.2277 ndcg@40: 0.2670 ] 
2024-11-28 01:42:01,475 - Validation score increased.  Copying the best model ...
2024-11-28 01:42:33,162 - Epoch  48 Test set [recall@10: 0.1597 recall@20: 0.2284 recall@40: 0.3173 ] Test set [ndcg@10: 0.2058 ndcg@20: 0.2303 ndcg@40: 0.2694 ] 
2024-11-28 01:42:33,163 - Validation score increased.  Copying the best model ...
