2024-11-30 16:09:15,922 - {'optimizer': {'name': 'adam', 'lr': 0.001, 'weight_decay': 0}, 'train': {'epoch': 500, 'batch_size': 4096, 'save_model': False, 'loss': 'pairwise', 'log_loss': False, 'test_step': 3, 'patience': 5, 'reproducible': True, 'seed': 2023, 'early_stop': True}, 'test': {'metrics': ['recall', 'ndcg'], 'k': [10, 20, 40], 'batch_size': 1024}, 'data': {'type': 'social', 'name': 'lastfm', 'user_num': 1892, 'item_num': 17632}, 'model': {'name': 'idea_reroute_lightgcn', 'layer_num': 2, 'reg_weight': 1e-08, 'embedding_size': 64, 'similarity_threshold': 0.5, 'self_gating_unit': True, 'pagerank': True, 'combine_gcn': False, 'alpha': 0.8, 'cl_weight': 1e-05, 'sigma': 20}, 'tune': {'enable': True, 'hyperparameters': ['similarity_threshold'], 'similarity_threshold': [0.0005, 0.001, 0.005, 0.01, 0.05, 0.1]}, 'device': 'cuda', 'log': True}
2024-11-30 16:09:15,923 - hyperparameter: {'similarity_threshold': 0.0005}
2024-11-30 16:09:19,515 - Epoch   0 Test set [recall@10: 0.0777 recall@20: 0.1060 recall@40: 0.1530 ] Test set [ndcg@10: 0.1002 ndcg@20: 0.1096 ndcg@40: 0.1303 ] 
2024-11-30 16:09:19,515 - Validation score increased.  Copying the best model ...
2024-11-30 16:09:24,665 - Epoch   3 Test set [recall@10: 0.0808 recall@20: 0.1167 recall@40: 0.1742 ] Test set [ndcg@10: 0.1041 ndcg@20: 0.1175 ndcg@40: 0.1427 ] 
2024-11-30 16:09:24,666 - Validation score increased.  Copying the best model ...
2024-11-30 16:09:26,826 - Epoch   6 Test set [recall@10: 0.0929 recall@20: 0.1344 recall@40: 0.1906 ] Test set [ndcg@10: 0.1168 ndcg@20: 0.1321 ndcg@40: 0.1568 ] 
2024-11-30 16:09:26,827 - Validation score increased.  Copying the best model ...
2024-11-30 16:09:29,303 - Epoch   9 Test set [recall@10: 0.1076 recall@20: 0.1532 recall@40: 0.2174 ] Test set [ndcg@10: 0.1364 ndcg@20: 0.1529 ndcg@40: 0.1810 ] 
2024-11-30 16:09:29,304 - Validation score increased.  Copying the best model ...
2024-11-30 16:09:34,147 - Epoch  12 Test set [recall@10: 0.1197 recall@20: 0.1686 recall@40: 0.2386 ] Test set [ndcg@10: 0.1520 ndcg@20: 0.1692 ndcg@40: 0.1999 ] 
2024-11-30 16:09:34,147 - Validation score increased.  Copying the best model ...
2024-11-30 16:09:39,007 - Epoch  15 Test set [recall@10: 0.1284 recall@20: 0.1820 recall@40: 0.2552 ] Test set [ndcg@10: 0.1631 ndcg@20: 0.1819 ndcg@40: 0.2143 ] 
2024-11-30 16:09:39,008 - Validation score increased.  Copying the best model ...
2024-11-30 16:09:43,971 - Epoch  18 Test set [recall@10: 0.1353 recall@20: 0.1904 recall@40: 0.2677 ] Test set [ndcg@10: 0.1719 ndcg@20: 0.1911 ndcg@40: 0.2251 ] 
2024-11-30 16:09:43,971 - Validation score increased.  Copying the best model ...
2024-11-30 16:09:46,172 - Epoch  21 Test set [recall@10: 0.1396 recall@20: 0.1981 recall@40: 0.2769 ] Test set [ndcg@10: 0.1790 ndcg@20: 0.1996 ndcg@40: 0.2342 ] 
2024-11-30 16:09:46,172 - Validation score increased.  Copying the best model ...
2024-11-30 16:09:48,621 - Epoch  24 Test set [recall@10: 0.1434 recall@20: 0.2044 recall@40: 0.2852 ] Test set [ndcg@10: 0.1837 ndcg@20: 0.2052 ndcg@40: 0.2407 ] 
2024-11-30 16:09:48,621 - Validation score increased.  Copying the best model ...
2024-11-30 16:09:53,242 - Epoch  27 Test set [recall@10: 0.1467 recall@20: 0.2087 recall@40: 0.2905 ] Test set [ndcg@10: 0.1877 ndcg@20: 0.2096 ndcg@40: 0.2456 ] 
2024-11-30 16:09:53,243 - Validation score increased.  Copying the best model ...
2024-11-30 16:09:58,202 - Epoch  30 Test set [recall@10: 0.1501 recall@20: 0.2125 recall@40: 0.2974 ] Test set [ndcg@10: 0.1922 ndcg@20: 0.2139 ndcg@40: 0.2512 ] 
2024-11-30 16:09:58,203 - Validation score increased.  Copying the best model ...
2024-11-30 16:10:03,274 - Epoch  33 Test set [recall@10: 0.1524 recall@20: 0.2154 recall@40: 0.3022 ] Test set [ndcg@10: 0.1955 ndcg@20: 0.2175 ndcg@40: 0.2558 ] 
2024-11-30 16:10:03,275 - Validation score increased.  Copying the best model ...
2024-11-30 16:10:05,501 - Epoch  36 Test set [recall@10: 0.1535 recall@20: 0.2170 recall@40: 0.3067 ] Test set [ndcg@10: 0.1970 ndcg@20: 0.2194 ndcg@40: 0.2589 ] 
2024-11-30 16:10:05,501 - Validation score increased.  Copying the best model ...
2024-11-30 16:10:08,310 - Epoch  39 Test set [recall@10: 0.1545 recall@20: 0.2203 recall@40: 0.3094 ] Test set [ndcg@10: 0.1992 ndcg@20: 0.2225 ndcg@40: 0.2618 ] 
2024-11-30 16:10:08,311 - Validation score increased.  Copying the best model ...
2024-11-30 16:10:12,495 - Epoch  42 Test set [recall@10: 0.1563 recall@20: 0.2233 recall@40: 0.3111 ] Test set [ndcg@10: 0.2015 ndcg@20: 0.2253 ndcg@40: 0.2641 ] 
2024-11-30 16:10:12,496 - Validation score increased.  Copying the best model ...
2024-11-30 16:10:17,342 - Epoch  45 Test set [recall@10: 0.1582 recall@20: 0.2252 recall@40: 0.3142 ] Test set [ndcg@10: 0.2039 ndcg@20: 0.2276 ndcg@40: 0.2669 ] 
2024-11-30 16:10:17,343 - Validation score increased.  Copying the best model ...
2024-11-30 16:10:22,481 - Epoch  48 Test set [recall@10: 0.1601 recall@20: 0.2283 recall@40: 0.3176 ] Test set [ndcg@10: 0.2062 ndcg@20: 0.2304 ndcg@40: 0.2696 ] 
2024-11-30 16:10:22,482 - Validation score increased.  Copying the best model ...
2024-11-30 16:10:24,670 - Epoch  51 Test set [recall@10: 0.1615 recall@20: 0.2285 recall@40: 0.3189 ] Test set [ndcg@10: 0.2080 ndcg@20: 0.2316 ndcg@40: 0.2715 ] 
2024-11-30 16:10:24,671 - Validation score increased.  Copying the best model ...
2024-11-30 16:10:27,604 - Epoch  54 Test set [recall@10: 0.1623 recall@20: 0.2322 recall@40: 0.3222 ] Test set [ndcg@10: 0.2088 ndcg@20: 0.2338 ndcg@40: 0.2734 ] 
2024-11-30 16:10:27,605 - Validation score increased.  Copying the best model ...
2024-11-30 16:10:31,784 - Epoch  57 Test set [recall@10: 0.1640 recall@20: 0.2333 recall@40: 0.3236 ] Test set [ndcg@10: 0.2105 ndcg@20: 0.2350 ndcg@40: 0.2747 ] 
2024-11-30 16:10:31,785 - Validation score increased.  Copying the best model ...
2024-11-30 16:10:36,731 - Epoch  60 Test set [recall@10: 0.1658 recall@20: 0.2351 recall@40: 0.3267 ] Test set [ndcg@10: 0.2124 ndcg@20: 0.2367 ndcg@40: 0.2770 ] 
2024-11-30 16:10:36,731 - Validation score increased.  Copying the best model ...
2024-11-30 16:10:41,940 - Epoch  63 Test set [recall@10: 0.1660 recall@20: 0.2355 recall@40: 0.3291 ] Test set [ndcg@10: 0.2126 ndcg@20: 0.2369 ndcg@40: 0.2781 ] 
2024-11-30 16:10:41,942 - Validation score increased.  Copying the best model ...
2024-11-30 16:10:44,273 - Epoch  66 Test set [recall@10: 0.1683 recall@20: 0.2374 recall@40: 0.3309 ] Test set [ndcg@10: 0.2146 ndcg@20: 0.2386 ndcg@40: 0.2798 ] 
2024-11-30 16:10:44,274 - Validation score increased.  Copying the best model ...
2024-11-30 16:10:46,588 - Epoch  69 Test set [recall@10: 0.1679 recall@20: 0.2397 recall@40: 0.3341 ] Test set [ndcg@10: 0.2151 ndcg@20: 0.2405 ndcg@40: 0.2820 ] 
2024-11-30 16:10:46,588 - Early stop counter: 1 out of 5
2024-11-30 16:10:49,028 - Epoch  72 Test set [recall@10: 0.1677 recall@20: 0.2405 recall@40: 0.3354 ] Test set [ndcg@10: 0.2156 ndcg@20: 0.2414 ndcg@40: 0.2832 ] 
2024-11-30 16:10:49,028 - Early stop counter: 2 out of 5
2024-11-30 16:10:53,936 - Epoch  75 Test set [recall@10: 0.1684 recall@20: 0.2425 recall@40: 0.3361 ] Test set [ndcg@10: 0.2160 ndcg@20: 0.2425 ndcg@40: 0.2838 ] 
2024-11-30 16:10:53,937 - Validation score increased.  Copying the best model ...
2024-11-30 16:10:59,069 - Epoch  78 Test set [recall@10: 0.1692 recall@20: 0.2439 recall@40: 0.3379 ] Test set [ndcg@10: 0.2165 ndcg@20: 0.2433 ndcg@40: 0.2847 ] 
2024-11-30 16:10:59,069 - Validation score increased.  Copying the best model ...
2024-11-30 16:11:04,104 - Epoch  81 Test set [recall@10: 0.1696 recall@20: 0.2448 recall@40: 0.3382 ] Test set [ndcg@10: 0.2178 ndcg@20: 0.2447 ndcg@40: 0.2859 ] 
2024-11-30 16:11:04,104 - Validation score increased.  Copying the best model ...
2024-11-30 16:11:06,323 - Epoch  84 Test set [recall@10: 0.1697 recall@20: 0.2448 recall@40: 0.3383 ] Test set [ndcg@10: 0.2180 ndcg@20: 0.2449 ndcg@40: 0.2862 ] 
2024-11-30 16:11:06,324 - Validation score increased.  Copying the best model ...
2024-11-30 16:11:08,555 - Epoch  87 Test set [recall@10: 0.1700 recall@20: 0.2473 recall@40: 0.3412 ] Test set [ndcg@10: 0.2188 ndcg@20: 0.2466 ndcg@40: 0.2880 ] 
2024-11-30 16:11:08,556 - Validation score increased.  Copying the best model ...
2024-11-30 16:11:13,424 - Epoch  90 Test set [recall@10: 0.1710 recall@20: 0.2472 recall@40: 0.3414 ] Test set [ndcg@10: 0.2198 ndcg@20: 0.2470 ndcg@40: 0.2886 ] 
2024-11-30 16:11:13,425 - Validation score increased.  Copying the best model ...
2024-11-30 16:11:18,503 - Epoch  93 Test set [recall@10: 0.1734 recall@20: 0.2477 recall@40: 0.3428 ] Test set [ndcg@10: 0.2213 ndcg@20: 0.2476 ndcg@40: 0.2896 ] 
2024-11-30 16:11:18,503 - Validation score increased.  Copying the best model ...
2024-11-30 16:11:23,634 - Epoch  96 Test set [recall@10: 0.1742 recall@20: 0.2491 recall@40: 0.3445 ] Test set [ndcg@10: 0.2224 ndcg@20: 0.2489 ndcg@40: 0.2910 ] 
2024-11-30 16:11:23,634 - Validation score increased.  Copying the best model ...
2024-11-30 16:11:25,656 - Epoch  99 Test set [recall@10: 0.1746 recall@20: 0.2506 recall@40: 0.3459 ] Test set [ndcg@10: 0.2233 ndcg@20: 0.2501 ndcg@40: 0.2922 ] 
2024-11-30 16:11:25,657 - Validation score increased.  Copying the best model ...
2024-11-30 16:11:27,802 - Epoch 102 Test set [recall@10: 0.1751 recall@20: 0.2524 recall@40: 0.3467 ] Test set [ndcg@10: 0.2244 ndcg@20: 0.2517 ndcg@40: 0.2934 ] 
2024-11-30 16:11:27,803 - Validation score increased.  Copying the best model ...
2024-11-30 16:11:33,030 - Epoch 105 Test set [recall@10: 0.1763 recall@20: 0.2540 recall@40: 0.3477 ] Test set [ndcg@10: 0.2250 ndcg@20: 0.2525 ndcg@40: 0.2939 ] 
2024-11-30 16:11:33,031 - Validation score increased.  Copying the best model ...
2024-11-30 16:11:38,181 - Epoch 108 Test set [recall@10: 0.1772 recall@20: 0.2531 recall@40: 0.3480 ] Test set [ndcg@10: 0.2250 ndcg@20: 0.2521 ndcg@40: 0.2939 ] 
2024-11-30 16:11:38,181 - Validation score increased.  Copying the best model ...
2024-11-30 16:11:43,266 - Epoch 111 Test set [recall@10: 0.1784 recall@20: 0.2538 recall@40: 0.3494 ] Test set [ndcg@10: 0.2264 ndcg@20: 0.2530 ndcg@40: 0.2952 ] 
2024-11-30 16:11:43,267 - Validation score increased.  Copying the best model ...
2024-11-30 16:11:45,459 - Epoch 114 Test set [recall@10: 0.1791 recall@20: 0.2552 recall@40: 0.3484 ] Test set [ndcg@10: 0.2269 ndcg@20: 0.2539 ndcg@40: 0.2949 ] 
2024-11-30 16:11:45,460 - Validation score increased.  Copying the best model ...
2024-11-30 16:11:47,606 - Epoch 117 Test set [recall@10: 0.1803 recall@20: 0.2551 recall@40: 0.3479 ] Test set [ndcg@10: 0.2278 ndcg@20: 0.2541 ndcg@40: 0.2951 ] 
2024-11-30 16:11:47,607 - Validation score increased.  Copying the best model ...
2024-11-30 16:11:52,489 - Epoch 120 Test set [recall@10: 0.1803 recall@20: 0.2567 recall@40: 0.3493 ] Test set [ndcg@10: 0.2280 ndcg@20: 0.2551 ndcg@40: 0.2960 ] 
2024-11-30 16:11:52,490 - Validation score increased.  Copying the best model ...
2024-11-30 16:11:57,682 - Epoch 123 Test set [recall@10: 0.1805 recall@20: 0.2565 recall@40: 0.3492 ] Test set [ndcg@10: 0.2283 ndcg@20: 0.2551 ndcg@40: 0.2960 ] 
2024-11-30 16:11:57,683 - Validation score increased.  Copying the best model ...
2024-11-30 16:12:02,727 - Epoch 126 Test set [recall@10: 0.1798 recall@20: 0.2559 recall@40: 0.3512 ] Test set [ndcg@10: 0.2272 ndcg@20: 0.2544 ndcg@40: 0.2964 ] 
2024-11-30 16:12:02,728 - Early stop counter: 1 out of 5
2024-11-30 16:12:04,902 - Epoch 129 Test set [recall@10: 0.1807 recall@20: 0.2563 recall@40: 0.3505 ] Test set [ndcg@10: 0.2279 ndcg@20: 0.2550 ndcg@40: 0.2966 ] 
2024-11-30 16:12:04,902 - Validation score increased.  Copying the best model ...
2024-11-30 16:12:07,363 - Epoch 132 Test set [recall@10: 0.1806 recall@20: 0.2580 recall@40: 0.3510 ] Test set [ndcg@10: 0.2289 ndcg@20: 0.2566 ndcg@40: 0.2975 ] 
2024-11-30 16:12:07,363 - Early stop counter: 1 out of 5
2024-11-30 16:12:12,094 - Epoch 135 Test set [recall@10: 0.1817 recall@20: 0.2583 recall@40: 0.3509 ] Test set [ndcg@10: 0.2294 ndcg@20: 0.2567 ndcg@40: 0.2975 ] 
2024-11-30 16:12:12,095 - Validation score increased.  Copying the best model ...
2024-11-30 16:12:17,000 - Epoch 138 Test set [recall@10: 0.1829 recall@20: 0.2595 recall@40: 0.3508 ] Test set [ndcg@10: 0.2304 ndcg@20: 0.2575 ndcg@40: 0.2978 ] 
2024-11-30 16:12:17,001 - Validation score increased.  Copying the best model ...
2024-11-30 16:12:22,108 - Epoch 141 Test set [recall@10: 0.1823 recall@20: 0.2602 recall@40: 0.3502 ] Test set [ndcg@10: 0.2307 ndcg@20: 0.2585 ndcg@40: 0.2983 ] 
2024-11-30 16:12:22,108 - Early stop counter: 1 out of 5
2024-11-30 16:12:24,338 - Epoch 144 Test set [recall@10: 0.1828 recall@20: 0.2602 recall@40: 0.3513 ] Test set [ndcg@10: 0.2311 ndcg@20: 0.2585 ndcg@40: 0.2988 ] 
2024-11-30 16:12:24,338 - Early stop counter: 2 out of 5
2024-11-30 16:12:27,073 - Epoch 147 Test set [recall@10: 0.1838 recall@20: 0.2607 recall@40: 0.3505 ] Test set [ndcg@10: 0.2317 ndcg@20: 0.2587 ndcg@40: 0.2985 ] 
2024-11-30 16:12:27,074 - Validation score increased.  Copying the best model ...
2024-11-30 16:12:31,451 - Epoch 150 Test set [recall@10: 0.1822 recall@20: 0.2610 recall@40: 0.3516 ] Test set [ndcg@10: 0.2304 ndcg@20: 0.2587 ndcg@40: 0.2988 ] 
2024-11-30 16:12:31,451 - Early stop counter: 1 out of 5
2024-11-30 16:12:36,363 - Epoch 153 Test set [recall@10: 0.1827 recall@20: 0.2598 recall@40: 0.3511 ] Test set [ndcg@10: 0.2314 ndcg@20: 0.2587 ndcg@40: 0.2991 ] 
2024-11-30 16:12:36,363 - Early stop counter: 2 out of 5
2024-11-30 16:12:41,394 - Epoch 156 Test set [recall@10: 0.1831 recall@20: 0.2600 recall@40: 0.3527 ] Test set [ndcg@10: 0.2321 ndcg@20: 0.2592 ndcg@40: 0.3002 ] 
2024-11-30 16:12:41,394 - Early stop counter: 3 out of 5
2024-11-30 16:12:43,515 - Epoch 159 Test set [recall@10: 0.1843 recall@20: 0.2610 recall@40: 0.3516 ] Test set [ndcg@10: 0.2335 ndcg@20: 0.2601 ndcg@40: 0.3005 ] 
2024-11-30 16:12:43,516 - Validation score increased.  Copying the best model ...
2024-11-30 16:12:45,616 - Epoch 162 Test set [recall@10: 0.1850 recall@20: 0.2617 recall@40: 0.3527 ] Test set [ndcg@10: 0.2337 ndcg@20: 0.2604 ndcg@40: 0.3009 ] 
2024-11-30 16:12:45,616 - Validation score increased.  Copying the best model ...
2024-11-30 16:12:50,470 - Epoch 165 Test set [recall@10: 0.1841 recall@20: 0.2626 recall@40: 0.3528 ] Test set [ndcg@10: 0.2331 ndcg@20: 0.2610 ndcg@40: 0.3011 ] 
2024-11-30 16:12:50,470 - Early stop counter: 1 out of 5
2024-11-30 16:12:55,516 - Epoch 168 Test set [recall@10: 0.1841 recall@20: 0.2628 recall@40: 0.3542 ] Test set [ndcg@10: 0.2332 ndcg@20: 0.2611 ndcg@40: 0.3016 ] 
2024-11-30 16:12:55,517 - Early stop counter: 2 out of 5
2024-11-30 16:13:00,773 - Epoch 171 Test set [recall@10: 0.1838 recall@20: 0.2645 recall@40: 0.3528 ] Test set [ndcg@10: 0.2332 ndcg@20: 0.2620 ndcg@40: 0.3013 ] 
2024-11-30 16:13:00,774 - Early stop counter: 3 out of 5
2024-11-30 16:13:03,170 - Epoch 174 Test set [recall@10: 0.1843 recall@20: 0.2635 recall@40: 0.3532 ] Test set [ndcg@10: 0.2331 ndcg@20: 0.2610 ndcg@40: 0.3010 ] 
2024-11-30 16:13:03,170 - Early stop counter: 4 out of 5
2024-11-30 16:13:05,582 - Epoch 177 Test set [recall@10: 0.1847 recall@20: 0.2634 recall@40: 0.3535 ] Test set [ndcg@10: 0.2337 ndcg@20: 0.2614 ndcg@40: 0.3014 ] 
2024-11-30 16:13:05,583 - Early stop counter: 5 out of 5
2024-11-30 16:13:05,583 - Best Epoch 162
2024-11-30 16:13:06,058 - Test set [recall@10: 0.1850 recall@20: 0.2617 recall@40: 0.3527 ] Test set [ndcg@10: 0.2337 ndcg@20: 0.2604 ndcg@40: 0.3009 ] 
2024-11-30 16:13:06,650 - Test set [recall@10: 0.1850 recall@20: 0.2617 recall@40: 0.3527 ] Test set [ndcg@10: 0.2337 ndcg@20: 0.2604 ndcg@40: 0.3009 ] 
2024-11-30 16:13:06,684 - hyperparameter: {'similarity_threshold': 0.001}
2024-11-30 16:13:08,118 - Epoch   0 Test set [recall@10: 0.0777 recall@20: 0.1060 recall@40: 0.1530 ] Test set [ndcg@10: 0.1002 ndcg@20: 0.1096 ndcg@40: 0.1303 ] 
2024-11-30 16:13:08,119 - Validation score increased.  Copying the best model ...
2024-11-30 16:13:11,931 - Epoch   3 Test set [recall@10: 0.0808 recall@20: 0.1167 recall@40: 0.1742 ] Test set [ndcg@10: 0.1041 ndcg@20: 0.1175 ndcg@40: 0.1427 ] 
2024-11-30 16:13:11,932 - Validation score increased.  Copying the best model ...
2024-11-30 16:13:16,829 - Epoch   6 Test set [recall@10: 0.0929 recall@20: 0.1344 recall@40: 0.1906 ] Test set [ndcg@10: 0.1168 ndcg@20: 0.1321 ndcg@40: 0.1568 ] 
2024-11-30 16:13:16,829 - Validation score increased.  Copying the best model ...
2024-11-30 16:13:21,830 - Epoch   9 Test set [recall@10: 0.1076 recall@20: 0.1532 recall@40: 0.2174 ] Test set [ndcg@10: 0.1364 ndcg@20: 0.1529 ndcg@40: 0.1810 ] 
2024-11-30 16:13:21,831 - Validation score increased.  Copying the best model ...
2024-11-30 16:13:25,903 - Epoch  12 Test set [recall@10: 0.1197 recall@20: 0.1686 recall@40: 0.2386 ] Test set [ndcg@10: 0.1520 ndcg@20: 0.1692 ndcg@40: 0.1999 ] 
2024-11-30 16:13:25,904 - Validation score increased.  Copying the best model ...
2024-11-30 16:13:28,317 - Epoch  15 Test set [recall@10: 0.1284 recall@20: 0.1819 recall@40: 0.2552 ] Test set [ndcg@10: 0.1631 ndcg@20: 0.1819 ndcg@40: 0.2143 ] 
2024-11-30 16:13:28,318 - Validation score increased.  Copying the best model ...
2024-11-30 16:13:33,327 - Epoch  18 Test set [recall@10: 0.1353 recall@20: 0.1904 recall@40: 0.2677 ] Test set [ndcg@10: 0.1719 ndcg@20: 0.1911 ndcg@40: 0.2251 ] 
2024-11-30 16:13:33,328 - Validation score increased.  Copying the best model ...
2024-11-30 16:13:38,040 - Epoch  21 Test set [recall@10: 0.1396 recall@20: 0.1981 recall@40: 0.2769 ] Test set [ndcg@10: 0.1790 ndcg@20: 0.1996 ndcg@40: 0.2342 ] 
2024-11-30 16:13:38,041 - Validation score increased.  Copying the best model ...
2024-11-30 16:13:42,902 - Epoch  24 Test set [recall@10: 0.1434 recall@20: 0.2043 recall@40: 0.2852 ] Test set [ndcg@10: 0.1837 ndcg@20: 0.2052 ndcg@40: 0.2407 ] 
2024-11-30 16:13:42,902 - Validation score increased.  Copying the best model ...
2024-11-30 16:13:45,855 - Epoch  27 Test set [recall@10: 0.1467 recall@20: 0.2087 recall@40: 0.2905 ] Test set [ndcg@10: 0.1877 ndcg@20: 0.2096 ndcg@40: 0.2455 ] 
2024-11-30 16:13:45,856 - Validation score increased.  Copying the best model ...
2024-11-30 16:13:48,261 - Epoch  30 Test set [recall@10: 0.1501 recall@20: 0.2125 recall@40: 0.2975 ] Test set [ndcg@10: 0.1922 ndcg@20: 0.2139 ndcg@40: 0.2513 ] 
2024-11-30 16:13:48,262 - Validation score increased.  Copying the best model ...
2024-11-30 16:13:53,536 - Epoch  33 Test set [recall@10: 0.1524 recall@20: 0.2154 recall@40: 0.3022 ] Test set [ndcg@10: 0.1955 ndcg@20: 0.2175 ndcg@40: 0.2558 ] 
2024-11-30 16:13:53,537 - Validation score increased.  Copying the best model ...
2024-11-30 16:13:58,671 - Epoch  36 Test set [recall@10: 0.1535 recall@20: 0.2170 recall@40: 0.3067 ] Test set [ndcg@10: 0.1970 ndcg@20: 0.2194 ndcg@40: 0.2589 ] 
2024-11-30 16:13:58,671 - Validation score increased.  Copying the best model ...
2024-11-30 16:14:03,717 - Epoch  39 Test set [recall@10: 0.1545 recall@20: 0.2203 recall@40: 0.3094 ] Test set [ndcg@10: 0.1992 ndcg@20: 0.2225 ndcg@40: 0.2618 ] 
2024-11-30 16:14:03,718 - Validation score increased.  Copying the best model ...
2024-11-30 16:14:06,259 - Epoch  42 Test set [recall@10: 0.1563 recall@20: 0.2233 recall@40: 0.3111 ] Test set [ndcg@10: 0.2015 ndcg@20: 0.2253 ndcg@40: 0.2641 ] 
2024-11-30 16:14:06,260 - Validation score increased.  Copying the best model ...
2024-11-30 16:14:09,747 - Epoch  45 Test set [recall@10: 0.1582 recall@20: 0.2252 recall@40: 0.3142 ] Test set [ndcg@10: 0.2039 ndcg@20: 0.2276 ndcg@40: 0.2669 ] 
2024-11-30 16:14:09,748 - Validation score increased.  Copying the best model ...
2024-11-30 16:14:14,830 - Epoch  48 Test set [recall@10: 0.1601 recall@20: 0.2283 recall@40: 0.3176 ] Test set [ndcg@10: 0.2062 ndcg@20: 0.2304 ndcg@40: 0.2696 ] 
2024-11-30 16:14:14,831 - Validation score increased.  Copying the best model ...
2024-11-30 16:14:19,821 - Epoch  51 Test set [recall@10: 0.1616 recall@20: 0.2285 recall@40: 0.3189 ] Test set [ndcg@10: 0.2080 ndcg@20: 0.2316 ndcg@40: 0.2715 ] 
2024-11-30 16:14:19,821 - Validation score increased.  Copying the best model ...
2024-11-30 16:14:23,838 - Epoch  54 Test set [recall@10: 0.1623 recall@20: 0.2322 recall@40: 0.3222 ] Test set [ndcg@10: 0.2088 ndcg@20: 0.2338 ndcg@40: 0.2734 ] 
2024-11-30 16:14:23,838 - Validation score increased.  Copying the best model ...
2024-11-30 16:14:26,258 - Epoch  57 Test set [recall@10: 0.1640 recall@20: 0.2333 recall@40: 0.3236 ] Test set [ndcg@10: 0.2105 ndcg@20: 0.2350 ndcg@40: 0.2748 ] 
2024-11-30 16:14:26,259 - Validation score increased.  Copying the best model ...
2024-11-30 16:14:31,445 - Epoch  60 Test set [recall@10: 0.1658 recall@20: 0.2351 recall@40: 0.3267 ] Test set [ndcg@10: 0.2124 ndcg@20: 0.2367 ndcg@40: 0.2770 ] 
2024-11-30 16:14:31,445 - Validation score increased.  Copying the best model ...
2024-11-30 16:14:36,406 - Epoch  63 Test set [recall@10: 0.1660 recall@20: 0.2355 recall@40: 0.3291 ] Test set [ndcg@10: 0.2126 ndcg@20: 0.2369 ndcg@40: 0.2781 ] 
2024-11-30 16:14:36,407 - Validation score increased.  Copying the best model ...
2024-11-30 16:14:41,438 - Epoch  66 Test set [recall@10: 0.1683 recall@20: 0.2374 recall@40: 0.3309 ] Test set [ndcg@10: 0.2146 ndcg@20: 0.2386 ndcg@40: 0.2798 ] 
2024-11-30 16:14:41,438 - Validation score increased.  Copying the best model ...
2024-11-30 16:14:43,872 - Epoch  69 Test set [recall@10: 0.1679 recall@20: 0.2397 recall@40: 0.3341 ] Test set [ndcg@10: 0.2151 ndcg@20: 0.2405 ndcg@40: 0.2820 ] 
2024-11-30 16:14:43,873 - Early stop counter: 1 out of 5
2024-11-30 16:14:46,588 - Epoch  72 Test set [recall@10: 0.1677 recall@20: 0.2405 recall@40: 0.3354 ] Test set [ndcg@10: 0.2156 ndcg@20: 0.2414 ndcg@40: 0.2832 ] 
2024-11-30 16:14:46,588 - Early stop counter: 2 out of 5
2024-11-30 16:14:51,672 - Epoch  75 Test set [recall@10: 0.1684 recall@20: 0.2425 recall@40: 0.3361 ] Test set [ndcg@10: 0.2160 ndcg@20: 0.2425 ndcg@40: 0.2838 ] 
2024-11-30 16:14:51,672 - Validation score increased.  Copying the best model ...
2024-11-30 16:14:56,354 - Epoch  78 Test set [recall@10: 0.1692 recall@20: 0.2439 recall@40: 0.3379 ] Test set [ndcg@10: 0.2165 ndcg@20: 0.2433 ndcg@40: 0.2847 ] 
2024-11-30 16:14:56,355 - Validation score increased.  Copying the best model ...
2024-11-30 16:15:01,339 - Epoch  81 Test set [recall@10: 0.1696 recall@20: 0.2448 recall@40: 0.3382 ] Test set [ndcg@10: 0.2178 ndcg@20: 0.2447 ndcg@40: 0.2859 ] 
2024-11-30 16:15:01,340 - Validation score increased.  Copying the best model ...
2024-11-30 16:15:03,687 - Epoch  84 Test set [recall@10: 0.1697 recall@20: 0.2448 recall@40: 0.3383 ] Test set [ndcg@10: 0.2180 ndcg@20: 0.2449 ndcg@40: 0.2862 ] 
2024-11-30 16:15:03,688 - Validation score increased.  Copying the best model ...
2024-11-30 16:15:07,492 - Epoch  87 Test set [recall@10: 0.1700 recall@20: 0.2473 recall@40: 0.3412 ] Test set [ndcg@10: 0.2188 ndcg@20: 0.2466 ndcg@40: 0.2880 ] 
2024-11-30 16:15:07,493 - Validation score increased.  Copying the best model ...
2024-11-30 16:15:12,426 - Epoch  90 Test set [recall@10: 0.1710 recall@20: 0.2472 recall@40: 0.3414 ] Test set [ndcg@10: 0.2198 ndcg@20: 0.2470 ndcg@40: 0.2886 ] 
2024-11-30 16:15:12,426 - Validation score increased.  Copying the best model ...
2024-11-30 16:15:17,337 - Epoch  93 Test set [recall@10: 0.1734 recall@20: 0.2477 recall@40: 0.3428 ] Test set [ndcg@10: 0.2213 ndcg@20: 0.2476 ndcg@40: 0.2896 ] 
2024-11-30 16:15:17,338 - Validation score increased.  Copying the best model ...
2024-11-30 16:15:21,130 - Epoch  96 Test set [recall@10: 0.1742 recall@20: 0.2491 recall@40: 0.3445 ] Test set [ndcg@10: 0.2224 ndcg@20: 0.2489 ndcg@40: 0.2910 ] 
2024-11-30 16:15:21,131 - Validation score increased.  Copying the best model ...
2024-11-30 16:15:23,807 - Epoch  99 Test set [recall@10: 0.1746 recall@20: 0.2506 recall@40: 0.3459 ] Test set [ndcg@10: 0.2233 ndcg@20: 0.2501 ndcg@40: 0.2922 ] 
2024-11-30 16:15:23,808 - Validation score increased.  Copying the best model ...
2024-11-30 16:15:27,840 - Epoch 102 Test set [recall@10: 0.1752 recall@20: 0.2524 recall@40: 0.3467 ] Test set [ndcg@10: 0.2245 ndcg@20: 0.2517 ndcg@40: 0.2934 ] 
2024-11-30 16:15:27,841 - Validation score increased.  Copying the best model ...
2024-11-30 16:15:32,522 - Epoch 105 Test set [recall@10: 0.1763 recall@20: 0.2540 recall@40: 0.3477 ] Test set [ndcg@10: 0.2250 ndcg@20: 0.2525 ndcg@40: 0.2939 ] 
2024-11-30 16:15:32,523 - Validation score increased.  Copying the best model ...
2024-11-30 16:15:37,463 - Epoch 108 Test set [recall@10: 0.1772 recall@20: 0.2531 recall@40: 0.3480 ] Test set [ndcg@10: 0.2250 ndcg@20: 0.2521 ndcg@40: 0.2939 ] 
2024-11-30 16:15:37,463 - Validation score increased.  Copying the best model ...
2024-11-30 16:15:41,358 - Epoch 111 Test set [recall@10: 0.1784 recall@20: 0.2538 recall@40: 0.3494 ] Test set [ndcg@10: 0.2264 ndcg@20: 0.2530 ndcg@40: 0.2952 ] 
2024-11-30 16:15:41,359 - Validation score increased.  Copying the best model ...
2024-11-30 16:15:43,900 - Epoch 114 Test set [recall@10: 0.1791 recall@20: 0.2552 recall@40: 0.3484 ] Test set [ndcg@10: 0.2269 ndcg@20: 0.2539 ndcg@40: 0.2949 ] 
2024-11-30 16:15:43,901 - Validation score increased.  Copying the best model ...
2024-11-30 16:15:49,163 - Epoch 117 Test set [recall@10: 0.1803 recall@20: 0.2551 recall@40: 0.3479 ] Test set [ndcg@10: 0.2278 ndcg@20: 0.2541 ndcg@40: 0.2951 ] 
2024-11-30 16:15:49,164 - Validation score increased.  Copying the best model ...
2024-11-30 16:15:54,512 - Epoch 120 Test set [recall@10: 0.1803 recall@20: 0.2567 recall@40: 0.3493 ] Test set [ndcg@10: 0.2280 ndcg@20: 0.2551 ndcg@40: 0.2960 ] 
2024-11-30 16:15:54,513 - Validation score increased.  Copying the best model ...
2024-11-30 16:15:59,730 - Epoch 123 Test set [recall@10: 0.1805 recall@20: 0.2565 recall@40: 0.3492 ] Test set [ndcg@10: 0.2283 ndcg@20: 0.2551 ndcg@40: 0.2960 ] 
2024-11-30 16:15:59,731 - Validation score increased.  Copying the best model ...
2024-11-30 16:16:02,287 - Epoch 126 Test set [recall@10: 0.1798 recall@20: 0.2559 recall@40: 0.3512 ] Test set [ndcg@10: 0.2272 ndcg@20: 0.2544 ndcg@40: 0.2964 ] 
2024-11-30 16:16:02,287 - Early stop counter: 1 out of 5
2024-11-30 16:16:05,950 - Epoch 129 Test set [recall@10: 0.1806 recall@20: 0.2563 recall@40: 0.3504 ] Test set [ndcg@10: 0.2279 ndcg@20: 0.2550 ndcg@40: 0.2965 ] 
2024-11-30 16:16:05,951 - Validation score increased.  Copying the best model ...
2024-11-30 16:16:10,951 - Epoch 132 Test set [recall@10: 0.1806 recall@20: 0.2580 recall@40: 0.3510 ] Test set [ndcg@10: 0.2289 ndcg@20: 0.2566 ndcg@40: 0.2975 ] 
2024-11-30 16:16:10,952 - Validation score increased.  Copying the best model ...
2024-11-30 16:16:15,875 - Epoch 135 Test set [recall@10: 0.1817 recall@20: 0.2583 recall@40: 0.3509 ] Test set [ndcg@10: 0.2294 ndcg@20: 0.2567 ndcg@40: 0.2975 ] 
2024-11-30 16:16:15,875 - Validation score increased.  Copying the best model ...
2024-11-30 16:16:19,635 - Epoch 138 Test set [recall@10: 0.1829 recall@20: 0.2595 recall@40: 0.3508 ] Test set [ndcg@10: 0.2304 ndcg@20: 0.2574 ndcg@40: 0.2978 ] 
2024-11-30 16:16:19,635 - Validation score increased.  Copying the best model ...
2024-11-30 16:16:22,087 - Epoch 141 Test set [recall@10: 0.1823 recall@20: 0.2602 recall@40: 0.3502 ] Test set [ndcg@10: 0.2307 ndcg@20: 0.2585 ndcg@40: 0.2983 ] 
2024-11-30 16:16:22,087 - Early stop counter: 1 out of 5
2024-11-30 16:16:26,677 - Epoch 144 Test set [recall@10: 0.1828 recall@20: 0.2602 recall@40: 0.3513 ] Test set [ndcg@10: 0.2311 ndcg@20: 0.2585 ndcg@40: 0.2988 ] 
2024-11-30 16:16:26,677 - Early stop counter: 2 out of 5
2024-11-30 16:16:31,668 - Epoch 147 Test set [recall@10: 0.1839 recall@20: 0.2607 recall@40: 0.3505 ] Test set [ndcg@10: 0.2317 ndcg@20: 0.2587 ndcg@40: 0.2985 ] 
2024-11-30 16:16:31,669 - Validation score increased.  Copying the best model ...
2024-11-30 16:16:36,513 - Epoch 150 Test set [recall@10: 0.1822 recall@20: 0.2610 recall@40: 0.3516 ] Test set [ndcg@10: 0.2304 ndcg@20: 0.2587 ndcg@40: 0.2988 ] 
2024-11-30 16:16:36,514 - Early stop counter: 1 out of 5
2024-11-30 16:16:39,631 - Epoch 153 Test set [recall@10: 0.1827 recall@20: 0.2598 recall@40: 0.3511 ] Test set [ndcg@10: 0.2314 ndcg@20: 0.2587 ndcg@40: 0.2991 ] 
2024-11-30 16:16:39,631 - Early stop counter: 2 out of 5
2024-11-30 16:16:42,155 - Epoch 156 Test set [recall@10: 0.1831 recall@20: 0.2600 recall@40: 0.3527 ] Test set [ndcg@10: 0.2321 ndcg@20: 0.2592 ndcg@40: 0.3002 ] 
2024-11-30 16:16:42,155 - Early stop counter: 3 out of 5
2024-11-30 16:16:47,559 - Epoch 159 Test set [recall@10: 0.1843 recall@20: 0.2610 recall@40: 0.3516 ] Test set [ndcg@10: 0.2335 ndcg@20: 0.2601 ndcg@40: 0.3005 ] 
2024-11-30 16:16:47,559 - Validation score increased.  Copying the best model ...
2024-11-30 16:16:52,592 - Epoch 162 Test set [recall@10: 0.1850 recall@20: 0.2617 recall@40: 0.3527 ] Test set [ndcg@10: 0.2337 ndcg@20: 0.2604 ndcg@40: 0.3009 ] 
2024-11-30 16:16:52,593 - Validation score increased.  Copying the best model ...
2024-11-30 16:16:57,704 - Epoch 165 Test set [recall@10: 0.1841 recall@20: 0.2626 recall@40: 0.3528 ] Test set [ndcg@10: 0.2331 ndcg@20: 0.2610 ndcg@40: 0.3011 ] 
2024-11-30 16:16:57,704 - Early stop counter: 1 out of 5
2024-11-30 16:17:00,072 - Epoch 168 Test set [recall@10: 0.1841 recall@20: 0.2628 recall@40: 0.3542 ] Test set [ndcg@10: 0.2332 ndcg@20: 0.2611 ndcg@40: 0.3016 ] 
2024-11-30 16:17:00,072 - Early stop counter: 2 out of 5
2024-11-30 16:17:03,599 - Epoch 171 Test set [recall@10: 0.1838 recall@20: 0.2645 recall@40: 0.3528 ] Test set [ndcg@10: 0.2332 ndcg@20: 0.2620 ndcg@40: 0.3013 ] 
2024-11-30 16:17:03,600 - Early stop counter: 3 out of 5
2024-11-30 16:17:08,672 - Epoch 174 Test set [recall@10: 0.1843 recall@20: 0.2635 recall@40: 0.3532 ] Test set [ndcg@10: 0.2331 ndcg@20: 0.2610 ndcg@40: 0.3010 ] 
2024-11-30 16:17:08,672 - Early stop counter: 4 out of 5
2024-11-30 16:17:13,718 - Epoch 177 Test set [recall@10: 0.1847 recall@20: 0.2634 recall@40: 0.3535 ] Test set [ndcg@10: 0.2337 ndcg@20: 0.2614 ndcg@40: 0.3014 ] 
2024-11-30 16:17:13,718 - Early stop counter: 5 out of 5
2024-11-30 16:17:13,718 - Best Epoch 162
2024-11-30 16:17:14,322 - Test set [recall@10: 0.1850 recall@20: 0.2617 recall@40: 0.3527 ] Test set [ndcg@10: 0.2337 ndcg@20: 0.2604 ndcg@40: 0.3009 ] 
2024-11-30 16:17:14,861 - Test set [recall@10: 0.1850 recall@20: 0.2617 recall@40: 0.3527 ] Test set [ndcg@10: 0.2337 ndcg@20: 0.2604 ndcg@40: 0.3009 ] 
2024-11-30 16:17:14,892 - hyperparameter: {'similarity_threshold': 0.005}
2024-11-30 16:17:17,578 - Epoch   0 Test set [recall@10: 0.0777 recall@20: 0.1060 recall@40: 0.1530 ] Test set [ndcg@10: 0.1002 ndcg@20: 0.1096 ndcg@40: 0.1303 ] 
2024-11-30 16:17:17,579 - Validation score increased.  Copying the best model ...
2024-11-30 16:17:25,723 - Epoch   3 Test set [recall@10: 0.0808 recall@20: 0.1167 recall@40: 0.1742 ] Test set [ndcg@10: 0.1041 ndcg@20: 0.1175 ndcg@40: 0.1427 ] 
2024-11-30 16:17:25,724 - Validation score increased.  Copying the best model ...
2024-11-30 16:17:37,024 - Epoch   6 Test set [recall@10: 0.0929 recall@20: 0.1344 recall@40: 0.1906 ] Test set [ndcg@10: 0.1168 ndcg@20: 0.1321 ndcg@40: 0.1568 ] 
2024-11-30 16:17:37,025 - Validation score increased.  Copying the best model ...
2024-11-30 16:17:45,070 - Epoch   9 Test set [recall@10: 0.1076 recall@20: 0.1532 recall@40: 0.2174 ] Test set [ndcg@10: 0.1364 ndcg@20: 0.1528 ndcg@40: 0.1809 ] 
2024-11-30 16:17:45,070 - Validation score increased.  Copying the best model ...
2024-11-30 16:17:56,853 - Epoch  12 Test set [recall@10: 0.1198 recall@20: 0.1686 recall@40: 0.2385 ] Test set [ndcg@10: 0.1521 ndcg@20: 0.1692 ndcg@40: 0.1999 ] 
2024-11-30 16:17:56,854 - Validation score increased.  Copying the best model ...
2024-11-30 16:18:02,290 - Epoch  15 Test set [recall@10: 0.1284 recall@20: 0.1819 recall@40: 0.2552 ] Test set [ndcg@10: 0.1631 ndcg@20: 0.1819 ndcg@40: 0.2143 ] 
2024-11-30 16:18:02,292 - Validation score increased.  Copying the best model ...
2024-11-30 16:18:13,874 - Epoch  18 Test set [recall@10: 0.1353 recall@20: 0.1904 recall@40: 0.2676 ] Test set [ndcg@10: 0.1719 ndcg@20: 0.1911 ndcg@40: 0.2251 ] 
2024-11-30 16:18:13,875 - Validation score increased.  Copying the best model ...
2024-11-30 16:18:21,843 - Epoch  21 Test set [recall@10: 0.1396 recall@20: 0.1981 recall@40: 0.2769 ] Test set [ndcg@10: 0.1790 ndcg@20: 0.1996 ndcg@40: 0.2342 ] 
2024-11-30 16:18:21,844 - Validation score increased.  Copying the best model ...
2024-11-30 16:18:26,602 - Epoch  24 Test set [recall@10: 0.1434 recall@20: 0.2044 recall@40: 0.2852 ] Test set [ndcg@10: 0.1837 ndcg@20: 0.2052 ndcg@40: 0.2407 ] 
2024-11-30 16:18:26,603 - Validation score increased.  Copying the best model ...
2024-11-30 16:18:31,186 - Epoch  27 Test set [recall@10: 0.1467 recall@20: 0.2087 recall@40: 0.2905 ] Test set [ndcg@10: 0.1877 ndcg@20: 0.2096 ndcg@40: 0.2456 ] 
2024-11-30 16:18:31,187 - Validation score increased.  Copying the best model ...
2024-11-30 16:18:39,150 - Epoch  30 Test set [recall@10: 0.1501 recall@20: 0.2125 recall@40: 0.2973 ] Test set [ndcg@10: 0.1922 ndcg@20: 0.2139 ndcg@40: 0.2512 ] 
2024-11-30 16:18:39,151 - Validation score increased.  Copying the best model ...
2024-11-30 16:18:47,244 - Epoch  33 Test set [recall@10: 0.1524 recall@20: 0.2154 recall@40: 0.3022 ] Test set [ndcg@10: 0.1955 ndcg@20: 0.2175 ndcg@40: 0.2558 ] 
2024-11-30 16:18:47,244 - Validation score increased.  Copying the best model ...
2024-11-30 16:18:58,424 - Epoch  36 Test set [recall@10: 0.1534 recall@20: 0.2170 recall@40: 0.3067 ] Test set [ndcg@10: 0.1970 ndcg@20: 0.2193 ndcg@40: 0.2589 ] 
2024-11-30 16:18:58,424 - Validation score increased.  Copying the best model ...
2024-11-30 16:19:06,497 - Epoch  39 Test set [recall@10: 0.1545 recall@20: 0.2203 recall@40: 0.3094 ] Test set [ndcg@10: 0.1992 ndcg@20: 0.2225 ndcg@40: 0.2618 ] 
2024-11-30 16:19:06,498 - Validation score increased.  Copying the best model ...
2024-11-30 16:19:17,751 - Epoch  42 Test set [recall@10: 0.1562 recall@20: 0.2232 recall@40: 0.3111 ] Test set [ndcg@10: 0.2015 ndcg@20: 0.2253 ndcg@40: 0.2641 ] 
2024-11-30 16:19:17,751 - Validation score increased.  Copying the best model ...
2024-11-30 16:19:25,836 - Epoch  45 Test set [recall@10: 0.1582 recall@20: 0.2252 recall@40: 0.3141 ] Test set [ndcg@10: 0.2039 ndcg@20: 0.2276 ndcg@40: 0.2669 ] 
2024-11-30 16:19:25,837 - Validation score increased.  Copying the best model ...
2024-11-30 16:19:37,226 - Epoch  48 Test set [recall@10: 0.1601 recall@20: 0.2284 recall@40: 0.3176 ] Test set [ndcg@10: 0.2062 ndcg@20: 0.2304 ndcg@40: 0.2696 ] 
2024-11-30 16:19:37,227 - Validation score increased.  Copying the best model ...
2024-11-30 16:19:45,341 - Epoch  51 Test set [recall@10: 0.1615 recall@20: 0.2285 recall@40: 0.3190 ] Test set [ndcg@10: 0.2080 ndcg@20: 0.2316 ndcg@40: 0.2715 ] 
2024-11-30 16:19:45,342 - Validation score increased.  Copying the best model ...
2024-11-30 16:19:56,688 - Epoch  54 Test set [recall@10: 0.1623 recall@20: 0.2321 recall@40: 0.3222 ] Test set [ndcg@10: 0.2088 ndcg@20: 0.2338 ndcg@40: 0.2734 ] 
2024-11-30 16:19:56,688 - Validation score increased.  Copying the best model ...
2024-11-30 16:20:04,761 - Epoch  57 Test set [recall@10: 0.1640 recall@20: 0.2333 recall@40: 0.3235 ] Test set [ndcg@10: 0.2105 ndcg@20: 0.2350 ndcg@40: 0.2747 ] 
2024-11-30 16:20:04,761 - Validation score increased.  Copying the best model ...
2024-11-30 16:20:16,160 - Epoch  60 Test set [recall@10: 0.1658 recall@20: 0.2351 recall@40: 0.3267 ] Test set [ndcg@10: 0.2124 ndcg@20: 0.2367 ndcg@40: 0.2770 ] 
2024-11-30 16:20:16,161 - Validation score increased.  Copying the best model ...
2024-11-30 16:20:21,368 - Epoch  63 Test set [recall@10: 0.1660 recall@20: 0.2355 recall@40: 0.3291 ] Test set [ndcg@10: 0.2126 ndcg@20: 0.2369 ndcg@40: 0.2781 ] 
2024-11-30 16:20:21,369 - Validation score increased.  Copying the best model ...
2024-11-30 16:20:33,009 - Epoch  66 Test set [recall@10: 0.1683 recall@20: 0.2374 recall@40: 0.3310 ] Test set [ndcg@10: 0.2146 ndcg@20: 0.2386 ndcg@40: 0.2799 ] 
2024-11-30 16:20:33,010 - Validation score increased.  Copying the best model ...
2024-11-30 16:20:40,774 - Epoch  69 Test set [recall@10: 0.1679 recall@20: 0.2396 recall@40: 0.3340 ] Test set [ndcg@10: 0.2151 ndcg@20: 0.2404 ndcg@40: 0.2820 ] 
2024-11-30 16:20:40,774 - Early stop counter: 1 out of 5
2024-11-30 16:20:52,287 - Epoch  72 Test set [recall@10: 0.1677 recall@20: 0.2405 recall@40: 0.3354 ] Test set [ndcg@10: 0.2156 ndcg@20: 0.2414 ndcg@40: 0.2832 ] 
2024-11-30 16:20:52,287 - Early stop counter: 2 out of 5
2024-11-30 16:21:00,053 - Epoch  75 Test set [recall@10: 0.1685 recall@20: 0.2425 recall@40: 0.3361 ] Test set [ndcg@10: 0.2161 ndcg@20: 0.2426 ndcg@40: 0.2839 ] 
2024-11-30 16:21:00,054 - Validation score increased.  Copying the best model ...
2024-11-30 16:21:11,518 - Epoch  78 Test set [recall@10: 0.1692 recall@20: 0.2439 recall@40: 0.3379 ] Test set [ndcg@10: 0.2165 ndcg@20: 0.2433 ndcg@40: 0.2847 ] 
2024-11-30 16:21:11,518 - Validation score increased.  Copying the best model ...
2024-11-30 16:21:19,372 - Epoch  81 Test set [recall@10: 0.1696 recall@20: 0.2448 recall@40: 0.3382 ] Test set [ndcg@10: 0.2178 ndcg@20: 0.2447 ndcg@40: 0.2859 ] 
2024-11-30 16:21:19,373 - Validation score increased.  Copying the best model ...
2024-11-30 16:21:30,928 - Epoch  84 Test set [recall@10: 0.1698 recall@20: 0.2448 recall@40: 0.3382 ] Test set [ndcg@10: 0.2181 ndcg@20: 0.2449 ndcg@40: 0.2862 ] 
2024-11-30 16:21:30,929 - Validation score increased.  Copying the best model ...
2024-11-30 16:21:38,715 - Epoch  87 Test set [recall@10: 0.1700 recall@20: 0.2474 recall@40: 0.3413 ] Test set [ndcg@10: 0.2188 ndcg@20: 0.2466 ndcg@40: 0.2880 ] 
2024-11-30 16:21:38,715 - Validation score increased.  Copying the best model ...
2024-11-30 16:21:50,100 - Epoch  90 Test set [recall@10: 0.1711 recall@20: 0.2472 recall@40: 0.3414 ] Test set [ndcg@10: 0.2199 ndcg@20: 0.2471 ndcg@40: 0.2886 ] 
2024-11-30 16:21:50,101 - Validation score increased.  Copying the best model ...
2024-11-30 16:21:58,177 - Epoch  93 Test set [recall@10: 0.1734 recall@20: 0.2477 recall@40: 0.3428 ] Test set [ndcg@10: 0.2213 ndcg@20: 0.2476 ndcg@40: 0.2896 ] 
2024-11-30 16:21:58,178 - Validation score increased.  Copying the best model ...
2024-11-30 16:22:09,484 - Epoch  96 Test set [recall@10: 0.1742 recall@20: 0.2492 recall@40: 0.3445 ] Test set [ndcg@10: 0.2224 ndcg@20: 0.2490 ndcg@40: 0.2910 ] 
2024-11-30 16:22:09,484 - Validation score increased.  Copying the best model ...
2024-11-30 16:22:17,357 - Epoch  99 Test set [recall@10: 0.1745 recall@20: 0.2506 recall@40: 0.3459 ] Test set [ndcg@10: 0.2232 ndcg@20: 0.2501 ndcg@40: 0.2922 ] 
2024-11-30 16:22:17,358 - Validation score increased.  Copying the best model ...
2024-11-30 16:22:28,736 - Epoch 102 Test set [recall@10: 0.1752 recall@20: 0.2524 recall@40: 0.3467 ] Test set [ndcg@10: 0.2245 ndcg@20: 0.2517 ndcg@40: 0.2934 ] 
2024-11-30 16:22:28,737 - Validation score increased.  Copying the best model ...
2024-11-30 16:22:36,824 - Epoch 105 Test set [recall@10: 0.1764 recall@20: 0.2540 recall@40: 0.3477 ] Test set [ndcg@10: 0.2250 ndcg@20: 0.2525 ndcg@40: 0.2939 ] 
2024-11-30 16:22:36,825 - Validation score increased.  Copying the best model ...
2024-11-30 16:22:48,130 - Epoch 108 Test set [recall@10: 0.1772 recall@20: 0.2531 recall@40: 0.3481 ] Test set [ndcg@10: 0.2251 ndcg@20: 0.2521 ndcg@40: 0.2940 ] 
2024-11-30 16:22:48,130 - Validation score increased.  Copying the best model ...
2024-11-30 16:22:56,601 - Epoch 111 Test set [recall@10: 0.1784 recall@20: 0.2538 recall@40: 0.3495 ] Test set [ndcg@10: 0.2263 ndcg@20: 0.2530 ndcg@40: 0.2953 ] 
2024-11-30 16:22:56,601 - Validation score increased.  Copying the best model ...
2024-11-30 16:23:06,415 - Epoch 114 Test set [recall@10: 0.1788 recall@20: 0.2551 recall@40: 0.3484 ] Test set [ndcg@10: 0.2268 ndcg@20: 0.2539 ndcg@40: 0.2949 ] 
2024-11-30 16:23:06,415 - Validation score increased.  Copying the best model ...
2024-11-30 16:23:15,620 - Epoch 117 Test set [recall@10: 0.1803 recall@20: 0.2551 recall@40: 0.3478 ] Test set [ndcg@10: 0.2278 ndcg@20: 0.2541 ndcg@40: 0.2951 ] 
2024-11-30 16:23:15,620 - Validation score increased.  Copying the best model ...
2024-11-30 16:23:24,588 - Epoch 120 Test set [recall@10: 0.1803 recall@20: 0.2567 recall@40: 0.3493 ] Test set [ndcg@10: 0.2280 ndcg@20: 0.2551 ndcg@40: 0.2960 ] 
2024-11-30 16:23:24,589 - Validation score increased.  Copying the best model ...
2024-11-30 16:23:34,779 - Epoch 123 Test set [recall@10: 0.1805 recall@20: 0.2565 recall@40: 0.3492 ] Test set [ndcg@10: 0.2283 ndcg@20: 0.2551 ndcg@40: 0.2960 ] 
2024-11-30 16:23:34,780 - Validation score increased.  Copying the best model ...
2024-11-30 16:23:43,362 - Epoch 126 Test set [recall@10: 0.1798 recall@20: 0.2558 recall@40: 0.3512 ] Test set [ndcg@10: 0.2273 ndcg@20: 0.2544 ndcg@40: 0.2964 ] 
2024-11-30 16:23:43,362 - Early stop counter: 1 out of 5
2024-11-30 16:23:53,953 - Epoch 129 Test set [recall@10: 0.1807 recall@20: 0.2563 recall@40: 0.3505 ] Test set [ndcg@10: 0.2279 ndcg@20: 0.2550 ndcg@40: 0.2966 ] 
2024-11-30 16:23:53,954 - Validation score increased.  Copying the best model ...
2024-11-30 16:24:02,275 - Epoch 132 Test set [recall@10: 0.1805 recall@20: 0.2581 recall@40: 0.3509 ] Test set [ndcg@10: 0.2288 ndcg@20: 0.2566 ndcg@40: 0.2975 ] 
2024-11-30 16:24:02,275 - Early stop counter: 1 out of 5
2024-11-30 16:24:13,268 - Epoch 135 Test set [recall@10: 0.1817 recall@20: 0.2583 recall@40: 0.3509 ] Test set [ndcg@10: 0.2294 ndcg@20: 0.2567 ndcg@40: 0.2975 ] 
2024-11-30 16:24:13,269 - Validation score increased.  Copying the best model ...
2024-11-30 16:24:21,305 - Epoch 138 Test set [recall@10: 0.1829 recall@20: 0.2595 recall@40: 0.3508 ] Test set [ndcg@10: 0.2304 ndcg@20: 0.2575 ndcg@40: 0.2978 ] 
2024-11-30 16:24:21,306 - Validation score increased.  Copying the best model ...
2024-11-30 16:24:32,565 - Epoch 141 Test set [recall@10: 0.1823 recall@20: 0.2601 recall@40: 0.3502 ] Test set [ndcg@10: 0.2307 ndcg@20: 0.2584 ndcg@40: 0.2983 ] 
2024-11-30 16:24:32,566 - Early stop counter: 1 out of 5
2024-11-30 16:24:40,656 - Epoch 144 Test set [recall@10: 0.1828 recall@20: 0.2601 recall@40: 0.3513 ] Test set [ndcg@10: 0.2310 ndcg@20: 0.2584 ndcg@40: 0.2987 ] 
2024-11-30 16:24:40,656 - Early stop counter: 2 out of 5
2024-11-30 16:24:52,031 - Epoch 147 Test set [recall@10: 0.1838 recall@20: 0.2607 recall@40: 0.3505 ] Test set [ndcg@10: 0.2317 ndcg@20: 0.2587 ndcg@40: 0.2985 ] 
2024-11-30 16:24:52,031 - Validation score increased.  Copying the best model ...
2024-11-30 16:25:00,194 - Epoch 150 Test set [recall@10: 0.1822 recall@20: 0.2610 recall@40: 0.3516 ] Test set [ndcg@10: 0.2305 ndcg@20: 0.2587 ndcg@40: 0.2988 ] 
2024-11-30 16:25:00,194 - Early stop counter: 1 out of 5
2024-11-30 16:25:11,797 - Epoch 153 Test set [recall@10: 0.1827 recall@20: 0.2598 recall@40: 0.3511 ] Test set [ndcg@10: 0.2314 ndcg@20: 0.2587 ndcg@40: 0.2991 ] 
2024-11-30 16:25:11,797 - Early stop counter: 2 out of 5
2024-11-30 16:25:17,051 - Epoch 156 Test set [recall@10: 0.1831 recall@20: 0.2599 recall@40: 0.3526 ] Test set [ndcg@10: 0.2321 ndcg@20: 0.2591 ndcg@40: 0.3002 ] 
2024-11-30 16:25:17,051 - Early stop counter: 3 out of 5
2024-11-30 16:25:28,635 - Epoch 159 Test set [recall@10: 0.1843 recall@20: 0.2609 recall@40: 0.3516 ] Test set [ndcg@10: 0.2335 ndcg@20: 0.2601 ndcg@40: 0.3005 ] 
2024-11-30 16:25:28,636 - Validation score increased.  Copying the best model ...
2024-11-30 16:25:36,567 - Epoch 162 Test set [recall@10: 0.1850 recall@20: 0.2617 recall@40: 0.3526 ] Test set [ndcg@10: 0.2336 ndcg@20: 0.2603 ndcg@40: 0.3008 ] 
2024-11-30 16:25:36,568 - Validation score increased.  Copying the best model ...
2024-11-30 16:25:47,863 - Epoch 165 Test set [recall@10: 0.1841 recall@20: 0.2626 recall@40: 0.3528 ] Test set [ndcg@10: 0.2332 ndcg@20: 0.2610 ndcg@40: 0.3011 ] 
2024-11-30 16:25:47,863 - Early stop counter: 1 out of 5
2024-11-30 16:25:56,011 - Epoch 168 Test set [recall@10: 0.1842 recall@20: 0.2628 recall@40: 0.3542 ] Test set [ndcg@10: 0.2332 ndcg@20: 0.2610 ndcg@40: 0.3016 ] 
2024-11-30 16:25:56,011 - Early stop counter: 2 out of 5
2024-11-30 16:26:07,373 - Epoch 171 Test set [recall@10: 0.1838 recall@20: 0.2646 recall@40: 0.3528 ] Test set [ndcg@10: 0.2332 ndcg@20: 0.2620 ndcg@40: 0.3013 ] 
2024-11-30 16:26:07,373 - Early stop counter: 3 out of 5
2024-11-30 16:26:15,495 - Epoch 174 Test set [recall@10: 0.1843 recall@20: 0.2635 recall@40: 0.3532 ] Test set [ndcg@10: 0.2332 ndcg@20: 0.2610 ndcg@40: 0.3010 ] 
2024-11-30 16:26:15,495 - Early stop counter: 4 out of 5
2024-11-30 16:26:26,882 - Epoch 177 Test set [recall@10: 0.1847 recall@20: 0.2634 recall@40: 0.3535 ] Test set [ndcg@10: 0.2337 ndcg@20: 0.2614 ndcg@40: 0.3014 ] 
2024-11-30 16:26:26,882 - Early stop counter: 5 out of 5
2024-11-30 16:26:26,882 - Best Epoch 162
2024-11-30 16:26:27,708 - Test set [recall@10: 0.1850 recall@20: 0.2617 recall@40: 0.3526 ] Test set [ndcg@10: 0.2336 ndcg@20: 0.2603 ndcg@40: 0.3008 ] 
2024-11-30 16:26:28,561 - Test set [recall@10: 0.1850 recall@20: 0.2617 recall@40: 0.3526 ] Test set [ndcg@10: 0.2336 ndcg@20: 0.2603 ndcg@40: 0.3008 ] 
2024-11-30 16:26:28,590 - hyperparameter: {'similarity_threshold': 0.01}
2024-11-30 16:26:33,741 - Epoch   0 Test set [recall@10: 0.0777 recall@20: 0.1060 recall@40: 0.1531 ] Test set [ndcg@10: 0.1002 ndcg@20: 0.1096 ndcg@40: 0.1303 ] 
2024-11-30 16:26:33,742 - Validation score increased.  Copying the best model ...
2024-11-30 16:26:51,564 - Epoch   3 Test set [recall@10: 0.0808 recall@20: 0.1167 recall@40: 0.1742 ] Test set [ndcg@10: 0.1041 ndcg@20: 0.1175 ndcg@40: 0.1427 ] 
2024-11-30 16:26:51,565 - Validation score increased.  Copying the best model ...
2024-11-30 16:27:05,897 - Epoch   6 Test set [recall@10: 0.0929 recall@20: 0.1344 recall@40: 0.1906 ] Test set [ndcg@10: 0.1168 ndcg@20: 0.1321 ndcg@40: 0.1568 ] 
2024-11-30 16:27:05,897 - Validation score increased.  Copying the best model ...
2024-11-30 16:27:20,054 - Epoch   9 Test set [recall@10: 0.1076 recall@20: 0.1532 recall@40: 0.2174 ] Test set [ndcg@10: 0.1364 ndcg@20: 0.1528 ndcg@40: 0.1810 ] 
2024-11-30 16:27:20,054 - Validation score increased.  Copying the best model ...
2024-11-30 16:27:34,789 - Epoch  12 Test set [recall@10: 0.1198 recall@20: 0.1686 recall@40: 0.2385 ] Test set [ndcg@10: 0.1520 ndcg@20: 0.1691 ndcg@40: 0.1999 ] 
2024-11-30 16:27:34,790 - Validation score increased.  Copying the best model ...
2024-11-30 16:27:52,790 - Epoch  15 Test set [recall@10: 0.1284 recall@20: 0.1819 recall@40: 0.2552 ] Test set [ndcg@10: 0.1631 ndcg@20: 0.1819 ndcg@40: 0.2143 ] 
2024-11-30 16:27:52,791 - Validation score increased.  Copying the best model ...
2024-11-30 16:28:09,444 - Epoch  18 Test set [recall@10: 0.1353 recall@20: 0.1904 recall@40: 0.2677 ] Test set [ndcg@10: 0.1719 ndcg@20: 0.1911 ndcg@40: 0.2251 ] 
2024-11-30 16:28:09,445 - Validation score increased.  Copying the best model ...
2024-11-30 16:28:23,982 - Epoch  21 Test set [recall@10: 0.1396 recall@20: 0.1981 recall@40: 0.2769 ] Test set [ndcg@10: 0.1790 ndcg@20: 0.1996 ndcg@40: 0.2342 ] 
2024-11-30 16:28:23,983 - Validation score increased.  Copying the best model ...
2024-11-30 16:28:38,993 - Epoch  24 Test set [recall@10: 0.1434 recall@20: 0.2044 recall@40: 0.2852 ] Test set [ndcg@10: 0.1837 ndcg@20: 0.2052 ndcg@40: 0.2407 ] 
2024-11-30 16:28:38,994 - Validation score increased.  Copying the best model ...
2024-11-30 16:28:53,448 - Epoch  27 Test set [recall@10: 0.1467 recall@20: 0.2087 recall@40: 0.2905 ] Test set [ndcg@10: 0.1877 ndcg@20: 0.2096 ndcg@40: 0.2456 ] 
2024-11-30 16:28:53,449 - Validation score increased.  Copying the best model ...
2024-11-30 16:29:11,217 - Epoch  30 Test set [recall@10: 0.1501 recall@20: 0.2125 recall@40: 0.2974 ] Test set [ndcg@10: 0.1922 ndcg@20: 0.2139 ndcg@40: 0.2512 ] 
2024-11-30 16:29:11,217 - Validation score increased.  Copying the best model ...
2024-11-30 16:29:29,164 - Epoch  33 Test set [recall@10: 0.1524 recall@20: 0.2154 recall@40: 0.3021 ] Test set [ndcg@10: 0.1955 ndcg@20: 0.2175 ndcg@40: 0.2558 ] 
2024-11-30 16:29:29,164 - Validation score increased.  Copying the best model ...
2024-11-30 16:29:36,517 - Epoch  36 Test set [recall@10: 0.1535 recall@20: 0.2170 recall@40: 0.3067 ] Test set [ndcg@10: 0.1970 ndcg@20: 0.2193 ndcg@40: 0.2589 ] 
2024-11-30 16:29:36,517 - Validation score increased.  Copying the best model ...
2024-11-30 16:29:47,327 - Epoch  39 Test set [recall@10: 0.1545 recall@20: 0.2203 recall@40: 0.3094 ] Test set [ndcg@10: 0.1992 ndcg@20: 0.2225 ndcg@40: 0.2618 ] 
2024-11-30 16:29:47,328 - Validation score increased.  Copying the best model ...
2024-11-30 16:30:05,070 - Epoch  42 Test set [recall@10: 0.1563 recall@20: 0.2232 recall@40: 0.3111 ] Test set [ndcg@10: 0.2015 ndcg@20: 0.2253 ndcg@40: 0.2641 ] 
2024-11-30 16:30:05,071 - Validation score increased.  Copying the best model ...
2024-11-30 16:30:19,829 - Epoch  45 Test set [recall@10: 0.1582 recall@20: 0.2252 recall@40: 0.3141 ] Test set [ndcg@10: 0.2039 ndcg@20: 0.2276 ndcg@40: 0.2669 ] 
2024-11-30 16:30:19,829 - Validation score increased.  Copying the best model ...
2024-11-30 16:30:33,975 - Epoch  48 Test set [recall@10: 0.1601 recall@20: 0.2284 recall@40: 0.3176 ] Test set [ndcg@10: 0.2062 ndcg@20: 0.2304 ndcg@40: 0.2696 ] 
2024-11-30 16:30:33,976 - Validation score increased.  Copying the best model ...
2024-11-30 16:30:47,757 - Epoch  51 Test set [recall@10: 0.1615 recall@20: 0.2285 recall@40: 0.3190 ] Test set [ndcg@10: 0.2080 ndcg@20: 0.2316 ndcg@40: 0.2715 ] 
2024-11-30 16:30:47,758 - Validation score increased.  Copying the best model ...
2024-11-30 16:31:04,299 - Epoch  54 Test set [recall@10: 0.1623 recall@20: 0.2321 recall@40: 0.3222 ] Test set [ndcg@10: 0.2088 ndcg@20: 0.2338 ndcg@40: 0.2734 ] 
2024-11-30 16:31:04,300 - Validation score increased.  Copying the best model ...
2024-11-30 16:31:22,074 - Epoch  57 Test set [recall@10: 0.1640 recall@20: 0.2333 recall@40: 0.3235 ] Test set [ndcg@10: 0.2105 ndcg@20: 0.2350 ndcg@40: 0.2747 ] 
2024-11-30 16:31:22,075 - Validation score increased.  Copying the best model ...
2024-11-30 16:31:29,417 - Epoch  60 Test set [recall@10: 0.1657 recall@20: 0.2351 recall@40: 0.3267 ] Test set [ndcg@10: 0.2124 ndcg@20: 0.2367 ndcg@40: 0.2770 ] 
2024-11-30 16:31:29,418 - Validation score increased.  Copying the best model ...
2024-11-30 16:31:40,235 - Epoch  63 Test set [recall@10: 0.1660 recall@20: 0.2356 recall@40: 0.3291 ] Test set [ndcg@10: 0.2126 ndcg@20: 0.2369 ndcg@40: 0.2782 ] 
2024-11-30 16:31:40,236 - Validation score increased.  Copying the best model ...
2024-11-30 16:31:58,141 - Epoch  66 Test set [recall@10: 0.1682 recall@20: 0.2374 recall@40: 0.3310 ] Test set [ndcg@10: 0.2145 ndcg@20: 0.2386 ndcg@40: 0.2799 ] 
2024-11-30 16:31:58,142 - Validation score increased.  Copying the best model ...
2024-11-30 16:32:15,777 - Epoch  69 Test set [recall@10: 0.1679 recall@20: 0.2396 recall@40: 0.3340 ] Test set [ndcg@10: 0.2151 ndcg@20: 0.2404 ndcg@40: 0.2820 ] 
2024-11-30 16:32:15,777 - Early stop counter: 1 out of 5
2024-11-30 16:32:30,348 - Epoch  72 Test set [recall@10: 0.1677 recall@20: 0.2405 recall@40: 0.3354 ] Test set [ndcg@10: 0.2156 ndcg@20: 0.2414 ndcg@40: 0.2832 ] 
2024-11-30 16:32:30,349 - Early stop counter: 2 out of 5
2024-11-30 16:32:44,925 - Epoch  75 Test set [recall@10: 0.1684 recall@20: 0.2425 recall@40: 0.3361 ] Test set [ndcg@10: 0.2161 ndcg@20: 0.2426 ndcg@40: 0.2839 ] 
2024-11-30 16:32:44,926 - Validation score increased.  Copying the best model ...
2024-11-30 16:32:59,044 - Epoch  78 Test set [recall@10: 0.1692 recall@20: 0.2439 recall@40: 0.3379 ] Test set [ndcg@10: 0.2165 ndcg@20: 0.2432 ndcg@40: 0.2847 ] 
2024-11-30 16:32:59,045 - Validation score increased.  Copying the best model ...
2024-11-30 16:33:16,394 - Epoch  81 Test set [recall@10: 0.1696 recall@20: 0.2448 recall@40: 0.3382 ] Test set [ndcg@10: 0.2178 ndcg@20: 0.2447 ndcg@40: 0.2859 ] 
2024-11-30 16:33:16,395 - Validation score increased.  Copying the best model ...
2024-11-30 16:33:34,077 - Epoch  84 Test set [recall@10: 0.1697 recall@20: 0.2447 recall@40: 0.3382 ] Test set [ndcg@10: 0.2180 ndcg@20: 0.2449 ndcg@40: 0.2862 ] 
2024-11-30 16:33:34,077 - Validation score increased.  Copying the best model ...
2024-11-30 16:33:51,789 - Epoch  87 Test set [recall@10: 0.1700 recall@20: 0.2474 recall@40: 0.3413 ] Test set [ndcg@10: 0.2188 ndcg@20: 0.2466 ndcg@40: 0.2880 ] 
2024-11-30 16:33:51,790 - Validation score increased.  Copying the best model ...
2024-11-30 16:34:06,289 - Epoch  90 Test set [recall@10: 0.1710 recall@20: 0.2472 recall@40: 0.3414 ] Test set [ndcg@10: 0.2198 ndcg@20: 0.2470 ndcg@40: 0.2886 ] 
2024-11-30 16:34:06,290 - Validation score increased.  Copying the best model ...
2024-11-30 16:34:21,073 - Epoch  93 Test set [recall@10: 0.1734 recall@20: 0.2477 recall@40: 0.3430 ] Test set [ndcg@10: 0.2213 ndcg@20: 0.2476 ndcg@40: 0.2896 ] 
2024-11-30 16:34:21,074 - Validation score increased.  Copying the best model ...
2024-11-30 16:34:34,762 - Epoch  96 Test set [recall@10: 0.1742 recall@20: 0.2491 recall@40: 0.3446 ] Test set [ndcg@10: 0.2224 ndcg@20: 0.2489 ndcg@40: 0.2911 ] 
2024-11-30 16:34:34,763 - Validation score increased.  Copying the best model ...
2024-11-30 16:34:51,744 - Epoch  99 Test set [recall@10: 0.1746 recall@20: 0.2506 recall@40: 0.3459 ] Test set [ndcg@10: 0.2233 ndcg@20: 0.2501 ndcg@40: 0.2922 ] 
2024-11-30 16:34:51,745 - Validation score increased.  Copying the best model ...
2024-11-30 16:35:09,611 - Epoch 102 Test set [recall@10: 0.1751 recall@20: 0.2524 recall@40: 0.3467 ] Test set [ndcg@10: 0.2244 ndcg@20: 0.2517 ndcg@40: 0.2934 ] 
2024-11-30 16:35:09,612 - Validation score increased.  Copying the best model ...
2024-11-30 16:35:27,463 - Epoch 105 Test set [recall@10: 0.1763 recall@20: 0.2540 recall@40: 0.3477 ] Test set [ndcg@10: 0.2250 ndcg@20: 0.2525 ndcg@40: 0.2939 ] 
2024-11-30 16:35:27,464 - Validation score increased.  Copying the best model ...
2024-11-30 16:35:42,300 - Epoch 108 Test set [recall@10: 0.1772 recall@20: 0.2531 recall@40: 0.3480 ] Test set [ndcg@10: 0.2250 ndcg@20: 0.2521 ndcg@40: 0.2939 ] 
2024-11-30 16:35:42,301 - Validation score increased.  Copying the best model ...
2024-11-30 16:35:56,366 - Epoch 111 Test set [recall@10: 0.1784 recall@20: 0.2539 recall@40: 0.3495 ] Test set [ndcg@10: 0.2263 ndcg@20: 0.2530 ndcg@40: 0.2952 ] 
2024-11-30 16:35:56,367 - Validation score increased.  Copying the best model ...
2024-11-30 16:36:10,315 - Epoch 114 Test set [recall@10: 0.1788 recall@20: 0.2552 recall@40: 0.3484 ] Test set [ndcg@10: 0.2268 ndcg@20: 0.2539 ndcg@40: 0.2949 ] 
2024-11-30 16:36:10,315 - Validation score increased.  Copying the best model ...
2024-11-30 16:36:27,494 - Epoch 117 Test set [recall@10: 0.1803 recall@20: 0.2551 recall@40: 0.3478 ] Test set [ndcg@10: 0.2278 ndcg@20: 0.2541 ndcg@40: 0.2951 ] 
2024-11-30 16:36:27,494 - Validation score increased.  Copying the best model ...
2024-11-30 16:36:45,173 - Epoch 120 Test set [recall@10: 0.1803 recall@20: 0.2567 recall@40: 0.3493 ] Test set [ndcg@10: 0.2280 ndcg@20: 0.2551 ndcg@40: 0.2960 ] 
2024-11-30 16:36:45,174 - Validation score increased.  Copying the best model ...
2024-11-30 16:37:02,396 - Epoch 123 Test set [recall@10: 0.1805 recall@20: 0.2565 recall@40: 0.3493 ] Test set [ndcg@10: 0.2282 ndcg@20: 0.2551 ndcg@40: 0.2961 ] 
2024-11-30 16:37:02,396 - Validation score increased.  Copying the best model ...
2024-11-30 16:37:16,562 - Epoch 126 Test set [recall@10: 0.1798 recall@20: 0.2559 recall@40: 0.3512 ] Test set [ndcg@10: 0.2273 ndcg@20: 0.2544 ndcg@40: 0.2964 ] 
2024-11-30 16:37:16,562 - Early stop counter: 1 out of 5
2024-11-30 16:37:30,399 - Epoch 129 Test set [recall@10: 0.1807 recall@20: 0.2563 recall@40: 0.3505 ] Test set [ndcg@10: 0.2279 ndcg@20: 0.2550 ndcg@40: 0.2966 ] 
2024-11-30 16:37:30,400 - Validation score increased.  Copying the best model ...
2024-11-30 16:37:45,231 - Epoch 132 Test set [recall@10: 0.1805 recall@20: 0.2581 recall@40: 0.3509 ] Test set [ndcg@10: 0.2288 ndcg@20: 0.2566 ndcg@40: 0.2975 ] 
2024-11-30 16:37:45,231 - Early stop counter: 1 out of 5
2024-11-30 16:38:03,015 - Epoch 135 Test set [recall@10: 0.1817 recall@20: 0.2583 recall@40: 0.3509 ] Test set [ndcg@10: 0.2294 ndcg@20: 0.2567 ndcg@40: 0.2975 ] 
2024-11-30 16:38:03,015 - Validation score increased.  Copying the best model ...
2024-11-30 16:38:20,707 - Epoch 138 Test set [recall@10: 0.1829 recall@20: 0.2595 recall@40: 0.3509 ] Test set [ndcg@10: 0.2304 ndcg@20: 0.2574 ndcg@40: 0.2978 ] 
2024-11-30 16:38:20,708 - Validation score increased.  Copying the best model ...
2024-11-30 16:38:36,601 - Epoch 141 Test set [recall@10: 0.1823 recall@20: 0.2601 recall@40: 0.3502 ] Test set [ndcg@10: 0.2307 ndcg@20: 0.2584 ndcg@40: 0.2983 ] 
2024-11-30 16:38:36,602 - Early stop counter: 1 out of 5
2024-11-30 16:38:50,535 - Epoch 144 Test set [recall@10: 0.1828 recall@20: 0.2602 recall@40: 0.3513 ] Test set [ndcg@10: 0.2311 ndcg@20: 0.2585 ndcg@40: 0.2988 ] 
2024-11-30 16:38:50,535 - Early stop counter: 2 out of 5
2024-11-30 16:39:04,852 - Epoch 147 Test set [recall@10: 0.1838 recall@20: 0.2607 recall@40: 0.3505 ] Test set [ndcg@10: 0.2316 ndcg@20: 0.2586 ndcg@40: 0.2984 ] 
2024-11-30 16:39:04,852 - Validation score increased.  Copying the best model ...
2024-11-30 16:39:20,707 - Epoch 150 Test set [recall@10: 0.1822 recall@20: 0.2609 recall@40: 0.3516 ] Test set [ndcg@10: 0.2304 ndcg@20: 0.2587 ndcg@40: 0.2987 ] 
2024-11-30 16:39:20,708 - Early stop counter: 1 out of 5
2024-11-30 16:39:38,747 - Epoch 153 Test set [recall@10: 0.1827 recall@20: 0.2598 recall@40: 0.3511 ] Test set [ndcg@10: 0.2314 ndcg@20: 0.2587 ndcg@40: 0.2991 ] 
2024-11-30 16:39:38,747 - Early stop counter: 2 out of 5
2024-11-30 16:39:56,821 - Epoch 156 Test set [recall@10: 0.1831 recall@20: 0.2599 recall@40: 0.3527 ] Test set [ndcg@10: 0.2320 ndcg@20: 0.2591 ndcg@40: 0.3002 ] 
2024-11-30 16:39:56,822 - Early stop counter: 3 out of 5
2024-11-30 16:40:11,443 - Epoch 159 Test set [recall@10: 0.1843 recall@20: 0.2610 recall@40: 0.3516 ] Test set [ndcg@10: 0.2335 ndcg@20: 0.2601 ndcg@40: 0.3005 ] 
2024-11-30 16:40:11,443 - Validation score increased.  Copying the best model ...
2024-11-30 16:40:26,542 - Epoch 162 Test set [recall@10: 0.1850 recall@20: 0.2617 recall@40: 0.3527 ] Test set [ndcg@10: 0.2336 ndcg@20: 0.2603 ndcg@40: 0.3008 ] 
2024-11-30 16:40:26,542 - Validation score increased.  Copying the best model ...
2024-11-30 16:40:41,488 - Epoch 165 Test set [recall@10: 0.1841 recall@20: 0.2626 recall@40: 0.3528 ] Test set [ndcg@10: 0.2331 ndcg@20: 0.2610 ndcg@40: 0.3011 ] 
2024-11-30 16:40:41,488 - Early stop counter: 1 out of 5
2024-11-30 16:40:57,110 - Epoch 168 Test set [recall@10: 0.1841 recall@20: 0.2629 recall@40: 0.3542 ] Test set [ndcg@10: 0.2332 ndcg@20: 0.2611 ndcg@40: 0.3016 ] 
2024-11-30 16:40:57,111 - Early stop counter: 2 out of 5
2024-11-30 16:41:14,947 - Epoch 171 Test set [recall@10: 0.1838 recall@20: 0.2646 recall@40: 0.3528 ] Test set [ndcg@10: 0.2332 ndcg@20: 0.2620 ndcg@40: 0.3013 ] 
2024-11-30 16:41:14,947 - Early stop counter: 3 out of 5
2024-11-30 16:41:32,767 - Epoch 174 Test set [recall@10: 0.1843 recall@20: 0.2635 recall@40: 0.3532 ] Test set [ndcg@10: 0.2332 ndcg@20: 0.2610 ndcg@40: 0.3010 ] 
2024-11-30 16:41:32,767 - Early stop counter: 4 out of 5
2024-11-30 16:41:50,520 - Epoch 177 Test set [recall@10: 0.1847 recall@20: 0.2634 recall@40: 0.3535 ] Test set [ndcg@10: 0.2337 ndcg@20: 0.2614 ndcg@40: 0.3014 ] 
2024-11-30 16:41:50,521 - Early stop counter: 5 out of 5
2024-11-30 16:41:50,521 - Best Epoch 162
2024-11-30 16:41:51,185 - Test set [recall@10: 0.1850 recall@20: 0.2617 recall@40: 0.3527 ] Test set [ndcg@10: 0.2336 ndcg@20: 0.2603 ndcg@40: 0.3008 ] 
2024-11-30 16:41:51,721 - Test set [recall@10: 0.1850 recall@20: 0.2617 recall@40: 0.3527 ] Test set [ndcg@10: 0.2336 ndcg@20: 0.2603 ndcg@40: 0.3008 ] 
2024-11-30 16:41:51,751 - hyperparameter: {'similarity_threshold': 0.05}
2024-11-30 16:42:12,885 - Epoch   0 Test set [recall@10: 0.0777 recall@20: 0.1060 recall@40: 0.1531 ] Test set [ndcg@10: 0.1002 ndcg@20: 0.1096 ndcg@40: 0.1303 ] 
2024-11-30 16:42:12,885 - Validation score increased.  Copying the best model ...
2024-11-30 16:43:06,746 - Epoch   3 Test set [recall@10: 0.0808 recall@20: 0.1167 recall@40: 0.1742 ] Test set [ndcg@10: 0.1041 ndcg@20: 0.1175 ndcg@40: 0.1427 ] 
2024-11-30 16:43:06,747 - Validation score increased.  Copying the best model ...
2024-11-30 16:44:14,964 - Epoch   6 Test set [recall@10: 0.0929 recall@20: 0.1344 recall@40: 0.1906 ] Test set [ndcg@10: 0.1168 ndcg@20: 0.1321 ndcg@40: 0.1568 ] 
2024-11-30 16:44:14,964 - Validation score increased.  Copying the best model ...
2024-11-30 16:45:19,299 - Epoch   9 Test set [recall@10: 0.1076 recall@20: 0.1532 recall@40: 0.2174 ] Test set [ndcg@10: 0.1364 ndcg@20: 0.1528 ndcg@40: 0.1809 ] 
2024-11-30 16:45:19,300 - Validation score increased.  Copying the best model ...
2024-11-30 16:46:29,321 - Epoch  12 Test set [recall@10: 0.1198 recall@20: 0.1686 recall@40: 0.2385 ] Test set [ndcg@10: 0.1521 ndcg@20: 0.1691 ndcg@40: 0.1999 ] 
2024-11-30 16:46:29,322 - Validation score increased.  Copying the best model ...
2024-11-30 16:47:32,393 - Epoch  15 Test set [recall@10: 0.1284 recall@20: 0.1819 recall@40: 0.2552 ] Test set [ndcg@10: 0.1631 ndcg@20: 0.1819 ndcg@40: 0.2143 ] 
2024-11-30 16:47:32,393 - Validation score increased.  Copying the best model ...
2024-11-30 16:48:43,325 - Epoch  18 Test set [recall@10: 0.1353 recall@20: 0.1904 recall@40: 0.2677 ] Test set [ndcg@10: 0.1719 ndcg@20: 0.1912 ndcg@40: 0.2252 ] 
2024-11-30 16:48:43,326 - Validation score increased.  Copying the best model ...
2024-11-30 16:49:44,882 - Epoch  21 Test set [recall@10: 0.1396 recall@20: 0.1981 recall@40: 0.2769 ] Test set [ndcg@10: 0.1790 ndcg@20: 0.1996 ndcg@40: 0.2342 ] 
2024-11-30 16:49:44,883 - Validation score increased.  Copying the best model ...
2024-11-30 16:50:54,033 - Epoch  24 Test set [recall@10: 0.1434 recall@20: 0.2044 recall@40: 0.2852 ] Test set [ndcg@10: 0.1837 ndcg@20: 0.2052 ndcg@40: 0.2407 ] 
2024-11-30 16:50:54,033 - Validation score increased.  Copying the best model ...
2024-11-30 16:51:58,035 - Epoch  27 Test set [recall@10: 0.1467 recall@20: 0.2087 recall@40: 0.2905 ] Test set [ndcg@10: 0.1877 ndcg@20: 0.2096 ndcg@40: 0.2456 ] 
2024-11-30 16:51:58,036 - Validation score increased.  Copying the best model ...
