2024-11-30 14:40:25,536 - {'optimizer': {'name': 'adam', 'lr': 0.001, 'weight_decay': 0}, 'train': {'epoch': 500, 'batch_size': 4096, 'save_model': False, 'loss': 'pairwise', 'log_loss': False, 'test_step': 3, 'patience': 5, 'reproducible': True, 'seed': 2023, 'early_stop': True}, 'test': {'metrics': ['recall', 'ndcg'], 'k': [10, 20, 40], 'batch_size': 1024}, 'data': {'type': 'social', 'name': 'lastfm', 'user_num': 1892, 'item_num': 17632}, 'model': {'name': 'idea_reroute_lightgcn', 'layer_num': 2, 'reg_weight': 1e-08, 'embedding_size': 64, 'similarity_threshold': 0.5, 'self_gating_unit': True, 'pagerank': True, 'combine_gcn': False, 'alpha': 0.8, 'cl_weight': 1e-05, 'sigma': 20}, 'tune': {'enable': True, 'hyperparameters': ['similarity_threshold'], 'similarity_threshold': [0.1, 0.05, 0.01, 0.005, 0.001, 0.0005, 0.0001, 5e-05]}, 'device': 'cuda', 'log': True}
2024-11-30 14:40:25,537 - hyperparameter: {'similarity_threshold': 0.1}
2024-11-30 14:41:13,741 - Epoch   0 Test set [recall@10: 0.0777 recall@20: 0.1060 recall@40: 0.1531 ] Test set [ndcg@10: 0.1002 ndcg@20: 0.1096 ndcg@40: 0.1303 ] 
2024-11-30 14:41:13,743 - Validation score increased.  Copying the best model ...
2024-11-30 14:43:12,712 - Epoch   3 Test set [recall@10: 0.0808 recall@20: 0.1167 recall@40: 0.1742 ] Test set [ndcg@10: 0.1041 ndcg@20: 0.1175 ndcg@40: 0.1427 ] 
2024-11-30 14:43:12,713 - Validation score increased.  Copying the best model ...
2024-11-30 14:45:17,859 - Epoch   6 Test set [recall@10: 0.0929 recall@20: 0.1344 recall@40: 0.1906 ] Test set [ndcg@10: 0.1168 ndcg@20: 0.1321 ndcg@40: 0.1568 ] 
2024-11-30 14:45:17,860 - Validation score increased.  Copying the best model ...
2024-11-30 14:47:27,368 - Epoch   9 Test set [recall@10: 0.1076 recall@20: 0.1532 recall@40: 0.2175 ] Test set [ndcg@10: 0.1364 ndcg@20: 0.1529 ndcg@40: 0.1810 ] 
2024-11-30 14:47:27,369 - Validation score increased.  Copying the best model ...
2024-11-30 14:49:35,837 - Epoch  12 Test set [recall@10: 0.1197 recall@20: 0.1686 recall@40: 0.2386 ] Test set [ndcg@10: 0.1520 ndcg@20: 0.1692 ndcg@40: 0.1999 ] 
2024-11-30 14:49:35,838 - Validation score increased.  Copying the best model ...
2024-11-30 14:51:30,490 - Epoch  15 Test set [recall@10: 0.1284 recall@20: 0.1820 recall@40: 0.2552 ] Test set [ndcg@10: 0.1631 ndcg@20: 0.1819 ndcg@40: 0.2143 ] 
2024-11-30 14:51:30,491 - Validation score increased.  Copying the best model ...
2024-11-30 14:53:41,495 - Epoch  18 Test set [recall@10: 0.1353 recall@20: 0.1904 recall@40: 0.2677 ] Test set [ndcg@10: 0.1719 ndcg@20: 0.1912 ndcg@40: 0.2252 ] 
2024-11-30 14:53:41,496 - Validation score increased.  Copying the best model ...
2024-11-30 14:55:53,390 - Epoch  21 Test set [recall@10: 0.1396 recall@20: 0.1981 recall@40: 0.2769 ] Test set [ndcg@10: 0.1790 ndcg@20: 0.1996 ndcg@40: 0.2342 ] 
2024-11-30 14:55:53,391 - Validation score increased.  Copying the best model ...
2024-11-30 14:58:00,739 - Epoch  24 Test set [recall@10: 0.1434 recall@20: 0.2044 recall@40: 0.2852 ] Test set [ndcg@10: 0.1837 ndcg@20: 0.2053 ndcg@40: 0.2407 ] 
2024-11-30 14:58:00,740 - Validation score increased.  Copying the best model ...
2024-11-30 15:00:01,916 - Epoch  27 Test set [recall@10: 0.1467 recall@20: 0.2086 recall@40: 0.2904 ] Test set [ndcg@10: 0.1877 ndcg@20: 0.2096 ndcg@40: 0.2456 ] 
2024-11-30 15:00:01,917 - Validation score increased.  Copying the best model ...
2024-11-30 15:02:08,630 - Epoch  30 Test set [recall@10: 0.1501 recall@20: 0.2125 recall@40: 0.2975 ] Test set [ndcg@10: 0.1922 ndcg@20: 0.2139 ndcg@40: 0.2513 ] 
2024-11-30 15:02:08,631 - Validation score increased.  Copying the best model ...
2024-11-30 15:04:22,270 - Epoch  33 Test set [recall@10: 0.1524 recall@20: 0.2154 recall@40: 0.3023 ] Test set [ndcg@10: 0.1955 ndcg@20: 0.2175 ndcg@40: 0.2558 ] 
2024-11-30 15:04:22,271 - Validation score increased.  Copying the best model ...
2024-11-30 15:06:35,726 - Epoch  36 Test set [recall@10: 0.1535 recall@20: 0.2170 recall@40: 0.3068 ] Test set [ndcg@10: 0.1970 ndcg@20: 0.2194 ndcg@40: 0.2589 ] 
2024-11-30 15:06:35,727 - Validation score increased.  Copying the best model ...
2024-11-30 15:08:49,014 - Epoch  39 Test set [recall@10: 0.1546 recall@20: 0.2202 recall@40: 0.3094 ] Test set [ndcg@10: 0.1992 ndcg@20: 0.2225 ndcg@40: 0.2618 ] 
2024-11-30 15:08:49,015 - Validation score increased.  Copying the best model ...
2024-11-30 15:10:45,060 - Epoch  42 Test set [recall@10: 0.1562 recall@20: 0.2232 recall@40: 0.3111 ] Test set [ndcg@10: 0.2015 ndcg@20: 0.2253 ndcg@40: 0.2641 ] 
2024-11-30 15:10:45,061 - Validation score increased.  Copying the best model ...
2024-11-30 15:12:37,991 - Epoch  45 Test set [recall@10: 0.1582 recall@20: 0.2255 recall@40: 0.3141 ] Test set [ndcg@10: 0.2039 ndcg@20: 0.2278 ndcg@40: 0.2669 ] 
2024-11-30 15:12:37,991 - Validation score increased.  Copying the best model ...
2024-11-30 15:14:48,067 - Epoch  48 Test set [recall@10: 0.1600 recall@20: 0.2284 recall@40: 0.3176 ] Test set [ndcg@10: 0.2061 ndcg@20: 0.2304 ndcg@40: 0.2696 ] 
2024-11-30 15:14:48,068 - Validation score increased.  Copying the best model ...
2024-11-30 15:16:58,632 - Epoch  51 Test set [recall@10: 0.1616 recall@20: 0.2285 recall@40: 0.3190 ] Test set [ndcg@10: 0.2080 ndcg@20: 0.2316 ndcg@40: 0.2715 ] 
2024-11-30 15:16:58,633 - Validation score increased.  Copying the best model ...
2024-11-30 15:19:06,323 - Epoch  54 Test set [recall@10: 0.1624 recall@20: 0.2321 recall@40: 0.3222 ] Test set [ndcg@10: 0.2088 ndcg@20: 0.2337 ndcg@40: 0.2734 ] 
2024-11-30 15:19:06,324 - Validation score increased.  Copying the best model ...
2024-11-30 15:21:01,013 - Epoch  57 Test set [recall@10: 0.1640 recall@20: 0.2333 recall@40: 0.3235 ] Test set [ndcg@10: 0.2105 ndcg@20: 0.2350 ndcg@40: 0.2747 ] 
2024-11-30 15:21:01,014 - Validation score increased.  Copying the best model ...
2024-11-30 15:23:12,770 - Epoch  60 Test set [recall@10: 0.1657 recall@20: 0.2351 recall@40: 0.3267 ] Test set [ndcg@10: 0.2124 ndcg@20: 0.2367 ndcg@40: 0.2770 ] 
2024-11-30 15:23:12,771 - Validation score increased.  Copying the best model ...
2024-11-30 15:25:26,002 - Epoch  63 Test set [recall@10: 0.1660 recall@20: 0.2356 recall@40: 0.3289 ] Test set [ndcg@10: 0.2126 ndcg@20: 0.2369 ndcg@40: 0.2781 ] 
2024-11-30 15:25:26,003 - Validation score increased.  Copying the best model ...
2024-11-30 15:27:39,742 - Epoch  66 Test set [recall@10: 0.1682 recall@20: 0.2374 recall@40: 0.3308 ] Test set [ndcg@10: 0.2145 ndcg@20: 0.2386 ndcg@40: 0.2798 ] 
2024-11-30 15:27:39,743 - Validation score increased.  Copying the best model ...
2024-11-30 15:29:36,301 - Epoch  69 Test set [recall@10: 0.1679 recall@20: 0.2397 recall@40: 0.3339 ] Test set [ndcg@10: 0.2150 ndcg@20: 0.2404 ndcg@40: 0.2819 ] 
2024-11-30 15:29:36,301 - Early stop counter: 1 out of 5
2024-11-30 15:31:49,267 - Epoch  72 Test set [recall@10: 0.1677 recall@20: 0.2404 recall@40: 0.3354 ] Test set [ndcg@10: 0.2156 ndcg@20: 0.2414 ndcg@40: 0.2832 ] 
2024-11-30 15:31:49,267 - Early stop counter: 2 out of 5
2024-11-30 15:33:54,373 - Epoch  75 Test set [recall@10: 0.1685 recall@20: 0.2426 recall@40: 0.3360 ] Test set [ndcg@10: 0.2161 ndcg@20: 0.2426 ndcg@40: 0.2838 ] 
2024-11-30 15:33:54,374 - Validation score increased.  Copying the best model ...
2024-11-30 15:36:08,742 - Epoch  78 Test set [recall@10: 0.1692 recall@20: 0.2439 recall@40: 0.3378 ] Test set [ndcg@10: 0.2165 ndcg@20: 0.2433 ndcg@40: 0.2846 ] 
2024-11-30 15:36:08,743 - Validation score increased.  Copying the best model ...
2024-11-30 15:38:22,566 - Epoch  81 Test set [recall@10: 0.1696 recall@20: 0.2447 recall@40: 0.3381 ] Test set [ndcg@10: 0.2177 ndcg@20: 0.2447 ndcg@40: 0.2859 ] 
2024-11-30 15:38:22,567 - Validation score increased.  Copying the best model ...
2024-11-30 15:40:18,174 - Epoch  84 Test set [recall@10: 0.1697 recall@20: 0.2448 recall@40: 0.3381 ] Test set [ndcg@10: 0.2180 ndcg@20: 0.2449 ndcg@40: 0.2862 ] 
2024-11-30 15:40:18,175 - Validation score increased.  Copying the best model ...
2024-11-30 15:42:31,480 - Epoch  87 Test set [recall@10: 0.1700 recall@20: 0.2474 recall@40: 0.3412 ] Test set [ndcg@10: 0.2188 ndcg@20: 0.2467 ndcg@40: 0.2880 ] 
2024-11-30 15:42:31,481 - Validation score increased.  Copying the best model ...
2024-11-30 15:44:43,111 - Epoch  90 Test set [recall@10: 0.1711 recall@20: 0.2471 recall@40: 0.3413 ] Test set [ndcg@10: 0.2199 ndcg@20: 0.2470 ndcg@40: 0.2886 ] 
2024-11-30 15:44:43,112 - Validation score increased.  Copying the best model ...
2024-11-30 15:46:53,073 - Epoch  93 Test set [recall@10: 0.1734 recall@20: 0.2476 recall@40: 0.3429 ] Test set [ndcg@10: 0.2213 ndcg@20: 0.2476 ndcg@40: 0.2896 ] 
2024-11-30 15:46:53,074 - Validation score increased.  Copying the best model ...
2024-11-30 15:48:51,063 - Epoch  96 Test set [recall@10: 0.1742 recall@20: 0.2492 recall@40: 0.3446 ] Test set [ndcg@10: 0.2224 ndcg@20: 0.2490 ndcg@40: 0.2911 ] 
2024-11-30 15:48:51,064 - Validation score increased.  Copying the best model ...
2024-11-30 15:50:46,134 - Epoch  99 Test set [recall@10: 0.1747 recall@20: 0.2506 recall@40: 0.3460 ] Test set [ndcg@10: 0.2233 ndcg@20: 0.2501 ndcg@40: 0.2922 ] 
2024-11-30 15:50:46,135 - Validation score increased.  Copying the best model ...
2024-11-30 15:52:53,186 - Epoch 102 Test set [recall@10: 0.1751 recall@20: 0.2524 recall@40: 0.3467 ] Test set [ndcg@10: 0.2244 ndcg@20: 0.2517 ndcg@40: 0.2934 ] 
2024-11-30 15:52:53,187 - Validation score increased.  Copying the best model ...
