2024-11-16 08:55:19,162 - {'optimizer': {'name': 'adam', 'lr': 0.001, 'weight_decay': 0}, 'train': {'epoch': 30, 'batch_size': 2000, 'save_model': False, 'loss': 'pairwise', 'test_step': 1, 'reproducible': True, 'seed': 2023, 'tensorboard': True, 'log_loss': True, 'early_stop': False}, 'test': {'metrics': ['recall', 'ndcg'], 'k': [10, 20, 40], 'batch_size': 512}, 'data': {'type': 'social', 'name': 'epinions', 'user_num': 18081, 'item_num': 251722}, 'model': {'name': 'idea_mhcn_v4', 'layer_num': 2, 'reg_weight': 0.001, 'embedding_size': 64, 'ss_rate': 0.01}, 'tune': {'enable': False, 'hyperparameters': ['cl_weight', 'temperature', 'sampling_ratio'], 'cl_weight': [1.0, 0.1, 0.01, 0.001], 'temperature': [0.1, 0.2, 0.3, 0.4, 0.5], 'sampling_ratio': [0.5, 0.6, 0.7, 0.8, 0.9, 1.0]}, 'device': 'cuda', 'log': True}
2024-11-16 08:56:25,785 - [Epoch   0 /  30] bpr_loss: 160.7892 reg_loss: 1.8643 ss_loss: 553.6828 
2024-11-16 08:56:41,759 - Epoch   0 Test set [recall@10: 0.0166 recall@20: 0.0271 recall@40: 0.0429 ] Test set [ndcg@10: 0.0085 ndcg@20: 0.0112 ndcg@40: 0.0144 ] 
2024-11-16 08:57:48,238 - [Epoch   1 /  30] bpr_loss: 109.7688 reg_loss: 3.6860 ss_loss: 482.8340 
2024-11-16 08:58:03,397 - Epoch   1 Test set [recall@10: 0.0196 recall@20: 0.0313 recall@40: 0.0473 ] Test set [ndcg@10: 0.0101 ndcg@20: 0.0130 ndcg@40: 0.0162 ] 
2024-11-16 08:59:09,740 - [Epoch   2 /  30] bpr_loss: 93.3392 reg_loss: 5.4731 ss_loss: 470.4805 
2024-11-16 08:59:25,281 - Epoch   2 Test set [recall@10: 0.0193 recall@20: 0.0314 recall@40: 0.0483 ] Test set [ndcg@10: 0.0099 ndcg@20: 0.0129 ndcg@40: 0.0163 ] 
2024-11-16 09:00:31,100 - [Epoch   3 /  30] bpr_loss: 82.4285 reg_loss: 7.2675 ss_loss: 463.4240 
2024-11-16 09:00:45,550 - Epoch   3 Test set [recall@10: 0.0206 recall@20: 0.0325 recall@40: 0.0494 ] Test set [ndcg@10: 0.0102 ndcg@20: 0.0132 ndcg@40: 0.0166 ] 
2024-11-16 09:01:51,064 - [Epoch   4 /  30] bpr_loss: 74.5997 reg_loss: 9.0575 ss_loss: 456.3164 
2024-11-16 09:02:06,118 - Epoch   4 Test set [recall@10: 0.0205 recall@20: 0.0329 recall@40: 0.0514 ] Test set [ndcg@10: 0.0101 ndcg@20: 0.0132 ndcg@40: 0.0170 ] 
2024-11-16 09:03:11,623 - [Epoch   5 /  30] bpr_loss: 68.5995 reg_loss: 10.8379 ss_loss: 448.7276 
2024-11-16 09:03:26,109 - Epoch   5 Test set [recall@10: 0.0207 recall@20: 0.0327 recall@40: 0.0521 ] Test set [ndcg@10: 0.0102 ndcg@20: 0.0132 ndcg@40: 0.0171 ] 
2024-11-16 09:04:31,800 - [Epoch   6 /  30] bpr_loss: 63.0498 reg_loss: 12.6224 ss_loss: 444.2892 
2024-11-16 09:04:46,444 - Epoch   6 Test set [recall@10: 0.0208 recall@20: 0.0340 recall@40: 0.0506 ] Test set [ndcg@10: 0.0105 ndcg@20: 0.0138 ndcg@40: 0.0171 ] 
2024-11-16 09:05:51,903 - [Epoch   7 /  30] bpr_loss: 58.5684 reg_loss: 14.3346 ss_loss: 437.7132 
2024-11-16 09:06:07,299 - Epoch   7 Test set [recall@10: 0.0208 recall@20: 0.0330 recall@40: 0.0519 ] Test set [ndcg@10: 0.0105 ndcg@20: 0.0135 ndcg@40: 0.0174 ] 
2024-11-16 09:07:13,104 - [Epoch   8 /  30] bpr_loss: 53.9492 reg_loss: 15.9711 ss_loss: 431.1390 
2024-11-16 09:07:27,640 - Epoch   8 Test set [recall@10: 0.0202 recall@20: 0.0336 recall@40: 0.0512 ] Test set [ndcg@10: 0.0103 ndcg@20: 0.0137 ndcg@40: 0.0173 ] 
2024-11-16 09:08:33,022 - [Epoch   9 /  30] bpr_loss: 49.7715 reg_loss: 17.4938 ss_loss: 428.1551 
2024-11-16 09:08:47,761 - Epoch   9 Test set [recall@10: 0.0206 recall@20: 0.0336 recall@40: 0.0487 ] Test set [ndcg@10: 0.0103 ndcg@20: 0.0136 ndcg@40: 0.0167 ] 
2024-11-16 09:09:53,244 - [Epoch  10 /  30] bpr_loss: 46.1902 reg_loss: 18.9540 ss_loss: 423.1519 
2024-11-16 09:10:07,731 - Epoch  10 Test set [recall@10: 0.0204 recall@20: 0.0323 recall@40: 0.0483 ] Test set [ndcg@10: 0.0101 ndcg@20: 0.0131 ndcg@40: 0.0163 ] 
2024-11-16 09:11:13,398 - [Epoch  11 /  30] bpr_loss: 43.6909 reg_loss: 20.3944 ss_loss: 415.7942 
2024-11-16 09:11:27,772 - Epoch  11 Test set [recall@10: 0.0206 recall@20: 0.0329 recall@40: 0.0477 ] Test set [ndcg@10: 0.0102 ndcg@20: 0.0133 ndcg@40: 0.0163 ] 
2024-11-16 09:12:33,311 - [Epoch  12 /  30] bpr_loss: 40.5888 reg_loss: 21.7332 ss_loss: 412.4878 
2024-11-16 09:12:48,227 - Epoch  12 Test set [recall@10: 0.0201 recall@20: 0.0309 recall@40: 0.0474 ] Test set [ndcg@10: 0.0099 ndcg@20: 0.0126 ndcg@40: 0.0160 ] 
2024-11-16 09:13:54,224 - [Epoch  13 /  30] bpr_loss: 38.4692 reg_loss: 23.1416 ss_loss: 404.9872 
2024-11-16 09:14:08,449 - Epoch  13 Test set [recall@10: 0.0196 recall@20: 0.0301 recall@40: 0.0476 ] Test set [ndcg@10: 0.0102 ndcg@20: 0.0128 ndcg@40: 0.0164 ] 
2024-11-16 09:15:13,946 - [Epoch  14 /  30] bpr_loss: 36.2474 reg_loss: 24.5567 ss_loss: 401.6327 
2024-11-16 09:15:28,081 - Epoch  14 Test set [recall@10: 0.0198 recall@20: 0.0303 recall@40: 0.0462 ] Test set [ndcg@10: 0.0100 ndcg@20: 0.0126 ndcg@40: 0.0159 ] 
2024-11-16 09:16:33,512 - [Epoch  15 /  30] bpr_loss: 34.7850 reg_loss: 25.9611 ss_loss: 396.6199 
2024-11-16 09:16:48,030 - Epoch  15 Test set [recall@10: 0.0188 recall@20: 0.0306 recall@40: 0.0473 ] Test set [ndcg@10: 0.0093 ndcg@20: 0.0123 ndcg@40: 0.0157 ] 
2024-11-16 09:17:53,917 - [Epoch  16 /  30] bpr_loss: 32.8452 reg_loss: 27.4166 ss_loss: 390.6273 
2024-11-16 09:18:09,362 - Epoch  16 Test set [recall@10: 0.0192 recall@20: 0.0299 recall@40: 0.0462 ] Test set [ndcg@10: 0.0095 ndcg@20: 0.0122 ndcg@40: 0.0155 ] 
2024-11-16 09:19:14,933 - [Epoch  17 /  30] bpr_loss: 31.7609 reg_loss: 28.8187 ss_loss: 389.1401 
2024-11-16 09:19:30,186 - Epoch  17 Test set [recall@10: 0.0188 recall@20: 0.0309 recall@40: 0.0472 ] Test set [ndcg@10: 0.0095 ndcg@20: 0.0125 ndcg@40: 0.0158 ] 
2024-11-16 09:20:35,994 - [Epoch  18 /  30] bpr_loss: 30.6712 reg_loss: 30.1588 ss_loss: 383.2136 
2024-11-16 09:20:50,212 - Epoch  18 Test set [recall@10: 0.0185 recall@20: 0.0306 recall@40: 0.0477 ] Test set [ndcg@10: 0.0095 ndcg@20: 0.0126 ndcg@40: 0.0161 ] 
2024-11-16 09:21:55,820 - [Epoch  19 /  30] bpr_loss: 29.6285 reg_loss: 31.4833 ss_loss: 381.7809 
2024-11-16 09:22:10,028 - Epoch  19 Test set [recall@10: 0.0185 recall@20: 0.0300 recall@40: 0.0472 ] Test set [ndcg@10: 0.0097 ndcg@20: 0.0126 ndcg@40: 0.0161 ] 
2024-11-16 09:23:15,646 - [Epoch  20 /  30] bpr_loss: 28.6077 reg_loss: 32.7427 ss_loss: 378.9437 
2024-11-16 09:23:29,664 - Epoch  20 Test set [recall@10: 0.0192 recall@20: 0.0309 recall@40: 0.0470 ] Test set [ndcg@10: 0.0094 ndcg@20: 0.0124 ndcg@40: 0.0156 ] 
2024-11-16 09:24:35,405 - [Epoch  21 /  30] bpr_loss: 27.6521 reg_loss: 33.9376 ss_loss: 374.0585 
2024-11-16 09:24:50,063 - Epoch  21 Test set [recall@10: 0.0191 recall@20: 0.0307 recall@40: 0.0473 ] Test set [ndcg@10: 0.0094 ndcg@20: 0.0123 ndcg@40: 0.0156 ] 
2024-11-16 09:25:55,968 - [Epoch  22 /  30] bpr_loss: 27.2727 reg_loss: 35.0438 ss_loss: 372.7657 
2024-11-16 09:26:10,504 - Epoch  22 Test set [recall@10: 0.0191 recall@20: 0.0303 recall@40: 0.0486 ] Test set [ndcg@10: 0.0096 ndcg@20: 0.0124 ndcg@40: 0.0162 ] 
2024-11-16 09:27:17,046 - [Epoch  23 /  30] bpr_loss: 26.7194 reg_loss: 36.0861 ss_loss: 371.1898 
2024-11-16 09:27:31,359 - Epoch  23 Test set [recall@10: 0.0191 recall@20: 0.0298 recall@40: 0.0464 ] Test set [ndcg@10: 0.0095 ndcg@20: 0.0121 ndcg@40: 0.0155 ] 
2024-11-16 09:28:36,876 - [Epoch  24 /  30] bpr_loss: 25.8174 reg_loss: 37.0190 ss_loss: 373.9705 
2024-11-16 09:28:51,651 - Epoch  24 Test set [recall@10: 0.0182 recall@20: 0.0303 recall@40: 0.0482 ] Test set [ndcg@10: 0.0093 ndcg@20: 0.0124 ndcg@40: 0.0160 ] 
2024-11-16 09:29:57,296 - [Epoch  25 /  30] bpr_loss: 25.0043 reg_loss: 37.8177 ss_loss: 369.5017 
2024-11-16 09:30:11,327 - Epoch  25 Test set [recall@10: 0.0196 recall@20: 0.0317 recall@40: 0.0465 ] Test set [ndcg@10: 0.0099 ndcg@20: 0.0130 ndcg@40: 0.0160 ] 
