2024-11-16 06:14:54,413 - {'optimizer': {'name': 'adam', 'lr': 0.001, 'weight_decay': 0}, 'train': {'epoch': 30, 'batch_size': 2000, 'save_model': False, 'loss': 'pairwise', 'test_step': 1, 'reproducible': True, 'seed': 2023, 'tensorboard': True, 'log_loss': True, 'early_stop': False}, 'test': {'metrics': ['recall', 'ndcg'], 'k': [10, 20, 40], 'batch_size': 512}, 'data': {'type': 'social', 'name': 'epinions', 'user_num': 18081, 'item_num': 251722}, 'model': {'name': 'idea_mhcn_v4', 'layer_num': 2, 'reg_weight': 0.001, 'embedding_size': 64, 'ss_rate': 0.01}, 'tune': {'enable': False, 'hyperparameters': ['cl_weight', 'temperature', 'sampling_ratio'], 'cl_weight': [1.0, 0.1, 0.01, 0.001], 'temperature': [0.1, 0.2, 0.3, 0.4, 0.5], 'sampling_ratio': [0.5, 0.6, 0.7, 0.8, 0.9, 1.0]}, 'device': 'cuda', 'log': True}
2024-11-16 06:16:00,805 - [Epoch   0 /  30] bpr_loss: 162.0577 reg_loss: 1.8724 ss_loss: 511.0849 
2024-11-16 06:16:18,232 - Epoch   0 Test set [recall@10: 0.0165 recall@20: 0.0276 recall@40: 0.0435 ] Test set [ndcg@10: 0.0083 ndcg@20: 0.0111 ndcg@40: 0.0144 ] 
2024-11-16 06:17:24,104 - [Epoch   1 /  30] bpr_loss: 110.8022 reg_loss: 3.6956 ss_loss: 434.1878 
2024-11-16 06:17:39,811 - Epoch   1 Test set [recall@10: 0.0189 recall@20: 0.0314 recall@40: 0.0499 ] Test set [ndcg@10: 0.0099 ndcg@20: 0.0130 ndcg@40: 0.0168 ] 
2024-11-16 06:18:45,441 - [Epoch   2 /  30] bpr_loss: 94.2575 reg_loss: 5.4972 ss_loss: 421.1658 
2024-11-16 06:19:00,708 - Epoch   2 Test set [recall@10: 0.0196 recall@20: 0.0323 recall@40: 0.0509 ] Test set [ndcg@10: 0.0099 ndcg@20: 0.0131 ndcg@40: 0.0169 ] 
2024-11-16 06:20:06,485 - [Epoch   3 /  30] bpr_loss: 83.3058 reg_loss: 7.3174 ss_loss: 412.4481 
2024-11-16 06:20:21,478 - Epoch   3 Test set [recall@10: 0.0198 recall@20: 0.0332 recall@40: 0.0516 ] Test set [ndcg@10: 0.0100 ndcg@20: 0.0134 ndcg@40: 0.0171 ] 
2024-11-16 06:21:27,033 - [Epoch   4 /  30] bpr_loss: 75.3649 reg_loss: 9.1477 ss_loss: 405.1661 
2024-11-16 06:21:42,399 - Epoch   4 Test set [recall@10: 0.0201 recall@20: 0.0322 recall@40: 0.0514 ] Test set [ndcg@10: 0.0100 ndcg@20: 0.0131 ndcg@40: 0.0170 ] 
2024-11-16 06:22:47,920 - [Epoch   5 /  30] bpr_loss: 69.0493 reg_loss: 10.9566 ss_loss: 397.5475 
2024-11-16 06:23:02,977 - Epoch   5 Test set [recall@10: 0.0200 recall@20: 0.0327 recall@40: 0.0517 ] Test set [ndcg@10: 0.0100 ndcg@20: 0.0132 ndcg@40: 0.0170 ] 
2024-11-16 06:24:09,172 - [Epoch   6 /  30] bpr_loss: 63.4231 reg_loss: 12.7737 ss_loss: 390.9287 
2024-11-16 06:24:25,027 - Epoch   6 Test set [recall@10: 0.0207 recall@20: 0.0338 recall@40: 0.0522 ] Test set [ndcg@10: 0.0103 ndcg@20: 0.0136 ndcg@40: 0.0173 ] 
2024-11-16 06:25:30,585 - [Epoch   7 /  30] bpr_loss: 58.6106 reg_loss: 14.5176 ss_loss: 385.3151 
2024-11-16 06:25:45,762 - Epoch   7 Test set [recall@10: 0.0206 recall@20: 0.0334 recall@40: 0.0522 ] Test set [ndcg@10: 0.0104 ndcg@20: 0.0136 ndcg@40: 0.0175 ] 
2024-11-16 06:26:51,526 - [Epoch   8 /  30] bpr_loss: 53.8079 reg_loss: 16.2101 ss_loss: 379.4223 
2024-11-16 06:27:06,427 - Epoch   8 Test set [recall@10: 0.0205 recall@20: 0.0343 recall@40: 0.0513 ] Test set [ndcg@10: 0.0102 ndcg@20: 0.0137 ndcg@40: 0.0171 ] 
2024-11-16 06:28:12,060 - [Epoch   9 /  30] bpr_loss: 49.5477 reg_loss: 17.7913 ss_loss: 375.9898 
2024-11-16 06:28:27,588 - Epoch   9 Test set [recall@10: 0.0209 recall@20: 0.0342 recall@40: 0.0494 ] Test set [ndcg@10: 0.0104 ndcg@20: 0.0138 ndcg@40: 0.0169 ] 
2024-11-16 06:29:33,519 - [Epoch  10 /  30] bpr_loss: 45.7965 reg_loss: 19.2984 ss_loss: 370.6962 
2024-11-16 06:29:48,099 - Epoch  10 Test set [recall@10: 0.0206 recall@20: 0.0337 recall@40: 0.0498 ] Test set [ndcg@10: 0.0101 ndcg@20: 0.0134 ndcg@40: 0.0167 ] 
2024-11-16 06:30:53,942 - [Epoch  11 /  30] bpr_loss: 43.2148 reg_loss: 20.7742 ss_loss: 363.6633 
2024-11-16 06:31:08,938 - Epoch  11 Test set [recall@10: 0.0200 recall@20: 0.0335 recall@40: 0.0488 ] Test set [ndcg@10: 0.0099 ndcg@20: 0.0133 ndcg@40: 0.0164 ] 
2024-11-16 06:32:14,519 - [Epoch  12 /  30] bpr_loss: 40.1631 reg_loss: 22.1306 ss_loss: 359.6057 
2024-11-16 06:32:29,476 - Epoch  12 Test set [recall@10: 0.0195 recall@20: 0.0314 recall@40: 0.0485 ] Test set [ndcg@10: 0.0097 ndcg@20: 0.0127 ndcg@40: 0.0162 ] 
2024-11-16 06:33:35,282 - [Epoch  13 /  30] bpr_loss: 37.8828 reg_loss: 23.5175 ss_loss: 353.0288 
2024-11-16 06:33:50,981 - Epoch  13 Test set [recall@10: 0.0194 recall@20: 0.0316 recall@40: 0.0478 ] Test set [ndcg@10: 0.0100 ndcg@20: 0.0130 ndcg@40: 0.0163 ] 
2024-11-16 06:34:56,628 - [Epoch  14 /  30] bpr_loss: 35.8169 reg_loss: 24.9116 ss_loss: 349.9098 
2024-11-16 06:35:11,889 - Epoch  14 Test set [recall@10: 0.0197 recall@20: 0.0300 recall@40: 0.0464 ] Test set [ndcg@10: 0.0102 ndcg@20: 0.0127 ndcg@40: 0.0161 ] 
2024-11-16 06:36:17,381 - [Epoch  15 /  30] bpr_loss: 34.4336 reg_loss: 26.3045 ss_loss: 343.9863 
2024-11-16 06:36:31,769 - Epoch  15 Test set [recall@10: 0.0188 recall@20: 0.0309 recall@40: 0.0468 ] Test set [ndcg@10: 0.0094 ndcg@20: 0.0124 ndcg@40: 0.0156 ] 
2024-11-16 06:37:38,009 - [Epoch  16 /  30] bpr_loss: 32.4749 reg_loss: 27.7630 ss_loss: 338.9159 
2024-11-16 06:37:52,551 - Epoch  16 Test set [recall@10: 0.0184 recall@20: 0.0291 recall@40: 0.0458 ] Test set [ndcg@10: 0.0092 ndcg@20: 0.0119 ndcg@40: 0.0153 ] 
2024-11-16 06:38:58,133 - [Epoch  17 /  30] bpr_loss: 31.3880 reg_loss: 29.1626 ss_loss: 336.4847 
2024-11-16 06:39:13,186 - Epoch  17 Test set [recall@10: 0.0190 recall@20: 0.0303 recall@40: 0.0478 ] Test set [ndcg@10: 0.0095 ndcg@20: 0.0124 ndcg@40: 0.0159 ] 
2024-11-16 06:40:19,005 - [Epoch  18 /  30] bpr_loss: 30.2289 reg_loss: 30.5359 ss_loss: 331.3672 
2024-11-16 06:40:34,118 - Epoch  18 Test set [recall@10: 0.0183 recall@20: 0.0300 recall@40: 0.0479 ] Test set [ndcg@10: 0.0095 ndcg@20: 0.0124 ndcg@40: 0.0161 ] 
2024-11-16 06:41:40,080 - [Epoch  19 /  30] bpr_loss: 29.4007 reg_loss: 31.9035 ss_loss: 331.7908 
2024-11-16 06:41:54,358 - Epoch  19 Test set [recall@10: 0.0175 recall@20: 0.0297 recall@40: 0.0482 ] Test set [ndcg@10: 0.0093 ndcg@20: 0.0124 ndcg@40: 0.0162 ] 
2024-11-16 06:43:00,583 - [Epoch  20 /  30] bpr_loss: 28.3920 reg_loss: 33.2260 ss_loss: 328.1899 
2024-11-16 06:43:14,639 - Epoch  20 Test set [recall@10: 0.0190 recall@20: 0.0301 recall@40: 0.0467 ] Test set [ndcg@10: 0.0095 ndcg@20: 0.0123 ndcg@40: 0.0156 ] 
2024-11-16 06:44:21,780 - [Epoch  21 /  30] bpr_loss: 27.3818 reg_loss: 34.3929 ss_loss: 322.5989 
2024-11-16 06:44:36,140 - Epoch  21 Test set [recall@10: 0.0193 recall@20: 0.0308 recall@40: 0.0475 ] Test set [ndcg@10: 0.0095 ndcg@20: 0.0124 ndcg@40: 0.0158 ] 
2024-11-16 06:45:42,449 - [Epoch  22 /  30] bpr_loss: 26.9654 reg_loss: 35.4907 ss_loss: 322.1055 
2024-11-16 06:45:56,964 - Epoch  22 Test set [recall@10: 0.0192 recall@20: 0.0301 recall@40: 0.0472 ] Test set [ndcg@10: 0.0096 ndcg@20: 0.0124 ndcg@40: 0.0159 ] 
2024-11-16 06:47:03,341 - [Epoch  23 /  30] bpr_loss: 26.4833 reg_loss: 36.5643 ss_loss: 319.9885 
2024-11-16 06:47:17,816 - Epoch  23 Test set [recall@10: 0.0190 recall@20: 0.0288 recall@40: 0.0459 ] Test set [ndcg@10: 0.0094 ndcg@20: 0.0119 ndcg@40: 0.0154 ] 
2024-11-16 06:48:23,695 - [Epoch  24 /  30] bpr_loss: 25.6421 reg_loss: 37.4999 ss_loss: 320.9285 
2024-11-16 06:48:38,623 - Epoch  24 Test set [recall@10: 0.0185 recall@20: 0.0302 recall@40: 0.0480 ] Test set [ndcg@10: 0.0094 ndcg@20: 0.0123 ndcg@40: 0.0160 ] 
2024-11-16 06:49:44,590 - [Epoch  25 /  30] bpr_loss: 24.8050 reg_loss: 38.3009 ss_loss: 318.0813 
2024-11-16 06:49:58,641 - Epoch  25 Test set [recall@10: 0.0192 recall@20: 0.0300 recall@40: 0.0471 ] Test set [ndcg@10: 0.0096 ndcg@20: 0.0123 ndcg@40: 0.0158 ] 
2024-11-16 06:51:05,041 - [Epoch  26 /  30] bpr_loss: 24.6021 reg_loss: 38.9852 ss_loss: 318.2605 
2024-11-16 06:51:21,811 - Epoch  26 Test set [recall@10: 0.0182 recall@20: 0.0300 recall@40: 0.0476 ] Test set [ndcg@10: 0.0094 ndcg@20: 0.0124 ndcg@40: 0.0160 ] 
2024-11-16 06:52:27,384 - [Epoch  27 /  30] bpr_loss: 24.1167 reg_loss: 39.6078 ss_loss: 315.3699 
2024-11-16 06:52:42,363 - Epoch  27 Test set [recall@10: 0.0184 recall@20: 0.0286 recall@40: 0.0462 ] Test set [ndcg@10: 0.0092 ndcg@20: 0.0117 ndcg@40: 0.0153 ] 
2024-11-16 06:53:48,158 - [Epoch  28 /  30] bpr_loss: 23.5980 reg_loss: 40.1537 ss_loss: 316.6849 
2024-11-16 06:54:03,391 - Epoch  28 Test set [recall@10: 0.0177 recall@20: 0.0284 recall@40: 0.0455 ] Test set [ndcg@10: 0.0089 ndcg@20: 0.0116 ndcg@40: 0.0151 ] 
2024-11-16 06:55:08,975 - [Epoch  29 /  30] bpr_loss: 23.1642 reg_loss: 40.6126 ss_loss: 316.6682 
2024-11-16 06:55:24,268 - Epoch  29 Test set [recall@10: 0.0169 recall@20: 0.0285 recall@40: 0.0446 ] Test set [ndcg@10: 0.0087 ndcg@20: 0.0117 ndcg@40: 0.0150 ] 
2024-11-16 06:55:39,381 - Test set [recall@10: 0.0169 recall@20: 0.0285 recall@40: 0.0446 ] Test set [ndcg@10: 0.0087 ndcg@20: 0.0117 ndcg@40: 0.0150 ] 
2024-11-16 06:55:54,337 - Test set [recall@10: 0.0169 recall@20: 0.0285 recall@40: 0.0446 ] Test set [ndcg@10: 0.0087 ndcg@20: 0.0117 ndcg@40: 0.0150 ] 
