2024-11-15 13:04:22,275 - {'optimizer': {'name': 'adam', 'lr': 0.001, 'weight_decay': 0}, 'train': {'epoch': 30, 'batch_size': 2000, 'save_model': False, 'loss': 'pairwise', 'test_step': 1, 'reproducible': True, 'seed': 2023, 'tensorboard': True, 'log_loss': True, 'early_stop': False}, 'test': {'metrics': ['recall', 'ndcg'], 'k': [10, 20, 40], 'batch_size': 512}, 'data': {'type': 'social', 'name': 'epinions', 'user_num': 18081, 'item_num': 251722}, 'model': {'name': 'idea_mhcn_v4', 'layer_num': 2, 'reg_weight': 0.001, 'embedding_size': 64, 'ss_rate': 0.01}, 'tune': {'enable': False, 'hyperparameters': ['cl_weight', 'temperature', 'sampling_ratio'], 'cl_weight': [1.0, 0.1, 0.01, 0.001], 'temperature': [0.1, 0.2, 0.3, 0.4, 0.5], 'sampling_ratio': [0.5, 0.6, 0.7, 0.8, 0.9, 1.0]}, 'device': 'cuda', 'log': True}
2024-11-15 13:05:29,652 - [Epoch   0 /  30] bpr_loss: 158.8541 reg_loss: 1.8362 ss_loss: 706.1703 
2024-11-15 13:05:44,853 - Epoch   0 Test set [recall@10: 0.0179 recall@20: 0.0279 recall@40: 0.0444 ] Test set [ndcg@10: 0.0093 ndcg@20: 0.0118 ndcg@40: 0.0152 ] 
2024-11-15 13:06:51,496 - [Epoch   1 /  30] bpr_loss: 106.3927 reg_loss: 3.6083 ss_loss: 646.8171 
2024-11-15 13:07:06,909 - Epoch   1 Test set [recall@10: 0.0186 recall@20: 0.0298 recall@40: 0.0465 ] Test set [ndcg@10: 0.0096 ndcg@20: 0.0124 ndcg@40: 0.0158 ] 
2024-11-15 13:08:13,806 - [Epoch   2 /  30] bpr_loss: 90.5158 reg_loss: 5.3567 ss_loss: 636.8098 
2024-11-15 13:08:29,173 - Epoch   2 Test set [recall@10: 0.0196 recall@20: 0.0313 recall@40: 0.0502 ] Test set [ndcg@10: 0.0096 ndcg@20: 0.0125 ndcg@40: 0.0164 ] 
2024-11-15 13:09:36,291 - [Epoch   3 /  30] bpr_loss: 79.2690 reg_loss: 7.0626 ss_loss: 630.2596 
2024-11-15 13:09:51,454 - Epoch   3 Test set [recall@10: 0.0194 recall@20: 0.0323 recall@40: 0.0505 ] Test set [ndcg@10: 0.0097 ndcg@20: 0.0129 ndcg@40: 0.0166 ] 
2024-11-15 13:10:58,550 - [Epoch   4 /  30] bpr_loss: 71.4954 reg_loss: 8.7568 ss_loss: 623.2850 
2024-11-15 13:11:15,816 - Epoch   4 Test set [recall@10: 0.0197 recall@20: 0.0325 recall@40: 0.0513 ] Test set [ndcg@10: 0.0096 ndcg@20: 0.0129 ndcg@40: 0.0167 ] 
2024-11-15 13:12:22,733 - [Epoch   5 /  30] bpr_loss: 65.1878 reg_loss: 10.4300 ss_loss: 615.6465 
2024-11-15 13:12:38,153 - Epoch   5 Test set [recall@10: 0.0198 recall@20: 0.0336 recall@40: 0.0511 ] Test set [ndcg@10: 0.0097 ndcg@20: 0.0131 ndcg@40: 0.0167 ] 
2024-11-15 13:13:44,880 - [Epoch   6 /  30] bpr_loss: 59.3898 reg_loss: 12.0735 ss_loss: 612.3443 
2024-11-15 13:14:00,247 - Epoch   6 Test set [recall@10: 0.0201 recall@20: 0.0328 recall@40: 0.0508 ] Test set [ndcg@10: 0.0098 ndcg@20: 0.0130 ndcg@40: 0.0167 ] 
2024-11-15 13:15:06,706 - [Epoch   7 /  30] bpr_loss: 55.2473 reg_loss: 13.6591 ss_loss: 604.8177 
2024-11-15 13:15:21,967 - Epoch   7 Test set [recall@10: 0.0190 recall@20: 0.0319 recall@40: 0.0513 ] Test set [ndcg@10: 0.0092 ndcg@20: 0.0125 ndcg@40: 0.0164 ] 
2024-11-15 13:16:28,615 - [Epoch   8 /  30] bpr_loss: 50.4688 reg_loss: 15.1874 ss_loss: 600.0537 
2024-11-15 13:16:43,875 - Epoch   8 Test set [recall@10: 0.0200 recall@20: 0.0333 recall@40: 0.0503 ] Test set [ndcg@10: 0.0098 ndcg@20: 0.0131 ndcg@40: 0.0165 ] 
2024-11-15 13:17:50,904 - [Epoch   9 /  30] bpr_loss: 46.9065 reg_loss: 16.6370 ss_loss: 594.7439 
2024-11-15 13:18:07,783 - Epoch   9 Test set [recall@10: 0.0209 recall@20: 0.0323 recall@40: 0.0509 ] Test set [ndcg@10: 0.0100 ndcg@20: 0.0128 ndcg@40: 0.0166 ] 
2024-11-15 13:19:14,362 - [Epoch  10 /  30] bpr_loss: 43.4596 reg_loss: 18.0716 ss_loss: 588.6392 
2024-11-15 13:19:29,462 - Epoch  10 Test set [recall@10: 0.0198 recall@20: 0.0325 recall@40: 0.0503 ] Test set [ndcg@10: 0.0095 ndcg@20: 0.0127 ndcg@40: 0.0163 ] 
2024-11-15 13:20:36,069 - [Epoch  11 /  30] bpr_loss: 41.0375 reg_loss: 19.4774 ss_loss: 581.7426 
2024-11-15 13:20:51,309 - Epoch  11 Test set [recall@10: 0.0193 recall@20: 0.0317 recall@40: 0.0500 ] Test set [ndcg@10: 0.0093 ndcg@20: 0.0124 ndcg@40: 0.0162 ] 
2024-11-15 13:21:57,720 - [Epoch  12 /  30] bpr_loss: 38.4852 reg_loss: 20.8297 ss_loss: 575.9763 
2024-11-15 13:22:13,364 - Epoch  12 Test set [recall@10: 0.0196 recall@20: 0.0311 recall@40: 0.0495 ] Test set [ndcg@10: 0.0095 ndcg@20: 0.0124 ndcg@40: 0.0161 ] 
2024-11-15 13:23:20,074 - [Epoch  13 /  30] bpr_loss: 36.1741 reg_loss: 22.1763 ss_loss: 572.1469 
2024-11-15 13:23:35,534 - Epoch  13 Test set [recall@10: 0.0192 recall@20: 0.0303 recall@40: 0.0476 ] Test set [ndcg@10: 0.0097 ndcg@20: 0.0124 ndcg@40: 0.0160 ] 
2024-11-15 13:24:42,014 - [Epoch  14 /  30] bpr_loss: 34.3209 reg_loss: 23.5153 ss_loss: 568.7052 
2024-11-15 13:24:59,065 - Epoch  14 Test set [recall@10: 0.0194 recall@20: 0.0315 recall@40: 0.0479 ] Test set [ndcg@10: 0.0097 ndcg@20: 0.0127 ndcg@40: 0.0160 ] 
2024-11-15 13:26:05,416 - [Epoch  15 /  30] bpr_loss: 32.7606 reg_loss: 24.8502 ss_loss: 565.3743 
2024-11-15 13:26:22,194 - Epoch  15 Test set [recall@10: 0.0180 recall@20: 0.0301 recall@40: 0.0480 ] Test set [ndcg@10: 0.0090 ndcg@20: 0.0120 ndcg@40: 0.0156 ] 
2024-11-15 13:27:28,853 - [Epoch  16 /  30] bpr_loss: 30.9554 reg_loss: 26.1318 ss_loss: 561.1592 
2024-11-15 13:27:44,032 - Epoch  16 Test set [recall@10: 0.0187 recall@20: 0.0301 recall@40: 0.0475 ] Test set [ndcg@10: 0.0091 ndcg@20: 0.0119 ndcg@40: 0.0155 ] 
2024-11-15 13:28:50,481 - [Epoch  17 /  30] bpr_loss: 30.0152 reg_loss: 27.3981 ss_loss: 557.9926 
2024-11-15 13:29:07,236 - Epoch  17 Test set [recall@10: 0.0181 recall@20: 0.0311 recall@40: 0.0484 ] Test set [ndcg@10: 0.0086 ndcg@20: 0.0119 ndcg@40: 0.0154 ] 
2024-11-15 13:30:13,737 - [Epoch  18 /  30] bpr_loss: 28.9351 reg_loss: 28.7273 ss_loss: 553.7559 
2024-11-15 13:30:29,678 - Epoch  18 Test set [recall@10: 0.0171 recall@20: 0.0308 recall@40: 0.0485 ] Test set [ndcg@10: 0.0086 ndcg@20: 0.0120 ndcg@40: 0.0156 ] 
2024-11-15 13:31:36,291 - [Epoch  19 /  30] bpr_loss: 28.1091 reg_loss: 29.9960 ss_loss: 551.2644 
2024-11-15 13:31:52,114 - Epoch  19 Test set [recall@10: 0.0185 recall@20: 0.0296 recall@40: 0.0473 ] Test set [ndcg@10: 0.0091 ndcg@20: 0.0119 ndcg@40: 0.0155 ] 
2024-11-15 13:32:58,493 - [Epoch  20 /  30] bpr_loss: 27.0754 reg_loss: 31.1591 ss_loss: 549.2154 
2024-11-15 13:33:14,062 - Epoch  20 Test set [recall@10: 0.0187 recall@20: 0.0298 recall@40: 0.0479 ] Test set [ndcg@10: 0.0090 ndcg@20: 0.0118 ndcg@40: 0.0155 ] 
2024-11-15 13:34:20,659 - [Epoch  21 /  30] bpr_loss: 26.2229 reg_loss: 32.2626 ss_loss: 548.1967 
2024-11-15 13:34:36,262 - Epoch  21 Test set [recall@10: 0.0191 recall@20: 0.0296 recall@40: 0.0479 ] Test set [ndcg@10: 0.0090 ndcg@20: 0.0116 ndcg@40: 0.0153 ] 
2024-11-15 13:35:42,603 - [Epoch  22 /  30] bpr_loss: 25.9476 reg_loss: 33.3068 ss_loss: 545.0097 
2024-11-15 13:35:58,014 - Epoch  22 Test set [recall@10: 0.0194 recall@20: 0.0306 recall@40: 0.0481 ] Test set [ndcg@10: 0.0090 ndcg@20: 0.0118 ndcg@40: 0.0154 ] 
2024-11-15 13:37:04,547 - [Epoch  23 /  30] bpr_loss: 25.2700 reg_loss: 34.2801 ss_loss: 542.9251 
2024-11-15 13:37:20,079 - Epoch  23 Test set [recall@10: 0.0188 recall@20: 0.0317 recall@40: 0.0467 ] Test set [ndcg@10: 0.0092 ndcg@20: 0.0124 ndcg@40: 0.0154 ] 
2024-11-15 13:38:26,748 - [Epoch  24 /  30] bpr_loss: 24.4788 reg_loss: 35.1428 ss_loss: 540.9009 
2024-11-15 13:38:42,847 - Epoch  24 Test set [recall@10: 0.0182 recall@20: 0.0301 recall@40: 0.0486 ] Test set [ndcg@10: 0.0090 ndcg@20: 0.0120 ndcg@40: 0.0157 ] 
2024-11-15 13:39:49,258 - [Epoch  25 /  30] bpr_loss: 23.7470 reg_loss: 35.9217 ss_loss: 539.7433 
2024-11-15 13:40:04,776 - Epoch  25 Test set [recall@10: 0.0191 recall@20: 0.0315 recall@40: 0.0480 ] Test set [ndcg@10: 0.0091 ndcg@20: 0.0122 ndcg@40: 0.0155 ] 
2024-11-15 13:41:11,349 - [Epoch  26 /  30] bpr_loss: 23.6463 reg_loss: 36.5951 ss_loss: 538.3191 
2024-11-15 13:41:26,084 - Epoch  26 Test set [recall@10: 0.0186 recall@20: 0.0304 recall@40: 0.0474 ] Test set [ndcg@10: 0.0088 ndcg@20: 0.0118 ndcg@40: 0.0152 ] 
2024-11-15 13:42:32,574 - [Epoch  27 /  30] bpr_loss: 23.2111 reg_loss: 37.1395 ss_loss: 536.6841 
2024-11-15 13:42:47,931 - Epoch  27 Test set [recall@10: 0.0176 recall@20: 0.0303 recall@40: 0.0486 ] Test set [ndcg@10: 0.0088 ndcg@20: 0.0120 ndcg@40: 0.0158 ] 
2024-11-15 13:43:54,617 - [Epoch  28 /  30] bpr_loss: 22.7180 reg_loss: 37.7112 ss_loss: 537.1118 
2024-11-15 13:44:10,064 - Epoch  28 Test set [recall@10: 0.0176 recall@20: 0.0292 recall@40: 0.0477 ] Test set [ndcg@10: 0.0087 ndcg@20: 0.0116 ndcg@40: 0.0154 ] 
2024-11-15 13:45:16,479 - [Epoch  29 /  30] bpr_loss: 22.2737 reg_loss: 38.1325 ss_loss: 535.4674 
2024-11-15 13:45:31,180 - Epoch  29 Test set [recall@10: 0.0180 recall@20: 0.0285 recall@40: 0.0465 ] Test set [ndcg@10: 0.0090 ndcg@20: 0.0116 ndcg@40: 0.0153 ] 
2024-11-15 13:45:45,563 - Test set [recall@10: 0.0180 recall@20: 0.0285 recall@40: 0.0465 ] Test set [ndcg@10: 0.0090 ndcg@20: 0.0116 ndcg@40: 0.0153 ] 
2024-11-15 13:45:59,530 - Test set [recall@10: 0.0180 recall@20: 0.0285 recall@40: 0.0465 ] Test set [ndcg@10: 0.0090 ndcg@20: 0.0116 ndcg@40: 0.0153 ] 
