2024-11-15 13:54:06,116 - {'optimizer': {'name': 'adam', 'lr': 0.001, 'weight_decay': 0}, 'train': {'epoch': 30, 'batch_size': 2000, 'save_model': False, 'loss': 'pairwise', 'test_step': 1, 'reproducible': True, 'seed': 2023, 'tensorboard': True, 'log_loss': True, 'early_stop': False}, 'test': {'metrics': ['recall', 'ndcg'], 'k': [10, 20, 40], 'batch_size': 512}, 'data': {'type': 'social', 'name': 'lastfm', 'user_num': 1892, 'item_num': 17632}, 'model': {'name': 'idea_mhcn_v4', 'layer_num': 2, 'reg_weight': 0.001, 'embedding_size': 64, 'ss_rate': 0.01}, 'tune': {'enable': False, 'hyperparameters': ['cl_weight', 'temperature', 'sampling_ratio'], 'cl_weight': [1.0, 0.1, 0.01, 0.001], 'temperature': [0.1, 0.2, 0.3, 0.4, 0.5], 'sampling_ratio': [0.5, 0.6, 0.7, 0.8, 0.9, 1.0]}, 'device': 'cuda', 'log': True}
2024-11-15 13:54:08,292 - [Epoch   0 /  30] bpr_loss: 190.8477 reg_loss: 0.4985 ss_loss: 68.6828 
2024-11-15 13:54:08,800 - Epoch   0 Test set [recall@10: 0.0264 recall@20: 0.0409 recall@40: 0.0639 ] Test set [ndcg@10: 0.0321 ndcg@20: 0.0385 ndcg@40: 0.0490 ] 
2024-11-15 13:54:10,041 - [Epoch   1 /  30] bpr_loss: 122.0922 reg_loss: 0.5715 ss_loss: 52.4812 
2024-11-15 13:54:10,505 - Epoch   1 Test set [recall@10: 0.0254 recall@20: 0.0404 recall@40: 0.0619 ] Test set [ndcg@10: 0.0322 ndcg@20: 0.0388 ndcg@40: 0.0487 ] 
2024-11-15 13:54:11,841 - [Epoch   2 /  30] bpr_loss: 105.6635 reg_loss: 0.6465 ss_loss: 46.6599 
2024-11-15 13:54:12,234 - Epoch   2 Test set [recall@10: 0.0266 recall@20: 0.0411 recall@40: 0.0630 ] Test set [ndcg@10: 0.0332 ndcg@20: 0.0395 ndcg@40: 0.0495 ] 
2024-11-15 13:54:13,860 - [Epoch   3 /  30] bpr_loss: 96.7309 reg_loss: 0.7308 ss_loss: 43.3021 
2024-11-15 13:54:14,373 - Epoch   3 Test set [recall@10: 0.0259 recall@20: 0.0405 recall@40: 0.0620 ] Test set [ndcg@10: 0.0326 ndcg@20: 0.0390 ndcg@40: 0.0489 ] 
2024-11-15 13:54:15,967 - [Epoch   4 /  30] bpr_loss: 92.2991 reg_loss: 0.8222 ss_loss: 41.2297 
2024-11-15 13:54:16,443 - Epoch   4 Test set [recall@10: 0.0262 recall@20: 0.0411 recall@40: 0.0637 ] Test set [ndcg@10: 0.0333 ndcg@20: 0.0398 ndcg@40: 0.0502 ] 
2024-11-15 13:54:17,665 - [Epoch   5 /  30] bpr_loss: 85.6766 reg_loss: 0.9180 ss_loss: 39.4878 
2024-11-15 13:54:18,075 - Epoch   5 Test set [recall@10: 0.0271 recall@20: 0.0413 recall@40: 0.0643 ] Test set [ndcg@10: 0.0338 ndcg@20: 0.0399 ndcg@40: 0.0504 ] 
2024-11-15 13:54:19,473 - [Epoch   6 /  30] bpr_loss: 82.0886 reg_loss: 1.0169 ss_loss: 39.2980 
2024-11-15 13:54:19,888 - Epoch   6 Test set [recall@10: 0.0278 recall@20: 0.0425 recall@40: 0.0659 ] Test set [ndcg@10: 0.0348 ndcg@20: 0.0412 ndcg@40: 0.0519 ] 
2024-11-15 13:54:21,098 - [Epoch   7 /  30] bpr_loss: 77.8412 reg_loss: 1.1175 ss_loss: 37.8266 
2024-11-15 13:54:21,486 - Epoch   7 Test set [recall@10: 0.0278 recall@20: 0.0421 recall@40: 0.0660 ] Test set [ndcg@10: 0.0345 ndcg@20: 0.0406 ndcg@40: 0.0516 ] 
2024-11-15 13:54:22,581 - [Epoch   8 /  30] bpr_loss: 73.6392 reg_loss: 1.2192 ss_loss: 37.0867 
2024-11-15 13:54:22,965 - Epoch   8 Test set [recall@10: 0.0276 recall@20: 0.0422 recall@40: 0.0655 ] Test set [ndcg@10: 0.0341 ndcg@20: 0.0405 ndcg@40: 0.0512 ] 
2024-11-15 13:54:24,302 - [Epoch   9 /  30] bpr_loss: 72.2848 reg_loss: 1.3197 ss_loss: 36.8023 
2024-11-15 13:54:24,832 - Epoch   9 Test set [recall@10: 0.0270 recall@20: 0.0426 recall@40: 0.0658 ] Test set [ndcg@10: 0.0335 ndcg@20: 0.0404 ndcg@40: 0.0512 ] 
2024-11-15 13:54:26,084 - [Epoch  10 /  30] bpr_loss: 69.0210 reg_loss: 1.4208 ss_loss: 36.2323 
2024-11-15 13:54:26,487 - Epoch  10 Test set [recall@10: 0.0271 recall@20: 0.0432 recall@40: 0.0676 ] Test set [ndcg@10: 0.0336 ndcg@20: 0.0409 ndcg@40: 0.0521 ] 
2024-11-15 13:54:27,695 - [Epoch  11 /  30] bpr_loss: 66.9317 reg_loss: 1.5210 ss_loss: 35.8723 
2024-11-15 13:54:28,201 - Epoch  11 Test set [recall@10: 0.0270 recall@20: 0.0439 recall@40: 0.0681 ] Test set [ndcg@10: 0.0340 ndcg@20: 0.0416 ndcg@40: 0.0528 ] 
2024-11-15 13:54:29,257 - [Epoch  12 /  30] bpr_loss: 63.5275 reg_loss: 1.6189 ss_loss: 35.7386 
2024-11-15 13:54:29,785 - Epoch  12 Test set [recall@10: 0.0275 recall@20: 0.0436 recall@40: 0.0672 ] Test set [ndcg@10: 0.0343 ndcg@20: 0.0415 ndcg@40: 0.0523 ] 
2024-11-15 13:54:30,879 - [Epoch  13 /  30] bpr_loss: 61.9915 reg_loss: 1.7150 ss_loss: 35.0257 
2024-11-15 13:54:31,407 - Epoch  13 Test set [recall@10: 0.0272 recall@20: 0.0437 recall@40: 0.0680 ] Test set [ndcg@10: 0.0343 ndcg@20: 0.0418 ndcg@40: 0.0529 ] 
2024-11-15 13:54:32,620 - [Epoch  14 /  30] bpr_loss: 59.5089 reg_loss: 1.8092 ss_loss: 34.7321 
2024-11-15 13:54:33,157 - Epoch  14 Test set [recall@10: 0.0274 recall@20: 0.0442 recall@40: 0.0679 ] Test set [ndcg@10: 0.0343 ndcg@20: 0.0417 ndcg@40: 0.0527 ] 
2024-11-15 13:54:34,476 - [Epoch  15 /  30] bpr_loss: 59.3003 reg_loss: 1.9021 ss_loss: 35.3714 
2024-11-15 13:54:34,876 - Epoch  15 Test set [recall@10: 0.0276 recall@20: 0.0442 recall@40: 0.0687 ] Test set [ndcg@10: 0.0346 ndcg@20: 0.0421 ndcg@40: 0.0534 ] 
2024-11-15 13:54:36,066 - [Epoch  16 /  30] bpr_loss: 57.3928 reg_loss: 1.9935 ss_loss: 34.3706 
2024-11-15 13:54:36,458 - Epoch  16 Test set [recall@10: 0.0278 recall@20: 0.0449 recall@40: 0.0685 ] Test set [ndcg@10: 0.0348 ndcg@20: 0.0426 ndcg@40: 0.0535 ] 
2024-11-15 13:54:37,642 - [Epoch  17 /  30] bpr_loss: 54.8895 reg_loss: 2.0823 ss_loss: 34.2630 
2024-11-15 13:54:38,082 - Epoch  17 Test set [recall@10: 0.0282 recall@20: 0.0457 recall@40: 0.0691 ] Test set [ndcg@10: 0.0353 ndcg@20: 0.0432 ndcg@40: 0.0540 ] 
2024-11-15 13:54:39,266 - [Epoch  18 /  30] bpr_loss: 54.2082 reg_loss: 2.1694 ss_loss: 33.7972 
2024-11-15 13:54:39,658 - Epoch  18 Test set [recall@10: 0.0283 recall@20: 0.0453 recall@40: 0.0687 ] Test set [ndcg@10: 0.0353 ndcg@20: 0.0429 ndcg@40: 0.0537 ] 
2024-11-15 13:54:40,777 - [Epoch  19 /  30] bpr_loss: 52.3460 reg_loss: 2.2545 ss_loss: 33.5817 
2024-11-15 13:54:41,284 - Epoch  19 Test set [recall@10: 0.0288 recall@20: 0.0461 recall@40: 0.0706 ] Test set [ndcg@10: 0.0365 ndcg@20: 0.0442 ndcg@40: 0.0555 ] 
2024-11-15 13:54:42,464 - [Epoch  20 /  30] bpr_loss: 51.2680 reg_loss: 2.3383 ss_loss: 33.6011 
2024-11-15 13:54:42,991 - Epoch  20 Test set [recall@10: 0.0289 recall@20: 0.0460 recall@40: 0.0700 ] Test set [ndcg@10: 0.0363 ndcg@20: 0.0438 ndcg@40: 0.0548 ] 
2024-11-15 13:54:44,103 - [Epoch  21 /  30] bpr_loss: 50.7029 reg_loss: 2.4211 ss_loss: 33.7523 
2024-11-15 13:54:44,494 - Epoch  21 Test set [recall@10: 0.0286 recall@20: 0.0455 recall@40: 0.0693 ] Test set [ndcg@10: 0.0353 ndcg@20: 0.0429 ndcg@40: 0.0538 ] 
2024-11-15 13:54:45,791 - [Epoch  22 /  30] bpr_loss: 49.1036 reg_loss: 2.5025 ss_loss: 33.2775 
2024-11-15 13:54:46,189 - Epoch  22 Test set [recall@10: 0.0291 recall@20: 0.0452 recall@40: 0.0699 ] Test set [ndcg@10: 0.0358 ndcg@20: 0.0429 ndcg@40: 0.0543 ] 
2024-11-15 13:54:47,548 - [Epoch  23 /  30] bpr_loss: 47.8553 reg_loss: 2.5809 ss_loss: 33.0574 
2024-11-15 13:54:47,951 - Epoch  23 Test set [recall@10: 0.0292 recall@20: 0.0452 recall@40: 0.0704 ] Test set [ndcg@10: 0.0368 ndcg@20: 0.0438 ndcg@40: 0.0554 ] 
2024-11-15 13:54:49,288 - [Epoch  24 /  30] bpr_loss: 47.1648 reg_loss: 2.6582 ss_loss: 33.1222 
2024-11-15 13:54:49,689 - Epoch  24 Test set [recall@10: 0.0289 recall@20: 0.0456 recall@40: 0.0703 ] Test set [ndcg@10: 0.0364 ndcg@20: 0.0439 ndcg@40: 0.0552 ] 
2024-11-15 13:54:50,878 - [Epoch  25 /  30] bpr_loss: 46.4179 reg_loss: 2.7331 ss_loss: 32.2748 
2024-11-15 13:54:51,251 - Epoch  25 Test set [recall@10: 0.0289 recall@20: 0.0456 recall@40: 0.0704 ] Test set [ndcg@10: 0.0366 ndcg@20: 0.0440 ndcg@40: 0.0554 ] 
2024-11-15 13:54:52,589 - [Epoch  26 /  30] bpr_loss: 46.0982 reg_loss: 2.8077 ss_loss: 32.6562 
2024-11-15 13:54:53,092 - Epoch  26 Test set [recall@10: 0.0286 recall@20: 0.0448 recall@40: 0.0703 ] Test set [ndcg@10: 0.0366 ndcg@20: 0.0438 ndcg@40: 0.0555 ] 
2024-11-15 13:54:54,446 - [Epoch  27 /  30] bpr_loss: 44.3581 reg_loss: 2.8829 ss_loss: 31.8427 
2024-11-15 13:54:54,950 - Epoch  27 Test set [recall@10: 0.0282 recall@20: 0.0451 recall@40: 0.0701 ] Test set [ndcg@10: 0.0358 ndcg@20: 0.0434 ndcg@40: 0.0548 ] 
2024-11-15 13:54:56,096 - [Epoch  28 /  30] bpr_loss: 43.5450 reg_loss: 2.9560 ss_loss: 31.9450 
2024-11-15 13:54:56,628 - Epoch  28 Test set [recall@10: 0.0279 recall@20: 0.0450 recall@40: 0.0694 ] Test set [ndcg@10: 0.0360 ndcg@20: 0.0437 ndcg@40: 0.0549 ] 
2024-11-15 13:54:57,689 - [Epoch  29 /  30] bpr_loss: 41.8351 reg_loss: 3.0256 ss_loss: 31.9545 
2024-11-15 13:54:58,217 - Epoch  29 Test set [recall@10: 0.0283 recall@20: 0.0458 recall@40: 0.0712 ] Test set [ndcg@10: 0.0363 ndcg@20: 0.0442 ndcg@40: 0.0558 ] 
2024-11-15 13:54:58,709 - Test set [recall@10: 0.0283 recall@20: 0.0458 recall@40: 0.0712 ] Test set [ndcg@10: 0.0363 ndcg@20: 0.0442 ndcg@40: 0.0558 ] 
2024-11-15 13:54:59,198 - Test set [recall@10: 0.0283 recall@20: 0.0458 recall@40: 0.0712 ] Test set [ndcg@10: 0.0363 ndcg@20: 0.0442 ndcg@40: 0.0558 ] 
