2024-11-15 12:48:01,589 - {'optimizer': {'name': 'adam', 'lr': 0.001, 'weight_decay': 0}, 'train': {'epoch': 30, 'batch_size': 2000, 'save_model': False, 'loss': 'pairwise', 'test_step': 1, 'reproducible': True, 'seed': 2023, 'tensorboard': True, 'log_loss': True, 'early_stop': False}, 'test': {'metrics': ['recall', 'ndcg'], 'k': [10, 20, 40], 'batch_size': 512}, 'data': {'type': 'social', 'name': 'yelp', 'user_num': 43043, 'item_num': 66576}, 'model': {'name': 'idea_mhcn_v4', 'layer_num': 2, 'reg_weight': 0.001, 'embedding_size': 64, 'ss_rate': 0.01}, 'tune': {'enable': False, 'hyperparameters': ['cl_weight', 'temperature', 'sampling_ratio'], 'cl_weight': [1.0, 0.1, 0.01, 0.001], 'temperature': [0.1, 0.2, 0.3, 0.4, 0.5], 'sampling_ratio': [0.5, 0.6, 0.7, 0.8, 0.9, 1.0]}, 'device': 'cuda', 'log': True}
2024-11-15 12:48:14,356 - [Epoch   0 /  30] bpr_loss: 190.9046 reg_loss: 0.9403 ss_loss: 1867.4627 
2024-11-15 12:48:31,998 - Epoch   0 Test set [recall@10: 0.0211 recall@20: 0.0358 recall@40: 0.0610 ] Test set [ndcg@10: 0.0107 ndcg@20: 0.0144 ndcg@40: 0.0195 ] 
2024-11-15 12:48:42,506 - [Epoch   1 /  30] bpr_loss: 132.1896 reg_loss: 1.5401 ss_loss: 1708.6403 
2024-11-15 12:48:58,644 - Epoch   1 Test set [recall@10: 0.0249 recall@20: 0.0420 recall@40: 0.0681 ] Test set [ndcg@10: 0.0123 ndcg@20: 0.0166 ndcg@40: 0.0219 ] 
2024-11-15 12:49:09,056 - [Epoch   2 /  30] bpr_loss: 111.7110 reg_loss: 2.0795 ss_loss: 1689.7270 
2024-11-15 12:49:25,383 - Epoch   2 Test set [recall@10: 0.0269 recall@20: 0.0447 recall@40: 0.0738 ] Test set [ndcg@10: 0.0137 ndcg@20: 0.0181 ndcg@40: 0.0240 ] 
2024-11-15 12:49:35,836 - [Epoch   3 /  30] bpr_loss: 101.9925 reg_loss: 2.6164 ss_loss: 1677.1372 
2024-11-15 12:49:53,392 - Epoch   3 Test set [recall@10: 0.0281 recall@20: 0.0463 recall@40: 0.0747 ] Test set [ndcg@10: 0.0142 ndcg@20: 0.0187 ndcg@40: 0.0245 ] 
2024-11-15 12:50:04,803 - [Epoch   4 /  30] bpr_loss: 93.9358 reg_loss: 3.1607 ss_loss: 1672.1151 
2024-11-15 12:50:22,401 - Epoch   4 Test set [recall@10: 0.0287 recall@20: 0.0473 recall@40: 0.0760 ] Test set [ndcg@10: 0.0145 ndcg@20: 0.0191 ndcg@40: 0.0250 ] 
2024-11-15 12:50:33,150 - [Epoch   5 /  30] bpr_loss: 88.4100 reg_loss: 3.7131 ss_loss: 1662.1349 
2024-11-15 12:50:50,516 - Epoch   5 Test set [recall@10: 0.0302 recall@20: 0.0492 recall@40: 0.0778 ] Test set [ndcg@10: 0.0154 ndcg@20: 0.0201 ndcg@40: 0.0260 ] 
2024-11-15 12:51:00,856 - [Epoch   6 /  30] bpr_loss: 83.6002 reg_loss: 4.2664 ss_loss: 1661.8932 
2024-11-15 12:51:17,698 - Epoch   6 Test set [recall@10: 0.0311 recall@20: 0.0496 recall@40: 0.0786 ] Test set [ndcg@10: 0.0156 ndcg@20: 0.0203 ndcg@40: 0.0262 ] 
2024-11-15 12:51:27,979 - [Epoch   7 /  30] bpr_loss: 78.9356 reg_loss: 4.8407 ss_loss: 1661.6576 
2024-11-15 12:51:45,375 - Epoch   7 Test set [recall@10: 0.0310 recall@20: 0.0494 recall@40: 0.0791 ] Test set [ndcg@10: 0.0157 ndcg@20: 0.0203 ndcg@40: 0.0264 ] 
2024-11-15 12:51:56,432 - [Epoch   8 /  30] bpr_loss: 75.0453 reg_loss: 5.4339 ss_loss: 1655.7529 
2024-11-15 12:52:12,460 - Epoch   8 Test set [recall@10: 0.0312 recall@20: 0.0512 recall@40: 0.0805 ] Test set [ndcg@10: 0.0158 ndcg@20: 0.0208 ndcg@40: 0.0267 ] 
2024-11-15 12:52:23,310 - [Epoch   9 /  30] bpr_loss: 72.1647 reg_loss: 6.0418 ss_loss: 1656.1436 
2024-11-15 12:52:39,201 - Epoch   9 Test set [recall@10: 0.0306 recall@20: 0.0504 recall@40: 0.0812 ] Test set [ndcg@10: 0.0156 ndcg@20: 0.0205 ndcg@40: 0.0268 ] 
2024-11-15 12:52:50,166 - [Epoch  10 /  30] bpr_loss: 69.4694 reg_loss: 6.6678 ss_loss: 1650.0753 
2024-11-15 12:53:06,211 - Epoch  10 Test set [recall@10: 0.0302 recall@20: 0.0505 recall@40: 0.0805 ] Test set [ndcg@10: 0.0154 ndcg@20: 0.0205 ndcg@40: 0.0266 ] 
2024-11-15 12:53:17,006 - [Epoch  11 /  30] bpr_loss: 67.4596 reg_loss: 7.3176 ss_loss: 1647.8551 
2024-11-15 12:53:33,398 - Epoch  11 Test set [recall@10: 0.0304 recall@20: 0.0506 recall@40: 0.0799 ] Test set [ndcg@10: 0.0154 ndcg@20: 0.0205 ndcg@40: 0.0265 ] 
2024-11-15 12:53:44,507 - [Epoch  12 /  30] bpr_loss: 64.9617 reg_loss: 7.9858 ss_loss: 1645.8723 
2024-11-15 12:54:00,357 - Epoch  12 Test set [recall@10: 0.0310 recall@20: 0.0508 recall@40: 0.0796 ] Test set [ndcg@10: 0.0158 ndcg@20: 0.0208 ndcg@40: 0.0266 ] 
2024-11-15 12:54:11,124 - [Epoch  13 /  30] bpr_loss: 63.1011 reg_loss: 8.6842 ss_loss: 1644.6716 
2024-11-15 12:54:26,661 - Epoch  13 Test set [recall@10: 0.0306 recall@20: 0.0503 recall@40: 0.0810 ] Test set [ndcg@10: 0.0157 ndcg@20: 0.0207 ndcg@40: 0.0269 ] 
2024-11-15 12:54:38,137 - [Epoch  14 /  30] bpr_loss: 60.2606 reg_loss: 9.3921 ss_loss: 1641.6288 
2024-11-15 12:54:53,789 - Epoch  14 Test set [recall@10: 0.0304 recall@20: 0.0509 recall@40: 0.0816 ] Test set [ndcg@10: 0.0155 ndcg@20: 0.0206 ndcg@40: 0.0269 ] 
2024-11-15 12:55:04,460 - [Epoch  15 /  30] bpr_loss: 58.2042 reg_loss: 10.1114 ss_loss: 1643.4180 
2024-11-15 12:55:22,537 - Epoch  15 Test set [recall@10: 0.0305 recall@20: 0.0507 recall@40: 0.0815 ] Test set [ndcg@10: 0.0153 ndcg@20: 0.0204 ndcg@40: 0.0267 ] 
2024-11-15 12:55:33,355 - [Epoch  16 /  30] bpr_loss: 56.8220 reg_loss: 10.8504 ss_loss: 1636.8649 
2024-11-15 12:55:49,957 - Epoch  16 Test set [recall@10: 0.0311 recall@20: 0.0494 recall@40: 0.0806 ] Test set [ndcg@10: 0.0158 ndcg@20: 0.0204 ndcg@40: 0.0268 ] 
2024-11-15 12:56:00,362 - [Epoch  17 /  30] bpr_loss: 54.0917 reg_loss: 11.6154 ss_loss: 1637.7487 
2024-11-15 12:56:17,674 - Epoch  17 Test set [recall@10: 0.0301 recall@20: 0.0506 recall@40: 0.0808 ] Test set [ndcg@10: 0.0155 ndcg@20: 0.0206 ndcg@40: 0.0268 ] 
2024-11-15 12:56:28,462 - [Epoch  18 /  30] bpr_loss: 52.3690 reg_loss: 12.3801 ss_loss: 1634.0576 
2024-11-15 12:56:44,902 - Epoch  18 Test set [recall@10: 0.0300 recall@20: 0.0503 recall@40: 0.0812 ] Test set [ndcg@10: 0.0154 ndcg@20: 0.0205 ndcg@40: 0.0268 ] 
2024-11-15 12:56:55,106 - [Epoch  19 /  30] bpr_loss: 50.8702 reg_loss: 13.1590 ss_loss: 1626.2787 
2024-11-15 12:57:11,564 - Epoch  19 Test set [recall@10: 0.0303 recall@20: 0.0504 recall@40: 0.0813 ] Test set [ndcg@10: 0.0157 ndcg@20: 0.0208 ndcg@40: 0.0271 ] 
2024-11-15 12:57:25,652 - [Epoch  20 /  30] bpr_loss: 49.4512 reg_loss: 13.9572 ss_loss: 1623.9283 
2024-11-15 12:57:42,490 - Epoch  20 Test set [recall@10: 0.0300 recall@20: 0.0496 recall@40: 0.0808 ] Test set [ndcg@10: 0.0155 ndcg@20: 0.0204 ndcg@40: 0.0268 ] 
2024-11-15 12:57:52,781 - [Epoch  21 /  30] bpr_loss: 47.8232 reg_loss: 14.7709 ss_loss: 1619.6890 
2024-11-15 12:58:09,087 - Epoch  21 Test set [recall@10: 0.0304 recall@20: 0.0499 recall@40: 0.0807 ] Test set [ndcg@10: 0.0155 ndcg@20: 0.0204 ndcg@40: 0.0266 ] 
2024-11-15 12:58:19,848 - [Epoch  22 /  30] bpr_loss: 46.0906 reg_loss: 15.6035 ss_loss: 1618.3955 
2024-11-15 12:58:35,139 - Epoch  22 Test set [recall@10: 0.0305 recall@20: 0.0492 recall@40: 0.0804 ] Test set [ndcg@10: 0.0156 ndcg@20: 0.0203 ndcg@40: 0.0266 ] 
2024-11-15 12:58:45,620 - [Epoch  23 /  30] bpr_loss: 44.9069 reg_loss: 16.4273 ss_loss: 1616.5066 
2024-11-15 12:59:03,151 - Epoch  23 Test set [recall@10: 0.0303 recall@20: 0.0492 recall@40: 0.0805 ] Test set [ndcg@10: 0.0156 ndcg@20: 0.0204 ndcg@40: 0.0267 ] 
2024-11-15 12:59:14,251 - [Epoch  24 /  30] bpr_loss: 43.2993 reg_loss: 17.2658 ss_loss: 1611.5817 
2024-11-15 12:59:30,911 - Epoch  24 Test set [recall@10: 0.0303 recall@20: 0.0496 recall@40: 0.0801 ] Test set [ndcg@10: 0.0154 ndcg@20: 0.0203 ndcg@40: 0.0265 ] 
2024-11-15 12:59:41,726 - [Epoch  25 /  30] bpr_loss: 41.9017 reg_loss: 18.1372 ss_loss: 1607.5454 
2024-11-15 12:59:59,149 - Epoch  25 Test set [recall@10: 0.0309 recall@20: 0.0497 recall@40: 0.0801 ] Test set [ndcg@10: 0.0156 ndcg@20: 0.0204 ndcg@40: 0.0266 ] 
2024-11-15 13:00:10,499 - [Epoch  26 /  30] bpr_loss: 41.4007 reg_loss: 19.0088 ss_loss: 1606.2678 
2024-11-15 13:00:27,851 - Epoch  26 Test set [recall@10: 0.0297 recall@20: 0.0502 recall@40: 0.0804 ] Test set [ndcg@10: 0.0152 ndcg@20: 0.0203 ndcg@40: 0.0265 ] 
2024-11-15 13:00:38,716 - [Epoch  27 /  30] bpr_loss: 39.7600 reg_loss: 19.8899 ss_loss: 1601.6022 
2024-11-15 13:00:56,343 - Epoch  27 Test set [recall@10: 0.0303 recall@20: 0.0498 recall@40: 0.0808 ] Test set [ndcg@10: 0.0157 ndcg@20: 0.0206 ndcg@40: 0.0269 ] 
2024-11-15 13:01:07,431 - [Epoch  28 /  30] bpr_loss: 38.6460 reg_loss: 20.7998 ss_loss: 1598.2396 
2024-11-15 13:01:23,564 - Epoch  28 Test set [recall@10: 0.0302 recall@20: 0.0503 recall@40: 0.0808 ] Test set [ndcg@10: 0.0157 ndcg@20: 0.0208 ndcg@40: 0.0270 ] 
2024-11-15 13:01:34,163 - [Epoch  29 /  30] bpr_loss: 37.0927 reg_loss: 21.6802 ss_loss: 1597.6571 
2024-11-15 13:01:51,439 - Epoch  29 Test set [recall@10: 0.0302 recall@20: 0.0507 recall@40: 0.0810 ] Test set [ndcg@10: 0.0157 ndcg@20: 0.0209 ndcg@40: 0.0270 ] 
2024-11-15 13:02:09,127 - Test set [recall@10: 0.0302 recall@20: 0.0507 recall@40: 0.0810 ] Test set [ndcg@10: 0.0157 ndcg@20: 0.0209 ndcg@40: 0.0270 ] 
2024-11-15 13:02:26,095 - Test set [recall@10: 0.0302 recall@20: 0.0507 recall@40: 0.0810 ] Test set [ndcg@10: 0.0157 ndcg@20: 0.0209 ndcg@40: 0.0270 ] 
