2024-11-19 21:33:37,907 - {'optimizer': {'name': 'adam', 'lr': 0.001, 'weight_decay': 0}, 'train': {'epoch': 500, 'batch_size': 4096, 'save_model': False, 'loss': 'pairwise', 'log_loss': False, 'test_step': 3, 'patience': 5, 'reproducible': True, 'seed': 2023, 'early_stop': True}, 'test': {'metrics': ['recall', 'ndcg'], 'k': [10, 20, 40], 'batch_size': 1024}, 'data': {'type': 'social', 'name': 'epinions', 'user_num': 18081, 'item_num': 251722}, 'model': {'name': 'idea_lightgcn', 'layer_num': 2, 'reg_weight': 1e-08, 'embedding_size': 64}, 'tune': {'enable': False, 'hyperparameters': ['layer_num', 'reg_weight'], 'layer_num': [2, 3], 'reg_weight': [1e-06, 1e-07, 1e-08]}, 'device': 'cuda', 'log': True}
2024-11-19 21:34:32,992 - Epoch   0 Test set [recall@10: 0.0087 recall@20: 0.0147 recall@40: 0.0239 ] Test set [ndcg@10: 0.0051 ndcg@20: 0.0066 ndcg@40: 0.0085 ] 
2024-11-19 21:34:32,994 - Validation score increased.  Copying the best model ...
2024-11-19 21:35:33,813 - Epoch   3 Test set [recall@10: 0.0089 recall@20: 0.0161 recall@40: 0.0266 ] Test set [ndcg@10: 0.0052 ndcg@20: 0.0071 ndcg@40: 0.0092 ] 
2024-11-19 21:35:33,814 - Validation score increased.  Copying the best model ...
2024-11-19 21:36:33,753 - Epoch   6 Test set [recall@10: 0.0100 recall@20: 0.0176 recall@40: 0.0301 ] Test set [ndcg@10: 0.0056 ndcg@20: 0.0075 ndcg@40: 0.0101 ] 
2024-11-19 21:36:33,754 - Validation score increased.  Copying the best model ...
2024-11-19 21:37:32,396 - Epoch   9 Test set [recall@10: 0.0107 recall@20: 0.0192 recall@40: 0.0318 ] Test set [ndcg@10: 0.0060 ndcg@20: 0.0081 ndcg@40: 0.0106 ] 
2024-11-19 21:37:32,397 - Validation score increased.  Copying the best model ...
2024-11-19 21:38:30,399 - Epoch  12 Test set [recall@10: 0.0110 recall@20: 0.0209 recall@40: 0.0344 ] Test set [ndcg@10: 0.0058 ndcg@20: 0.0082 ndcg@40: 0.0110 ] 
2024-11-19 21:38:30,400 - Validation score increased.  Copying the best model ...
2024-11-19 21:39:27,790 - Epoch  15 Test set [recall@10: 0.0125 recall@20: 0.0219 recall@40: 0.0354 ] Test set [ndcg@10: 0.0063 ndcg@20: 0.0087 ndcg@40: 0.0114 ] 
2024-11-19 21:39:27,791 - Validation score increased.  Copying the best model ...
2024-11-19 21:40:25,045 - Epoch  18 Test set [recall@10: 0.0131 recall@20: 0.0231 recall@40: 0.0374 ] Test set [ndcg@10: 0.0066 ndcg@20: 0.0091 ndcg@40: 0.0120 ] 
2024-11-19 21:40:25,046 - Validation score increased.  Copying the best model ...
2024-11-19 21:41:22,633 - Epoch  21 Test set [recall@10: 0.0133 recall@20: 0.0246 recall@40: 0.0387 ] Test set [ndcg@10: 0.0068 ndcg@20: 0.0096 ndcg@40: 0.0124 ] 
2024-11-19 21:41:22,634 - Validation score increased.  Copying the best model ...
2024-11-19 21:42:21,237 - Epoch  24 Test set [recall@10: 0.0145 recall@20: 0.0252 recall@40: 0.0391 ] Test set [ndcg@10: 0.0071 ndcg@20: 0.0098 ndcg@40: 0.0126 ] 
2024-11-19 21:42:21,238 - Validation score increased.  Copying the best model ...
2024-11-19 21:43:19,913 - Epoch  27 Test set [recall@10: 0.0144 recall@20: 0.0253 recall@40: 0.0407 ] Test set [ndcg@10: 0.0072 ndcg@20: 0.0099 ndcg@40: 0.0131 ] 
2024-11-19 21:43:19,913 - Early stop counter: 1 out of 5
2024-11-19 21:44:16,152 - Epoch  30 Test set [recall@10: 0.0153 recall@20: 0.0263 recall@40: 0.0405 ] Test set [ndcg@10: 0.0075 ndcg@20: 0.0103 ndcg@40: 0.0131 ] 
2024-11-19 21:44:16,153 - Validation score increased.  Copying the best model ...
2024-11-19 21:45:12,591 - Epoch  33 Test set [recall@10: 0.0157 recall@20: 0.0260 recall@40: 0.0415 ] Test set [ndcg@10: 0.0080 ndcg@20: 0.0106 ndcg@40: 0.0137 ] 
2024-11-19 21:45:12,592 - Validation score increased.  Copying the best model ...
2024-11-19 21:46:08,379 - Epoch  36 Test set [recall@10: 0.0161 recall@20: 0.0263 recall@40: 0.0409 ] Test set [ndcg@10: 0.0078 ndcg@20: 0.0104 ndcg@40: 0.0134 ] 
2024-11-19 21:46:08,381 - Validation score increased.  Copying the best model ...
2024-11-19 21:47:04,749 - Epoch  39 Test set [recall@10: 0.0166 recall@20: 0.0269 recall@40: 0.0416 ] Test set [ndcg@10: 0.0080 ndcg@20: 0.0106 ndcg@40: 0.0136 ] 
2024-11-19 21:47:04,750 - Validation score increased.  Copying the best model ...
2024-11-19 21:48:00,464 - Epoch  42 Test set [recall@10: 0.0169 recall@20: 0.0265 recall@40: 0.0421 ] Test set [ndcg@10: 0.0085 ndcg@20: 0.0109 ndcg@40: 0.0141 ] 
2024-11-19 21:48:00,465 - Validation score increased.  Copying the best model ...
2024-11-19 21:48:56,531 - Epoch  45 Test set [recall@10: 0.0168 recall@20: 0.0267 recall@40: 0.0427 ] Test set [ndcg@10: 0.0082 ndcg@20: 0.0107 ndcg@40: 0.0139 ] 
2024-11-19 21:48:56,531 - Early stop counter: 1 out of 5
2024-11-19 21:49:52,547 - Epoch  48 Test set [recall@10: 0.0163 recall@20: 0.0271 recall@40: 0.0438 ] Test set [ndcg@10: 0.0083 ndcg@20: 0.0110 ndcg@40: 0.0144 ] 
2024-11-19 21:49:52,547 - Early stop counter: 2 out of 5
2024-11-19 21:50:48,672 - Epoch  51 Test set [recall@10: 0.0160 recall@20: 0.0269 recall@40: 0.0429 ] Test set [ndcg@10: 0.0083 ndcg@20: 0.0110 ndcg@40: 0.0143 ] 
2024-11-19 21:50:48,672 - Early stop counter: 3 out of 5
2024-11-19 21:51:44,847 - Epoch  54 Test set [recall@10: 0.0175 recall@20: 0.0268 recall@40: 0.0433 ] Test set [ndcg@10: 0.0088 ndcg@20: 0.0112 ndcg@40: 0.0145 ] 
2024-11-19 21:51:44,848 - Validation score increased.  Copying the best model ...
2024-11-19 21:52:41,199 - Epoch  57 Test set [recall@10: 0.0172 recall@20: 0.0276 recall@40: 0.0443 ] Test set [ndcg@10: 0.0088 ndcg@20: 0.0114 ndcg@40: 0.0148 ] 
2024-11-19 21:52:41,199 - Early stop counter: 1 out of 5
2024-11-19 21:53:37,461 - Epoch  60 Test set [recall@10: 0.0172 recall@20: 0.0284 recall@40: 0.0442 ] Test set [ndcg@10: 0.0089 ndcg@20: 0.0117 ndcg@40: 0.0149 ] 
2024-11-19 21:53:37,461 - Early stop counter: 2 out of 5
2024-11-19 21:54:33,325 - Epoch  63 Test set [recall@10: 0.0172 recall@20: 0.0284 recall@40: 0.0440 ] Test set [ndcg@10: 0.0088 ndcg@20: 0.0115 ndcg@40: 0.0147 ] 
2024-11-19 21:54:33,325 - Early stop counter: 3 out of 5
2024-11-19 21:55:29,546 - Epoch  66 Test set [recall@10: 0.0178 recall@20: 0.0277 recall@40: 0.0458 ] Test set [ndcg@10: 0.0090 ndcg@20: 0.0115 ndcg@40: 0.0152 ] 
2024-11-19 21:55:29,547 - Validation score increased.  Copying the best model ...
2024-11-19 21:56:25,582 - Epoch  69 Test set [recall@10: 0.0176 recall@20: 0.0287 recall@40: 0.0455 ] Test set [ndcg@10: 0.0090 ndcg@20: 0.0118 ndcg@40: 0.0152 ] 
2024-11-19 21:56:25,582 - Early stop counter: 1 out of 5
2024-11-19 21:57:21,712 - Epoch  72 Test set [recall@10: 0.0176 recall@20: 0.0281 recall@40: 0.0445 ] Test set [ndcg@10: 0.0090 ndcg@20: 0.0116 ndcg@40: 0.0150 ] 
2024-11-19 21:57:21,712 - Early stop counter: 2 out of 5
2024-11-19 21:58:17,514 - Epoch  75 Test set [recall@10: 0.0171 recall@20: 0.0273 recall@40: 0.0441 ] Test set [ndcg@10: 0.0089 ndcg@20: 0.0114 ndcg@40: 0.0149 ] 
2024-11-19 21:58:17,514 - Early stop counter: 3 out of 5
2024-11-19 21:59:13,437 - Epoch  78 Test set [recall@10: 0.0171 recall@20: 0.0284 recall@40: 0.0451 ] Test set [ndcg@10: 0.0089 ndcg@20: 0.0117 ndcg@40: 0.0151 ] 
2024-11-19 21:59:13,437 - Early stop counter: 4 out of 5
2024-11-19 22:00:09,535 - Epoch  81 Test set [recall@10: 0.0180 recall@20: 0.0294 recall@40: 0.0460 ] Test set [ndcg@10: 0.0093 ndcg@20: 0.0121 ndcg@40: 0.0155 ] 
2024-11-19 22:00:09,537 - Validation score increased.  Copying the best model ...
2024-11-19 22:01:05,577 - Epoch  84 Test set [recall@10: 0.0174 recall@20: 0.0293 recall@40: 0.0455 ] Test set [ndcg@10: 0.0090 ndcg@20: 0.0120 ndcg@40: 0.0153 ] 
2024-11-19 22:01:05,577 - Early stop counter: 1 out of 5
2024-11-19 22:02:01,378 - Epoch  87 Test set [recall@10: 0.0172 recall@20: 0.0293 recall@40: 0.0455 ] Test set [ndcg@10: 0.0090 ndcg@20: 0.0120 ndcg@40: 0.0153 ] 
2024-11-19 22:02:01,378 - Early stop counter: 2 out of 5
2024-11-19 22:02:57,567 - Epoch  90 Test set [recall@10: 0.0176 recall@20: 0.0293 recall@40: 0.0451 ] Test set [ndcg@10: 0.0091 ndcg@20: 0.0121 ndcg@40: 0.0153 ] 
2024-11-19 22:02:57,567 - Early stop counter: 3 out of 5
2024-11-19 22:03:53,851 - Epoch  93 Test set [recall@10: 0.0184 recall@20: 0.0290 recall@40: 0.0458 ] Test set [ndcg@10: 0.0094 ndcg@20: 0.0121 ndcg@40: 0.0155 ] 
2024-11-19 22:03:53,852 - Validation score increased.  Copying the best model ...
2024-11-19 22:04:50,007 - Epoch  96 Test set [recall@10: 0.0190 recall@20: 0.0296 recall@40: 0.0451 ] Test set [ndcg@10: 0.0096 ndcg@20: 0.0123 ndcg@40: 0.0154 ] 
2024-11-19 22:04:50,009 - Validation score increased.  Copying the best model ...
2024-11-19 22:05:46,222 - Epoch  99 Test set [recall@10: 0.0183 recall@20: 0.0297 recall@40: 0.0453 ] Test set [ndcg@10: 0.0096 ndcg@20: 0.0124 ndcg@40: 0.0156 ] 
2024-11-19 22:05:46,222 - Early stop counter: 1 out of 5
2024-11-19 22:06:42,497 - Epoch 102 Test set [recall@10: 0.0182 recall@20: 0.0290 recall@40: 0.0449 ] Test set [ndcg@10: 0.0094 ndcg@20: 0.0121 ndcg@40: 0.0154 ] 
2024-11-19 22:06:42,498 - Early stop counter: 2 out of 5
2024-11-19 22:07:38,854 - Epoch 105 Test set [recall@10: 0.0187 recall@20: 0.0293 recall@40: 0.0451 ] Test set [ndcg@10: 0.0095 ndcg@20: 0.0122 ndcg@40: 0.0154 ] 
2024-11-19 22:07:38,855 - Early stop counter: 3 out of 5
2024-11-19 22:08:35,068 - Epoch 108 Test set [recall@10: 0.0184 recall@20: 0.0296 recall@40: 0.0444 ] Test set [ndcg@10: 0.0094 ndcg@20: 0.0123 ndcg@40: 0.0153 ] 
2024-11-19 22:08:35,068 - Early stop counter: 4 out of 5
2024-11-19 22:09:31,518 - Epoch 111 Test set [recall@10: 0.0184 recall@20: 0.0302 recall@40: 0.0443 ] Test set [ndcg@10: 0.0094 ndcg@20: 0.0123 ndcg@40: 0.0152 ] 
2024-11-19 22:09:31,518 - Early stop counter: 5 out of 5
2024-11-19 22:09:31,518 - Best Epoch 96
2024-11-19 22:09:47,193 - Test set [recall@10: 0.0190 recall@20: 0.0296 recall@40: 0.0451 ] Test set [ndcg@10: 0.0096 ndcg@20: 0.0123 ndcg@40: 0.0154 ] 
2024-11-19 22:10:02,771 - Test set [recall@10: 0.0190 recall@20: 0.0296 recall@40: 0.0451 ] Test set [ndcg@10: 0.0096 ndcg@20: 0.0123 ndcg@40: 0.0154 ] 
2024-11-19 22:10:18,113 - Test set [recall@10: 0.0190 recall@20: 0.0296 recall@40: 0.0451 ] Test set [ndcg@10: 0.0096 ndcg@20: 0.0123 ndcg@40: 0.0154 ] 
