2024-11-19 21:22:22,017 - {'optimizer': {'name': 'adam', 'lr': 0.001, 'weight_decay': 0}, 'train': {'epoch': 500, 'batch_size': 4096, 'save_model': False, 'loss': 'pairwise', 'log_loss': False, 'test_step': 3, 'patience': 5, 'reproducible': True, 'seed': 2023, 'early_stop': True}, 'test': {'metrics': ['recall', 'ndcg'], 'k': [10, 20, 40], 'batch_size': 1024}, 'data': {'type': 'social', 'name': 'lastfm', 'user_num': 1892, 'item_num': 17632}, 'model': {'name': 'idea_lightgcn', 'layer_num': 2, 'reg_weight': 1e-08, 'embedding_size': 64}, 'tune': {'enable': False, 'hyperparameters': ['layer_num', 'reg_weight'], 'layer_num': [2, 3], 'reg_weight': [1e-06, 1e-07, 1e-08]}, 'device': 'cuda', 'log': True}
2024-11-19 21:22:23,294 - Epoch   0 Test set [recall@10: 0.0872 recall@20: 0.1275 recall@40: 0.1886 ] Test set [ndcg@10: 0.1139 ndcg@20: 0.1290 ndcg@40: 0.1559 ] 
2024-11-19 21:22:23,295 - Validation score increased.  Copying the best model ...
2024-11-19 21:22:24,574 - Epoch   3 Test set [recall@10: 0.1028 recall@20: 0.1425 recall@40: 0.1986 ] Test set [ndcg@10: 0.1306 ndcg@20: 0.1439 ndcg@40: 0.1688 ] 
2024-11-19 21:22:24,575 - Validation score increased.  Copying the best model ...
2024-11-19 21:22:25,799 - Epoch   6 Test set [recall@10: 0.1139 recall@20: 0.1594 recall@40: 0.2243 ] Test set [ndcg@10: 0.1439 ndcg@20: 0.1596 ndcg@40: 0.1881 ] 
2024-11-19 21:22:25,799 - Validation score increased.  Copying the best model ...
2024-11-19 21:22:27,033 - Epoch   9 Test set [recall@10: 0.1209 recall@20: 0.1713 recall@40: 0.2415 ] Test set [ndcg@10: 0.1526 ndcg@20: 0.1705 ndcg@40: 0.2012 ] 
2024-11-19 21:22:27,034 - Validation score increased.  Copying the best model ...
2024-11-19 21:22:28,341 - Epoch  12 Test set [recall@10: 0.1276 recall@20: 0.1817 recall@40: 0.2558 ] Test set [ndcg@10: 0.1630 ndcg@20: 0.1823 ndcg@40: 0.2147 ] 
2024-11-19 21:22:28,342 - Validation score increased.  Copying the best model ...
2024-11-19 21:22:29,659 - Epoch  15 Test set [recall@10: 0.1334 recall@20: 0.1922 recall@40: 0.2688 ] Test set [ndcg@10: 0.1715 ndcg@20: 0.1926 ndcg@40: 0.2260 ] 
2024-11-19 21:22:29,660 - Validation score increased.  Copying the best model ...
2024-11-19 21:22:30,889 - Epoch  18 Test set [recall@10: 0.1392 recall@20: 0.1982 recall@40: 0.2790 ] Test set [ndcg@10: 0.1785 ndcg@20: 0.1995 ndcg@40: 0.2347 ] 
2024-11-19 21:22:30,889 - Validation score increased.  Copying the best model ...
2024-11-19 21:22:32,179 - Epoch  21 Test set [recall@10: 0.1429 recall@20: 0.2039 recall@40: 0.2858 ] Test set [ndcg@10: 0.1833 ndcg@20: 0.2050 ndcg@40: 0.2409 ] 
2024-11-19 21:22:32,179 - Validation score increased.  Copying the best model ...
2024-11-19 21:22:33,483 - Epoch  24 Test set [recall@10: 0.1468 recall@20: 0.2077 recall@40: 0.2905 ] Test set [ndcg@10: 0.1883 ndcg@20: 0.2095 ndcg@40: 0.2459 ] 
2024-11-19 21:22:33,484 - Validation score increased.  Copying the best model ...
2024-11-19 21:22:34,725 - Epoch  27 Test set [recall@10: 0.1501 recall@20: 0.2117 recall@40: 0.2957 ] Test set [ndcg@10: 0.1919 ndcg@20: 0.2135 ndcg@40: 0.2503 ] 
2024-11-19 21:22:34,726 - Validation score increased.  Copying the best model ...
2024-11-19 21:22:36,049 - Epoch  30 Test set [recall@10: 0.1509 recall@20: 0.2156 recall@40: 0.2997 ] Test set [ndcg@10: 0.1939 ndcg@20: 0.2171 ndcg@40: 0.2539 ] 
2024-11-19 21:22:36,049 - Validation score increased.  Copying the best model ...
2024-11-19 21:22:37,281 - Epoch  33 Test set [recall@10: 0.1527 recall@20: 0.2176 recall@40: 0.3030 ] Test set [ndcg@10: 0.1957 ndcg@20: 0.2186 ndcg@40: 0.2562 ] 
2024-11-19 21:22:37,281 - Validation score increased.  Copying the best model ...
2024-11-19 21:22:38,576 - Epoch  36 Test set [recall@10: 0.1542 recall@20: 0.2201 recall@40: 0.3067 ] Test set [ndcg@10: 0.1983 ndcg@20: 0.2215 ndcg@40: 0.2596 ] 
2024-11-19 21:22:38,577 - Validation score increased.  Copying the best model ...
2024-11-19 21:22:39,878 - Epoch  39 Test set [recall@10: 0.1570 recall@20: 0.2209 recall@40: 0.3097 ] Test set [ndcg@10: 0.2005 ndcg@20: 0.2227 ndcg@40: 0.2619 ] 
2024-11-19 21:22:39,879 - Validation score increased.  Copying the best model ...
2024-11-19 21:22:41,173 - Epoch  42 Test set [recall@10: 0.1574 recall@20: 0.2226 recall@40: 0.3123 ] Test set [ndcg@10: 0.2015 ndcg@20: 0.2241 ndcg@40: 0.2638 ] 
2024-11-19 21:22:41,173 - Validation score increased.  Copying the best model ...
2024-11-19 21:22:42,476 - Epoch  45 Test set [recall@10: 0.1589 recall@20: 0.2254 recall@40: 0.3147 ] Test set [ndcg@10: 0.2034 ndcg@20: 0.2264 ndcg@40: 0.2659 ] 
2024-11-19 21:22:42,477 - Validation score increased.  Copying the best model ...
2024-11-19 21:22:43,856 - Epoch  48 Test set [recall@10: 0.1602 recall@20: 0.2282 recall@40: 0.3168 ] Test set [ndcg@10: 0.2049 ndcg@20: 0.2285 ndcg@40: 0.2677 ] 
2024-11-19 21:22:43,857 - Validation score increased.  Copying the best model ...
2024-11-19 21:22:45,071 - Epoch  51 Test set [recall@10: 0.1609 recall@20: 0.2300 recall@40: 0.3184 ] Test set [ndcg@10: 0.2060 ndcg@20: 0.2301 ndcg@40: 0.2691 ] 
2024-11-19 21:22:45,071 - Validation score increased.  Copying the best model ...
2024-11-19 21:22:46,340 - Epoch  54 Test set [recall@10: 0.1620 recall@20: 0.2308 recall@40: 0.3207 ] Test set [ndcg@10: 0.2075 ndcg@20: 0.2317 ndcg@40: 0.2715 ] 
2024-11-19 21:22:46,340 - Validation score increased.  Copying the best model ...
2024-11-19 21:22:47,582 - Epoch  57 Test set [recall@10: 0.1634 recall@20: 0.2314 recall@40: 0.3225 ] Test set [ndcg@10: 0.2094 ndcg@20: 0.2331 ndcg@40: 0.2734 ] 
2024-11-19 21:22:47,582 - Validation score increased.  Copying the best model ...
2024-11-19 21:22:48,897 - Epoch  60 Test set [recall@10: 0.1650 recall@20: 0.2338 recall@40: 0.3255 ] Test set [ndcg@10: 0.2103 ndcg@20: 0.2342 ndcg@40: 0.2748 ] 
2024-11-19 21:22:48,898 - Validation score increased.  Copying the best model ...
2024-11-19 21:22:50,085 - Epoch  63 Test set [recall@10: 0.1646 recall@20: 0.2353 recall@40: 0.3269 ] Test set [ndcg@10: 0.2108 ndcg@20: 0.2358 ndcg@40: 0.2762 ] 
2024-11-19 21:22:50,086 - Early stop counter: 1 out of 5
2024-11-19 21:22:51,274 - Epoch  66 Test set [recall@10: 0.1664 recall@20: 0.2365 recall@40: 0.3292 ] Test set [ndcg@10: 0.2131 ndcg@20: 0.2377 ndcg@40: 0.2786 ] 
2024-11-19 21:22:51,275 - Validation score increased.  Copying the best model ...
2024-11-19 21:22:52,581 - Epoch  69 Test set [recall@10: 0.1682 recall@20: 0.2385 recall@40: 0.3318 ] Test set [ndcg@10: 0.2152 ndcg@20: 0.2397 ndcg@40: 0.2809 ] 
2024-11-19 21:22:52,581 - Validation score increased.  Copying the best model ...
2024-11-19 21:22:53,780 - Epoch  72 Test set [recall@10: 0.1688 recall@20: 0.2400 recall@40: 0.3332 ] Test set [ndcg@10: 0.2158 ndcg@20: 0.2405 ndcg@40: 0.2817 ] 
2024-11-19 21:22:53,780 - Validation score increased.  Copying the best model ...
2024-11-19 21:22:55,121 - Epoch  75 Test set [recall@10: 0.1700 recall@20: 0.2406 recall@40: 0.3354 ] Test set [ndcg@10: 0.2163 ndcg@20: 0.2406 ndcg@40: 0.2825 ] 
2024-11-19 21:22:55,121 - Validation score increased.  Copying the best model ...
2024-11-19 21:22:56,478 - Epoch  78 Test set [recall@10: 0.1711 recall@20: 0.2414 recall@40: 0.3361 ] Test set [ndcg@10: 0.2171 ndcg@20: 0.2413 ndcg@40: 0.2832 ] 
2024-11-19 21:22:56,478 - Validation score increased.  Copying the best model ...
2024-11-19 21:22:57,836 - Epoch  81 Test set [recall@10: 0.1721 recall@20: 0.2441 recall@40: 0.3361 ] Test set [ndcg@10: 0.2181 ndcg@20: 0.2430 ndcg@40: 0.2837 ] 
2024-11-19 21:22:57,837 - Validation score increased.  Copying the best model ...
2024-11-19 21:22:59,036 - Epoch  84 Test set [recall@10: 0.1725 recall@20: 0.2441 recall@40: 0.3381 ] Test set [ndcg@10: 0.2188 ndcg@20: 0.2435 ndcg@40: 0.2851 ] 
2024-11-19 21:22:59,036 - Validation score increased.  Copying the best model ...
2024-11-19 21:23:00,310 - Epoch  87 Test set [recall@10: 0.1729 recall@20: 0.2452 recall@40: 0.3393 ] Test set [ndcg@10: 0.2197 ndcg@20: 0.2447 ndcg@40: 0.2864 ] 
2024-11-19 21:23:00,311 - Validation score increased.  Copying the best model ...
2024-11-19 21:23:01,518 - Epoch  90 Test set [recall@10: 0.1745 recall@20: 0.2478 recall@40: 0.3419 ] Test set [ndcg@10: 0.2214 ndcg@20: 0.2468 ndcg@40: 0.2885 ] 
2024-11-19 21:23:01,518 - Validation score increased.  Copying the best model ...
2024-11-19 21:23:02,796 - Epoch  93 Test set [recall@10: 0.1742 recall@20: 0.2489 recall@40: 0.3440 ] Test set [ndcg@10: 0.2212 ndcg@20: 0.2474 ndcg@40: 0.2894 ] 
2024-11-19 21:23:02,796 - Early stop counter: 1 out of 5
2024-11-19 21:23:04,066 - Epoch  96 Test set [recall@10: 0.1748 recall@20: 0.2501 recall@40: 0.3440 ] Test set [ndcg@10: 0.2220 ndcg@20: 0.2483 ndcg@40: 0.2900 ] 
2024-11-19 21:23:04,067 - Validation score increased.  Copying the best model ...
2024-11-19 21:23:05,335 - Epoch  99 Test set [recall@10: 0.1749 recall@20: 0.2518 recall@40: 0.3446 ] Test set [ndcg@10: 0.2223 ndcg@20: 0.2497 ndcg@40: 0.2909 ] 
2024-11-19 21:23:05,336 - Validation score increased.  Copying the best model ...
2024-11-19 21:23:06,542 - Epoch 102 Test set [recall@10: 0.1772 recall@20: 0.2540 recall@40: 0.3451 ] Test set [ndcg@10: 0.2244 ndcg@20: 0.2516 ndcg@40: 0.2920 ] 
2024-11-19 21:23:06,543 - Validation score increased.  Copying the best model ...
2024-11-19 21:23:07,743 - Epoch 105 Test set [recall@10: 0.1774 recall@20: 0.2560 recall@40: 0.3453 ] Test set [ndcg@10: 0.2248 ndcg@20: 0.2529 ndcg@40: 0.2924 ] 
2024-11-19 21:23:07,743 - Validation score increased.  Copying the best model ...
2024-11-19 21:23:09,009 - Epoch 108 Test set [recall@10: 0.1775 recall@20: 0.2544 recall@40: 0.3446 ] Test set [ndcg@10: 0.2253 ndcg@20: 0.2525 ndcg@40: 0.2926 ] 
2024-11-19 21:23:09,010 - Validation score increased.  Copying the best model ...
2024-11-19 21:23:10,277 - Epoch 111 Test set [recall@10: 0.1779 recall@20: 0.2551 recall@40: 0.3454 ] Test set [ndcg@10: 0.2264 ndcg@20: 0.2538 ndcg@40: 0.2939 ] 
2024-11-19 21:23:10,278 - Validation score increased.  Copying the best model ...
2024-11-19 21:23:11,487 - Epoch 114 Test set [recall@10: 0.1781 recall@20: 0.2547 recall@40: 0.3461 ] Test set [ndcg@10: 0.2266 ndcg@20: 0.2535 ndcg@40: 0.2942 ] 
2024-11-19 21:23:11,487 - Validation score increased.  Copying the best model ...
2024-11-19 21:23:12,757 - Epoch 117 Test set [recall@10: 0.1785 recall@20: 0.2546 recall@40: 0.3463 ] Test set [ndcg@10: 0.2272 ndcg@20: 0.2539 ndcg@40: 0.2947 ] 
2024-11-19 21:23:12,758 - Validation score increased.  Copying the best model ...
2024-11-19 21:23:14,032 - Epoch 120 Test set [recall@10: 0.1782 recall@20: 0.2555 recall@40: 0.3486 ] Test set [ndcg@10: 0.2272 ndcg@20: 0.2545 ndcg@40: 0.2958 ] 
2024-11-19 21:23:14,032 - Early stop counter: 1 out of 5
2024-11-19 21:23:15,238 - Epoch 123 Test set [recall@10: 0.1779 recall@20: 0.2552 recall@40: 0.3494 ] Test set [ndcg@10: 0.2276 ndcg@20: 0.2547 ndcg@40: 0.2964 ] 
2024-11-19 21:23:15,238 - Early stop counter: 2 out of 5
2024-11-19 21:23:16,511 - Epoch 126 Test set [recall@10: 0.1789 recall@20: 0.2561 recall@40: 0.3490 ] Test set [ndcg@10: 0.2283 ndcg@20: 0.2555 ndcg@40: 0.2967 ] 
2024-11-19 21:23:16,512 - Validation score increased.  Copying the best model ...
2024-11-19 21:23:17,716 - Epoch 129 Test set [recall@10: 0.1806 recall@20: 0.2576 recall@40: 0.3489 ] Test set [ndcg@10: 0.2290 ndcg@20: 0.2560 ndcg@40: 0.2965 ] 
2024-11-19 21:23:17,717 - Validation score increased.  Copying the best model ...
2024-11-19 21:23:18,982 - Epoch 132 Test set [recall@10: 0.1798 recall@20: 0.2575 recall@40: 0.3494 ] Test set [ndcg@10: 0.2285 ndcg@20: 0.2560 ndcg@40: 0.2967 ] 
2024-11-19 21:23:18,983 - Early stop counter: 1 out of 5
2024-11-19 21:23:20,268 - Epoch 135 Test set [recall@10: 0.1813 recall@20: 0.2577 recall@40: 0.3508 ] Test set [ndcg@10: 0.2299 ndcg@20: 0.2567 ndcg@40: 0.2979 ] 
2024-11-19 21:23:20,268 - Validation score increased.  Copying the best model ...
2024-11-19 21:23:21,556 - Epoch 138 Test set [recall@10: 0.1807 recall@20: 0.2588 recall@40: 0.3516 ] Test set [ndcg@10: 0.2301 ndcg@20: 0.2579 ndcg@40: 0.2989 ] 
2024-11-19 21:23:21,556 - Early stop counter: 1 out of 5
2024-11-19 21:23:22,780 - Epoch 141 Test set [recall@10: 0.1819 recall@20: 0.2589 recall@40: 0.3515 ] Test set [ndcg@10: 0.2314 ndcg@20: 0.2585 ndcg@40: 0.2996 ] 
2024-11-19 21:23:22,780 - Validation score increased.  Copying the best model ...
2024-11-19 21:23:24,066 - Epoch 144 Test set [recall@10: 0.1819 recall@20: 0.2589 recall@40: 0.3517 ] Test set [ndcg@10: 0.2319 ndcg@20: 0.2589 ndcg@40: 0.3000 ] 
2024-11-19 21:23:24,067 - Validation score increased.  Copying the best model ...
2024-11-19 21:23:25,290 - Epoch 147 Test set [recall@10: 0.1825 recall@20: 0.2597 recall@40: 0.3517 ] Test set [ndcg@10: 0.2324 ndcg@20: 0.2596 ndcg@40: 0.3003 ] 
2024-11-19 21:23:25,291 - Validation score increased.  Copying the best model ...
2024-11-19 21:23:26,597 - Epoch 150 Test set [recall@10: 0.1834 recall@20: 0.2595 recall@40: 0.3516 ] Test set [ndcg@10: 0.2331 ndcg@20: 0.2596 ndcg@40: 0.3005 ] 
2024-11-19 21:23:26,598 - Validation score increased.  Copying the best model ...
2024-11-19 21:23:27,832 - Epoch 153 Test set [recall@10: 0.1821 recall@20: 0.2609 recall@40: 0.3510 ] Test set [ndcg@10: 0.2318 ndcg@20: 0.2600 ndcg@40: 0.3000 ] 
2024-11-19 21:23:27,833 - Early stop counter: 1 out of 5
2024-11-19 21:23:29,083 - Epoch 156 Test set [recall@10: 0.1832 recall@20: 0.2613 recall@40: 0.3519 ] Test set [ndcg@10: 0.2328 ndcg@20: 0.2603 ndcg@40: 0.3005 ] 
2024-11-19 21:23:29,083 - Early stop counter: 2 out of 5
2024-11-19 21:23:30,301 - Epoch 159 Test set [recall@10: 0.1843 recall@20: 0.2603 recall@40: 0.3534 ] Test set [ndcg@10: 0.2334 ndcg@20: 0.2599 ndcg@40: 0.3012 ] 
2024-11-19 21:23:30,301 - Validation score increased.  Copying the best model ...
2024-11-19 21:23:31,493 - Epoch 162 Test set [recall@10: 0.1842 recall@20: 0.2608 recall@40: 0.3524 ] Test set [ndcg@10: 0.2341 ndcg@20: 0.2609 ndcg@40: 0.3016 ] 
2024-11-19 21:23:31,493 - Early stop counter: 1 out of 5
2024-11-19 21:23:32,774 - Epoch 165 Test set [recall@10: 0.1842 recall@20: 0.2602 recall@40: 0.3534 ] Test set [ndcg@10: 0.2341 ndcg@20: 0.2604 ndcg@40: 0.3018 ] 
2024-11-19 21:23:32,774 - Early stop counter: 2 out of 5
2024-11-19 21:23:33,935 - Epoch 168 Test set [recall@10: 0.1839 recall@20: 0.2596 recall@40: 0.3549 ] Test set [ndcg@10: 0.2345 ndcg@20: 0.2606 ndcg@40: 0.3028 ] 
2024-11-19 21:23:33,935 - Early stop counter: 3 out of 5
2024-11-19 21:23:35,185 - Epoch 171 Test set [recall@10: 0.1839 recall@20: 0.2592 recall@40: 0.3541 ] Test set [ndcg@10: 0.2339 ndcg@20: 0.2598 ndcg@40: 0.3021 ] 
2024-11-19 21:23:35,185 - Early stop counter: 4 out of 5
2024-11-19 21:23:36,429 - Epoch 174 Test set [recall@10: 0.1851 recall@20: 0.2606 recall@40: 0.3531 ] Test set [ndcg@10: 0.2353 ndcg@20: 0.2611 ndcg@40: 0.3022 ] 
2024-11-19 21:23:36,430 - Validation score increased.  Copying the best model ...
2024-11-19 21:23:37,701 - Epoch 177 Test set [recall@10: 0.1842 recall@20: 0.2612 recall@40: 0.3532 ] Test set [ndcg@10: 0.2341 ndcg@20: 0.2609 ndcg@40: 0.3016 ] 
2024-11-19 21:23:37,701 - Early stop counter: 1 out of 5
2024-11-19 21:23:38,903 - Epoch 180 Test set [recall@10: 0.1849 recall@20: 0.2614 recall@40: 0.3542 ] Test set [ndcg@10: 0.2352 ndcg@20: 0.2619 ndcg@40: 0.3028 ] 
2024-11-19 21:23:38,903 - Early stop counter: 2 out of 5
2024-11-19 21:23:40,225 - Epoch 183 Test set [recall@10: 0.1835 recall@20: 0.2623 recall@40: 0.3546 ] Test set [ndcg@10: 0.2343 ndcg@20: 0.2621 ndcg@40: 0.3029 ] 
2024-11-19 21:23:40,225 - Early stop counter: 3 out of 5
2024-11-19 21:23:41,524 - Epoch 186 Test set [recall@10: 0.1852 recall@20: 0.2618 recall@40: 0.3559 ] Test set [ndcg@10: 0.2360 ndcg@20: 0.2624 ndcg@40: 0.3040 ] 
2024-11-19 21:23:41,525 - Validation score increased.  Copying the best model ...
2024-11-19 21:23:42,857 - Epoch 189 Test set [recall@10: 0.1865 recall@20: 0.2605 recall@40: 0.3555 ] Test set [ndcg@10: 0.2368 ndcg@20: 0.2621 ndcg@40: 0.3042 ] 
2024-11-19 21:23:42,857 - Validation score increased.  Copying the best model ...
2024-11-19 21:23:44,127 - Epoch 192 Test set [recall@10: 0.1865 recall@20: 0.2619 recall@40: 0.3535 ] Test set [ndcg@10: 0.2362 ndcg@20: 0.2620 ndcg@40: 0.3027 ] 
2024-11-19 21:23:44,127 - Early stop counter: 1 out of 5
2024-11-19 21:23:45,399 - Epoch 195 Test set [recall@10: 0.1867 recall@20: 0.2612 recall@40: 0.3537 ] Test set [ndcg@10: 0.2361 ndcg@20: 0.2616 ndcg@40: 0.3027 ] 
2024-11-19 21:23:45,400 - Validation score increased.  Copying the best model ...
2024-11-19 21:23:46,604 - Epoch 198 Test set [recall@10: 0.1857 recall@20: 0.2606 recall@40: 0.3540 ] Test set [ndcg@10: 0.2354 ndcg@20: 0.2611 ndcg@40: 0.3026 ] 
2024-11-19 21:23:46,604 - Early stop counter: 1 out of 5
2024-11-19 21:23:47,814 - Epoch 201 Test set [recall@10: 0.1834 recall@20: 0.2602 recall@40: 0.3532 ] Test set [ndcg@10: 0.2342 ndcg@20: 0.2611 ndcg@40: 0.3024 ] 
2024-11-19 21:23:47,814 - Early stop counter: 2 out of 5
2024-11-19 21:23:49,090 - Epoch 204 Test set [recall@10: 0.1837 recall@20: 0.2597 recall@40: 0.3535 ] Test set [ndcg@10: 0.2333 ndcg@20: 0.2597 ndcg@40: 0.3015 ] 
2024-11-19 21:23:49,090 - Early stop counter: 3 out of 5
2024-11-19 21:23:50,366 - Epoch 207 Test set [recall@10: 0.1852 recall@20: 0.2608 recall@40: 0.3547 ] Test set [ndcg@10: 0.2350 ndcg@20: 0.2611 ndcg@40: 0.3027 ] 
2024-11-19 21:23:50,367 - Early stop counter: 4 out of 5
2024-11-19 21:23:51,579 - Epoch 210 Test set [recall@10: 0.1850 recall@20: 0.2599 recall@40: 0.3549 ] Test set [ndcg@10: 0.2346 ndcg@20: 0.2603 ndcg@40: 0.3024 ] 
2024-11-19 21:23:51,579 - Early stop counter: 5 out of 5
2024-11-19 21:23:51,579 - Best Epoch 195
2024-11-19 21:23:51,914 - Test set [recall@10: 0.1867 recall@20: 0.2612 recall@40: 0.3537 ] Test set [ndcg@10: 0.2361 ndcg@20: 0.2616 ndcg@40: 0.3027 ] 
2024-11-19 21:23:52,250 - Test set [recall@10: 0.1867 recall@20: 0.2612 recall@40: 0.3537 ] Test set [ndcg@10: 0.2361 ndcg@20: 0.2616 ndcg@40: 0.3027 ] 
2024-11-19 21:23:52,576 - Test set [recall@10: 0.1867 recall@20: 0.2612 recall@40: 0.3537 ] Test set [ndcg@10: 0.2361 ndcg@20: 0.2616 ndcg@40: 0.3027 ] 
