2024-11-19 21:25:02,498 - {'optimizer': {'name': 'adam', 'lr': 0.001, 'weight_decay': 0}, 'train': {'epoch': 500, 'batch_size': 4096, 'save_model': False, 'loss': 'pairwise', 'log_loss': False, 'test_step': 3, 'patience': 5, 'reproducible': True, 'seed': 2023, 'early_stop': True}, 'test': {'metrics': ['recall', 'ndcg'], 'k': [10, 20, 40], 'batch_size': 1024}, 'data': {'type': 'social', 'name': 'yelp', 'user_num': 43043, 'item_num': 66576}, 'model': {'name': 'idea_lightgcn', 'layer_num': 2, 'reg_weight': 1e-08, 'embedding_size': 64}, 'tune': {'enable': False, 'hyperparameters': ['layer_num', 'reg_weight'], 'layer_num': [2, 3], 'reg_weight': [1e-06, 1e-07, 1e-08]}, 'device': 'cuda', 'log': True}
2024-11-19 21:25:23,831 - Epoch   0 Test set [recall@10: 0.0205 recall@20: 0.0344 recall@40: 0.0563 ] Test set [ndcg@10: 0.0107 ndcg@20: 0.0142 ndcg@40: 0.0186 ] 
2024-11-19 21:25:23,832 - Validation score increased.  Copying the best model ...
2024-11-19 21:26:50,441 - Epoch   3 Test set [recall@10: 0.0223 recall@20: 0.0371 recall@40: 0.0606 ] Test set [ndcg@10: 0.0116 ndcg@20: 0.0154 ndcg@40: 0.0201 ] 
2024-11-19 21:26:50,442 - Validation score increased.  Copying the best model ...
2024-11-19 21:28:11,570 - Epoch   6 Test set [recall@10: 0.0246 recall@20: 0.0399 recall@40: 0.0646 ] Test set [ndcg@10: 0.0126 ndcg@20: 0.0165 ndcg@40: 0.0215 ] 
2024-11-19 21:28:11,571 - Validation score increased.  Copying the best model ...
2024-11-19 21:29:04,486 - Epoch   9 Test set [recall@10: 0.0258 recall@20: 0.0422 recall@40: 0.0681 ] Test set [ndcg@10: 0.0133 ndcg@20: 0.0174 ndcg@40: 0.0227 ] 
2024-11-19 21:29:04,487 - Validation score increased.  Copying the best model ...
2024-11-19 21:29:41,055 - Epoch  12 Test set [recall@10: 0.0264 recall@20: 0.0427 recall@40: 0.0702 ] Test set [ndcg@10: 0.0137 ndcg@20: 0.0178 ndcg@40: 0.0234 ] 
2024-11-19 21:29:41,056 - Validation score increased.  Copying the best model ...
2024-11-19 21:30:17,585 - Epoch  15 Test set [recall@10: 0.0273 recall@20: 0.0445 recall@40: 0.0718 ] Test set [ndcg@10: 0.0141 ndcg@20: 0.0184 ndcg@40: 0.0239 ] 
2024-11-19 21:30:17,586 - Validation score increased.  Copying the best model ...
2024-11-19 21:31:34,536 - Epoch  18 Test set [recall@10: 0.0283 recall@20: 0.0453 recall@40: 0.0743 ] Test set [ndcg@10: 0.0145 ndcg@20: 0.0188 ndcg@40: 0.0247 ] 
2024-11-19 21:31:34,537 - Validation score increased.  Copying the best model ...
2024-11-19 21:33:00,085 - Epoch  21 Test set [recall@10: 0.0280 recall@20: 0.0463 recall@40: 0.0744 ] Test set [ndcg@10: 0.0145 ndcg@20: 0.0191 ndcg@40: 0.0249 ] 
2024-11-19 21:33:00,085 - Early stop counter: 1 out of 5
2024-11-19 21:33:36,737 - Epoch  24 Test set [recall@10: 0.0295 recall@20: 0.0481 recall@40: 0.0770 ] Test set [ndcg@10: 0.0151 ndcg@20: 0.0198 ndcg@40: 0.0257 ] 
2024-11-19 21:33:36,738 - Validation score increased.  Copying the best model ...
2024-11-19 21:34:38,692 - Epoch  27 Test set [recall@10: 0.0301 recall@20: 0.0489 recall@40: 0.0785 ] Test set [ndcg@10: 0.0155 ndcg@20: 0.0202 ndcg@40: 0.0262 ] 
2024-11-19 21:34:38,693 - Validation score increased.  Copying the best model ...
2024-11-19 21:35:14,919 - Epoch  30 Test set [recall@10: 0.0309 recall@20: 0.0499 recall@40: 0.0786 ] Test set [ndcg@10: 0.0158 ndcg@20: 0.0205 ndcg@40: 0.0264 ] 
2024-11-19 21:35:14,920 - Validation score increased.  Copying the best model ...
2024-11-19 21:35:49,085 - Epoch  33 Test set [recall@10: 0.0312 recall@20: 0.0491 recall@40: 0.0781 ] Test set [ndcg@10: 0.0160 ndcg@20: 0.0205 ndcg@40: 0.0264 ] 
2024-11-19 21:35:49,085 - Validation score increased.  Copying the best model ...
2024-11-19 21:36:21,140 - Epoch  36 Test set [recall@10: 0.0308 recall@20: 0.0496 recall@40: 0.0791 ] Test set [ndcg@10: 0.0159 ndcg@20: 0.0206 ndcg@40: 0.0266 ] 
2024-11-19 21:36:21,140 - Early stop counter: 1 out of 5
2024-11-19 21:36:52,750 - Epoch  39 Test set [recall@10: 0.0314 recall@20: 0.0507 recall@40: 0.0791 ] Test set [ndcg@10: 0.0160 ndcg@20: 0.0208 ndcg@40: 0.0266 ] 
2024-11-19 21:36:52,750 - Validation score increased.  Copying the best model ...
2024-11-19 21:37:25,980 - Epoch  42 Test set [recall@10: 0.0313 recall@20: 0.0500 recall@40: 0.0796 ] Test set [ndcg@10: 0.0160 ndcg@20: 0.0207 ndcg@40: 0.0267 ] 
2024-11-19 21:37:25,980 - Early stop counter: 1 out of 5
2024-11-19 21:37:57,384 - Epoch  45 Test set [recall@10: 0.0312 recall@20: 0.0503 recall@40: 0.0797 ] Test set [ndcg@10: 0.0160 ndcg@20: 0.0208 ndcg@40: 0.0267 ] 
2024-11-19 21:37:57,384 - Early stop counter: 2 out of 5
2024-11-19 21:38:30,220 - Epoch  48 Test set [recall@10: 0.0307 recall@20: 0.0502 recall@40: 0.0802 ] Test set [ndcg@10: 0.0158 ndcg@20: 0.0207 ndcg@40: 0.0268 ] 
2024-11-19 21:38:30,220 - Early stop counter: 3 out of 5
2024-11-19 21:39:01,805 - Epoch  51 Test set [recall@10: 0.0312 recall@20: 0.0502 recall@40: 0.0803 ] Test set [ndcg@10: 0.0158 ndcg@20: 0.0206 ndcg@40: 0.0268 ] 
2024-11-19 21:39:01,805 - Early stop counter: 4 out of 5
2024-11-19 21:39:33,970 - Epoch  54 Test set [recall@10: 0.0322 recall@20: 0.0506 recall@40: 0.0803 ] Test set [ndcg@10: 0.0162 ndcg@20: 0.0208 ndcg@40: 0.0269 ] 
2024-11-19 21:39:33,970 - Validation score increased.  Copying the best model ...
2024-11-19 21:40:05,599 - Epoch  57 Test set [recall@10: 0.0321 recall@20: 0.0505 recall@40: 0.0789 ] Test set [ndcg@10: 0.0163 ndcg@20: 0.0209 ndcg@40: 0.0267 ] 
2024-11-19 21:40:05,599 - Early stop counter: 1 out of 5
2024-11-19 21:40:37,159 - Epoch  60 Test set [recall@10: 0.0319 recall@20: 0.0511 recall@40: 0.0797 ] Test set [ndcg@10: 0.0162 ndcg@20: 0.0210 ndcg@40: 0.0268 ] 
2024-11-19 21:40:37,159 - Early stop counter: 2 out of 5
2024-11-19 21:41:08,524 - Epoch  63 Test set [recall@10: 0.0316 recall@20: 0.0506 recall@40: 0.0791 ] Test set [ndcg@10: 0.0164 ndcg@20: 0.0211 ndcg@40: 0.0270 ] 
2024-11-19 21:41:08,524 - Early stop counter: 3 out of 5
2024-11-19 21:41:39,993 - Epoch  66 Test set [recall@10: 0.0315 recall@20: 0.0500 recall@40: 0.0796 ] Test set [ndcg@10: 0.0164 ndcg@20: 0.0210 ndcg@40: 0.0270 ] 
2024-11-19 21:41:39,994 - Early stop counter: 4 out of 5
2024-11-19 21:42:12,290 - Epoch  69 Test set [recall@10: 0.0313 recall@20: 0.0500 recall@40: 0.0801 ] Test set [ndcg@10: 0.0161 ndcg@20: 0.0208 ndcg@40: 0.0269 ] 
2024-11-19 21:42:12,291 - Early stop counter: 5 out of 5
2024-11-19 21:42:12,291 - Best Epoch 54
2024-11-19 21:42:26,461 - Test set [recall@10: 0.0322 recall@20: 0.0506 recall@40: 0.0803 ] Test set [ndcg@10: 0.0162 ndcg@20: 0.0208 ndcg@40: 0.0269 ] 
2024-11-19 21:42:40,107 - Test set [recall@10: 0.0322 recall@20: 0.0506 recall@40: 0.0803 ] Test set [ndcg@10: 0.0162 ndcg@20: 0.0208 ndcg@40: 0.0269 ] 
2024-11-19 21:42:53,678 - Test set [recall@10: 0.0322 recall@20: 0.0506 recall@40: 0.0803 ] Test set [ndcg@10: 0.0162 ndcg@20: 0.0208 ndcg@40: 0.0269 ] 
