2024-11-28 13:33:52,447 - {'optimizer': {'name': 'adam', 'lr': 0.001, 'weight_decay': 0}, 'train': {'epoch': 500, 'batch_size': 4096, 'save_model': False, 'loss': 'pairwise', 'log_loss': False, 'test_step': 3, 'patience': 5, 'reproducible': True, 'seed': 2023, 'early_stop': True}, 'test': {'metrics': ['recall', 'ndcg'], 'k': [10, 20, 40], 'batch_size': 1024}, 'data': {'type': 'social', 'name': 'ciao', 'user_num': 7375, 'item_num': 105114}, 'model': {'name': 'idea_lightgcn_v2', 'layer_num': 3, 'reg_weight': 1e-06, 'embedding_size': 64, 'self_gating_unit': True, 'pagerank': False, 'combine_gcn': False, 'alpha': 0.9, 'cl_weight': 1e-05, 'sigma': 20, 'not_normalize': False}, 'tune': {'enable': False, 'hyperparameters': ['layer_num', 'reg_weight', 'cl_weight', 'alpha'], 'layer_num': [2, 3], 'reg_weight': [1e-06, 1e-07, 1e-08], 'cl_weight': [1e-05, 1e-06, 1e-07], 'alpha': [0.7, 0.8, 0.9]}, 'device': 'cuda', 'log': True}
2024-11-28 13:34:00,702 - Epoch   0 Test set [recall@10: 0.0281 recall@20: 0.0412 recall@40: 0.0565 ] Test set [ndcg@10: 0.0320 ndcg@20: 0.0346 ndcg@40: 0.0388 ] 
2024-11-28 13:34:00,703 - Validation score increased.  Copying the best model ...
2024-11-28 13:34:15,747 - Epoch   3 Test set [recall@10: 0.0317 recall@20: 0.0468 recall@40: 0.0666 ] Test set [ndcg@10: 0.0359 ndcg@20: 0.0392 ndcg@40: 0.0447 ] 
2024-11-28 13:34:15,747 - Validation score increased.  Copying the best model ...
2024-11-28 13:34:30,470 - Epoch   6 Test set [recall@10: 0.0333 recall@20: 0.0491 recall@40: 0.0706 ] Test set [ndcg@10: 0.0375 ndcg@20: 0.0409 ndcg@40: 0.0468 ] 
2024-11-28 13:34:30,470 - Validation score increased.  Copying the best model ...
2024-11-28 13:34:44,831 - Epoch   9 Test set [recall@10: 0.0338 recall@20: 0.0503 recall@40: 0.0730 ] Test set [ndcg@10: 0.0380 ndcg@20: 0.0416 ndcg@40: 0.0478 ] 
2024-11-28 13:34:44,832 - Validation score increased.  Copying the best model ...
2024-11-28 13:35:00,372 - Epoch  12 Test set [recall@10: 0.0338 recall@20: 0.0515 recall@40: 0.0746 ] Test set [ndcg@10: 0.0381 ndcg@20: 0.0423 ndcg@40: 0.0486 ] 
2024-11-28 13:35:00,372 - Early stop counter: 1 out of 5
2024-11-28 13:35:15,014 - Epoch  15 Test set [recall@10: 0.0349 recall@20: 0.0524 recall@40: 0.0751 ] Test set [ndcg@10: 0.0387 ndcg@20: 0.0427 ndcg@40: 0.0490 ] 
2024-11-28 13:35:15,015 - Validation score increased.  Copying the best model ...
2024-11-28 13:35:29,557 - Epoch  18 Test set [recall@10: 0.0350 recall@20: 0.0526 recall@40: 0.0758 ] Test set [ndcg@10: 0.0389 ndcg@20: 0.0429 ndcg@40: 0.0493 ] 
2024-11-28 13:35:29,558 - Validation score increased.  Copying the best model ...
2024-11-28 13:35:45,010 - Epoch  21 Test set [recall@10: 0.0352 recall@20: 0.0536 recall@40: 0.0772 ] Test set [ndcg@10: 0.0392 ndcg@20: 0.0436 ndcg@40: 0.0500 ] 
2024-11-28 13:35:45,011 - Validation score increased.  Copying the best model ...
2024-11-28 13:35:59,598 - Epoch  24 Test set [recall@10: 0.0352 recall@20: 0.0539 recall@40: 0.0775 ] Test set [ndcg@10: 0.0395 ndcg@20: 0.0439 ndcg@40: 0.0505 ] 
2024-11-28 13:35:59,598 - Early stop counter: 1 out of 5
2024-11-28 13:36:14,745 - Epoch  27 Test set [recall@10: 0.0354 recall@20: 0.0548 recall@40: 0.0775 ] Test set [ndcg@10: 0.0396 ndcg@20: 0.0442 ndcg@40: 0.0506 ] 
2024-11-28 13:36:14,746 - Validation score increased.  Copying the best model ...
2024-11-28 13:36:29,446 - Epoch  30 Test set [recall@10: 0.0352 recall@20: 0.0551 recall@40: 0.0781 ] Test set [ndcg@10: 0.0395 ndcg@20: 0.0442 ndcg@40: 0.0507 ] 
2024-11-28 13:36:29,446 - Early stop counter: 1 out of 5
2024-11-28 13:36:43,872 - Epoch  33 Test set [recall@10: 0.0358 recall@20: 0.0554 recall@40: 0.0786 ] Test set [ndcg@10: 0.0399 ndcg@20: 0.0446 ndcg@40: 0.0511 ] 
2024-11-28 13:36:43,872 - Validation score increased.  Copying the best model ...
2024-11-28 13:36:59,462 - Epoch  36 Test set [recall@10: 0.0356 recall@20: 0.0561 recall@40: 0.0788 ] Test set [ndcg@10: 0.0400 ndcg@20: 0.0450 ndcg@40: 0.0512 ] 
2024-11-28 13:36:59,462 - Early stop counter: 1 out of 5
2024-11-28 13:37:14,089 - Epoch  39 Test set [recall@10: 0.0362 recall@20: 0.0562 recall@40: 0.0805 ] Test set [ndcg@10: 0.0405 ndcg@20: 0.0452 ndcg@40: 0.0520 ] 
2024-11-28 13:37:14,090 - Validation score increased.  Copying the best model ...
2024-11-28 13:37:28,659 - Epoch  42 Test set [recall@10: 0.0365 recall@20: 0.0566 recall@40: 0.0818 ] Test set [ndcg@10: 0.0405 ndcg@20: 0.0453 ndcg@40: 0.0524 ] 
2024-11-28 13:37:28,660 - Validation score increased.  Copying the best model ...
2024-11-28 13:37:43,632 - Epoch  45 Test set [recall@10: 0.0365 recall@20: 0.0568 recall@40: 0.0812 ] Test set [ndcg@10: 0.0406 ndcg@20: 0.0453 ndcg@40: 0.0522 ] 
2024-11-28 13:37:43,633 - Validation score increased.  Copying the best model ...
2024-11-28 13:37:58,241 - Epoch  48 Test set [recall@10: 0.0369 recall@20: 0.0569 recall@40: 0.0824 ] Test set [ndcg@10: 0.0408 ndcg@20: 0.0456 ndcg@40: 0.0527 ] 
2024-11-28 13:37:58,242 - Validation score increased.  Copying the best model ...
2024-11-28 13:38:12,804 - Epoch  51 Test set [recall@10: 0.0364 recall@20: 0.0569 recall@40: 0.0818 ] Test set [ndcg@10: 0.0408 ndcg@20: 0.0455 ndcg@40: 0.0527 ] 
2024-11-28 13:38:12,804 - Early stop counter: 1 out of 5
2024-11-28 13:38:28,336 - Epoch  54 Test set [recall@10: 0.0368 recall@20: 0.0575 recall@40: 0.0834 ] Test set [ndcg@10: 0.0412 ndcg@20: 0.0460 ndcg@40: 0.0533 ] 
2024-11-28 13:38:28,336 - Early stop counter: 2 out of 5
2024-11-28 13:38:43,128 - Epoch  57 Test set [recall@10: 0.0371 recall@20: 0.0579 recall@40: 0.0831 ] Test set [ndcg@10: 0.0412 ndcg@20: 0.0463 ndcg@40: 0.0533 ] 
2024-11-28 13:38:43,128 - Validation score increased.  Copying the best model ...
2024-11-28 13:38:57,910 - Epoch  60 Test set [recall@10: 0.0374 recall@20: 0.0580 recall@40: 0.0837 ] Test set [ndcg@10: 0.0414 ndcg@20: 0.0465 ndcg@40: 0.0537 ] 
2024-11-28 13:38:57,910 - Validation score increased.  Copying the best model ...
2024-11-28 13:39:12,932 - Epoch  63 Test set [recall@10: 0.0372 recall@20: 0.0587 recall@40: 0.0844 ] Test set [ndcg@10: 0.0413 ndcg@20: 0.0466 ndcg@40: 0.0538 ] 
2024-11-28 13:39:12,932 - Early stop counter: 1 out of 5
2024-11-28 13:39:27,661 - Epoch  66 Test set [recall@10: 0.0379 recall@20: 0.0587 recall@40: 0.0840 ] Test set [ndcg@10: 0.0418 ndcg@20: 0.0468 ndcg@40: 0.0538 ] 
2024-11-28 13:39:27,662 - Validation score increased.  Copying the best model ...
2024-11-28 13:39:42,854 - Epoch  69 Test set [recall@10: 0.0377 recall@20: 0.0584 recall@40: 0.0852 ] Test set [ndcg@10: 0.0417 ndcg@20: 0.0466 ndcg@40: 0.0542 ] 
2024-11-28 13:39:42,854 - Early stop counter: 1 out of 5
2024-11-28 13:39:57,446 - Epoch  72 Test set [recall@10: 0.0382 recall@20: 0.0586 recall@40: 0.0848 ] Test set [ndcg@10: 0.0422 ndcg@20: 0.0469 ndcg@40: 0.0542 ] 
2024-11-28 13:39:57,447 - Validation score increased.  Copying the best model ...
2024-11-28 13:40:12,046 - Epoch  75 Test set [recall@10: 0.0380 recall@20: 0.0592 recall@40: 0.0853 ] Test set [ndcg@10: 0.0423 ndcg@20: 0.0471 ndcg@40: 0.0544 ] 
2024-11-28 13:40:12,047 - Early stop counter: 1 out of 5
2024-11-28 13:40:27,419 - Epoch  78 Test set [recall@10: 0.0380 recall@20: 0.0591 recall@40: 0.0857 ] Test set [ndcg@10: 0.0423 ndcg@20: 0.0471 ndcg@40: 0.0546 ] 
2024-11-28 13:40:27,419 - Early stop counter: 2 out of 5
2024-11-28 13:40:42,156 - Epoch  81 Test set [recall@10: 0.0381 recall@20: 0.0597 recall@40: 0.0859 ] Test set [ndcg@10: 0.0422 ndcg@20: 0.0472 ndcg@40: 0.0546 ] 
2024-11-28 13:40:42,157 - Early stop counter: 3 out of 5
2024-11-28 13:40:56,722 - Epoch  84 Test set [recall@10: 0.0377 recall@20: 0.0598 recall@40: 0.0870 ] Test set [ndcg@10: 0.0422 ndcg@20: 0.0475 ndcg@40: 0.0552 ] 
2024-11-28 13:40:56,722 - Early stop counter: 4 out of 5
2024-11-28 13:41:11,992 - Epoch  87 Test set [recall@10: 0.0376 recall@20: 0.0598 recall@40: 0.0862 ] Test set [ndcg@10: 0.0419 ndcg@20: 0.0473 ndcg@40: 0.0548 ] 
2024-11-28 13:41:11,992 - Early stop counter: 5 out of 5
2024-11-28 13:41:11,992 - Best Epoch 72
2024-11-28 13:41:15,634 - Test set [recall@10: 0.0382 recall@20: 0.0586 recall@40: 0.0848 ] Test set [ndcg@10: 0.0422 ndcg@20: 0.0469 ndcg@40: 0.0542 ] 
2024-11-28 13:41:18,994 - Test set [recall@10: 0.0382 recall@20: 0.0586 recall@40: 0.0848 ] Test set [ndcg@10: 0.0422 ndcg@20: 0.0469 ndcg@40: 0.0542 ] 
2024-11-28 13:41:22,317 - Test set [recall@10: 0.0382 recall@20: 0.0586 recall@40: 0.0848 ] Test set [ndcg@10: 0.0422 ndcg@20: 0.0469 ndcg@40: 0.0542 ] 
