2024-12-02 16:27:47,967 - {'optimizer': {'name': 'adam', 'lr': 0.001, 'weight_decay': 0}, 'train': {'epoch': 500, 'batch_size': 4096, 'save_model': False, 'loss': 'pairwise', 'log_loss': False, 'test_step': 3, 'patience': 5, 'reproducible': True, 'seed': 2023, 'early_stop': True}, 'test': {'metrics': ['recall', 'ndcg'], 'k': [10, 20, 40], 'batch_size': 1024}, 'data': {'type': 'social', 'name': 'ciao', 'user_num': 7375, 'item_num': 105114}, 'model': {'name': 'baseline_lightgcn', 'layer_num': 2, 'reg_weight': 1e-08, 'embedding_size': 64}, 'tune': {'enable': True, 'hyperparameters': ['layer_num', 'reg_weight'], 'layer_num': [2, 3], 'reg_weight': [1e-06, 1e-07, 1e-08]}, 'device': 'cuda', 'log': True}
2024-12-02 16:27:47,967 - hyperparameter: {'layer_num': 2, 'reg_weight': 1e-06}
2024-12-02 16:27:54,294 - Epoch   0 Test set [recall@10: 0.0000 recall@20: 0.0001 recall@40: 0.0002 ] Test set [ndcg@10: 0.0000 ndcg@20: 0.0001 ndcg@40: 0.0001 ] 
2024-12-02 16:27:54,295 - Validation score increased.  Copying the best model ...
2024-12-02 16:28:02,201 - Epoch   3 Test set [recall@10: 0.0000 recall@20: 0.0001 recall@40: 0.0002 ] Test set [ndcg@10: 0.0001 ndcg@20: 0.0001 ndcg@40: 0.0001 ] 
2024-12-02 16:28:02,201 - Validation score increased.  Copying the best model ...
2024-12-02 16:28:09,395 - Epoch   6 Test set [recall@10: 0.0000 recall@20: 0.0002 recall@40: 0.0005 ] Test set [ndcg@10: 0.0000 ndcg@20: 0.0001 ndcg@40: 0.0002 ] 
2024-12-02 16:28:09,396 - Early stop counter: 1 out of 5
2024-12-02 16:28:16,637 - Epoch   9 Test set [recall@10: 0.0001 recall@20: 0.0002 recall@40: 0.0004 ] Test set [ndcg@10: 0.0001 ndcg@20: 0.0001 ndcg@40: 0.0002 ] 
2024-12-02 16:28:16,637 - Validation score increased.  Copying the best model ...
2024-12-02 16:28:23,808 - Epoch  12 Test set [recall@10: 0.0001 recall@20: 0.0001 recall@40: 0.0003 ] Test set [ndcg@10: 0.0000 ndcg@20: 0.0001 ndcg@40: 0.0001 ] 
2024-12-02 16:28:23,808 - Early stop counter: 1 out of 5
2024-12-02 16:28:30,604 - Epoch  15 Test set [recall@10: 0.0001 recall@20: 0.0003 recall@40: 0.0005 ] Test set [ndcg@10: 0.0001 ndcg@20: 0.0001 ndcg@40: 0.0002 ] 
2024-12-02 16:28:30,605 - Validation score increased.  Copying the best model ...
2024-12-02 16:28:37,862 - Epoch  18 Test set [recall@10: 0.0001 recall@20: 0.0002 recall@40: 0.0004 ] Test set [ndcg@10: 0.0001 ndcg@20: 0.0001 ndcg@40: 0.0002 ] 
2024-12-02 16:28:37,862 - Early stop counter: 1 out of 5
2024-12-02 16:28:44,868 - Epoch  21 Test set [recall@10: 0.0000 recall@20: 0.0001 recall@40: 0.0003 ] Test set [ndcg@10: 0.0000 ndcg@20: 0.0000 ndcg@40: 0.0001 ] 
2024-12-02 16:28:44,868 - Early stop counter: 2 out of 5
2024-12-02 16:28:52,357 - Epoch  24 Test set [recall@10: 0.0000 recall@20: 0.0001 recall@40: 0.0002 ] Test set [ndcg@10: 0.0000 ndcg@20: 0.0000 ndcg@40: 0.0001 ] 
2024-12-02 16:28:52,357 - Early stop counter: 3 out of 5
2024-12-02 16:28:59,420 - Epoch  27 Test set [recall@10: 0.0001 recall@20: 0.0003 recall@40: 0.0008 ] Test set [ndcg@10: 0.0001 ndcg@20: 0.0001 ndcg@40: 0.0003 ] 
2024-12-02 16:28:59,420 - Early stop counter: 4 out of 5
2024-12-02 16:29:06,178 - Epoch  30 Test set [recall@10: 0.0000 recall@20: 0.0001 recall@40: 0.0002 ] Test set [ndcg@10: 0.0000 ndcg@20: 0.0000 ndcg@40: 0.0001 ] 
2024-12-02 16:29:06,178 - Early stop counter: 5 out of 5
2024-12-02 16:29:06,179 - Best Epoch 15
2024-12-02 16:29:09,845 - Test set [recall@10: 0.0001 recall@20: 0.0003 recall@40: 0.0005 ] Test set [ndcg@10: 0.0001 ndcg@20: 0.0001 ndcg@40: 0.0002 ] 
2024-12-02 16:29:13,282 - Test set [recall@10: 0.0001 recall@20: 0.0003 recall@40: 0.0005 ] Test set [ndcg@10: 0.0001 ndcg@20: 0.0001 ndcg@40: 0.0002 ] 
2024-12-02 16:29:13,318 - hyperparameter: {'layer_num': 2, 'reg_weight': 1e-07}
2024-12-02 16:29:18,035 - Epoch   0 Test set [recall@10: 0.0000 recall@20: 0.0001 recall@40: 0.0002 ] Test set [ndcg@10: 0.0000 ndcg@20: 0.0001 ndcg@40: 0.0001 ] 
2024-12-02 16:29:18,035 - Validation score increased.  Copying the best model ...
2024-12-02 16:29:25,106 - Epoch   3 Test set [recall@10: 0.0000 recall@20: 0.0001 recall@40: 0.0002 ] Test set [ndcg@10: 0.0000 ndcg@20: 0.0001 ndcg@40: 0.0001 ] 
2024-12-02 16:29:25,106 - Validation score increased.  Copying the best model ...
2024-12-02 16:29:32,331 - Epoch   6 Test set [recall@10: 0.0001 recall@20: 0.0001 recall@40: 0.0003 ] Test set [ndcg@10: 0.0001 ndcg@20: 0.0001 ndcg@40: 0.0002 ] 
2024-12-02 16:29:32,332 - Validation score increased.  Copying the best model ...
2024-12-02 16:29:39,437 - Epoch   9 Test set [recall@10: 0.0001 recall@20: 0.0003 recall@40: 0.0004 ] Test set [ndcg@10: 0.0001 ndcg@20: 0.0002 ndcg@40: 0.0002 ] 
2024-12-02 16:29:39,438 - Validation score increased.  Copying the best model ...
2024-12-02 16:29:46,397 - Epoch  12 Test set [recall@10: 0.0001 recall@20: 0.0001 recall@40: 0.0002 ] Test set [ndcg@10: 0.0001 ndcg@20: 0.0001 ndcg@40: 0.0002 ] 
2024-12-02 16:29:46,397 - Early stop counter: 1 out of 5
2024-12-02 16:29:53,190 - Epoch  15 Test set [recall@10: 0.0001 recall@20: 0.0001 recall@40: 0.0003 ] Test set [ndcg@10: 0.0001 ndcg@20: 0.0001 ndcg@40: 0.0001 ] 
2024-12-02 16:29:53,190 - Early stop counter: 2 out of 5
2024-12-02 16:30:00,217 - Epoch  18 Test set [recall@10: 0.0001 recall@20: 0.0003 recall@40: 0.0006 ] Test set [ndcg@10: 0.0001 ndcg@20: 0.0002 ndcg@40: 0.0003 ] 
2024-12-02 16:30:00,217 - Early stop counter: 3 out of 5
2024-12-02 16:30:07,026 - Epoch  21 Test set [recall@10: 0.0001 recall@20: 0.0004 recall@40: 0.0008 ] Test set [ndcg@10: 0.0001 ndcg@20: 0.0002 ndcg@40: 0.0004 ] 
2024-12-02 16:30:07,026 - Early stop counter: 4 out of 5
2024-12-02 16:30:13,893 - Epoch  24 Test set [recall@10: 0.0000 recall@20: 0.0002 recall@40: 0.0004 ] Test set [ndcg@10: 0.0001 ndcg@20: 0.0001 ndcg@40: 0.0002 ] 
2024-12-02 16:30:13,893 - Early stop counter: 5 out of 5
2024-12-02 16:30:13,893 - Best Epoch 9
2024-12-02 16:30:17,247 - Test set [recall@10: 0.0001 recall@20: 0.0003 recall@40: 0.0004 ] Test set [ndcg@10: 0.0001 ndcg@20: 0.0002 ndcg@40: 0.0002 ] 
2024-12-02 16:30:20,600 - Test set [recall@10: 0.0001 recall@20: 0.0003 recall@40: 0.0004 ] Test set [ndcg@10: 0.0001 ndcg@20: 0.0002 ndcg@40: 0.0002 ] 
2024-12-02 16:30:20,634 - hyperparameter: {'layer_num': 2, 'reg_weight': 1e-08}
2024-12-02 16:30:25,164 - Epoch   0 Test set [recall@10: 0.0000 recall@20: 0.0001 recall@40: 0.0002 ] Test set [ndcg@10: 0.0000 ndcg@20: 0.0001 ndcg@40: 0.0001 ] 
2024-12-02 16:30:25,164 - Validation score increased.  Copying the best model ...
2024-12-02 16:30:32,112 - Epoch   3 Test set [recall@10: 0.0000 recall@20: 0.0001 recall@40: 0.0002 ] Test set [ndcg@10: 0.0000 ndcg@20: 0.0000 ndcg@40: 0.0001 ] 
2024-12-02 16:30:32,113 - Validation score increased.  Copying the best model ...
2024-12-02 16:30:38,800 - Epoch   6 Test set [recall@10: 0.0001 recall@20: 0.0002 recall@40: 0.0003 ] Test set [ndcg@10: 0.0001 ndcg@20: 0.0001 ndcg@40: 0.0001 ] 
2024-12-02 16:30:38,800 - Validation score increased.  Copying the best model ...
2024-12-02 16:30:45,379 - Epoch   9 Test set [recall@10: 0.0001 recall@20: 0.0002 recall@40: 0.0003 ] Test set [ndcg@10: 0.0001 ndcg@20: 0.0001 ndcg@40: 0.0002 ] 
2024-12-02 16:30:45,379 - Early stop counter: 1 out of 5
2024-12-02 16:30:52,181 - Epoch  12 Test set [recall@10: 0.0001 recall@20: 0.0003 recall@40: 0.0004 ] Test set [ndcg@10: 0.0001 ndcg@20: 0.0001 ndcg@40: 0.0002 ] 
2024-12-02 16:30:52,181 - Validation score increased.  Copying the best model ...
2024-12-02 16:30:58,868 - Epoch  15 Test set [recall@10: 0.0000 recall@20: 0.0001 recall@40: 0.0003 ] Test set [ndcg@10: 0.0001 ndcg@20: 0.0001 ndcg@40: 0.0001 ] 
2024-12-02 16:30:58,868 - Early stop counter: 1 out of 5
2024-12-02 16:31:05,843 - Epoch  18 Test set [recall@10: 0.0001 recall@20: 0.0002 recall@40: 0.0002 ] Test set [ndcg@10: 0.0001 ndcg@20: 0.0001 ndcg@40: 0.0001 ] 
2024-12-02 16:31:05,843 - Early stop counter: 2 out of 5
2024-12-02 16:31:12,466 - Epoch  21 Test set [recall@10: 0.0000 recall@20: 0.0001 recall@40: 0.0002 ] Test set [ndcg@10: 0.0000 ndcg@20: 0.0000 ndcg@40: 0.0001 ] 
2024-12-02 16:31:12,466 - Early stop counter: 3 out of 5
2024-12-02 16:31:18,984 - Epoch  24 Test set [recall@10: 0.0001 recall@20: 0.0001 recall@40: 0.0003 ] Test set [ndcg@10: 0.0000 ndcg@20: 0.0001 ndcg@40: 0.0001 ] 
2024-12-02 16:31:18,984 - Early stop counter: 4 out of 5
2024-12-02 16:31:25,580 - Epoch  27 Test set [recall@10: 0.0000 recall@20: 0.0000 recall@40: 0.0002 ] Test set [ndcg@10: 0.0000 ndcg@20: 0.0000 ndcg@40: 0.0001 ] 
2024-12-02 16:31:25,580 - Early stop counter: 5 out of 5
2024-12-02 16:31:25,580 - Best Epoch 12
2024-12-02 16:31:28,743 - Test set [recall@10: 0.0001 recall@20: 0.0003 recall@40: 0.0004 ] Test set [ndcg@10: 0.0001 ndcg@20: 0.0001 ndcg@40: 0.0002 ] 
2024-12-02 16:31:31,903 - Test set [recall@10: 0.0001 recall@20: 0.0003 recall@40: 0.0004 ] Test set [ndcg@10: 0.0001 ndcg@20: 0.0001 ndcg@40: 0.0002 ] 
2024-12-02 16:31:31,938 - hyperparameter: {'layer_num': 3, 'reg_weight': 1e-06}
2024-12-02 16:31:36,311 - Epoch   0 Test set [recall@10: 0.0001 recall@20: 0.0002 recall@40: 0.0004 ] Test set [ndcg@10: 0.0001 ndcg@20: 0.0001 ndcg@40: 0.0002 ] 
2024-12-02 16:31:36,311 - Validation score increased.  Copying the best model ...
2024-12-02 16:31:43,335 - Epoch   3 Test set [recall@10: 0.0001 recall@20: 0.0002 recall@40: 0.0004 ] Test set [ndcg@10: 0.0001 ndcg@20: 0.0001 ndcg@40: 0.0002 ] 
2024-12-02 16:31:43,335 - Validation score increased.  Copying the best model ...
2024-12-02 16:31:50,343 - Epoch   6 Test set [recall@10: 0.0002 recall@20: 0.0005 recall@40: 0.0007 ] Test set [ndcg@10: 0.0002 ndcg@20: 0.0003 ndcg@40: 0.0003 ] 
2024-12-02 16:31:50,343 - Validation score increased.  Copying the best model ...
2024-12-02 16:31:57,559 - Epoch   9 Test set [recall@10: 0.0002 recall@20: 0.0003 recall@40: 0.0006 ] Test set [ndcg@10: 0.0002 ndcg@20: 0.0002 ndcg@40: 0.0003 ] 
2024-12-02 16:31:57,559 - Early stop counter: 1 out of 5
2024-12-02 16:32:04,288 - Epoch  12 Test set [recall@10: 0.0002 recall@20: 0.0004 recall@40: 0.0005 ] Test set [ndcg@10: 0.0001 ndcg@20: 0.0002 ndcg@40: 0.0003 ] 
2024-12-02 16:32:04,288 - Validation score increased.  Copying the best model ...
2024-12-02 16:32:11,088 - Epoch  15 Test set [recall@10: 0.0001 recall@20: 0.0002 recall@40: 0.0005 ] Test set [ndcg@10: 0.0000 ndcg@20: 0.0001 ndcg@40: 0.0002 ] 
2024-12-02 16:32:11,088 - Early stop counter: 1 out of 5
2024-12-02 16:32:17,911 - Epoch  18 Test set [recall@10: 0.0002 recall@20: 0.0003 recall@40: 0.0007 ] Test set [ndcg@10: 0.0001 ndcg@20: 0.0002 ndcg@40: 0.0003 ] 
2024-12-02 16:32:17,911 - Early stop counter: 2 out of 5
2024-12-02 16:32:24,728 - Epoch  21 Test set [recall@10: 0.0001 recall@20: 0.0003 recall@40: 0.0007 ] Test set [ndcg@10: 0.0000 ndcg@20: 0.0001 ndcg@40: 0.0003 ] 
2024-12-02 16:32:24,728 - Early stop counter: 3 out of 5
2024-12-02 16:32:31,563 - Epoch  24 Test set [recall@10: 0.0001 recall@20: 0.0003 recall@40: 0.0008 ] Test set [ndcg@10: 0.0001 ndcg@20: 0.0001 ndcg@40: 0.0003 ] 
2024-12-02 16:32:31,563 - Early stop counter: 4 out of 5
2024-12-02 16:32:38,422 - Epoch  27 Test set [recall@10: 0.0001 recall@20: 0.0001 recall@40: 0.0004 ] Test set [ndcg@10: 0.0001 ndcg@20: 0.0001 ndcg@40: 0.0002 ] 
2024-12-02 16:32:38,422 - Early stop counter: 5 out of 5
2024-12-02 16:32:38,422 - Best Epoch 12
2024-12-02 16:32:41,583 - Test set [recall@10: 0.0002 recall@20: 0.0004 recall@40: 0.0005 ] Test set [ndcg@10: 0.0001 ndcg@20: 0.0002 ndcg@40: 0.0003 ] 
2024-12-02 16:32:44,755 - Test set [recall@10: 0.0002 recall@20: 0.0004 recall@40: 0.0005 ] Test set [ndcg@10: 0.0001 ndcg@20: 0.0002 ndcg@40: 0.0003 ] 
2024-12-02 16:32:44,789 - hyperparameter: {'layer_num': 3, 'reg_weight': 1e-07}
2024-12-02 16:32:49,261 - Epoch   0 Test set [recall@10: 0.0001 recall@20: 0.0002 recall@40: 0.0004 ] Test set [ndcg@10: 0.0001 ndcg@20: 0.0001 ndcg@40: 0.0002 ] 
2024-12-02 16:32:49,262 - Validation score increased.  Copying the best model ...
2024-12-02 16:32:56,011 - Epoch   3 Test set [recall@10: 0.0000 recall@20: 0.0001 recall@40: 0.0005 ] Test set [ndcg@10: 0.0000 ndcg@20: 0.0001 ndcg@40: 0.0002 ] 
2024-12-02 16:32:56,011 - Early stop counter: 1 out of 5
2024-12-02 16:33:02,879 - Epoch   6 Test set [recall@10: 0.0001 recall@20: 0.0001 recall@40: 0.0004 ] Test set [ndcg@10: 0.0000 ndcg@20: 0.0001 ndcg@40: 0.0002 ] 
2024-12-02 16:33:02,880 - Early stop counter: 2 out of 5
2024-12-02 16:33:09,529 - Epoch   9 Test set [recall@10: 0.0002 recall@20: 0.0004 recall@40: 0.0006 ] Test set [ndcg@10: 0.0001 ndcg@20: 0.0002 ndcg@40: 0.0003 ] 
2024-12-02 16:33:09,529 - Validation score increased.  Copying the best model ...
2024-12-02 16:33:16,364 - Epoch  12 Test set [recall@10: 0.0002 recall@20: 0.0002 recall@40: 0.0004 ] Test set [ndcg@10: 0.0001 ndcg@20: 0.0001 ndcg@40: 0.0002 ] 
2024-12-02 16:33:16,364 - Early stop counter: 1 out of 5
2024-12-02 16:33:23,104 - Epoch  15 Test set [recall@10: 0.0000 recall@20: 0.0001 recall@40: 0.0004 ] Test set [ndcg@10: 0.0000 ndcg@20: 0.0000 ndcg@40: 0.0002 ] 
2024-12-02 16:33:23,104 - Early stop counter: 2 out of 5
2024-12-02 16:33:29,710 - Epoch  18 Test set [recall@10: 0.0003 recall@20: 0.0005 recall@40: 0.0007 ] Test set [ndcg@10: 0.0002 ndcg@20: 0.0003 ndcg@40: 0.0004 ] 
2024-12-02 16:33:29,710 - Validation score increased.  Copying the best model ...
2024-12-02 16:33:36,549 - Epoch  21 Test set [recall@10: 0.0002 recall@20: 0.0003 recall@40: 0.0007 ] Test set [ndcg@10: 0.0001 ndcg@20: 0.0002 ndcg@40: 0.0003 ] 
2024-12-02 16:33:36,550 - Early stop counter: 1 out of 5
2024-12-02 16:33:43,363 - Epoch  24 Test set [recall@10: 0.0002 recall@20: 0.0006 recall@40: 0.0010 ] Test set [ndcg@10: 0.0002 ndcg@20: 0.0003 ndcg@40: 0.0004 ] 
2024-12-02 16:33:43,363 - Early stop counter: 2 out of 5
2024-12-02 16:33:50,129 - Epoch  27 Test set [recall@10: 0.0002 recall@20: 0.0002 recall@40: 0.0006 ] Test set [ndcg@10: 0.0001 ndcg@20: 0.0001 ndcg@40: 0.0003 ] 
2024-12-02 16:33:50,129 - Early stop counter: 3 out of 5
2024-12-02 16:33:56,873 - Epoch  30 Test set [recall@10: 0.0002 recall@20: 0.0004 recall@40: 0.0006 ] Test set [ndcg@10: 0.0001 ndcg@20: 0.0002 ndcg@40: 0.0003 ] 
2024-12-02 16:33:56,873 - Early stop counter: 4 out of 5
2024-12-02 16:34:03,605 - Epoch  33 Test set [recall@10: 0.0002 recall@20: 0.0003 recall@40: 0.0006 ] Test set [ndcg@10: 0.0002 ndcg@20: 0.0002 ndcg@40: 0.0003 ] 
2024-12-02 16:34:03,605 - Early stop counter: 5 out of 5
2024-12-02 16:34:03,605 - Best Epoch 18
2024-12-02 16:34:06,795 - Test set [recall@10: 0.0003 recall@20: 0.0005 recall@40: 0.0007 ] Test set [ndcg@10: 0.0002 ndcg@20: 0.0003 ndcg@40: 0.0004 ] 
2024-12-02 16:34:09,985 - Test set [recall@10: 0.0003 recall@20: 0.0005 recall@40: 0.0007 ] Test set [ndcg@10: 0.0002 ndcg@20: 0.0003 ndcg@40: 0.0004 ] 
2024-12-02 16:34:10,021 - hyperparameter: {'layer_num': 3, 'reg_weight': 1e-08}
2024-12-02 16:34:14,382 - Epoch   0 Test set [recall@10: 0.0001 recall@20: 0.0002 recall@40: 0.0004 ] Test set [ndcg@10: 0.0001 ndcg@20: 0.0001 ndcg@40: 0.0002 ] 
2024-12-02 16:34:14,383 - Validation score increased.  Copying the best model ...
2024-12-02 16:34:21,397 - Epoch   3 Test set [recall@10: 0.0001 recall@20: 0.0001 recall@40: 0.0003 ] Test set [ndcg@10: 0.0001 ndcg@20: 0.0001 ndcg@40: 0.0001 ] 
2024-12-02 16:34:21,397 - Validation score increased.  Copying the best model ...
2024-12-02 16:34:28,148 - Epoch   6 Test set [recall@10: 0.0001 recall@20: 0.0003 recall@40: 0.0007 ] Test set [ndcg@10: 0.0001 ndcg@20: 0.0002 ndcg@40: 0.0003 ] 
2024-12-02 16:34:28,148 - Validation score increased.  Copying the best model ...
2024-12-02 16:34:34,855 - Epoch   9 Test set [recall@10: 0.0002 recall@20: 0.0003 recall@40: 0.0006 ] Test set [ndcg@10: 0.0001 ndcg@20: 0.0001 ndcg@40: 0.0003 ] 
2024-12-02 16:34:34,855 - Validation score increased.  Copying the best model ...
2024-12-02 16:34:41,622 - Epoch  12 Test set [recall@10: 0.0002 recall@20: 0.0003 recall@40: 0.0006 ] Test set [ndcg@10: 0.0002 ndcg@20: 0.0002 ndcg@40: 0.0003 ] 
2024-12-02 16:34:41,622 - Validation score increased.  Copying the best model ...
2024-12-02 16:34:48,251 - Epoch  15 Test set [recall@10: 0.0001 recall@20: 0.0002 recall@40: 0.0004 ] Test set [ndcg@10: 0.0001 ndcg@20: 0.0001 ndcg@40: 0.0002 ] 
2024-12-02 16:34:48,251 - Early stop counter: 1 out of 5
2024-12-02 16:34:55,186 - Epoch  18 Test set [recall@10: 0.0001 recall@20: 0.0003 recall@40: 0.0005 ] Test set [ndcg@10: 0.0001 ndcg@20: 0.0002 ndcg@40: 0.0002 ] 
2024-12-02 16:34:55,186 - Early stop counter: 2 out of 5
2024-12-02 16:35:02,088 - Epoch  21 Test set [recall@10: 0.0001 recall@20: 0.0004 recall@40: 0.0007 ] Test set [ndcg@10: 0.0001 ndcg@20: 0.0002 ndcg@40: 0.0003 ] 
2024-12-02 16:35:02,088 - Early stop counter: 3 out of 5
2024-12-02 16:35:08,909 - Epoch  24 Test set [recall@10: 0.0002 recall@20: 0.0005 recall@40: 0.0007 ] Test set [ndcg@10: 0.0001 ndcg@20: 0.0002 ndcg@40: 0.0003 ] 
2024-12-02 16:35:08,909 - Validation score increased.  Copying the best model ...
2024-12-02 16:35:15,727 - Epoch  27 Test set [recall@10: 0.0003 recall@20: 0.0004 recall@40: 0.0008 ] Test set [ndcg@10: 0.0002 ndcg@20: 0.0002 ndcg@40: 0.0004 ] 
2024-12-02 16:35:15,728 - Validation score increased.  Copying the best model ...
2024-12-02 16:35:22,385 - Epoch  30 Test set [recall@10: 0.0001 recall@20: 0.0003 recall@40: 0.0006 ] Test set [ndcg@10: 0.0001 ndcg@20: 0.0002 ndcg@40: 0.0002 ] 
2024-12-02 16:35:22,385 - Early stop counter: 1 out of 5
2024-12-02 16:35:29,168 - Epoch  33 Test set [recall@10: 0.0003 recall@20: 0.0004 recall@40: 0.0007 ] Test set [ndcg@10: 0.0002 ndcg@20: 0.0003 ndcg@40: 0.0004 ] 
2024-12-02 16:35:29,168 - Early stop counter: 2 out of 5
2024-12-02 16:35:35,977 - Epoch  36 Test set [recall@10: 0.0003 recall@20: 0.0005 recall@40: 0.0009 ] Test set [ndcg@10: 0.0002 ndcg@20: 0.0003 ndcg@40: 0.0004 ] 
2024-12-02 16:35:35,977 - Early stop counter: 3 out of 5
2024-12-02 16:35:42,630 - Epoch  39 Test set [recall@10: 0.0003 recall@20: 0.0004 recall@40: 0.0009 ] Test set [ndcg@10: 0.0002 ndcg@20: 0.0003 ndcg@40: 0.0004 ] 
2024-12-02 16:35:42,630 - Early stop counter: 4 out of 5
2024-12-02 16:35:49,384 - Epoch  42 Test set [recall@10: 0.0002 recall@20: 0.0003 recall@40: 0.0008 ] Test set [ndcg@10: 0.0002 ndcg@20: 0.0003 ndcg@40: 0.0004 ] 
2024-12-02 16:35:49,384 - Early stop counter: 5 out of 5
2024-12-02 16:35:49,384 - Best Epoch 27
2024-12-02 16:35:52,659 - Test set [recall@10: 0.0003 recall@20: 0.0004 recall@40: 0.0008 ] Test set [ndcg@10: 0.0002 ndcg@20: 0.0002 ndcg@40: 0.0004 ] 
2024-12-02 16:35:55,847 - Test set [recall@10: 0.0003 recall@20: 0.0004 recall@40: 0.0008 ] Test set [ndcg@10: 0.0002 ndcg@20: 0.0002 ndcg@40: 0.0004 ] 
