2024-11-19 21:11:10,222 - {'optimizer': {'name': 'adam', 'lr': 0.001, 'weight_decay': 0}, 'train': {'epoch': 500, 'batch_size': 4096, 'save_model': False, 'loss': 'pairwise', 'log_loss': False, 'test_step': 3, 'patience': 5, 'reproducible': True, 'seed': 2023, 'early_stop': True}, 'test': {'metrics': ['recall', 'ndcg'], 'k': [10, 20, 40], 'batch_size': 1024}, 'data': {'type': 'social', 'name': 'epinions', 'user_num': 18081, 'item_num': 251722}, 'model': {'name': 'baseline_lightgcn', 'layer_num': 2, 'reg_weight': 1e-08, 'embedding_size': 64}, 'tune': {'enable': False, 'hyperparameters': ['layer_num', 'reg_weight'], 'layer_num': [2, 3], 'reg_weight': [1e-06, 1e-07, 1e-08]}, 'device': 'cuda', 'log': True}
2024-11-19 21:11:33,337 - Epoch   0 Test set [recall@10: 0.0087 recall@20: 0.0146 recall@40: 0.0239 ] Test set [ndcg@10: 0.0051 ndcg@20: 0.0066 ndcg@40: 0.0084 ] 
2024-11-19 21:11:33,338 - Validation score increased.  Copying the best model ...
2024-11-19 21:12:17,955 - Epoch   3 Test set [recall@10: 0.0088 recall@20: 0.0155 recall@40: 0.0259 ] Test set [ndcg@10: 0.0052 ndcg@20: 0.0069 ndcg@40: 0.0090 ] 
2024-11-19 21:12:17,955 - Validation score increased.  Copying the best model ...
2024-11-19 21:13:03,596 - Epoch   6 Test set [recall@10: 0.0097 recall@20: 0.0171 recall@40: 0.0292 ] Test set [ndcg@10: 0.0057 ndcg@20: 0.0075 ndcg@40: 0.0100 ] 
2024-11-19 21:13:03,597 - Validation score increased.  Copying the best model ...
2024-11-19 21:13:49,191 - Epoch   9 Test set [recall@10: 0.0108 recall@20: 0.0178 recall@40: 0.0306 ] Test set [ndcg@10: 0.0060 ndcg@20: 0.0078 ndcg@40: 0.0104 ] 
2024-11-19 21:13:49,192 - Validation score increased.  Copying the best model ...
2024-11-19 21:14:33,648 - Epoch  12 Test set [recall@10: 0.0106 recall@20: 0.0196 recall@40: 0.0333 ] Test set [ndcg@10: 0.0058 ndcg@20: 0.0081 ndcg@40: 0.0109 ] 
2024-11-19 21:14:33,648 - Early stop counter: 1 out of 5
2024-11-19 21:15:19,062 - Epoch  15 Test set [recall@10: 0.0119 recall@20: 0.0210 recall@40: 0.0339 ] Test set [ndcg@10: 0.0064 ndcg@20: 0.0086 ndcg@40: 0.0113 ] 
2024-11-19 21:15:19,063 - Validation score increased.  Copying the best model ...
2024-11-19 21:16:05,231 - Epoch  18 Test set [recall@10: 0.0122 recall@20: 0.0212 recall@40: 0.0363 ] Test set [ndcg@10: 0.0066 ndcg@20: 0.0089 ndcg@40: 0.0120 ] 
2024-11-19 21:16:05,232 - Validation score increased.  Copying the best model ...
2024-11-19 21:16:51,714 - Epoch  21 Test set [recall@10: 0.0130 recall@20: 0.0228 recall@40: 0.0370 ] Test set [ndcg@10: 0.0068 ndcg@20: 0.0093 ndcg@40: 0.0121 ] 
2024-11-19 21:16:51,715 - Validation score increased.  Copying the best model ...
2024-11-19 21:17:36,517 - Epoch  24 Test set [recall@10: 0.0144 recall@20: 0.0234 recall@40: 0.0380 ] Test set [ndcg@10: 0.0073 ndcg@20: 0.0096 ndcg@40: 0.0125 ] 
2024-11-19 21:17:36,518 - Validation score increased.  Copying the best model ...
2024-11-19 21:18:22,301 - Epoch  27 Test set [recall@10: 0.0144 recall@20: 0.0234 recall@40: 0.0392 ] Test set [ndcg@10: 0.0074 ndcg@20: 0.0097 ndcg@40: 0.0129 ] 
2024-11-19 21:18:22,302 - Validation score increased.  Copying the best model ...
2024-11-19 21:19:08,307 - Epoch  30 Test set [recall@10: 0.0150 recall@20: 0.0244 recall@40: 0.0398 ] Test set [ndcg@10: 0.0074 ndcg@20: 0.0098 ndcg@40: 0.0129 ] 
2024-11-19 21:19:08,307 - Validation score increased.  Copying the best model ...
2024-11-19 21:19:54,797 - Epoch  33 Test set [recall@10: 0.0154 recall@20: 0.0249 recall@40: 0.0405 ] Test set [ndcg@10: 0.0079 ndcg@20: 0.0103 ndcg@40: 0.0134 ] 
2024-11-19 21:19:54,798 - Validation score increased.  Copying the best model ...
2024-11-19 21:20:40,305 - Epoch  36 Test set [recall@10: 0.0155 recall@20: 0.0249 recall@40: 0.0397 ] Test set [ndcg@10: 0.0079 ndcg@20: 0.0103 ndcg@40: 0.0133 ] 
2024-11-19 21:20:40,306 - Validation score increased.  Copying the best model ...
2024-11-19 21:21:26,612 - Epoch  39 Test set [recall@10: 0.0158 recall@20: 0.0249 recall@40: 0.0402 ] Test set [ndcg@10: 0.0082 ndcg@20: 0.0105 ndcg@40: 0.0136 ] 
2024-11-19 21:21:26,613 - Validation score increased.  Copying the best model ...
2024-11-19 21:22:13,509 - Epoch  42 Test set [recall@10: 0.0162 recall@20: 0.0257 recall@40: 0.0408 ] Test set [ndcg@10: 0.0083 ndcg@20: 0.0107 ndcg@40: 0.0138 ] 
2024-11-19 21:22:13,509 - Validation score increased.  Copying the best model ...
2024-11-19 21:22:58,445 - Epoch  45 Test set [recall@10: 0.0166 recall@20: 0.0260 recall@40: 0.0414 ] Test set [ndcg@10: 0.0084 ndcg@20: 0.0107 ndcg@40: 0.0139 ] 
2024-11-19 21:22:58,446 - Validation score increased.  Copying the best model ...
2024-11-19 21:23:42,524 - Epoch  48 Test set [recall@10: 0.0166 recall@20: 0.0259 recall@40: 0.0420 ] Test set [ndcg@10: 0.0085 ndcg@20: 0.0108 ndcg@40: 0.0141 ] 
2024-11-19 21:23:42,524 - Early stop counter: 1 out of 5
2024-11-19 21:24:26,452 - Epoch  51 Test set [recall@10: 0.0160 recall@20: 0.0262 recall@40: 0.0416 ] Test set [ndcg@10: 0.0083 ndcg@20: 0.0109 ndcg@40: 0.0141 ] 
2024-11-19 21:24:26,452 - Early stop counter: 2 out of 5
2024-11-19 21:25:09,919 - Epoch  54 Test set [recall@10: 0.0169 recall@20: 0.0264 recall@40: 0.0419 ] Test set [ndcg@10: 0.0087 ndcg@20: 0.0111 ndcg@40: 0.0142 ] 
2024-11-19 21:25:09,919 - Validation score increased.  Copying the best model ...
2024-11-19 21:26:46,470 - Epoch  57 Test set [recall@10: 0.0163 recall@20: 0.0266 recall@40: 0.0422 ] Test set [ndcg@10: 0.0086 ndcg@20: 0.0111 ndcg@40: 0.0143 ] 
2024-11-19 21:26:46,470 - Early stop counter: 1 out of 5
2024-11-19 21:28:16,658 - Epoch  60 Test set [recall@10: 0.0165 recall@20: 0.0277 recall@40: 0.0424 ] Test set [ndcg@10: 0.0086 ndcg@20: 0.0114 ndcg@40: 0.0144 ] 
2024-11-19 21:28:16,658 - Early stop counter: 2 out of 5
2024-11-19 21:29:18,531 - Epoch  63 Test set [recall@10: 0.0166 recall@20: 0.0263 recall@40: 0.0415 ] Test set [ndcg@10: 0.0086 ndcg@20: 0.0111 ndcg@40: 0.0142 ] 
2024-11-19 21:29:18,531 - Early stop counter: 3 out of 5
2024-11-19 21:30:04,819 - Epoch  66 Test set [recall@10: 0.0168 recall@20: 0.0265 recall@40: 0.0421 ] Test set [ndcg@10: 0.0087 ndcg@20: 0.0111 ndcg@40: 0.0143 ] 
2024-11-19 21:30:04,819 - Early stop counter: 4 out of 5
2024-11-19 21:31:30,673 - Epoch  69 Test set [recall@10: 0.0169 recall@20: 0.0272 recall@40: 0.0418 ] Test set [ndcg@10: 0.0089 ndcg@20: 0.0114 ndcg@40: 0.0144 ] 
2024-11-19 21:31:30,674 - Early stop counter: 5 out of 5
2024-11-19 21:31:30,674 - Best Epoch 54
2024-11-19 21:31:49,085 - Test set [recall@10: 0.0169 recall@20: 0.0264 recall@40: 0.0419 ] Test set [ndcg@10: 0.0087 ndcg@20: 0.0111 ndcg@40: 0.0142 ] 
2024-11-19 21:32:33,703 - Test set [recall@10: 0.0169 recall@20: 0.0264 recall@40: 0.0419 ] Test set [ndcg@10: 0.0087 ndcg@20: 0.0111 ndcg@40: 0.0142 ] 
2024-11-19 21:33:13,424 - Test set [recall@10: 0.0169 recall@20: 0.0264 recall@40: 0.0419 ] Test set [ndcg@10: 0.0087 ndcg@20: 0.0111 ndcg@40: 0.0142 ] 
