2024-11-22 11:09:56,431 - {'optimizer': {'name': 'adam', 'lr': 0.001, 'weight_decay': 0}, 'train': {'epoch': 500, 'batch_size': 4096, 'save_model': False, 'loss': 'pairwise', 'log_loss': False, 'test_step': 3, 'patience': 5, 'reproducible': True, 'seed': 2023, 'early_stop': True}, 'test': {'metrics': ['recall', 'ndcg'], 'k': [10, 20, 40], 'batch_size': 1024}, 'data': {'type': 'social', 'name': 'lastfm', 'user_num': 1892, 'item_num': 17632}, 'model': {'name': 'baseline_lightgcn', 'layer_num': 2, 'reg_weight': 1e-08, 'embedding_size': 64}, 'tune': {'enable': True, 'hyperparameters': ['layer_num', 'reg_weight'], 'layer_num': [2, 3], 'reg_weight': [1e-06, 1e-07, 1e-08]}, 'device': 'cuda', 'log': True}
2024-11-22 11:09:56,432 - hyperparameter: {'layer_num': 2, 'reg_weight': 1e-06}
2024-11-22 11:09:58,218 - Epoch   0 Test set [recall@10: 0.0861 recall@20: 0.1268 recall@40: 0.1877 ] Test set [ndcg@10: 0.1133 ndcg@20: 0.1283 ndcg@40: 0.1552 ] 
2024-11-22 11:09:58,218 - Validation score increased.  Copying the best model ...
2024-11-22 11:09:59,473 - Epoch   3 Test set [recall@10: 0.1032 recall@20: 0.1421 recall@40: 0.1987 ] Test set [ndcg@10: 0.1308 ndcg@20: 0.1437 ndcg@40: 0.1688 ] 
2024-11-22 11:09:59,474 - Validation score increased.  Copying the best model ...
2024-11-22 11:10:00,660 - Epoch   6 Test set [recall@10: 0.1143 recall@20: 0.1594 recall@40: 0.2255 ] Test set [ndcg@10: 0.1446 ndcg@20: 0.1601 ndcg@40: 0.1892 ] 
2024-11-22 11:10:00,661 - Validation score increased.  Copying the best model ...
2024-11-22 11:10:01,836 - Epoch   9 Test set [recall@10: 0.1215 recall@20: 0.1729 recall@40: 0.2435 ] Test set [ndcg@10: 0.1540 ndcg@20: 0.1723 ndcg@40: 0.2032 ] 
2024-11-22 11:10:01,836 - Validation score increased.  Copying the best model ...
2024-11-22 11:10:03,122 - Epoch  12 Test set [recall@10: 0.1284 recall@20: 0.1831 recall@40: 0.2572 ] Test set [ndcg@10: 0.1642 ndcg@20: 0.1838 ndcg@40: 0.2163 ] 
2024-11-22 11:10:03,123 - Validation score increased.  Copying the best model ...
2024-11-22 11:10:04,373 - Epoch  15 Test set [recall@10: 0.1332 recall@20: 0.1918 recall@40: 0.2684 ] Test set [ndcg@10: 0.1719 ndcg@20: 0.1930 ndcg@40: 0.2267 ] 
2024-11-22 11:10:04,374 - Validation score increased.  Copying the best model ...
2024-11-22 11:10:05,546 - Epoch  18 Test set [recall@10: 0.1392 recall@20: 0.1981 recall@40: 0.2789 ] Test set [ndcg@10: 0.1788 ndcg@20: 0.1997 ndcg@40: 0.2351 ] 
2024-11-22 11:10:05,546 - Validation score increased.  Copying the best model ...
2024-11-22 11:10:06,808 - Epoch  21 Test set [recall@10: 0.1427 recall@20: 0.2032 recall@40: 0.2852 ] Test set [ndcg@10: 0.1835 ndcg@20: 0.2051 ndcg@40: 0.2411 ] 
2024-11-22 11:10:06,809 - Validation score increased.  Copying the best model ...
2024-11-22 11:10:08,051 - Epoch  24 Test set [recall@10: 0.1464 recall@20: 0.2071 recall@40: 0.2904 ] Test set [ndcg@10: 0.1876 ndcg@20: 0.2090 ndcg@40: 0.2456 ] 
2024-11-22 11:10:08,052 - Validation score increased.  Copying the best model ...
2024-11-22 11:10:09,221 - Epoch  27 Test set [recall@10: 0.1491 recall@20: 0.2106 recall@40: 0.2957 ] Test set [ndcg@10: 0.1909 ndcg@20: 0.2126 ndcg@40: 0.2498 ] 
2024-11-22 11:10:09,222 - Validation score increased.  Copying the best model ...
2024-11-22 11:10:10,462 - Epoch  30 Test set [recall@10: 0.1506 recall@20: 0.2141 recall@40: 0.2995 ] Test set [ndcg@10: 0.1934 ndcg@20: 0.2160 ndcg@40: 0.2534 ] 
2024-11-22 11:10:10,463 - Validation score increased.  Copying the best model ...
2024-11-22 11:10:11,611 - Epoch  33 Test set [recall@10: 0.1527 recall@20: 0.2163 recall@40: 0.3024 ] Test set [ndcg@10: 0.1954 ndcg@20: 0.2178 ndcg@40: 0.2556 ] 
2024-11-22 11:10:11,612 - Validation score increased.  Copying the best model ...
2024-11-22 11:10:12,867 - Epoch  36 Test set [recall@10: 0.1535 recall@20: 0.2184 recall@40: 0.3063 ] Test set [ndcg@10: 0.1967 ndcg@20: 0.2198 ndcg@40: 0.2585 ] 
2024-11-22 11:10:12,868 - Validation score increased.  Copying the best model ...
2024-11-22 11:10:14,110 - Epoch  39 Test set [recall@10: 0.1548 recall@20: 0.2209 recall@40: 0.3100 ] Test set [ndcg@10: 0.1984 ndcg@20: 0.2220 ndcg@40: 0.2613 ] 
2024-11-22 11:10:14,111 - Validation score increased.  Copying the best model ...
2024-11-22 11:10:15,370 - Epoch  42 Test set [recall@10: 0.1562 recall@20: 0.2231 recall@40: 0.3117 ] Test set [ndcg@10: 0.2010 ndcg@20: 0.2247 ndcg@40: 0.2638 ] 
2024-11-22 11:10:15,371 - Validation score increased.  Copying the best model ...
2024-11-22 11:10:16,488 - Epoch  45 Test set [recall@10: 0.1581 recall@20: 0.2249 recall@40: 0.3137 ] Test set [ndcg@10: 0.2032 ndcg@20: 0.2264 ndcg@40: 0.2657 ] 
2024-11-22 11:10:16,489 - Validation score increased.  Copying the best model ...
2024-11-22 11:10:17,712 - Epoch  48 Test set [recall@10: 0.1589 recall@20: 0.2259 recall@40: 0.3149 ] Test set [ndcg@10: 0.2047 ndcg@20: 0.2280 ndcg@40: 0.2673 ] 
2024-11-22 11:10:17,713 - Validation score increased.  Copying the best model ...
2024-11-22 11:10:18,867 - Epoch  51 Test set [recall@10: 0.1608 recall@20: 0.2278 recall@40: 0.3181 ] Test set [ndcg@10: 0.2057 ndcg@20: 0.2289 ndcg@40: 0.2688 ] 
2024-11-22 11:10:18,868 - Validation score increased.  Copying the best model ...
2024-11-22 11:10:20,103 - Epoch  54 Test set [recall@10: 0.1617 recall@20: 0.2296 recall@40: 0.3200 ] Test set [ndcg@10: 0.2072 ndcg@20: 0.2308 ndcg@40: 0.2709 ] 
2024-11-22 11:10:20,103 - Validation score increased.  Copying the best model ...
2024-11-22 11:10:21,325 - Epoch  57 Test set [recall@10: 0.1628 recall@20: 0.2299 recall@40: 0.3222 ] Test set [ndcg@10: 0.2090 ndcg@20: 0.2322 ndcg@40: 0.2730 ] 
2024-11-22 11:10:21,325 - Validation score increased.  Copying the best model ...
2024-11-22 11:10:22,512 - Epoch  60 Test set [recall@10: 0.1632 recall@20: 0.2315 recall@40: 0.3244 ] Test set [ndcg@10: 0.2097 ndcg@20: 0.2335 ndcg@40: 0.2747 ] 
2024-11-22 11:10:22,512 - Validation score increased.  Copying the best model ...
2024-11-22 11:10:23,615 - Epoch  63 Test set [recall@10: 0.1632 recall@20: 0.2332 recall@40: 0.3253 ] Test set [ndcg@10: 0.2103 ndcg@20: 0.2351 ndcg@40: 0.2759 ] 
2024-11-22 11:10:23,616 - Validation score increased.  Copying the best model ...
2024-11-22 11:10:24,760 - Epoch  66 Test set [recall@10: 0.1655 recall@20: 0.2350 recall@40: 0.3280 ] Test set [ndcg@10: 0.2122 ndcg@20: 0.2366 ndcg@40: 0.2777 ] 
2024-11-22 11:10:24,760 - Validation score increased.  Copying the best model ...
2024-11-22 11:10:25,996 - Epoch  69 Test set [recall@10: 0.1677 recall@20: 0.2365 recall@40: 0.3299 ] Test set [ndcg@10: 0.2146 ndcg@20: 0.2382 ndcg@40: 0.2796 ] 
2024-11-22 11:10:25,996 - Validation score increased.  Copying the best model ...
2024-11-22 11:10:27,157 - Epoch  72 Test set [recall@10: 0.1684 recall@20: 0.2375 recall@40: 0.3319 ] Test set [ndcg@10: 0.2158 ndcg@20: 0.2393 ndcg@40: 0.2812 ] 
2024-11-22 11:10:27,157 - Validation score increased.  Copying the best model ...
2024-11-22 11:10:28,389 - Epoch  75 Test set [recall@10: 0.1693 recall@20: 0.2390 recall@40: 0.3337 ] Test set [ndcg@10: 0.2162 ndcg@20: 0.2399 ndcg@40: 0.2820 ] 
2024-11-22 11:10:28,390 - Validation score increased.  Copying the best model ...
2024-11-22 11:10:29,566 - Epoch  78 Test set [recall@10: 0.1702 recall@20: 0.2416 recall@40: 0.3348 ] Test set [ndcg@10: 0.2172 ndcg@20: 0.2418 ndcg@40: 0.2832 ] 
2024-11-22 11:10:29,567 - Validation score increased.  Copying the best model ...
2024-11-22 11:10:30,791 - Epoch  81 Test set [recall@10: 0.1714 recall@20: 0.2429 recall@40: 0.3355 ] Test set [ndcg@10: 0.2182 ndcg@20: 0.2427 ndcg@40: 0.2837 ] 
2024-11-22 11:10:30,791 - Validation score increased.  Copying the best model ...
2024-11-22 11:10:31,956 - Epoch  84 Test set [recall@10: 0.1718 recall@20: 0.2443 recall@40: 0.3370 ] Test set [ndcg@10: 0.2190 ndcg@20: 0.2440 ndcg@40: 0.2851 ] 
2024-11-22 11:10:31,957 - Validation score increased.  Copying the best model ...
2024-11-22 11:10:33,194 - Epoch  87 Test set [recall@10: 0.1728 recall@20: 0.2444 recall@40: 0.3374 ] Test set [ndcg@10: 0.2205 ndcg@20: 0.2450 ndcg@40: 0.2864 ] 
2024-11-22 11:10:33,194 - Validation score increased.  Copying the best model ...
2024-11-22 11:10:34,366 - Epoch  90 Test set [recall@10: 0.1743 recall@20: 0.2471 recall@40: 0.3405 ] Test set [ndcg@10: 0.2220 ndcg@20: 0.2471 ndcg@40: 0.2886 ] 
2024-11-22 11:10:34,366 - Validation score increased.  Copying the best model ...
2024-11-22 11:10:35,604 - Epoch  93 Test set [recall@10: 0.1752 recall@20: 0.2485 recall@40: 0.3406 ] Test set [ndcg@10: 0.2231 ndcg@20: 0.2484 ndcg@40: 0.2892 ] 
2024-11-22 11:10:35,605 - Validation score increased.  Copying the best model ...
2024-11-22 11:10:36,858 - Epoch  96 Test set [recall@10: 0.1752 recall@20: 0.2499 recall@40: 0.3412 ] Test set [ndcg@10: 0.2229 ndcg@20: 0.2491 ndcg@40: 0.2897 ] 
2024-11-22 11:10:36,859 - Validation score increased.  Copying the best model ...
2024-11-22 11:10:38,094 - Epoch  99 Test set [recall@10: 0.1762 recall@20: 0.2512 recall@40: 0.3429 ] Test set [ndcg@10: 0.2236 ndcg@20: 0.2500 ndcg@40: 0.2906 ] 
2024-11-22 11:10:38,094 - Validation score increased.  Copying the best model ...
2024-11-22 11:10:39,270 - Epoch 102 Test set [recall@10: 0.1782 recall@20: 0.2533 recall@40: 0.3449 ] Test set [ndcg@10: 0.2258 ndcg@20: 0.2523 ndcg@40: 0.2929 ] 
2024-11-22 11:10:39,270 - Validation score increased.  Copying the best model ...
2024-11-22 11:10:40,422 - Epoch 105 Test set [recall@10: 0.1789 recall@20: 0.2539 recall@40: 0.3441 ] Test set [ndcg@10: 0.2267 ndcg@20: 0.2526 ndcg@40: 0.2927 ] 
2024-11-22 11:10:40,423 - Validation score increased.  Copying the best model ...
2024-11-22 11:10:41,656 - Epoch 108 Test set [recall@10: 0.1783 recall@20: 0.2547 recall@40: 0.3448 ] Test set [ndcg@10: 0.2264 ndcg@20: 0.2531 ndcg@40: 0.2932 ] 
2024-11-22 11:10:41,656 - Early stop counter: 1 out of 5
2024-11-22 11:10:42,877 - Epoch 111 Test set [recall@10: 0.1795 recall@20: 0.2537 recall@40: 0.3456 ] Test set [ndcg@10: 0.2282 ndcg@20: 0.2539 ndcg@40: 0.2946 ] 
2024-11-22 11:10:42,877 - Validation score increased.  Copying the best model ...
2024-11-22 11:10:44,080 - Epoch 114 Test set [recall@10: 0.1794 recall@20: 0.2543 recall@40: 0.3438 ] Test set [ndcg@10: 0.2285 ndcg@20: 0.2547 ndcg@40: 0.2944 ] 
2024-11-22 11:10:44,080 - Early stop counter: 1 out of 5
2024-11-22 11:10:45,279 - Epoch 117 Test set [recall@10: 0.1801 recall@20: 0.2557 recall@40: 0.3458 ] Test set [ndcg@10: 0.2293 ndcg@20: 0.2555 ndcg@40: 0.2956 ] 
2024-11-22 11:10:45,280 - Validation score increased.  Copying the best model ...
2024-11-22 11:10:46,484 - Epoch 120 Test set [recall@10: 0.1807 recall@20: 0.2551 recall@40: 0.3477 ] Test set [ndcg@10: 0.2301 ndcg@20: 0.2557 ndcg@40: 0.2967 ] 
2024-11-22 11:10:46,484 - Validation score increased.  Copying the best model ...
2024-11-22 11:10:47,634 - Epoch 123 Test set [recall@10: 0.1813 recall@20: 0.2550 recall@40: 0.3478 ] Test set [ndcg@10: 0.2312 ndcg@20: 0.2564 ndcg@40: 0.2976 ] 
2024-11-22 11:10:47,634 - Validation score increased.  Copying the best model ...
2024-11-22 11:10:48,855 - Epoch 126 Test set [recall@10: 0.1825 recall@20: 0.2567 recall@40: 0.3469 ] Test set [ndcg@10: 0.2326 ndcg@20: 0.2579 ndcg@40: 0.2980 ] 
2024-11-22 11:10:48,855 - Validation score increased.  Copying the best model ...
2024-11-22 11:10:50,081 - Epoch 129 Test set [recall@10: 0.1810 recall@20: 0.2577 recall@40: 0.3478 ] Test set [ndcg@10: 0.2311 ndcg@20: 0.2578 ndcg@40: 0.2978 ] 
2024-11-22 11:10:50,081 - Early stop counter: 1 out of 5
2024-11-22 11:10:51,309 - Epoch 132 Test set [recall@10: 0.1814 recall@20: 0.2581 recall@40: 0.3489 ] Test set [ndcg@10: 0.2312 ndcg@20: 0.2581 ndcg@40: 0.2985 ] 
2024-11-22 11:10:51,309 - Early stop counter: 2 out of 5
2024-11-22 11:10:52,525 - Epoch 135 Test set [recall@10: 0.1831 recall@20: 0.2579 recall@40: 0.3493 ] Test set [ndcg@10: 0.2330 ndcg@20: 0.2589 ndcg@40: 0.2994 ] 
2024-11-22 11:10:52,525 - Validation score increased.  Copying the best model ...
2024-11-22 11:10:53,717 - Epoch 138 Test set [recall@10: 0.1831 recall@20: 0.2586 recall@40: 0.3515 ] Test set [ndcg@10: 0.2333 ndcg@20: 0.2595 ndcg@40: 0.3007 ] 
2024-11-22 11:10:53,718 - Validation score increased.  Copying the best model ...
2024-11-22 11:10:54,847 - Epoch 141 Test set [recall@10: 0.1838 recall@20: 0.2586 recall@40: 0.3519 ] Test set [ndcg@10: 0.2347 ndcg@20: 0.2605 ndcg@40: 0.3017 ] 
2024-11-22 11:10:54,848 - Validation score increased.  Copying the best model ...
2024-11-22 11:10:56,081 - Epoch 144 Test set [recall@10: 0.1845 recall@20: 0.2600 recall@40: 0.3527 ] Test set [ndcg@10: 0.2356 ndcg@20: 0.2616 ndcg@40: 0.3026 ] 
2024-11-22 11:10:56,082 - Validation score increased.  Copying the best model ...
2024-11-22 11:10:57,244 - Epoch 147 Test set [recall@10: 0.1853 recall@20: 0.2603 recall@40: 0.3516 ] Test set [ndcg@10: 0.2357 ndcg@20: 0.2615 ndcg@40: 0.3020 ] 
2024-11-22 11:10:57,245 - Validation score increased.  Copying the best model ...
2024-11-22 11:10:58,489 - Epoch 150 Test set [recall@10: 0.1844 recall@20: 0.2597 recall@40: 0.3528 ] Test set [ndcg@10: 0.2350 ndcg@20: 0.2610 ndcg@40: 0.3022 ] 
2024-11-22 11:10:58,489 - Early stop counter: 1 out of 5
2024-11-22 11:10:59,716 - Epoch 153 Test set [recall@10: 0.1841 recall@20: 0.2615 recall@40: 0.3527 ] Test set [ndcg@10: 0.2350 ndcg@20: 0.2620 ndcg@40: 0.3024 ] 
2024-11-22 11:10:59,717 - Early stop counter: 2 out of 5
2024-11-22 11:11:00,935 - Epoch 156 Test set [recall@10: 0.1847 recall@20: 0.2618 recall@40: 0.3523 ] Test set [ndcg@10: 0.2354 ndcg@20: 0.2621 ndcg@40: 0.3022 ] 
2024-11-22 11:11:00,935 - Early stop counter: 3 out of 5
2024-11-22 11:11:02,091 - Epoch 159 Test set [recall@10: 0.1841 recall@20: 0.2617 recall@40: 0.3530 ] Test set [ndcg@10: 0.2354 ndcg@20: 0.2625 ndcg@40: 0.3029 ] 
2024-11-22 11:11:02,091 - Early stop counter: 4 out of 5
2024-11-22 11:11:03,252 - Epoch 162 Test set [recall@10: 0.1853 recall@20: 0.2611 recall@40: 0.3533 ] Test set [ndcg@10: 0.2369 ndcg@20: 0.2627 ndcg@40: 0.3035 ] 
2024-11-22 11:11:03,253 - Validation score increased.  Copying the best model ...
2024-11-22 11:11:04,492 - Epoch 165 Test set [recall@10: 0.1848 recall@20: 0.2615 recall@40: 0.3555 ] Test set [ndcg@10: 0.2364 ndcg@20: 0.2626 ndcg@40: 0.3042 ] 
2024-11-22 11:11:04,492 - Early stop counter: 1 out of 5
2024-11-22 11:11:05,702 - Epoch 168 Test set [recall@10: 0.1851 recall@20: 0.2610 recall@40: 0.3534 ] Test set [ndcg@10: 0.2364 ndcg@20: 0.2623 ndcg@40: 0.3034 ] 
2024-11-22 11:11:05,702 - Early stop counter: 2 out of 5
2024-11-22 11:11:06,906 - Epoch 171 Test set [recall@10: 0.1855 recall@20: 0.2624 recall@40: 0.3527 ] Test set [ndcg@10: 0.2365 ndcg@20: 0.2631 ndcg@40: 0.3031 ] 
2024-11-22 11:11:06,907 - Validation score increased.  Copying the best model ...
2024-11-22 11:11:08,174 - Epoch 174 Test set [recall@10: 0.1866 recall@20: 0.2614 recall@40: 0.3543 ] Test set [ndcg@10: 0.2379 ndcg@20: 0.2633 ndcg@40: 0.3044 ] 
2024-11-22 11:11:08,174 - Validation score increased.  Copying the best model ...
2024-11-22 11:11:09,435 - Epoch 177 Test set [recall@10: 0.1864 recall@20: 0.2613 recall@40: 0.3545 ] Test set [ndcg@10: 0.2378 ndcg@20: 0.2631 ndcg@40: 0.3043 ] 
2024-11-22 11:11:09,435 - Early stop counter: 1 out of 5
2024-11-22 11:11:10,568 - Epoch 180 Test set [recall@10: 0.1869 recall@20: 0.2623 recall@40: 0.3557 ] Test set [ndcg@10: 0.2380 ndcg@20: 0.2636 ndcg@40: 0.3050 ] 
2024-11-22 11:11:10,568 - Validation score increased.  Copying the best model ...
2024-11-22 11:11:11,831 - Epoch 183 Test set [recall@10: 0.1871 recall@20: 0.2633 recall@40: 0.3558 ] Test set [ndcg@10: 0.2385 ndcg@20: 0.2643 ndcg@40: 0.3053 ] 
2024-11-22 11:11:11,832 - Validation score increased.  Copying the best model ...
2024-11-22 11:11:12,983 - Epoch 186 Test set [recall@10: 0.1875 recall@20: 0.2632 recall@40: 0.3562 ] Test set [ndcg@10: 0.2397 ndcg@20: 0.2651 ndcg@40: 0.3063 ] 
2024-11-22 11:11:12,983 - Validation score increased.  Copying the best model ...
2024-11-22 11:11:14,204 - Epoch 189 Test set [recall@10: 0.1876 recall@20: 0.2625 recall@40: 0.3553 ] Test set [ndcg@10: 0.2391 ndcg@20: 0.2642 ndcg@40: 0.3052 ] 
2024-11-22 11:11:14,204 - Validation score increased.  Copying the best model ...
2024-11-22 11:11:15,421 - Epoch 192 Test set [recall@10: 0.1880 recall@20: 0.2613 recall@40: 0.3558 ] Test set [ndcg@10: 0.2386 ndcg@20: 0.2630 ndcg@40: 0.3049 ] 
2024-11-22 11:11:15,422 - Validation score increased.  Copying the best model ...
2024-11-22 11:11:16,657 - Epoch 195 Test set [recall@10: 0.1893 recall@20: 0.2625 recall@40: 0.3569 ] Test set [ndcg@10: 0.2398 ndcg@20: 0.2641 ndcg@40: 0.3058 ] 
2024-11-22 11:11:16,658 - Validation score increased.  Copying the best model ...
2024-11-22 11:11:17,817 - Epoch 198 Test set [recall@10: 0.1885 recall@20: 0.2617 recall@40: 0.3571 ] Test set [ndcg@10: 0.2390 ndcg@20: 0.2636 ndcg@40: 0.3059 ] 
2024-11-22 11:11:17,817 - Early stop counter: 1 out of 5
2024-11-22 11:11:18,989 - Epoch 201 Test set [recall@10: 0.1884 recall@20: 0.2612 recall@40: 0.3557 ] Test set [ndcg@10: 0.2394 ndcg@20: 0.2638 ndcg@40: 0.3056 ] 
2024-11-22 11:11:18,989 - Early stop counter: 2 out of 5
2024-11-22 11:11:20,207 - Epoch 204 Test set [recall@10: 0.1884 recall@20: 0.2624 recall@40: 0.3554 ] Test set [ndcg@10: 0.2396 ndcg@20: 0.2644 ndcg@40: 0.3055 ] 
2024-11-22 11:11:20,207 - Early stop counter: 3 out of 5
2024-11-22 11:11:21,432 - Epoch 207 Test set [recall@10: 0.1872 recall@20: 0.2636 recall@40: 0.3562 ] Test set [ndcg@10: 0.2385 ndcg@20: 0.2647 ndcg@40: 0.3056 ] 
2024-11-22 11:11:21,432 - Early stop counter: 4 out of 5
2024-11-22 11:11:22,587 - Epoch 210 Test set [recall@10: 0.1874 recall@20: 0.2648 recall@40: 0.3560 ] Test set [ndcg@10: 0.2383 ndcg@20: 0.2650 ndcg@40: 0.3053 ] 
2024-11-22 11:11:22,587 - Early stop counter: 5 out of 5
2024-11-22 11:11:22,587 - Best Epoch 195
2024-11-22 11:11:22,974 - Test set [recall@10: 0.1893 recall@20: 0.2625 recall@40: 0.3569 ] Test set [ndcg@10: 0.2398 ndcg@20: 0.2641 ndcg@40: 0.3058 ] 
2024-11-22 11:11:23,346 - Test set [recall@10: 0.1893 recall@20: 0.2625 recall@40: 0.3569 ] Test set [ndcg@10: 0.2398 ndcg@20: 0.2641 ndcg@40: 0.3058 ] 
2024-11-22 11:11:23,363 - hyperparameter: {'layer_num': 2, 'reg_weight': 1e-07}
2024-11-22 11:11:24,075 - Epoch   0 Test set [recall@10: 0.0859 recall@20: 0.1267 recall@40: 0.1877 ] Test set [ndcg@10: 0.1132 ndcg@20: 0.1283 ndcg@40: 0.1552 ] 
2024-11-22 11:11:24,075 - Validation score increased.  Copying the best model ...
2024-11-22 11:11:25,231 - Epoch   3 Test set [recall@10: 0.1032 recall@20: 0.1420 recall@40: 0.1987 ] Test set [ndcg@10: 0.1308 ndcg@20: 0.1437 ndcg@40: 0.1687 ] 
2024-11-22 11:11:25,231 - Validation score increased.  Copying the best model ...
2024-11-22 11:11:26,445 - Epoch   6 Test set [recall@10: 0.1142 recall@20: 0.1595 recall@40: 0.2257 ] Test set [ndcg@10: 0.1446 ndcg@20: 0.1602 ndcg@40: 0.1893 ] 
2024-11-22 11:11:26,445 - Validation score increased.  Copying the best model ...
2024-11-22 11:11:27,747 - Epoch   9 Test set [recall@10: 0.1215 recall@20: 0.1728 recall@40: 0.2436 ] Test set [ndcg@10: 0.1540 ndcg@20: 0.1722 ndcg@40: 0.2032 ] 
2024-11-22 11:11:27,747 - Validation score increased.  Copying the best model ...
2024-11-22 11:11:28,910 - Epoch  12 Test set [recall@10: 0.1283 recall@20: 0.1832 recall@40: 0.2570 ] Test set [ndcg@10: 0.1642 ndcg@20: 0.1838 ndcg@40: 0.2162 ] 
2024-11-22 11:11:28,910 - Validation score increased.  Copying the best model ...
2024-11-22 11:11:30,143 - Epoch  15 Test set [recall@10: 0.1330 recall@20: 0.1919 recall@40: 0.2682 ] Test set [ndcg@10: 0.1718 ndcg@20: 0.1930 ndcg@40: 0.2266 ] 
2024-11-22 11:11:30,144 - Validation score increased.  Copying the best model ...
2024-11-22 11:11:31,271 - Epoch  18 Test set [recall@10: 0.1393 recall@20: 0.1982 recall@40: 0.2793 ] Test set [ndcg@10: 0.1790 ndcg@20: 0.1999 ndcg@40: 0.2354 ] 
2024-11-22 11:11:31,271 - Validation score increased.  Copying the best model ...
2024-11-22 11:11:32,490 - Epoch  21 Test set [recall@10: 0.1429 recall@20: 0.2032 recall@40: 0.2857 ] Test set [ndcg@10: 0.1838 ndcg@20: 0.2052 ndcg@40: 0.2414 ] 
2024-11-22 11:11:32,490 - Validation score increased.  Copying the best model ...
2024-11-22 11:11:33,706 - Epoch  24 Test set [recall@10: 0.1463 recall@20: 0.2070 recall@40: 0.2905 ] Test set [ndcg@10: 0.1878 ndcg@20: 0.2092 ndcg@40: 0.2458 ] 
2024-11-22 11:11:33,706 - Validation score increased.  Copying the best model ...
2024-11-22 11:11:34,937 - Epoch  27 Test set [recall@10: 0.1490 recall@20: 0.2107 recall@40: 0.2947 ] Test set [ndcg@10: 0.1909 ndcg@20: 0.2126 ndcg@40: 0.2496 ] 
2024-11-22 11:11:34,938 - Validation score increased.  Copying the best model ...
2024-11-22 11:11:36,101 - Epoch  30 Test set [recall@10: 0.1505 recall@20: 0.2142 recall@40: 0.2997 ] Test set [ndcg@10: 0.1932 ndcg@20: 0.2160 ndcg@40: 0.2535 ] 
2024-11-22 11:11:36,102 - Validation score increased.  Copying the best model ...
2024-11-22 11:11:37,324 - Epoch  33 Test set [recall@10: 0.1522 recall@20: 0.2158 recall@40: 0.3020 ] Test set [ndcg@10: 0.1950 ndcg@20: 0.2176 ndcg@40: 0.2555 ] 
2024-11-22 11:11:37,324 - Validation score increased.  Copying the best model ...
2024-11-22 11:11:38,481 - Epoch  36 Test set [recall@10: 0.1538 recall@20: 0.2184 recall@40: 0.3063 ] Test set [ndcg@10: 0.1969 ndcg@20: 0.2198 ndcg@40: 0.2585 ] 
2024-11-22 11:11:38,481 - Validation score increased.  Copying the best model ...
2024-11-22 11:11:39,776 - Epoch  39 Test set [recall@10: 0.1547 recall@20: 0.2206 recall@40: 0.3095 ] Test set [ndcg@10: 0.1982 ndcg@20: 0.2216 ndcg@40: 0.2609 ] 
2024-11-22 11:11:39,776 - Validation score increased.  Copying the best model ...
2024-11-22 11:11:41,043 - Epoch  42 Test set [recall@10: 0.1561 recall@20: 0.2226 recall@40: 0.3116 ] Test set [ndcg@10: 0.2005 ndcg@20: 0.2240 ndcg@40: 0.2633 ] 
2024-11-22 11:11:41,044 - Validation score increased.  Copying the best model ...
2024-11-22 11:11:42,276 - Epoch  45 Test set [recall@10: 0.1575 recall@20: 0.2240 recall@40: 0.3139 ] Test set [ndcg@10: 0.2025 ndcg@20: 0.2257 ndcg@40: 0.2654 ] 
2024-11-22 11:11:42,277 - Validation score increased.  Copying the best model ...
2024-11-22 11:11:43,402 - Epoch  48 Test set [recall@10: 0.1584 recall@20: 0.2249 recall@40: 0.3148 ] Test set [ndcg@10: 0.2037 ndcg@20: 0.2267 ndcg@40: 0.2665 ] 
2024-11-22 11:11:43,403 - Validation score increased.  Copying the best model ...
2024-11-22 11:11:44,588 - Epoch  51 Test set [recall@10: 0.1604 recall@20: 0.2273 recall@40: 0.3180 ] Test set [ndcg@10: 0.2052 ndcg@20: 0.2284 ndcg@40: 0.2684 ] 
2024-11-22 11:11:44,589 - Validation score increased.  Copying the best model ...
2024-11-22 11:11:45,791 - Epoch  54 Test set [recall@10: 0.1612 recall@20: 0.2302 recall@40: 0.3197 ] Test set [ndcg@10: 0.2066 ndcg@20: 0.2309 ndcg@40: 0.2704 ] 
2024-11-22 11:11:45,792 - Validation score increased.  Copying the best model ...
2024-11-22 11:11:46,995 - Epoch  57 Test set [recall@10: 0.1619 recall@20: 0.2302 recall@40: 0.3225 ] Test set [ndcg@10: 0.2076 ndcg@20: 0.2315 ndcg@40: 0.2723 ] 
2024-11-22 11:11:46,995 - Validation score increased.  Copying the best model ...
2024-11-22 11:11:48,295 - Epoch  60 Test set [recall@10: 0.1629 recall@20: 0.2313 recall@40: 0.3244 ] Test set [ndcg@10: 0.2090 ndcg@20: 0.2328 ndcg@40: 0.2740 ] 
2024-11-22 11:11:48,295 - Validation score increased.  Copying the best model ...
2024-11-22 11:11:49,529 - Epoch  63 Test set [recall@10: 0.1638 recall@20: 0.2330 recall@40: 0.3255 ] Test set [ndcg@10: 0.2101 ndcg@20: 0.2344 ndcg@40: 0.2753 ] 
2024-11-22 11:11:49,530 - Validation score increased.  Copying the best model ...
2024-11-22 11:11:50,752 - Epoch  66 Test set [recall@10: 0.1646 recall@20: 0.2340 recall@40: 0.3282 ] Test set [ndcg@10: 0.2112 ndcg@20: 0.2355 ndcg@40: 0.2771 ] 
2024-11-22 11:11:50,753 - Validation score increased.  Copying the best model ...
2024-11-22 11:11:52,009 - Epoch  69 Test set [recall@10: 0.1669 recall@20: 0.2363 recall@40: 0.3298 ] Test set [ndcg@10: 0.2132 ndcg@20: 0.2372 ndcg@40: 0.2785 ] 
2024-11-22 11:11:52,010 - Validation score increased.  Copying the best model ...
2024-11-22 11:11:53,262 - Epoch  72 Test set [recall@10: 0.1681 recall@20: 0.2369 recall@40: 0.3309 ] Test set [ndcg@10: 0.2146 ndcg@20: 0.2380 ndcg@40: 0.2797 ] 
2024-11-22 11:11:53,263 - Validation score increased.  Copying the best model ...
2024-11-22 11:11:54,418 - Epoch  75 Test set [recall@10: 0.1687 recall@20: 0.2385 recall@40: 0.3322 ] Test set [ndcg@10: 0.2152 ndcg@20: 0.2392 ndcg@40: 0.2807 ] 
2024-11-22 11:11:54,419 - Validation score increased.  Copying the best model ...
2024-11-22 11:11:55,657 - Epoch  78 Test set [recall@10: 0.1699 recall@20: 0.2409 recall@40: 0.3342 ] Test set [ndcg@10: 0.2164 ndcg@20: 0.2409 ndcg@40: 0.2822 ] 
2024-11-22 11:11:55,657 - Validation score increased.  Copying the best model ...
2024-11-22 11:11:56,890 - Epoch  81 Test set [recall@10: 0.1704 recall@20: 0.2415 recall@40: 0.3350 ] Test set [ndcg@10: 0.2169 ndcg@20: 0.2414 ndcg@40: 0.2829 ] 
2024-11-22 11:11:56,891 - Validation score increased.  Copying the best model ...
2024-11-22 11:11:58,146 - Epoch  84 Test set [recall@10: 0.1701 recall@20: 0.2428 recall@40: 0.3360 ] Test set [ndcg@10: 0.2167 ndcg@20: 0.2423 ndcg@40: 0.2835 ] 
2024-11-22 11:11:58,147 - Early stop counter: 1 out of 5
2024-11-22 11:11:59,332 - Epoch  87 Test set [recall@10: 0.1717 recall@20: 0.2443 recall@40: 0.3372 ] Test set [ndcg@10: 0.2189 ndcg@20: 0.2440 ndcg@40: 0.2852 ] 
2024-11-22 11:11:59,333 - Validation score increased.  Copying the best model ...
2024-11-22 11:12:00,683 - Epoch  90 Test set [recall@10: 0.1730 recall@20: 0.2454 recall@40: 0.3397 ] Test set [ndcg@10: 0.2201 ndcg@20: 0.2452 ndcg@40: 0.2869 ] 
2024-11-22 11:12:00,684 - Validation score increased.  Copying the best model ...
2024-11-22 11:12:02,169 - Epoch  93 Test set [recall@10: 0.1742 recall@20: 0.2479 recall@40: 0.3401 ] Test set [ndcg@10: 0.2212 ndcg@20: 0.2469 ndcg@40: 0.2877 ] 
2024-11-22 11:12:02,170 - Validation score increased.  Copying the best model ...
2024-11-22 11:12:03,582 - Epoch  96 Test set [recall@10: 0.1732 recall@20: 0.2488 recall@40: 0.3406 ] Test set [ndcg@10: 0.2208 ndcg@20: 0.2474 ndcg@40: 0.2883 ] 
2024-11-22 11:12:03,582 - Early stop counter: 1 out of 5
2024-11-22 11:12:04,728 - Epoch  99 Test set [recall@10: 0.1745 recall@20: 0.2496 recall@40: 0.3410 ] Test set [ndcg@10: 0.2218 ndcg@20: 0.2484 ndcg@40: 0.2890 ] 
2024-11-22 11:12:04,729 - Validation score increased.  Copying the best model ...
2024-11-22 11:12:06,020 - Epoch 102 Test set [recall@10: 0.1771 recall@20: 0.2512 recall@40: 0.3418 ] Test set [ndcg@10: 0.2243 ndcg@20: 0.2502 ndcg@40: 0.2906 ] 
2024-11-22 11:12:06,021 - Validation score increased.  Copying the best model ...
2024-11-22 11:12:07,261 - Epoch 105 Test set [recall@10: 0.1774 recall@20: 0.2515 recall@40: 0.3413 ] Test set [ndcg@10: 0.2247 ndcg@20: 0.2507 ndcg@40: 0.2906 ] 
2024-11-22 11:12:07,262 - Validation score increased.  Copying the best model ...
2024-11-22 11:12:08,521 - Epoch 108 Test set [recall@10: 0.1783 recall@20: 0.2529 recall@40: 0.3419 ] Test set [ndcg@10: 0.2252 ndcg@20: 0.2513 ndcg@40: 0.2908 ] 
2024-11-22 11:12:08,522 - Validation score increased.  Copying the best model ...
2024-11-22 11:12:09,990 - Epoch 111 Test set [recall@10: 0.1781 recall@20: 0.2530 recall@40: 0.3428 ] Test set [ndcg@10: 0.2263 ndcg@20: 0.2525 ndcg@40: 0.2924 ] 
2024-11-22 11:12:09,990 - Early stop counter: 1 out of 5
2024-11-22 11:12:11,446 - Epoch 114 Test set [recall@10: 0.1775 recall@20: 0.2533 recall@40: 0.3427 ] Test set [ndcg@10: 0.2261 ndcg@20: 0.2529 ndcg@40: 0.2925 ] 
2024-11-22 11:12:11,446 - Early stop counter: 2 out of 5
2024-11-22 11:12:12,842 - Epoch 117 Test set [recall@10: 0.1782 recall@20: 0.2533 recall@40: 0.3426 ] Test set [ndcg@10: 0.2266 ndcg@20: 0.2528 ndcg@40: 0.2926 ] 
2024-11-22 11:12:12,843 - Early stop counter: 3 out of 5
2024-11-22 11:12:14,081 - Epoch 120 Test set [recall@10: 0.1788 recall@20: 0.2536 recall@40: 0.3443 ] Test set [ndcg@10: 0.2271 ndcg@20: 0.2531 ndcg@40: 0.2934 ] 
2024-11-22 11:12:14,082 - Validation score increased.  Copying the best model ...
2024-11-22 11:12:15,291 - Epoch 123 Test set [recall@10: 0.1798 recall@20: 0.2515 recall@40: 0.3437 ] Test set [ndcg@10: 0.2285 ndcg@20: 0.2531 ndcg@40: 0.2942 ] 
2024-11-22 11:12:15,291 - Validation score increased.  Copying the best model ...
2024-11-22 11:12:16,466 - Epoch 126 Test set [recall@10: 0.1807 recall@20: 0.2546 recall@40: 0.3443 ] Test set [ndcg@10: 0.2294 ndcg@20: 0.2549 ndcg@40: 0.2948 ] 
2024-11-22 11:12:16,466 - Validation score increased.  Copying the best model ...
2024-11-22 11:12:17,667 - Epoch 129 Test set [recall@10: 0.1800 recall@20: 0.2545 recall@40: 0.3450 ] Test set [ndcg@10: 0.2286 ndcg@20: 0.2546 ndcg@40: 0.2948 ] 
2024-11-22 11:12:17,667 - Early stop counter: 1 out of 5
2024-11-22 11:12:18,951 - Epoch 132 Test set [recall@10: 0.1797 recall@20: 0.2535 recall@40: 0.3458 ] Test set [ndcg@10: 0.2278 ndcg@20: 0.2534 ndcg@40: 0.2945 ] 
2024-11-22 11:12:18,952 - Early stop counter: 2 out of 5
2024-11-22 11:12:20,248 - Epoch 135 Test set [recall@10: 0.1813 recall@20: 0.2542 recall@40: 0.3468 ] Test set [ndcg@10: 0.2294 ndcg@20: 0.2543 ndcg@40: 0.2955 ] 
2024-11-22 11:12:20,248 - Validation score increased.  Copying the best model ...
2024-11-22 11:12:21,464 - Epoch 138 Test set [recall@10: 0.1819 recall@20: 0.2553 recall@40: 0.3485 ] Test set [ndcg@10: 0.2302 ndcg@20: 0.2553 ndcg@40: 0.2967 ] 
2024-11-22 11:12:21,465 - Validation score increased.  Copying the best model ...
2024-11-22 11:12:22,813 - Epoch 141 Test set [recall@10: 0.1819 recall@20: 0.2562 recall@40: 0.3487 ] Test set [ndcg@10: 0.2316 ndcg@20: 0.2572 ndcg@40: 0.2981 ] 
2024-11-22 11:12:22,814 - Validation score increased.  Copying the best model ...
2024-11-22 11:12:23,939 - Epoch 144 Test set [recall@10: 0.1828 recall@20: 0.2577 recall@40: 0.3495 ] Test set [ndcg@10: 0.2319 ndcg@20: 0.2579 ndcg@40: 0.2985 ] 
2024-11-22 11:12:23,940 - Validation score increased.  Copying the best model ...
2024-11-22 11:12:25,252 - Epoch 147 Test set [recall@10: 0.1833 recall@20: 0.2580 recall@40: 0.3508 ] Test set [ndcg@10: 0.2323 ndcg@20: 0.2583 ndcg@40: 0.2993 ] 
2024-11-22 11:12:25,252 - Validation score increased.  Copying the best model ...
2024-11-22 11:12:26,681 - Epoch 150 Test set [recall@10: 0.1811 recall@20: 0.2587 recall@40: 0.3498 ] Test set [ndcg@10: 0.2312 ndcg@20: 0.2585 ndcg@40: 0.2988 ] 
2024-11-22 11:12:26,681 - Early stop counter: 1 out of 5
2024-11-22 11:12:28,062 - Epoch 153 Test set [recall@10: 0.1815 recall@20: 0.2589 recall@40: 0.3488 ] Test set [ndcg@10: 0.2311 ndcg@20: 0.2583 ndcg@40: 0.2982 ] 
2024-11-22 11:12:28,063 - Early stop counter: 2 out of 5
2024-11-22 11:12:29,457 - Epoch 156 Test set [recall@10: 0.1825 recall@20: 0.2584 recall@40: 0.3500 ] Test set [ndcg@10: 0.2315 ndcg@20: 0.2579 ndcg@40: 0.2985 ] 
2024-11-22 11:12:29,458 - Early stop counter: 3 out of 5
2024-11-22 11:12:30,729 - Epoch 159 Test set [recall@10: 0.1824 recall@20: 0.2586 recall@40: 0.3500 ] Test set [ndcg@10: 0.2318 ndcg@20: 0.2584 ndcg@40: 0.2987 ] 
2024-11-22 11:12:30,729 - Early stop counter: 4 out of 5
2024-11-22 11:12:32,034 - Epoch 162 Test set [recall@10: 0.1831 recall@20: 0.2585 recall@40: 0.3491 ] Test set [ndcg@10: 0.2331 ndcg@20: 0.2590 ndcg@40: 0.2992 ] 
2024-11-22 11:12:32,034 - Early stop counter: 5 out of 5
2024-11-22 11:12:32,034 - Best Epoch 147
2024-11-22 11:12:32,402 - Test set [recall@10: 0.1833 recall@20: 0.2580 recall@40: 0.3508 ] Test set [ndcg@10: 0.2323 ndcg@20: 0.2583 ndcg@40: 0.2993 ] 
2024-11-22 11:12:32,797 - Test set [recall@10: 0.1833 recall@20: 0.2580 recall@40: 0.3508 ] Test set [ndcg@10: 0.2323 ndcg@20: 0.2583 ndcg@40: 0.2993 ] 
2024-11-22 11:12:32,820 - hyperparameter: {'layer_num': 2, 'reg_weight': 1e-08}
2024-11-22 11:12:33,550 - Epoch   0 Test set [recall@10: 0.0859 recall@20: 0.1267 recall@40: 0.1878 ] Test set [ndcg@10: 0.1132 ndcg@20: 0.1283 ndcg@40: 0.1552 ] 
2024-11-22 11:12:33,551 - Validation score increased.  Copying the best model ...
2024-11-22 11:12:34,881 - Epoch   3 Test set [recall@10: 0.1032 recall@20: 0.1420 recall@40: 0.1988 ] Test set [ndcg@10: 0.1308 ndcg@20: 0.1437 ndcg@40: 0.1688 ] 
2024-11-22 11:12:34,881 - Validation score increased.  Copying the best model ...
2024-11-22 11:12:36,225 - Epoch   6 Test set [recall@10: 0.1142 recall@20: 0.1595 recall@40: 0.2257 ] Test set [ndcg@10: 0.1446 ndcg@20: 0.1602 ndcg@40: 0.1893 ] 
2024-11-22 11:12:36,225 - Validation score increased.  Copying the best model ...
2024-11-22 11:12:37,378 - Epoch   9 Test set [recall@10: 0.1215 recall@20: 0.1728 recall@40: 0.2436 ] Test set [ndcg@10: 0.1541 ndcg@20: 0.1723 ndcg@40: 0.2033 ] 
2024-11-22 11:12:37,379 - Validation score increased.  Copying the best model ...
2024-11-22 11:12:38,576 - Epoch  12 Test set [recall@10: 0.1282 recall@20: 0.1832 recall@40: 0.2569 ] Test set [ndcg@10: 0.1641 ndcg@20: 0.1838 ndcg@40: 0.2162 ] 
2024-11-22 11:12:38,577 - Validation score increased.  Copying the best model ...
2024-11-22 11:12:39,791 - Epoch  15 Test set [recall@10: 0.1330 recall@20: 0.1919 recall@40: 0.2683 ] Test set [ndcg@10: 0.1718 ndcg@20: 0.1930 ndcg@40: 0.2266 ] 
2024-11-22 11:12:39,791 - Validation score increased.  Copying the best model ...
2024-11-22 11:12:41,033 - Epoch  18 Test set [recall@10: 0.1393 recall@20: 0.1982 recall@40: 0.2792 ] Test set [ndcg@10: 0.1790 ndcg@20: 0.1999 ndcg@40: 0.2354 ] 
2024-11-22 11:12:41,033 - Validation score increased.  Copying the best model ...
2024-11-22 11:12:42,382 - Epoch  21 Test set [recall@10: 0.1429 recall@20: 0.2034 recall@40: 0.2857 ] Test set [ndcg@10: 0.1838 ndcg@20: 0.2052 ndcg@40: 0.2414 ] 
2024-11-22 11:12:42,383 - Validation score increased.  Copying the best model ...
2024-11-22 11:12:43,848 - Epoch  24 Test set [recall@10: 0.1461 recall@20: 0.2070 recall@40: 0.2905 ] Test set [ndcg@10: 0.1877 ndcg@20: 0.2091 ndcg@40: 0.2458 ] 
2024-11-22 11:12:43,848 - Validation score increased.  Copying the best model ...
2024-11-22 11:12:45,127 - Epoch  27 Test set [recall@10: 0.1489 recall@20: 0.2106 recall@40: 0.2948 ] Test set [ndcg@10: 0.1909 ndcg@20: 0.2126 ndcg@40: 0.2497 ] 
2024-11-22 11:12:45,127 - Validation score increased.  Copying the best model ...
2024-11-22 11:12:46,432 - Epoch  30 Test set [recall@10: 0.1503 recall@20: 0.2141 recall@40: 0.2997 ] Test set [ndcg@10: 0.1931 ndcg@20: 0.2160 ndcg@40: 0.2535 ] 
2024-11-22 11:12:46,433 - Validation score increased.  Copying the best model ...
2024-11-22 11:12:47,671 - Epoch  33 Test set [recall@10: 0.1522 recall@20: 0.2159 recall@40: 0.3018 ] Test set [ndcg@10: 0.1951 ndcg@20: 0.2176 ndcg@40: 0.2554 ] 
2024-11-22 11:12:47,671 - Validation score increased.  Copying the best model ...
2024-11-22 11:12:48,923 - Epoch  36 Test set [recall@10: 0.1539 recall@20: 0.2182 recall@40: 0.3062 ] Test set [ndcg@10: 0.1970 ndcg@20: 0.2197 ndcg@40: 0.2585 ] 
2024-11-22 11:12:48,923 - Validation score increased.  Copying the best model ...
2024-11-22 11:12:50,207 - Epoch  39 Test set [recall@10: 0.1546 recall@20: 0.2208 recall@40: 0.3094 ] Test set [ndcg@10: 0.1981 ndcg@20: 0.2217 ndcg@40: 0.2608 ] 
2024-11-22 11:12:50,207 - Validation score increased.  Copying the best model ...
2024-11-22 11:12:51,563 - Epoch  42 Test set [recall@10: 0.1560 recall@20: 0.2224 recall@40: 0.3115 ] Test set [ndcg@10: 0.2004 ndcg@20: 0.2238 ndcg@40: 0.2632 ] 
2024-11-22 11:12:51,563 - Validation score increased.  Copying the best model ...
2024-11-22 11:12:52,979 - Epoch  45 Test set [recall@10: 0.1576 recall@20: 0.2239 recall@40: 0.3140 ] Test set [ndcg@10: 0.2025 ndcg@20: 0.2255 ndcg@40: 0.2653 ] 
2024-11-22 11:12:52,979 - Validation score increased.  Copying the best model ...
2024-11-22 11:12:54,413 - Epoch  48 Test set [recall@10: 0.1583 recall@20: 0.2245 recall@40: 0.3150 ] Test set [ndcg@10: 0.2035 ndcg@20: 0.2265 ndcg@40: 0.2665 ] 
2024-11-22 11:12:54,414 - Validation score increased.  Copying the best model ...
2024-11-22 11:12:55,586 - Epoch  51 Test set [recall@10: 0.1601 recall@20: 0.2272 recall@40: 0.3178 ] Test set [ndcg@10: 0.2049 ndcg@20: 0.2282 ndcg@40: 0.2682 ] 
2024-11-22 11:12:55,586 - Validation score increased.  Copying the best model ...
2024-11-22 11:12:56,894 - Epoch  54 Test set [recall@10: 0.1613 recall@20: 0.2301 recall@40: 0.3198 ] Test set [ndcg@10: 0.2065 ndcg@20: 0.2306 ndcg@40: 0.2703 ] 
2024-11-22 11:12:56,894 - Validation score increased.  Copying the best model ...
2024-11-22 11:12:58,228 - Epoch  57 Test set [recall@10: 0.1618 recall@20: 0.2300 recall@40: 0.3223 ] Test set [ndcg@10: 0.2075 ndcg@20: 0.2313 ndcg@40: 0.2721 ] 
2024-11-22 11:12:58,228 - Validation score increased.  Copying the best model ...
2024-11-22 11:12:59,426 - Epoch  60 Test set [recall@10: 0.1629 recall@20: 0.2313 recall@40: 0.3243 ] Test set [ndcg@10: 0.2089 ndcg@20: 0.2327 ndcg@40: 0.2739 ] 
2024-11-22 11:12:59,427 - Validation score increased.  Copying the best model ...
2024-11-22 11:13:00,728 - Epoch  63 Test set [recall@10: 0.1639 recall@20: 0.2326 recall@40: 0.3256 ] Test set [ndcg@10: 0.2099 ndcg@20: 0.2340 ndcg@40: 0.2752 ] 
2024-11-22 11:13:00,729 - Validation score increased.  Copying the best model ...
2024-11-22 11:13:01,883 - Epoch  66 Test set [recall@10: 0.1644 recall@20: 0.2343 recall@40: 0.3279 ] Test set [ndcg@10: 0.2108 ndcg@20: 0.2355 ndcg@40: 0.2768 ] 
2024-11-22 11:13:01,884 - Validation score increased.  Copying the best model ...
2024-11-22 11:13:03,119 - Epoch  69 Test set [recall@10: 0.1666 recall@20: 0.2360 recall@40: 0.3294 ] Test set [ndcg@10: 0.2129 ndcg@20: 0.2369 ndcg@40: 0.2782 ] 
2024-11-22 11:13:03,119 - Validation score increased.  Copying the best model ...
2024-11-22 11:13:04,368 - Epoch  72 Test set [recall@10: 0.1678 recall@20: 0.2368 recall@40: 0.3307 ] Test set [ndcg@10: 0.2144 ndcg@20: 0.2380 ndcg@40: 0.2796 ] 
2024-11-22 11:13:04,368 - Validation score increased.  Copying the best model ...
2024-11-22 11:13:05,624 - Epoch  75 Test set [recall@10: 0.1686 recall@20: 0.2384 recall@40: 0.3321 ] Test set [ndcg@10: 0.2149 ndcg@20: 0.2389 ndcg@40: 0.2805 ] 
2024-11-22 11:13:05,625 - Validation score increased.  Copying the best model ...
2024-11-22 11:13:06,867 - Epoch  78 Test set [recall@10: 0.1698 recall@20: 0.2410 recall@40: 0.3340 ] Test set [ndcg@10: 0.2159 ndcg@20: 0.2407 ndcg@40: 0.2818 ] 
2024-11-22 11:13:06,868 - Validation score increased.  Copying the best model ...
2024-11-22 11:13:08,346 - Epoch  81 Test set [recall@10: 0.1702 recall@20: 0.2409 recall@40: 0.3352 ] Test set [ndcg@10: 0.2166 ndcg@20: 0.2409 ndcg@40: 0.2826 ] 
2024-11-22 11:13:08,347 - Validation score increased.  Copying the best model ...
2024-11-22 11:13:09,687 - Epoch  84 Test set [recall@10: 0.1702 recall@20: 0.2425 recall@40: 0.3357 ] Test set [ndcg@10: 0.2165 ndcg@20: 0.2418 ndcg@40: 0.2831 ] 
2024-11-22 11:13:09,687 - Early stop counter: 1 out of 5
2024-11-22 11:13:11,098 - Epoch  87 Test set [recall@10: 0.1714 recall@20: 0.2438 recall@40: 0.3373 ] Test set [ndcg@10: 0.2186 ndcg@20: 0.2436 ndcg@40: 0.2851 ] 
2024-11-22 11:13:11,099 - Validation score increased.  Copying the best model ...
2024-11-22 11:13:12,549 - Epoch  90 Test set [recall@10: 0.1732 recall@20: 0.2452 recall@40: 0.3398 ] Test set [ndcg@10: 0.2199 ndcg@20: 0.2449 ndcg@40: 0.2868 ] 
2024-11-22 11:13:12,549 - Validation score increased.  Copying the best model ...
2024-11-22 11:13:13,830 - Epoch  93 Test set [recall@10: 0.1736 recall@20: 0.2473 recall@40: 0.3401 ] Test set [ndcg@10: 0.2205 ndcg@20: 0.2462 ndcg@40: 0.2872 ] 
2024-11-22 11:13:13,830 - Validation score increased.  Copying the best model ...
2024-11-22 11:13:15,156 - Epoch  96 Test set [recall@10: 0.1732 recall@20: 0.2479 recall@40: 0.3401 ] Test set [ndcg@10: 0.2205 ndcg@20: 0.2468 ndcg@40: 0.2879 ] 
2024-11-22 11:13:15,156 - Early stop counter: 1 out of 5
2024-11-22 11:13:16,594 - Epoch  99 Test set [recall@10: 0.1742 recall@20: 0.2498 recall@40: 0.3406 ] Test set [ndcg@10: 0.2213 ndcg@20: 0.2481 ndcg@40: 0.2885 ] 
2024-11-22 11:13:16,595 - Validation score increased.  Copying the best model ...
2024-11-22 11:13:17,879 - Epoch 102 Test set [recall@10: 0.1769 recall@20: 0.2505 recall@40: 0.3419 ] Test set [ndcg@10: 0.2240 ndcg@20: 0.2496 ndcg@40: 0.2903 ] 
2024-11-22 11:13:17,880 - Validation score increased.  Copying the best model ...
2024-11-22 11:13:19,374 - Epoch 105 Test set [recall@10: 0.1774 recall@20: 0.2508 recall@40: 0.3411 ] Test set [ndcg@10: 0.2242 ndcg@20: 0.2500 ndcg@40: 0.2901 ] 
2024-11-22 11:13:19,374 - Validation score increased.  Copying the best model ...
2024-11-22 11:13:20,802 - Epoch 108 Test set [recall@10: 0.1775 recall@20: 0.2523 recall@40: 0.3415 ] Test set [ndcg@10: 0.2244 ndcg@20: 0.2508 ndcg@40: 0.2903 ] 
2024-11-22 11:13:20,802 - Validation score increased.  Copying the best model ...
2024-11-22 11:13:22,224 - Epoch 111 Test set [recall@10: 0.1776 recall@20: 0.2524 recall@40: 0.3423 ] Test set [ndcg@10: 0.2257 ndcg@20: 0.2519 ndcg@40: 0.2918 ] 
2024-11-22 11:13:22,225 - Validation score increased.  Copying the best model ...
2024-11-22 11:13:23,390 - Epoch 114 Test set [recall@10: 0.1771 recall@20: 0.2526 recall@40: 0.3425 ] Test set [ndcg@10: 0.2255 ndcg@20: 0.2521 ndcg@40: 0.2919 ] 
2024-11-22 11:13:23,390 - Early stop counter: 1 out of 5
2024-11-22 11:13:24,658 - Epoch 117 Test set [recall@10: 0.1774 recall@20: 0.2525 recall@40: 0.3422 ] Test set [ndcg@10: 0.2257 ndcg@20: 0.2519 ndcg@40: 0.2918 ] 
2024-11-22 11:13:24,658 - Early stop counter: 2 out of 5
2024-11-22 11:13:25,813 - Epoch 120 Test set [recall@10: 0.1784 recall@20: 0.2527 recall@40: 0.3439 ] Test set [ndcg@10: 0.2266 ndcg@20: 0.2525 ndcg@40: 0.2930 ] 
2024-11-22 11:13:25,813 - Validation score increased.  Copying the best model ...
2024-11-22 11:13:27,024 - Epoch 123 Test set [recall@10: 0.1786 recall@20: 0.2512 recall@40: 0.3430 ] Test set [ndcg@10: 0.2274 ndcg@20: 0.2524 ndcg@40: 0.2933 ] 
2024-11-22 11:13:27,025 - Validation score increased.  Copying the best model ...
2024-11-22 11:13:28,259 - Epoch 126 Test set [recall@10: 0.1801 recall@20: 0.2533 recall@40: 0.3435 ] Test set [ndcg@10: 0.2286 ndcg@20: 0.2538 ndcg@40: 0.2939 ] 
2024-11-22 11:13:28,260 - Validation score increased.  Copying the best model ...
2024-11-22 11:13:29,507 - Epoch 129 Test set [recall@10: 0.1792 recall@20: 0.2537 recall@40: 0.3448 ] Test set [ndcg@10: 0.2276 ndcg@20: 0.2536 ndcg@40: 0.2940 ] 
2024-11-22 11:13:29,507 - Early stop counter: 1 out of 5
2024-11-22 11:13:30,700 - Epoch 132 Test set [recall@10: 0.1798 recall@20: 0.2525 recall@40: 0.3454 ] Test set [ndcg@10: 0.2274 ndcg@20: 0.2525 ndcg@40: 0.2938 ] 
2024-11-22 11:13:30,700 - Early stop counter: 2 out of 5
2024-11-22 11:13:31,996 - Epoch 135 Test set [recall@10: 0.1803 recall@20: 0.2532 recall@40: 0.3461 ] Test set [ndcg@10: 0.2283 ndcg@20: 0.2534 ndcg@40: 0.2947 ] 
2024-11-22 11:13:31,996 - Validation score increased.  Copying the best model ...
2024-11-22 11:13:33,553 - Epoch 138 Test set [recall@10: 0.1812 recall@20: 0.2546 recall@40: 0.3475 ] Test set [ndcg@10: 0.2293 ndcg@20: 0.2545 ndcg@40: 0.2958 ] 
2024-11-22 11:13:33,553 - Validation score increased.  Copying the best model ...
2024-11-22 11:13:34,907 - Epoch 141 Test set [recall@10: 0.1815 recall@20: 0.2554 recall@40: 0.3479 ] Test set [ndcg@10: 0.2308 ndcg@20: 0.2563 ndcg@40: 0.2972 ] 
2024-11-22 11:13:34,908 - Validation score increased.  Copying the best model ...
2024-11-22 11:13:36,421 - Epoch 144 Test set [recall@10: 0.1821 recall@20: 0.2568 recall@40: 0.3487 ] Test set [ndcg@10: 0.2307 ndcg@20: 0.2567 ndcg@40: 0.2974 ] 
2024-11-22 11:13:36,422 - Validation score increased.  Copying the best model ...
2024-11-22 11:13:37,715 - Epoch 147 Test set [recall@10: 0.1826 recall@20: 0.2570 recall@40: 0.3490 ] Test set [ndcg@10: 0.2310 ndcg@20: 0.2569 ndcg@40: 0.2977 ] 
2024-11-22 11:13:37,716 - Validation score increased.  Copying the best model ...
2024-11-22 11:13:38,990 - Epoch 150 Test set [recall@10: 0.1798 recall@20: 0.2581 recall@40: 0.3491 ] Test set [ndcg@10: 0.2295 ndcg@20: 0.2573 ndcg@40: 0.2976 ] 
2024-11-22 11:13:38,990 - Early stop counter: 1 out of 5
2024-11-22 11:13:40,259 - Epoch 153 Test set [recall@10: 0.1805 recall@20: 0.2582 recall@40: 0.3474 ] Test set [ndcg@10: 0.2300 ndcg@20: 0.2575 ndcg@40: 0.2971 ] 
2024-11-22 11:13:40,259 - Early stop counter: 2 out of 5
2024-11-22 11:13:41,636 - Epoch 156 Test set [recall@10: 0.1821 recall@20: 0.2577 recall@40: 0.3493 ] Test set [ndcg@10: 0.2310 ndcg@20: 0.2572 ndcg@40: 0.2978 ] 
2024-11-22 11:13:41,636 - Early stop counter: 3 out of 5
2024-11-22 11:13:42,963 - Epoch 159 Test set [recall@10: 0.1813 recall@20: 0.2579 recall@40: 0.3489 ] Test set [ndcg@10: 0.2304 ndcg@20: 0.2574 ndcg@40: 0.2975 ] 
2024-11-22 11:13:42,964 - Early stop counter: 4 out of 5
2024-11-22 11:13:44,527 - Epoch 162 Test set [recall@10: 0.1818 recall@20: 0.2574 recall@40: 0.3481 ] Test set [ndcg@10: 0.2315 ndcg@20: 0.2576 ndcg@40: 0.2979 ] 
2024-11-22 11:13:44,527 - Early stop counter: 5 out of 5
2024-11-22 11:13:44,527 - Best Epoch 147
2024-11-22 11:13:44,983 - Test set [recall@10: 0.1826 recall@20: 0.2570 recall@40: 0.3490 ] Test set [ndcg@10: 0.2310 ndcg@20: 0.2569 ndcg@40: 0.2977 ] 
2024-11-22 11:13:45,380 - Test set [recall@10: 0.1826 recall@20: 0.2570 recall@40: 0.3490 ] Test set [ndcg@10: 0.2310 ndcg@20: 0.2569 ndcg@40: 0.2977 ] 
2024-11-22 11:13:45,404 - hyperparameter: {'layer_num': 3, 'reg_weight': 1e-06}
2024-11-22 11:13:46,139 - Epoch   0 Test set [recall@10: 0.0865 recall@20: 0.1231 recall@40: 0.1798 ] Test set [ndcg@10: 0.1118 ndcg@20: 0.1249 ndcg@40: 0.1499 ] 
2024-11-22 11:13:46,140 - Validation score increased.  Copying the best model ...
2024-11-22 11:13:47,502 - Epoch   3 Test set [recall@10: 0.1089 recall@20: 0.1533 recall@40: 0.2141 ] Test set [ndcg@10: 0.1384 ndcg@20: 0.1539 ndcg@40: 0.1807 ] 
2024-11-22 11:13:47,502 - Validation score increased.  Copying the best model ...
2024-11-22 11:13:48,791 - Epoch   6 Test set [recall@10: 0.1222 recall@20: 0.1713 recall@40: 0.2412 ] Test set [ndcg@10: 0.1553 ndcg@20: 0.1723 ndcg@40: 0.2029 ] 
2024-11-22 11:13:48,791 - Validation score increased.  Copying the best model ...
2024-11-22 11:13:49,993 - Epoch   9 Test set [recall@10: 0.1306 recall@20: 0.1862 recall@40: 0.2593 ] Test set [ndcg@10: 0.1680 ndcg@20: 0.1878 ndcg@40: 0.2199 ] 
2024-11-22 11:13:49,993 - Validation score increased.  Copying the best model ...
2024-11-22 11:13:51,302 - Epoch  12 Test set [recall@10: 0.1379 recall@20: 0.1955 recall@40: 0.2731 ] Test set [ndcg@10: 0.1768 ndcg@20: 0.1972 ndcg@40: 0.2312 ] 
2024-11-22 11:13:51,303 - Validation score increased.  Copying the best model ...
2024-11-22 11:13:52,551 - Epoch  15 Test set [recall@10: 0.1421 recall@20: 0.2016 recall@40: 0.2798 ] Test set [ndcg@10: 0.1826 ndcg@20: 0.2037 ndcg@40: 0.2380 ] 
2024-11-22 11:13:52,551 - Validation score increased.  Copying the best model ...
2024-11-22 11:13:54,076 - Epoch  18 Test set [recall@10: 0.1463 recall@20: 0.2082 recall@40: 0.2864 ] Test set [ndcg@10: 0.1871 ndcg@20: 0.2091 ndcg@40: 0.2435 ] 
2024-11-22 11:13:54,077 - Validation score increased.  Copying the best model ...
2024-11-22 11:13:55,611 - Epoch  21 Test set [recall@10: 0.1486 recall@20: 0.2104 recall@40: 0.2922 ] Test set [ndcg@10: 0.1902 ndcg@20: 0.2122 ndcg@40: 0.2481 ] 
2024-11-22 11:13:55,612 - Validation score increased.  Copying the best model ...
2024-11-22 11:13:56,960 - Epoch  24 Test set [recall@10: 0.1500 recall@20: 0.2135 recall@40: 0.2973 ] Test set [ndcg@10: 0.1923 ndcg@20: 0.2151 ndcg@40: 0.2519 ] 
2024-11-22 11:13:56,960 - Validation score increased.  Copying the best model ...
2024-11-22 11:13:58,210 - Epoch  27 Test set [recall@10: 0.1531 recall@20: 0.2176 recall@40: 0.3020 ] Test set [ndcg@10: 0.1951 ndcg@20: 0.2179 ndcg@40: 0.2550 ] 
2024-11-22 11:13:58,211 - Validation score increased.  Copying the best model ...
2024-11-22 11:13:59,413 - Epoch  30 Test set [recall@10: 0.1551 recall@20: 0.2202 recall@40: 0.3057 ] Test set [ndcg@10: 0.1980 ndcg@20: 0.2211 ndcg@40: 0.2586 ] 
2024-11-22 11:13:59,413 - Validation score increased.  Copying the best model ...
2024-11-22 11:14:00,832 - Epoch  33 Test set [recall@10: 0.1554 recall@20: 0.2215 recall@40: 0.3085 ] Test set [ndcg@10: 0.1989 ndcg@20: 0.2223 ndcg@40: 0.2605 ] 
2024-11-22 11:14:00,833 - Validation score increased.  Copying the best model ...
2024-11-22 11:14:02,311 - Epoch  36 Test set [recall@10: 0.1577 recall@20: 0.2235 recall@40: 0.3114 ] Test set [ndcg@10: 0.2016 ndcg@20: 0.2247 ndcg@40: 0.2635 ] 
2024-11-22 11:14:02,311 - Validation score increased.  Copying the best model ...
2024-11-22 11:14:03,660 - Epoch  39 Test set [recall@10: 0.1585 recall@20: 0.2264 recall@40: 0.3152 ] Test set [ndcg@10: 0.2031 ndcg@20: 0.2271 ndcg@40: 0.2663 ] 
2024-11-22 11:14:03,660 - Validation score increased.  Copying the best model ...
2024-11-22 11:14:05,139 - Epoch  42 Test set [recall@10: 0.1597 recall@20: 0.2274 recall@40: 0.3173 ] Test set [ndcg@10: 0.2047 ndcg@20: 0.2284 ndcg@40: 0.2680 ] 
2024-11-22 11:14:05,140 - Validation score increased.  Copying the best model ...
2024-11-22 11:14:06,496 - Epoch  45 Test set [recall@10: 0.1612 recall@20: 0.2290 recall@40: 0.3196 ] Test set [ndcg@10: 0.2064 ndcg@20: 0.2300 ndcg@40: 0.2700 ] 
2024-11-22 11:14:06,496 - Validation score increased.  Copying the best model ...
2024-11-22 11:14:07,732 - Epoch  48 Test set [recall@10: 0.1616 recall@20: 0.2304 recall@40: 0.3200 ] Test set [ndcg@10: 0.2078 ndcg@20: 0.2318 ndcg@40: 0.2715 ] 
2024-11-22 11:14:07,733 - Validation score increased.  Copying the best model ...
2024-11-22 11:14:08,982 - Epoch  51 Test set [recall@10: 0.1640 recall@20: 0.2306 recall@40: 0.3235 ] Test set [ndcg@10: 0.2097 ndcg@20: 0.2324 ndcg@40: 0.2736 ] 
2024-11-22 11:14:08,983 - Validation score increased.  Copying the best model ...
2024-11-22 11:14:10,176 - Epoch  54 Test set [recall@10: 0.1651 recall@20: 0.2341 recall@40: 0.3261 ] Test set [ndcg@10: 0.2111 ndcg@20: 0.2349 ndcg@40: 0.2756 ] 
2024-11-22 11:14:10,176 - Validation score increased.  Copying the best model ...
2024-11-22 11:14:11,454 - Epoch  57 Test set [recall@10: 0.1651 recall@20: 0.2338 recall@40: 0.3275 ] Test set [ndcg@10: 0.2120 ndcg@20: 0.2356 ndcg@40: 0.2770 ] 
2024-11-22 11:14:11,454 - Validation score increased.  Copying the best model ...
2024-11-22 11:14:12,726 - Epoch  60 Test set [recall@10: 0.1662 recall@20: 0.2358 recall@40: 0.3277 ] Test set [ndcg@10: 0.2138 ndcg@20: 0.2376 ndcg@40: 0.2784 ] 
2024-11-22 11:14:12,727 - Validation score increased.  Copying the best model ...
2024-11-22 11:14:13,986 - Epoch  63 Test set [recall@10: 0.1671 recall@20: 0.2374 recall@40: 0.3302 ] Test set [ndcg@10: 0.2145 ndcg@20: 0.2387 ndcg@40: 0.2798 ] 
2024-11-22 11:14:13,986 - Validation score increased.  Copying the best model ...
2024-11-22 11:14:15,170 - Epoch  66 Test set [recall@10: 0.1679 recall@20: 0.2394 recall@40: 0.3321 ] Test set [ndcg@10: 0.2156 ndcg@20: 0.2404 ndcg@40: 0.2814 ] 
2024-11-22 11:14:15,171 - Validation score increased.  Copying the best model ...
2024-11-22 11:14:16,453 - Epoch  69 Test set [recall@10: 0.1711 recall@20: 0.2412 recall@40: 0.3333 ] Test set [ndcg@10: 0.2184 ndcg@20: 0.2419 ndcg@40: 0.2829 ] 
2024-11-22 11:14:16,454 - Validation score increased.  Copying the best model ...
2024-11-22 11:14:17,706 - Epoch  72 Test set [recall@10: 0.1705 recall@20: 0.2435 recall@40: 0.3347 ] Test set [ndcg@10: 0.2192 ndcg@20: 0.2441 ndcg@40: 0.2846 ] 
2024-11-22 11:14:17,706 - Early stop counter: 1 out of 5
2024-11-22 11:14:19,242 - Epoch  75 Test set [recall@10: 0.1712 recall@20: 0.2447 recall@40: 0.3363 ] Test set [ndcg@10: 0.2199 ndcg@20: 0.2453 ndcg@40: 0.2859 ] 
2024-11-22 11:14:19,243 - Validation score increased.  Copying the best model ...
2024-11-22 11:14:20,668 - Epoch  78 Test set [recall@10: 0.1727 recall@20: 0.2462 recall@40: 0.3374 ] Test set [ndcg@10: 0.2209 ndcg@20: 0.2461 ndcg@40: 0.2866 ] 
2024-11-22 11:14:20,669 - Validation score increased.  Copying the best model ...
2024-11-22 11:14:22,160 - Epoch  81 Test set [recall@10: 0.1725 recall@20: 0.2479 recall@40: 0.3388 ] Test set [ndcg@10: 0.2211 ndcg@20: 0.2474 ndcg@40: 0.2877 ] 
2024-11-22 11:14:22,160 - Early stop counter: 1 out of 5
2024-11-22 11:14:23,369 - Epoch  84 Test set [recall@10: 0.1729 recall@20: 0.2475 recall@40: 0.3392 ] Test set [ndcg@10: 0.2218 ndcg@20: 0.2478 ndcg@40: 0.2886 ] 
2024-11-22 11:14:23,370 - Validation score increased.  Copying the best model ...
2024-11-22 11:14:24,557 - Epoch  87 Test set [recall@10: 0.1759 recall@20: 0.2484 recall@40: 0.3417 ] Test set [ndcg@10: 0.2250 ndcg@20: 0.2496 ndcg@40: 0.2909 ] 
2024-11-22 11:14:24,557 - Validation score increased.  Copying the best model ...
2024-11-22 11:14:25,903 - Epoch  90 Test set [recall@10: 0.1759 recall@20: 0.2499 recall@40: 0.3436 ] Test set [ndcg@10: 0.2254 ndcg@20: 0.2510 ndcg@40: 0.2924 ] 
2024-11-22 11:14:25,903 - Early stop counter: 1 out of 5
2024-11-22 11:14:27,299 - Epoch  93 Test set [recall@10: 0.1764 recall@20: 0.2507 recall@40: 0.3433 ] Test set [ndcg@10: 0.2255 ndcg@20: 0.2512 ndcg@40: 0.2922 ] 
2024-11-22 11:14:27,300 - Validation score increased.  Copying the best model ...
2024-11-22 11:14:28,765 - Epoch  96 Test set [recall@10: 0.1770 recall@20: 0.2525 recall@40: 0.3425 ] Test set [ndcg@10: 0.2258 ndcg@20: 0.2520 ndcg@40: 0.2920 ] 
2024-11-22 11:14:28,765 - Validation score increased.  Copying the best model ...
2024-11-22 11:14:30,225 - Epoch  99 Test set [recall@10: 0.1784 recall@20: 0.2541 recall@40: 0.3435 ] Test set [ndcg@10: 0.2269 ndcg@20: 0.2534 ndcg@40: 0.2931 ] 
2024-11-22 11:14:30,225 - Validation score increased.  Copying the best model ...
2024-11-22 11:14:31,593 - Epoch 102 Test set [recall@10: 0.1805 recall@20: 0.2545 recall@40: 0.3437 ] Test set [ndcg@10: 0.2291 ndcg@20: 0.2547 ndcg@40: 0.2943 ] 
2024-11-22 11:14:31,594 - Validation score increased.  Copying the best model ...
2024-11-22 11:14:32,787 - Epoch 105 Test set [recall@10: 0.1810 recall@20: 0.2549 recall@40: 0.3441 ] Test set [ndcg@10: 0.2297 ndcg@20: 0.2552 ndcg@40: 0.2948 ] 
2024-11-22 11:14:32,788 - Validation score increased.  Copying the best model ...
2024-11-22 11:14:34,043 - Epoch 108 Test set [recall@10: 0.1819 recall@20: 0.2547 recall@40: 0.3443 ] Test set [ndcg@10: 0.2310 ndcg@20: 0.2556 ndcg@40: 0.2954 ] 
2024-11-22 11:14:34,044 - Validation score increased.  Copying the best model ...
2024-11-22 11:14:35,239 - Epoch 111 Test set [recall@10: 0.1823 recall@20: 0.2569 recall@40: 0.3440 ] Test set [ndcg@10: 0.2312 ndcg@20: 0.2565 ndcg@40: 0.2954 ] 
2024-11-22 11:14:35,239 - Validation score increased.  Copying the best model ...
2024-11-22 11:14:36,527 - Epoch 114 Test set [recall@10: 0.1822 recall@20: 0.2563 recall@40: 0.3458 ] Test set [ndcg@10: 0.2312 ndcg@20: 0.2565 ndcg@40: 0.2962 ] 
2024-11-22 11:14:36,528 - Early stop counter: 1 out of 5
2024-11-22 11:14:37,896 - Epoch 117 Test set [recall@10: 0.1820 recall@20: 0.2567 recall@40: 0.3447 ] Test set [ndcg@10: 0.2315 ndcg@20: 0.2571 ndcg@40: 0.2963 ] 
2024-11-22 11:14:37,896 - Early stop counter: 2 out of 5
2024-11-22 11:14:39,422 - Epoch 120 Test set [recall@10: 0.1820 recall@20: 0.2565 recall@40: 0.3461 ] Test set [ndcg@10: 0.2311 ndcg@20: 0.2569 ndcg@40: 0.2967 ] 
2024-11-22 11:14:39,422 - Early stop counter: 3 out of 5
2024-11-22 11:14:40,794 - Epoch 123 Test set [recall@10: 0.1830 recall@20: 0.2562 recall@40: 0.3456 ] Test set [ndcg@10: 0.2330 ndcg@20: 0.2578 ndcg@40: 0.2975 ] 
2024-11-22 11:14:40,795 - Validation score increased.  Copying the best model ...
2024-11-22 11:14:42,222 - Epoch 126 Test set [recall@10: 0.1835 recall@20: 0.2575 recall@40: 0.3453 ] Test set [ndcg@10: 0.2334 ndcg@20: 0.2587 ndcg@40: 0.2978 ] 
2024-11-22 11:14:42,223 - Validation score increased.  Copying the best model ...
2024-11-22 11:14:43,786 - Epoch 129 Test set [recall@10: 0.1831 recall@20: 0.2573 recall@40: 0.3466 ] Test set [ndcg@10: 0.2328 ndcg@20: 0.2583 ndcg@40: 0.2980 ] 
2024-11-22 11:14:43,786 - Early stop counter: 1 out of 5
2024-11-22 11:14:45,251 - Epoch 132 Test set [recall@10: 0.1819 recall@20: 0.2565 recall@40: 0.3475 ] Test set [ndcg@10: 0.2328 ndcg@20: 0.2586 ndcg@40: 0.2991 ] 
2024-11-22 11:14:45,251 - Early stop counter: 2 out of 5
2024-11-22 11:14:46,634 - Epoch 135 Test set [recall@10: 0.1829 recall@20: 0.2575 recall@40: 0.3486 ] Test set [ndcg@10: 0.2334 ndcg@20: 0.2589 ndcg@40: 0.2995 ] 
2024-11-22 11:14:46,634 - Early stop counter: 3 out of 5
2024-11-22 11:14:48,057 - Epoch 138 Test set [recall@10: 0.1844 recall@20: 0.2582 recall@40: 0.3507 ] Test set [ndcg@10: 0.2348 ndcg@20: 0.2600 ndcg@40: 0.3010 ] 
2024-11-22 11:14:48,057 - Validation score increased.  Copying the best model ...
2024-11-22 11:14:49,414 - Epoch 141 Test set [recall@10: 0.1848 recall@20: 0.2598 recall@40: 0.3511 ] Test set [ndcg@10: 0.2356 ndcg@20: 0.2611 ndcg@40: 0.3016 ] 
2024-11-22 11:14:49,415 - Validation score increased.  Copying the best model ...
2024-11-22 11:14:50,598 - Epoch 144 Test set [recall@10: 0.1852 recall@20: 0.2594 recall@40: 0.3518 ] Test set [ndcg@10: 0.2363 ndcg@20: 0.2614 ndcg@40: 0.3025 ] 
2024-11-22 11:14:50,598 - Validation score increased.  Copying the best model ...
2024-11-22 11:14:51,853 - Epoch 147 Test set [recall@10: 0.1861 recall@20: 0.2593 recall@40: 0.3515 ] Test set [ndcg@10: 0.2357 ndcg@20: 0.2604 ndcg@40: 0.3014 ] 
2024-11-22 11:14:51,854 - Validation score increased.  Copying the best model ...
2024-11-22 11:14:53,016 - Epoch 150 Test set [recall@10: 0.1847 recall@20: 0.2587 recall@40: 0.3518 ] Test set [ndcg@10: 0.2351 ndcg@20: 0.2602 ndcg@40: 0.3015 ] 
2024-11-22 11:14:53,016 - Early stop counter: 1 out of 5
2024-11-22 11:14:54,293 - Epoch 153 Test set [recall@10: 0.1845 recall@20: 0.2599 recall@40: 0.3518 ] Test set [ndcg@10: 0.2351 ndcg@20: 0.2609 ndcg@40: 0.3017 ] 
2024-11-22 11:14:54,293 - Early stop counter: 2 out of 5
2024-11-22 11:14:55,559 - Epoch 156 Test set [recall@10: 0.1834 recall@20: 0.2600 recall@40: 0.3520 ] Test set [ndcg@10: 0.2348 ndcg@20: 0.2613 ndcg@40: 0.3020 ] 
2024-11-22 11:14:55,559 - Early stop counter: 3 out of 5
2024-11-22 11:14:56,836 - Epoch 159 Test set [recall@10: 0.1843 recall@20: 0.2598 recall@40: 0.3520 ] Test set [ndcg@10: 0.2349 ndcg@20: 0.2609 ndcg@40: 0.3017 ] 
2024-11-22 11:14:56,836 - Early stop counter: 4 out of 5
2024-11-22 11:14:58,001 - Epoch 162 Test set [recall@10: 0.1843 recall@20: 0.2584 recall@40: 0.3520 ] Test set [ndcg@10: 0.2359 ndcg@20: 0.2612 ndcg@40: 0.3026 ] 
2024-11-22 11:14:58,001 - Early stop counter: 5 out of 5
2024-11-22 11:14:58,001 - Best Epoch 147
2024-11-22 11:14:58,372 - Test set [recall@10: 0.1861 recall@20: 0.2593 recall@40: 0.3515 ] Test set [ndcg@10: 0.2357 ndcg@20: 0.2604 ndcg@40: 0.3014 ] 
2024-11-22 11:14:58,742 - Test set [recall@10: 0.1861 recall@20: 0.2593 recall@40: 0.3515 ] Test set [ndcg@10: 0.2357 ndcg@20: 0.2604 ndcg@40: 0.3014 ] 
2024-11-22 11:14:58,762 - hyperparameter: {'layer_num': 3, 'reg_weight': 1e-07}
2024-11-22 11:14:59,411 - Epoch   0 Test set [recall@10: 0.0864 recall@20: 0.1231 recall@40: 0.1798 ] Test set [ndcg@10: 0.1118 ndcg@20: 0.1249 ndcg@40: 0.1499 ] 
2024-11-22 11:14:59,411 - Validation score increased.  Copying the best model ...
2024-11-22 11:15:00,657 - Epoch   3 Test set [recall@10: 0.1090 recall@20: 0.1534 recall@40: 0.2141 ] Test set [ndcg@10: 0.1385 ndcg@20: 0.1540 ndcg@40: 0.1807 ] 
2024-11-22 11:15:00,657 - Validation score increased.  Copying the best model ...
2024-11-22 11:15:01,942 - Epoch   6 Test set [recall@10: 0.1222 recall@20: 0.1714 recall@40: 0.2411 ] Test set [ndcg@10: 0.1553 ndcg@20: 0.1723 ndcg@40: 0.2028 ] 
2024-11-22 11:15:01,943 - Validation score increased.  Copying the best model ...
2024-11-22 11:15:03,299 - Epoch   9 Test set [recall@10: 0.1306 recall@20: 0.1864 recall@40: 0.2595 ] Test set [ndcg@10: 0.1680 ndcg@20: 0.1879 ndcg@40: 0.2200 ] 
2024-11-22 11:15:03,300 - Validation score increased.  Copying the best model ...
2024-11-22 11:15:04,627 - Epoch  12 Test set [recall@10: 0.1379 recall@20: 0.1955 recall@40: 0.2732 ] Test set [ndcg@10: 0.1769 ndcg@20: 0.1973 ndcg@40: 0.2312 ] 
2024-11-22 11:15:04,627 - Validation score increased.  Copying the best model ...
2024-11-22 11:15:05,895 - Epoch  15 Test set [recall@10: 0.1420 recall@20: 0.2016 recall@40: 0.2804 ] Test set [ndcg@10: 0.1824 ndcg@20: 0.2036 ndcg@40: 0.2382 ] 
2024-11-22 11:15:05,896 - Validation score increased.  Copying the best model ...
2024-11-22 11:15:07,196 - Epoch  18 Test set [recall@10: 0.1465 recall@20: 0.2080 recall@40: 0.2864 ] Test set [ndcg@10: 0.1872 ndcg@20: 0.2090 ndcg@40: 0.2434 ] 
2024-11-22 11:15:07,196 - Validation score increased.  Copying the best model ...
2024-11-22 11:15:08,402 - Epoch  21 Test set [recall@10: 0.1487 recall@20: 0.2103 recall@40: 0.2919 ] Test set [ndcg@10: 0.1903 ndcg@20: 0.2122 ndcg@40: 0.2481 ] 
2024-11-22 11:15:08,403 - Validation score increased.  Copying the best model ...
2024-11-22 11:15:09,682 - Epoch  24 Test set [recall@10: 0.1500 recall@20: 0.2138 recall@40: 0.2972 ] Test set [ndcg@10: 0.1923 ndcg@20: 0.2152 ndcg@40: 0.2519 ] 
2024-11-22 11:15:09,682 - Validation score increased.  Copying the best model ...
2024-11-22 11:15:10,916 - Epoch  27 Test set [recall@10: 0.1530 recall@20: 0.2175 recall@40: 0.3021 ] Test set [ndcg@10: 0.1950 ndcg@20: 0.2179 ndcg@40: 0.2551 ] 
2024-11-22 11:15:10,917 - Validation score increased.  Copying the best model ...
2024-11-22 11:15:12,129 - Epoch  30 Test set [recall@10: 0.1552 recall@20: 0.2201 recall@40: 0.3060 ] Test set [ndcg@10: 0.1978 ndcg@20: 0.2207 ndcg@40: 0.2585 ] 
2024-11-22 11:15:12,130 - Validation score increased.  Copying the best model ...
2024-11-22 11:15:13,505 - Epoch  33 Test set [recall@10: 0.1555 recall@20: 0.2211 recall@40: 0.3087 ] Test set [ndcg@10: 0.1988 ndcg@20: 0.2220 ndcg@40: 0.2605 ] 
2024-11-22 11:15:13,505 - Validation score increased.  Copying the best model ...
2024-11-22 11:15:14,713 - Epoch  36 Test set [recall@10: 0.1575 recall@20: 0.2230 recall@40: 0.3114 ] Test set [ndcg@10: 0.2014 ndcg@20: 0.2243 ndcg@40: 0.2633 ] 
2024-11-22 11:15:14,713 - Validation score increased.  Copying the best model ...
2024-11-22 11:15:15,929 - Epoch  39 Test set [recall@10: 0.1582 recall@20: 0.2256 recall@40: 0.3148 ] Test set [ndcg@10: 0.2025 ndcg@20: 0.2263 ndcg@40: 0.2657 ] 
2024-11-22 11:15:15,929 - Validation score increased.  Copying the best model ...
2024-11-22 11:15:17,228 - Epoch  42 Test set [recall@10: 0.1597 recall@20: 0.2265 recall@40: 0.3170 ] Test set [ndcg@10: 0.2044 ndcg@20: 0.2276 ndcg@40: 0.2675 ] 
2024-11-22 11:15:17,228 - Validation score increased.  Copying the best model ...
2024-11-22 11:15:18,416 - Epoch  45 Test set [recall@10: 0.1605 recall@20: 0.2287 recall@40: 0.3198 ] Test set [ndcg@10: 0.2059 ndcg@20: 0.2298 ndcg@40: 0.2701 ] 
2024-11-22 11:15:18,416 - Validation score increased.  Copying the best model ...
2024-11-22 11:15:19,699 - Epoch  48 Test set [recall@10: 0.1617 recall@20: 0.2292 recall@40: 0.3195 ] Test set [ndcg@10: 0.2075 ndcg@20: 0.2310 ndcg@40: 0.2710 ] 
2024-11-22 11:15:19,700 - Validation score increased.  Copying the best model ...
2024-11-22 11:15:20,953 - Epoch  51 Test set [recall@10: 0.1635 recall@20: 0.2307 recall@40: 0.3230 ] Test set [ndcg@10: 0.2090 ndcg@20: 0.2321 ndcg@40: 0.2729 ] 
2024-11-22 11:15:20,953 - Validation score increased.  Copying the best model ...
2024-11-22 11:15:22,248 - Epoch  54 Test set [recall@10: 0.1650 recall@20: 0.2328 recall@40: 0.3253 ] Test set [ndcg@10: 0.2107 ndcg@20: 0.2339 ndcg@40: 0.2748 ] 
2024-11-22 11:15:22,249 - Validation score increased.  Copying the best model ...
2024-11-22 11:15:23,516 - Epoch  57 Test set [recall@10: 0.1654 recall@20: 0.2331 recall@40: 0.3269 ] Test set [ndcg@10: 0.2122 ndcg@20: 0.2352 ndcg@40: 0.2766 ] 
2024-11-22 11:15:23,516 - Validation score increased.  Copying the best model ...
2024-11-22 11:15:24,782 - Epoch  60 Test set [recall@10: 0.1662 recall@20: 0.2347 recall@40: 0.3273 ] Test set [ndcg@10: 0.2132 ndcg@20: 0.2365 ndcg@40: 0.2776 ] 
2024-11-22 11:15:24,783 - Validation score increased.  Copying the best model ...
2024-11-22 11:15:25,994 - Epoch  63 Test set [recall@10: 0.1660 recall@20: 0.2368 recall@40: 0.3297 ] Test set [ndcg@10: 0.2134 ndcg@20: 0.2379 ndcg@40: 0.2790 ] 
2024-11-22 11:15:25,994 - Early stop counter: 1 out of 5
2024-11-22 11:15:27,280 - Epoch  66 Test set [recall@10: 0.1676 recall@20: 0.2386 recall@40: 0.3317 ] Test set [ndcg@10: 0.2148 ndcg@20: 0.2393 ndcg@40: 0.2805 ] 
2024-11-22 11:15:27,281 - Validation score increased.  Copying the best model ...
2024-11-22 11:15:28,614 - Epoch  69 Test set [recall@10: 0.1703 recall@20: 0.2408 recall@40: 0.3337 ] Test set [ndcg@10: 0.2177 ndcg@20: 0.2416 ndcg@40: 0.2827 ] 
2024-11-22 11:15:28,614 - Validation score increased.  Copying the best model ...
2024-11-22 11:15:29,960 - Epoch  72 Test set [recall@10: 0.1702 recall@20: 0.2420 recall@40: 0.3337 ] Test set [ndcg@10: 0.2186 ndcg@20: 0.2431 ndcg@40: 0.2836 ] 
2024-11-22 11:15:29,960 - Early stop counter: 1 out of 5
2024-11-22 11:15:31,184 - Epoch  75 Test set [recall@10: 0.1695 recall@20: 0.2435 recall@40: 0.3356 ] Test set [ndcg@10: 0.2183 ndcg@20: 0.2440 ndcg@40: 0.2848 ] 
2024-11-22 11:15:31,184 - Early stop counter: 2 out of 5
2024-11-22 11:15:32,363 - Epoch  78 Test set [recall@10: 0.1713 recall@20: 0.2453 recall@40: 0.3362 ] Test set [ndcg@10: 0.2193 ndcg@20: 0.2449 ndcg@40: 0.2853 ] 
2024-11-22 11:15:32,364 - Validation score increased.  Copying the best model ...
2024-11-22 11:15:33,629 - Epoch  81 Test set [recall@10: 0.1714 recall@20: 0.2473 recall@40: 0.3381 ] Test set [ndcg@10: 0.2200 ndcg@20: 0.2466 ndcg@40: 0.2868 ] 
2024-11-22 11:15:33,629 - Validation score increased.  Copying the best model ...
2024-11-22 11:15:34,913 - Epoch  84 Test set [recall@10: 0.1729 recall@20: 0.2469 recall@40: 0.3380 ] Test set [ndcg@10: 0.2208 ndcg@20: 0.2467 ndcg@40: 0.2872 ] 
2024-11-22 11:15:34,914 - Validation score increased.  Copying the best model ...
2024-11-22 11:15:36,131 - Epoch  87 Test set [recall@10: 0.1741 recall@20: 0.2475 recall@40: 0.3404 ] Test set [ndcg@10: 0.2227 ndcg@20: 0.2481 ndcg@40: 0.2893 ] 
2024-11-22 11:15:36,131 - Validation score increased.  Copying the best model ...
2024-11-22 11:15:37,473 - Epoch  90 Test set [recall@10: 0.1753 recall@20: 0.2493 recall@40: 0.3425 ] Test set [ndcg@10: 0.2240 ndcg@20: 0.2495 ndcg@40: 0.2907 ] 
2024-11-22 11:15:37,474 - Validation score increased.  Copying the best model ...
2024-11-22 11:15:38,704 - Epoch  93 Test set [recall@10: 0.1751 recall@20: 0.2497 recall@40: 0.3420 ] Test set [ndcg@10: 0.2236 ndcg@20: 0.2498 ndcg@40: 0.2906 ] 
2024-11-22 11:15:38,704 - Early stop counter: 1 out of 5
2024-11-22 11:15:40,020 - Epoch  96 Test set [recall@10: 0.1760 recall@20: 0.2515 recall@40: 0.3409 ] Test set [ndcg@10: 0.2240 ndcg@20: 0.2504 ndcg@40: 0.2901 ] 
2024-11-22 11:15:40,021 - Validation score increased.  Copying the best model ...
2024-11-22 11:15:41,312 - Epoch  99 Test set [recall@10: 0.1768 recall@20: 0.2524 recall@40: 0.3405 ] Test set [ndcg@10: 0.2251 ndcg@20: 0.2519 ndcg@40: 0.2911 ] 
2024-11-22 11:15:41,312 - Validation score increased.  Copying the best model ...
2024-11-22 11:15:42,567 - Epoch 102 Test set [recall@10: 0.1790 recall@20: 0.2539 recall@40: 0.3414 ] Test set [ndcg@10: 0.2270 ndcg@20: 0.2531 ndcg@40: 0.2921 ] 
2024-11-22 11:15:42,567 - Validation score increased.  Copying the best model ...
2024-11-22 11:15:43,766 - Epoch 105 Test set [recall@10: 0.1793 recall@20: 0.2541 recall@40: 0.3423 ] Test set [ndcg@10: 0.2275 ndcg@20: 0.2535 ndcg@40: 0.2926 ] 
2024-11-22 11:15:43,767 - Validation score increased.  Copying the best model ...
2024-11-22 11:15:44,961 - Epoch 108 Test set [recall@10: 0.1803 recall@20: 0.2521 recall@40: 0.3418 ] Test set [ndcg@10: 0.2289 ndcg@20: 0.2531 ndcg@40: 0.2930 ] 
2024-11-22 11:15:44,961 - Validation score increased.  Copying the best model ...
2024-11-22 11:15:46,312 - Epoch 111 Test set [recall@10: 0.1799 recall@20: 0.2534 recall@40: 0.3421 ] Test set [ndcg@10: 0.2281 ndcg@20: 0.2533 ndcg@40: 0.2928 ] 
2024-11-22 11:15:46,313 - Early stop counter: 1 out of 5
2024-11-22 11:15:47,618 - Epoch 114 Test set [recall@10: 0.1793 recall@20: 0.2556 recall@40: 0.3435 ] Test set [ndcg@10: 0.2279 ndcg@20: 0.2546 ndcg@40: 0.2935 ] 
2024-11-22 11:15:47,618 - Early stop counter: 2 out of 5
2024-11-22 11:15:48,929 - Epoch 117 Test set [recall@10: 0.1803 recall@20: 0.2551 recall@40: 0.3436 ] Test set [ndcg@10: 0.2286 ndcg@20: 0.2545 ndcg@40: 0.2938 ] 
2024-11-22 11:15:48,930 - Early stop counter: 3 out of 5
2024-11-22 11:15:50,177 - Epoch 120 Test set [recall@10: 0.1799 recall@20: 0.2546 recall@40: 0.3430 ] Test set [ndcg@10: 0.2288 ndcg@20: 0.2548 ndcg@40: 0.2941 ] 
2024-11-22 11:15:50,178 - Early stop counter: 4 out of 5
2024-11-22 11:15:51,431 - Epoch 123 Test set [recall@10: 0.1800 recall@20: 0.2534 recall@40: 0.3441 ] Test set [ndcg@10: 0.2298 ndcg@20: 0.2547 ndcg@40: 0.2951 ] 
2024-11-22 11:15:51,431 - Early stop counter: 5 out of 5
2024-11-22 11:15:51,431 - Best Epoch 108
2024-11-22 11:15:51,799 - Test set [recall@10: 0.1803 recall@20: 0.2521 recall@40: 0.3418 ] Test set [ndcg@10: 0.2289 ndcg@20: 0.2531 ndcg@40: 0.2930 ] 
2024-11-22 11:15:52,172 - Test set [recall@10: 0.1803 recall@20: 0.2521 recall@40: 0.3418 ] Test set [ndcg@10: 0.2289 ndcg@20: 0.2531 ndcg@40: 0.2930 ] 
2024-11-22 11:15:52,190 - hyperparameter: {'layer_num': 3, 'reg_weight': 1e-08}
2024-11-22 11:15:52,839 - Epoch   0 Test set [recall@10: 0.0864 recall@20: 0.1231 recall@40: 0.1798 ] Test set [ndcg@10: 0.1118 ndcg@20: 0.1249 ndcg@40: 0.1499 ] 
2024-11-22 11:15:52,839 - Validation score increased.  Copying the best model ...
2024-11-22 11:15:54,053 - Epoch   3 Test set [recall@10: 0.1090 recall@20: 0.1534 recall@40: 0.2141 ] Test set [ndcg@10: 0.1385 ndcg@20: 0.1540 ndcg@40: 0.1807 ] 
2024-11-22 11:15:54,053 - Validation score increased.  Copying the best model ...
2024-11-22 11:15:55,342 - Epoch   6 Test set [recall@10: 0.1222 recall@20: 0.1714 recall@40: 0.2411 ] Test set [ndcg@10: 0.1554 ndcg@20: 0.1723 ndcg@40: 0.2028 ] 
2024-11-22 11:15:55,343 - Validation score increased.  Copying the best model ...
2024-11-22 11:15:56,565 - Epoch   9 Test set [recall@10: 0.1306 recall@20: 0.1864 recall@40: 0.2595 ] Test set [ndcg@10: 0.1680 ndcg@20: 0.1879 ndcg@40: 0.2200 ] 
2024-11-22 11:15:56,566 - Validation score increased.  Copying the best model ...
2024-11-22 11:15:57,856 - Epoch  12 Test set [recall@10: 0.1379 recall@20: 0.1955 recall@40: 0.2732 ] Test set [ndcg@10: 0.1769 ndcg@20: 0.1973 ndcg@40: 0.2313 ] 
2024-11-22 11:15:57,857 - Validation score increased.  Copying the best model ...
2024-11-22 11:15:59,105 - Epoch  15 Test set [recall@10: 0.1420 recall@20: 0.2015 recall@40: 0.2803 ] Test set [ndcg@10: 0.1824 ndcg@20: 0.2036 ndcg@40: 0.2381 ] 
2024-11-22 11:15:59,105 - Validation score increased.  Copying the best model ...
2024-11-22 11:16:00,408 - Epoch  18 Test set [recall@10: 0.1465 recall@20: 0.2080 recall@40: 0.2865 ] Test set [ndcg@10: 0.1872 ndcg@20: 0.2090 ndcg@40: 0.2434 ] 
2024-11-22 11:16:00,409 - Validation score increased.  Copying the best model ...
2024-11-22 11:16:01,633 - Epoch  21 Test set [recall@10: 0.1487 recall@20: 0.2103 recall@40: 0.2920 ] Test set [ndcg@10: 0.1903 ndcg@20: 0.2122 ndcg@40: 0.2481 ] 
2024-11-22 11:16:01,633 - Validation score increased.  Copying the best model ...
2024-11-22 11:16:02,884 - Epoch  24 Test set [recall@10: 0.1500 recall@20: 0.2139 recall@40: 0.2972 ] Test set [ndcg@10: 0.1923 ndcg@20: 0.2153 ndcg@40: 0.2519 ] 
2024-11-22 11:16:02,885 - Validation score increased.  Copying the best model ...
2024-11-22 11:16:04,067 - Epoch  27 Test set [recall@10: 0.1529 recall@20: 0.2174 recall@40: 0.3023 ] Test set [ndcg@10: 0.1949 ndcg@20: 0.2178 ndcg@40: 0.2551 ] 
2024-11-22 11:16:04,067 - Validation score increased.  Copying the best model ...
2024-11-22 11:16:05,324 - Epoch  30 Test set [recall@10: 0.1552 recall@20: 0.2198 recall@40: 0.3060 ] Test set [ndcg@10: 0.1978 ndcg@20: 0.2205 ndcg@40: 0.2585 ] 
2024-11-22 11:16:05,325 - Validation score increased.  Copying the best model ...
2024-11-22 11:16:06,572 - Epoch  33 Test set [recall@10: 0.1554 recall@20: 0.2211 recall@40: 0.3088 ] Test set [ndcg@10: 0.1988 ndcg@20: 0.2220 ndcg@40: 0.2606 ] 
2024-11-22 11:16:06,573 - Validation score increased.  Copying the best model ...
2024-11-22 11:16:07,850 - Epoch  36 Test set [recall@10: 0.1576 recall@20: 0.2230 recall@40: 0.3114 ] Test set [ndcg@10: 0.2014 ndcg@20: 0.2243 ndcg@40: 0.2632 ] 
2024-11-22 11:16:07,851 - Validation score increased.  Copying the best model ...
2024-11-22 11:16:09,097 - Epoch  39 Test set [recall@10: 0.1582 recall@20: 0.2254 recall@40: 0.3147 ] Test set [ndcg@10: 0.2026 ndcg@20: 0.2262 ndcg@40: 0.2657 ] 
2024-11-22 11:16:09,097 - Validation score increased.  Copying the best model ...
2024-11-22 11:16:10,411 - Epoch  42 Test set [recall@10: 0.1599 recall@20: 0.2264 recall@40: 0.3168 ] Test set [ndcg@10: 0.2042 ndcg@20: 0.2273 ndcg@40: 0.2672 ] 
2024-11-22 11:16:10,411 - Validation score increased.  Copying the best model ...
2024-11-22 11:16:11,705 - Epoch  45 Test set [recall@10: 0.1604 recall@20: 0.2286 recall@40: 0.3200 ] Test set [ndcg@10: 0.2060 ndcg@20: 0.2298 ndcg@40: 0.2702 ] 
2024-11-22 11:16:11,705 - Validation score increased.  Copying the best model ...
2024-11-22 11:16:13,010 - Epoch  48 Test set [recall@10: 0.1616 recall@20: 0.2293 recall@40: 0.3196 ] Test set [ndcg@10: 0.2075 ndcg@20: 0.2310 ndcg@40: 0.2710 ] 
2024-11-22 11:16:13,010 - Validation score increased.  Copying the best model ...
2024-11-22 11:16:14,230 - Epoch  51 Test set [recall@10: 0.1635 recall@20: 0.2305 recall@40: 0.3228 ] Test set [ndcg@10: 0.2091 ndcg@20: 0.2320 ndcg@40: 0.2728 ] 
2024-11-22 11:16:14,230 - Validation score increased.  Copying the best model ...
2024-11-22 11:16:15,518 - Epoch  54 Test set [recall@10: 0.1650 recall@20: 0.2328 recall@40: 0.3253 ] Test set [ndcg@10: 0.2106 ndcg@20: 0.2338 ndcg@40: 0.2746 ] 
2024-11-22 11:16:15,518 - Validation score increased.  Copying the best model ...
2024-11-22 11:16:16,821 - Epoch  57 Test set [recall@10: 0.1657 recall@20: 0.2326 recall@40: 0.3267 ] Test set [ndcg@10: 0.2123 ndcg@20: 0.2349 ndcg@40: 0.2764 ] 
2024-11-22 11:16:16,822 - Validation score increased.  Copying the best model ...
2024-11-22 11:16:18,054 - Epoch  60 Test set [recall@10: 0.1656 recall@20: 0.2347 recall@40: 0.3274 ] Test set [ndcg@10: 0.2128 ndcg@20: 0.2365 ndcg@40: 0.2775 ] 
2024-11-22 11:16:18,055 - Early stop counter: 1 out of 5
2024-11-22 11:16:19,314 - Epoch  63 Test set [recall@10: 0.1657 recall@20: 0.2367 recall@40: 0.3295 ] Test set [ndcg@10: 0.2131 ndcg@20: 0.2378 ndcg@40: 0.2788 ] 
2024-11-22 11:16:19,315 - Validation score increased.  Copying the best model ...
2024-11-22 11:16:20,508 - Epoch  66 Test set [recall@10: 0.1674 recall@20: 0.2380 recall@40: 0.3315 ] Test set [ndcg@10: 0.2145 ndcg@20: 0.2391 ndcg@40: 0.2803 ] 
2024-11-22 11:16:20,508 - Validation score increased.  Copying the best model ...
2024-11-22 11:16:21,774 - Epoch  69 Test set [recall@10: 0.1699 recall@20: 0.2407 recall@40: 0.3338 ] Test set [ndcg@10: 0.2172 ndcg@20: 0.2414 ndcg@40: 0.2825 ] 
2024-11-22 11:16:21,774 - Validation score increased.  Copying the best model ...
2024-11-22 11:16:23,029 - Epoch  72 Test set [recall@10: 0.1696 recall@20: 0.2412 recall@40: 0.3335 ] Test set [ndcg@10: 0.2182 ndcg@20: 0.2427 ndcg@40: 0.2835 ] 
2024-11-22 11:16:23,029 - Early stop counter: 1 out of 5
2024-11-22 11:16:24,303 - Epoch  75 Test set [recall@10: 0.1698 recall@20: 0.2430 recall@40: 0.3354 ] Test set [ndcg@10: 0.2182 ndcg@20: 0.2435 ndcg@40: 0.2845 ] 
2024-11-22 11:16:24,303 - Early stop counter: 2 out of 5
2024-11-22 11:16:25,563 - Epoch  78 Test set [recall@10: 0.1710 recall@20: 0.2449 recall@40: 0.3356 ] Test set [ndcg@10: 0.2190 ndcg@20: 0.2446 ndcg@40: 0.2849 ] 
2024-11-22 11:16:25,563 - Validation score increased.  Copying the best model ...
2024-11-22 11:16:26,828 - Epoch  81 Test set [recall@10: 0.1711 recall@20: 0.2470 recall@40: 0.3378 ] Test set [ndcg@10: 0.2196 ndcg@20: 0.2463 ndcg@40: 0.2864 ] 
2024-11-22 11:16:26,828 - Validation score increased.  Copying the best model ...
2024-11-22 11:16:28,065 - Epoch  84 Test set [recall@10: 0.1726 recall@20: 0.2465 recall@40: 0.3383 ] Test set [ndcg@10: 0.2206 ndcg@20: 0.2465 ndcg@40: 0.2872 ] 
2024-11-22 11:16:28,065 - Validation score increased.  Copying the best model ...
2024-11-22 11:16:29,364 - Epoch  87 Test set [recall@10: 0.1737 recall@20: 0.2475 recall@40: 0.3407 ] Test set [ndcg@10: 0.2222 ndcg@20: 0.2479 ndcg@40: 0.2891 ] 
2024-11-22 11:16:29,365 - Validation score increased.  Copying the best model ...
2024-11-22 11:16:30,647 - Epoch  90 Test set [recall@10: 0.1751 recall@20: 0.2487 recall@40: 0.3420 ] Test set [ndcg@10: 0.2237 ndcg@20: 0.2491 ndcg@40: 0.2904 ] 
2024-11-22 11:16:30,647 - Validation score increased.  Copying the best model ...
2024-11-22 11:16:31,932 - Epoch  93 Test set [recall@10: 0.1753 recall@20: 0.2494 recall@40: 0.3410 ] Test set [ndcg@10: 0.2234 ndcg@20: 0.2494 ndcg@40: 0.2899 ] 
2024-11-22 11:16:31,932 - Validation score increased.  Copying the best model ...
2024-11-22 11:16:33,148 - Epoch  96 Test set [recall@10: 0.1756 recall@20: 0.2510 recall@40: 0.3405 ] Test set [ndcg@10: 0.2235 ndcg@20: 0.2499 ndcg@40: 0.2897 ] 
2024-11-22 11:16:33,148 - Validation score increased.  Copying the best model ...
2024-11-22 11:16:34,355 - Epoch  99 Test set [recall@10: 0.1765 recall@20: 0.2521 recall@40: 0.3402 ] Test set [ndcg@10: 0.2246 ndcg@20: 0.2514 ndcg@40: 0.2905 ] 
2024-11-22 11:16:34,356 - Validation score increased.  Copying the best model ...
2024-11-22 11:16:35,649 - Epoch 102 Test set [recall@10: 0.1785 recall@20: 0.2535 recall@40: 0.3406 ] Test set [ndcg@10: 0.2264 ndcg@20: 0.2527 ndcg@40: 0.2915 ] 
2024-11-22 11:16:35,650 - Validation score increased.  Copying the best model ...
2024-11-22 11:16:36,870 - Epoch 105 Test set [recall@10: 0.1792 recall@20: 0.2533 recall@40: 0.3416 ] Test set [ndcg@10: 0.2272 ndcg@20: 0.2529 ndcg@40: 0.2921 ] 
2024-11-22 11:16:36,870 - Validation score increased.  Copying the best model ...
2024-11-22 11:16:38,145 - Epoch 108 Test set [recall@10: 0.1799 recall@20: 0.2516 recall@40: 0.3411 ] Test set [ndcg@10: 0.2283 ndcg@20: 0.2526 ndcg@40: 0.2924 ] 
2024-11-22 11:16:38,146 - Validation score increased.  Copying the best model ...
2024-11-22 11:16:39,382 - Epoch 111 Test set [recall@10: 0.1794 recall@20: 0.2534 recall@40: 0.3417 ] Test set [ndcg@10: 0.2275 ndcg@20: 0.2531 ndcg@40: 0.2923 ] 
2024-11-22 11:16:39,382 - Early stop counter: 1 out of 5
2024-11-22 11:16:40,618 - Epoch 114 Test set [recall@10: 0.1786 recall@20: 0.2545 recall@40: 0.3425 ] Test set [ndcg@10: 0.2275 ndcg@20: 0.2538 ndcg@40: 0.2928 ] 
2024-11-22 11:16:40,618 - Early stop counter: 2 out of 5
2024-11-22 11:16:41,827 - Epoch 117 Test set [recall@10: 0.1790 recall@20: 0.2546 recall@40: 0.3432 ] Test set [ndcg@10: 0.2277 ndcg@20: 0.2539 ndcg@40: 0.2931 ] 
2024-11-22 11:16:41,827 - Early stop counter: 3 out of 5
2024-11-22 11:16:43,097 - Epoch 120 Test set [recall@10: 0.1795 recall@20: 0.2535 recall@40: 0.3436 ] Test set [ndcg@10: 0.2282 ndcg@20: 0.2539 ndcg@40: 0.2939 ] 
2024-11-22 11:16:43,097 - Early stop counter: 4 out of 5
2024-11-22 11:16:44,366 - Epoch 123 Test set [recall@10: 0.1791 recall@20: 0.2523 recall@40: 0.3433 ] Test set [ndcg@10: 0.2288 ndcg@20: 0.2537 ndcg@40: 0.2942 ] 
2024-11-22 11:16:44,366 - Early stop counter: 5 out of 5
2024-11-22 11:16:44,366 - Best Epoch 108
2024-11-22 11:16:44,767 - Test set [recall@10: 0.1799 recall@20: 0.2516 recall@40: 0.3411 ] Test set [ndcg@10: 0.2283 ndcg@20: 0.2526 ndcg@40: 0.2924 ] 
2024-11-22 11:16:45,174 - Test set [recall@10: 0.1799 recall@20: 0.2516 recall@40: 0.3411 ] Test set [ndcg@10: 0.2283 ndcg@20: 0.2526 ndcg@40: 0.2924 ] 
