2024-11-19 18:34:46,468 - {'optimizer': {'name': 'adam', 'lr': 0.001, 'weight_decay': 0}, 'train': {'epoch': 500, 'batch_size': 4096, 'save_model': False, 'loss': 'pairwise', 'log_loss': False, 'test_step': 3, 'patience': 5, 'reproducible': True, 'seed': 2023, 'early_stop': True}, 'test': {'metrics': ['recall', 'ndcg'], 'k': [10, 20, 40], 'batch_size': 1024}, 'data': {'type': 'social', 'name': 'lastfm', 'user_num': 1892, 'item_num': 17632}, 'model': {'name': 'baseline_lightgcn', 'layer_num': 2, 'reg_weight': 1e-08, 'embedding_size': 64}, 'tune': {'enable': False, 'hyperparameters': ['layer_num', 'reg_weight'], 'layer_num': [2, 3], 'reg_weight': [1e-06, 1e-07, 1e-08]}, 'device': 'cuda', 'log': True}
2024-11-19 18:34:47,708 - Epoch   0 Test set [recall@10: 0.0942 recall@20: 0.1322 recall@40: 0.1881 ] Test set [ndcg@10: 0.1212 ndcg@20: 0.1343 ndcg@40: 0.1590 ] 
2024-11-19 18:34:47,708 - Validation score increased.  Copying the best model ...
2024-11-19 18:34:48,924 - Epoch   3 Test set [recall@10: 0.1186 recall@20: 0.1678 recall@40: 0.2373 ] Test set [ndcg@10: 0.1504 ndcg@20: 0.1678 ndcg@40: 0.1982 ] 
2024-11-19 18:34:48,924 - Validation score increased.  Copying the best model ...
2024-11-19 18:34:50,073 - Epoch   6 Test set [recall@10: 0.1343 recall@20: 0.1914 recall@40: 0.2682 ] Test set [ndcg@10: 0.1726 ndcg@20: 0.1927 ndcg@40: 0.2264 ] 
2024-11-19 18:34:50,073 - Validation score increased.  Copying the best model ...
2024-11-19 18:34:51,232 - Epoch   9 Test set [recall@10: 0.1444 recall@20: 0.2021 recall@40: 0.2859 ] Test set [ndcg@10: 0.1857 ndcg@20: 0.2058 ndcg@40: 0.2424 ] 
2024-11-19 18:34:51,232 - Validation score increased.  Copying the best model ...
2024-11-19 18:34:52,468 - Epoch  12 Test set [recall@10: 0.1512 recall@20: 0.2132 recall@40: 0.2960 ] Test set [ndcg@10: 0.1938 ndcg@20: 0.2155 ndcg@40: 0.2518 ] 
2024-11-19 18:34:52,468 - Validation score increased.  Copying the best model ...
2024-11-19 18:34:53,669 - Epoch  15 Test set [recall@10: 0.1544 recall@20: 0.2192 recall@40: 0.3030 ] Test set [ndcg@10: 0.1977 ndcg@20: 0.2205 ndcg@40: 0.2575 ] 
2024-11-19 18:34:53,669 - Validation score increased.  Copying the best model ...
2024-11-19 18:34:54,772 - Epoch  18 Test set [recall@10: 0.1576 recall@20: 0.2238 recall@40: 0.3103 ] Test set [ndcg@10: 0.2025 ndcg@20: 0.2257 ndcg@40: 0.2638 ] 
2024-11-19 18:34:54,773 - Validation score increased.  Copying the best model ...
2024-11-19 18:34:55,954 - Epoch  21 Test set [recall@10: 0.1596 recall@20: 0.2272 recall@40: 0.3165 ] Test set [ndcg@10: 0.2053 ndcg@20: 0.2289 ndcg@40: 0.2683 ] 
2024-11-19 18:34:55,954 - Validation score increased.  Copying the best model ...
2024-11-19 18:34:57,115 - Epoch  24 Test set [recall@10: 0.1628 recall@20: 0.2305 recall@40: 0.3205 ] Test set [ndcg@10: 0.2092 ndcg@20: 0.2324 ndcg@40: 0.2722 ] 
2024-11-19 18:34:57,116 - Validation score increased.  Copying the best model ...
2024-11-19 18:34:58,255 - Epoch  27 Test set [recall@10: 0.1646 recall@20: 0.2340 recall@40: 0.3262 ] Test set [ndcg@10: 0.2120 ndcg@20: 0.2360 ndcg@40: 0.2768 ] 
2024-11-19 18:34:58,255 - Validation score increased.  Copying the best model ...
2024-11-19 18:34:59,463 - Epoch  30 Test set [recall@10: 0.1673 recall@20: 0.2362 recall@40: 0.3308 ] Test set [ndcg@10: 0.2146 ndcg@20: 0.2380 ndcg@40: 0.2799 ] 
2024-11-19 18:34:59,464 - Validation score increased.  Copying the best model ...
2024-11-19 18:35:00,604 - Epoch  33 Test set [recall@10: 0.1678 recall@20: 0.2378 recall@40: 0.3308 ] Test set [ndcg@10: 0.2163 ndcg@20: 0.2404 ndcg@40: 0.2816 ] 
2024-11-19 18:35:00,604 - Validation score increased.  Copying the best model ...
2024-11-19 18:35:01,819 - Epoch  36 Test set [recall@10: 0.1696 recall@20: 0.2407 recall@40: 0.3339 ] Test set [ndcg@10: 0.2182 ndcg@20: 0.2427 ndcg@40: 0.2840 ] 
2024-11-19 18:35:01,820 - Validation score increased.  Copying the best model ...
2024-11-19 18:35:02,978 - Epoch  39 Test set [recall@10: 0.1704 recall@20: 0.2443 recall@40: 0.3369 ] Test set [ndcg@10: 0.2198 ndcg@20: 0.2453 ndcg@40: 0.2863 ] 
2024-11-19 18:35:02,979 - Validation score increased.  Copying the best model ...
2024-11-19 18:35:04,137 - Epoch  42 Test set [recall@10: 0.1726 recall@20: 0.2459 recall@40: 0.3407 ] Test set [ndcg@10: 0.2220 ndcg@20: 0.2472 ndcg@40: 0.2892 ] 
2024-11-19 18:35:04,138 - Validation score increased.  Copying the best model ...
2024-11-19 18:35:05,231 - Epoch  45 Test set [recall@10: 0.1736 recall@20: 0.2487 recall@40: 0.3434 ] Test set [ndcg@10: 0.2236 ndcg@20: 0.2496 ndcg@40: 0.2916 ] 
2024-11-19 18:35:05,231 - Validation score increased.  Copying the best model ...
2024-11-19 18:35:06,392 - Epoch  48 Test set [recall@10: 0.1751 recall@20: 0.2499 recall@40: 0.3458 ] Test set [ndcg@10: 0.2250 ndcg@20: 0.2508 ndcg@40: 0.2933 ] 
2024-11-19 18:35:06,393 - Validation score increased.  Copying the best model ...
2024-11-19 18:35:07,485 - Epoch  51 Test set [recall@10: 0.1763 recall@20: 0.2507 recall@40: 0.3469 ] Test set [ndcg@10: 0.2263 ndcg@20: 0.2520 ndcg@40: 0.2946 ] 
2024-11-19 18:35:07,485 - Validation score increased.  Copying the best model ...
2024-11-19 18:35:08,641 - Epoch  54 Test set [recall@10: 0.1781 recall@20: 0.2534 recall@40: 0.3491 ] Test set [ndcg@10: 0.2282 ndcg@20: 0.2544 ndcg@40: 0.2967 ] 
2024-11-19 18:35:08,642 - Validation score increased.  Copying the best model ...
2024-11-19 18:35:09,797 - Epoch  57 Test set [recall@10: 0.1800 recall@20: 0.2546 recall@40: 0.3493 ] Test set [ndcg@10: 0.2307 ndcg@20: 0.2564 ndcg@40: 0.2982 ] 
2024-11-19 18:35:09,797 - Validation score increased.  Copying the best model ...
2024-11-19 18:35:10,995 - Epoch  60 Test set [recall@10: 0.1803 recall@20: 0.2561 recall@40: 0.3504 ] Test set [ndcg@10: 0.2309 ndcg@20: 0.2572 ndcg@40: 0.2988 ] 
2024-11-19 18:35:10,995 - Validation score increased.  Copying the best model ...
2024-11-19 18:35:12,134 - Epoch  63 Test set [recall@10: 0.1807 recall@20: 0.2567 recall@40: 0.3518 ] Test set [ndcg@10: 0.2310 ndcg@20: 0.2573 ndcg@40: 0.2993 ] 
2024-11-19 18:35:12,135 - Validation score increased.  Copying the best model ...
2024-11-19 18:35:13,277 - Epoch  66 Test set [recall@10: 0.1807 recall@20: 0.2593 recall@40: 0.3543 ] Test set [ndcg@10: 0.2322 ndcg@20: 0.2597 ndcg@40: 0.3018 ] 
2024-11-19 18:35:13,277 - Validation score increased.  Copying the best model ...
2024-11-19 18:35:14,484 - Epoch  69 Test set [recall@10: 0.1818 recall@20: 0.2603 recall@40: 0.3554 ] Test set [ndcg@10: 0.2331 ndcg@20: 0.2607 ndcg@40: 0.3027 ] 
2024-11-19 18:35:14,484 - Validation score increased.  Copying the best model ...
2024-11-19 18:35:15,687 - Epoch  72 Test set [recall@10: 0.1839 recall@20: 0.2604 recall@40: 0.3546 ] Test set [ndcg@10: 0.2357 ndcg@20: 0.2621 ndcg@40: 0.3040 ] 
2024-11-19 18:35:15,687 - Validation score increased.  Copying the best model ...
2024-11-19 18:35:16,895 - Epoch  75 Test set [recall@10: 0.1844 recall@20: 0.2618 recall@40: 0.3550 ] Test set [ndcg@10: 0.2356 ndcg@20: 0.2624 ndcg@40: 0.3040 ] 
2024-11-19 18:35:16,895 - Validation score increased.  Copying the best model ...
2024-11-19 18:35:18,026 - Epoch  78 Test set [recall@10: 0.1849 recall@20: 0.2626 recall@40: 0.3565 ] Test set [ndcg@10: 0.2368 ndcg@20: 0.2635 ndcg@40: 0.3054 ] 
2024-11-19 18:35:18,027 - Validation score increased.  Copying the best model ...
2024-11-19 18:35:19,154 - Epoch  81 Test set [recall@10: 0.1863 recall@20: 0.2621 recall@40: 0.3571 ] Test set [ndcg@10: 0.2369 ndcg@20: 0.2628 ndcg@40: 0.3052 ] 
2024-11-19 18:35:19,154 - Validation score increased.  Copying the best model ...
2024-11-19 18:35:20,316 - Epoch  84 Test set [recall@10: 0.1868 recall@20: 0.2639 recall@40: 0.3575 ] Test set [ndcg@10: 0.2374 ndcg@20: 0.2639 ndcg@40: 0.3055 ] 
2024-11-19 18:35:20,316 - Validation score increased.  Copying the best model ...
2024-11-19 18:35:21,476 - Epoch  87 Test set [recall@10: 0.1849 recall@20: 0.2653 recall@40: 0.3569 ] Test set [ndcg@10: 0.2372 ndcg@20: 0.2653 ndcg@40: 0.3061 ] 
2024-11-19 18:35:21,477 - Early stop counter: 1 out of 5
2024-11-19 18:35:22,674 - Epoch  90 Test set [recall@10: 0.1868 recall@20: 0.2646 recall@40: 0.3562 ] Test set [ndcg@10: 0.2391 ndcg@20: 0.2659 ndcg@40: 0.3067 ] 
2024-11-19 18:35:22,674 - Early stop counter: 2 out of 5
2024-11-19 18:35:23,881 - Epoch  93 Test set [recall@10: 0.1861 recall@20: 0.2647 recall@40: 0.3583 ] Test set [ndcg@10: 0.2392 ndcg@20: 0.2663 ndcg@40: 0.3080 ] 
2024-11-19 18:35:23,881 - Early stop counter: 3 out of 5
2024-11-19 18:35:25,054 - Epoch  96 Test set [recall@10: 0.1871 recall@20: 0.2659 recall@40: 0.3581 ] Test set [ndcg@10: 0.2395 ndcg@20: 0.2669 ndcg@40: 0.3079 ] 
2024-11-19 18:35:25,054 - Validation score increased.  Copying the best model ...
2024-11-19 18:35:26,136 - Epoch  99 Test set [recall@10: 0.1880 recall@20: 0.2673 recall@40: 0.3591 ] Test set [ndcg@10: 0.2404 ndcg@20: 0.2678 ndcg@40: 0.3088 ] 
2024-11-19 18:35:26,137 - Validation score increased.  Copying the best model ...
2024-11-19 18:35:27,322 - Epoch 102 Test set [recall@10: 0.1889 recall@20: 0.2673 recall@40: 0.3583 ] Test set [ndcg@10: 0.2415 ndcg@20: 0.2685 ndcg@40: 0.3091 ] 
2024-11-19 18:35:27,322 - Validation score increased.  Copying the best model ...
2024-11-19 18:35:28,478 - Epoch 105 Test set [recall@10: 0.1886 recall@20: 0.2677 recall@40: 0.3576 ] Test set [ndcg@10: 0.2408 ndcg@20: 0.2682 ndcg@40: 0.3081 ] 
2024-11-19 18:35:28,478 - Early stop counter: 1 out of 5
2024-11-19 18:35:29,704 - Epoch 108 Test set [recall@10: 0.1889 recall@20: 0.2665 recall@40: 0.3582 ] Test set [ndcg@10: 0.2406 ndcg@20: 0.2673 ndcg@40: 0.3079 ] 
2024-11-19 18:35:29,704 - Early stop counter: 2 out of 5
2024-11-19 18:35:30,920 - Epoch 111 Test set [recall@10: 0.1879 recall@20: 0.2674 recall@40: 0.3579 ] Test set [ndcg@10: 0.2413 ndcg@20: 0.2690 ndcg@40: 0.3090 ] 
2024-11-19 18:35:30,921 - Early stop counter: 3 out of 5
2024-11-19 18:35:32,107 - Epoch 114 Test set [recall@10: 0.1880 recall@20: 0.2676 recall@40: 0.3585 ] Test set [ndcg@10: 0.2413 ndcg@20: 0.2689 ndcg@40: 0.3092 ] 
2024-11-19 18:35:32,107 - Early stop counter: 4 out of 5
2024-11-19 18:35:33,249 - Epoch 117 Test set [recall@10: 0.1883 recall@20: 0.2657 recall@40: 0.3581 ] Test set [ndcg@10: 0.2413 ndcg@20: 0.2678 ndcg@40: 0.3088 ] 
2024-11-19 18:35:33,250 - Early stop counter: 5 out of 5
2024-11-19 18:35:33,250 - Best Epoch 102
2024-11-19 18:35:33,599 - Test set [recall@10: 0.1889 recall@20: 0.2673 recall@40: 0.3583 ] Test set [ndcg@10: 0.2415 ndcg@20: 0.2685 ndcg@40: 0.3091 ] 
2024-11-19 18:35:33,946 - Test set [recall@10: 0.1889 recall@20: 0.2673 recall@40: 0.3583 ] Test set [ndcg@10: 0.2415 ndcg@20: 0.2685 ndcg@40: 0.3091 ] 
2024-11-19 18:35:34,269 - Test set [recall@10: 0.1889 recall@20: 0.2673 recall@40: 0.3583 ] Test set [ndcg@10: 0.2415 ndcg@20: 0.2685 ndcg@40: 0.3091 ] 
