2024-11-22 11:10:39,947 - {'optimizer': {'name': 'adam', 'lr': 0.001, 'weight_decay': 0}, 'train': {'epoch': 500, 'batch_size': 4096, 'save_model': False, 'loss': 'pairwise', 'log_loss': False, 'test_step': 3, 'patience': 5, 'reproducible': True, 'seed': 2023, 'early_stop': True}, 'test': {'metrics': ['recall', 'ndcg'], 'k': [10, 20, 40], 'batch_size': 1024}, 'data': {'type': 'social', 'name': 'yelp', 'user_num': 43043, 'item_num': 66576}, 'model': {'name': 'baseline_lightgcn', 'layer_num': 2, 'reg_weight': 1e-08, 'embedding_size': 64}, 'tune': {'enable': True, 'hyperparameters': ['layer_num', 'reg_weight'], 'layer_num': [2, 3], 'reg_weight': [1e-06, 1e-07, 1e-08]}, 'device': 'cuda', 'log': True}
2024-11-22 11:10:39,947 - hyperparameter: {'layer_num': 2, 'reg_weight': 1e-06}
2024-11-22 11:10:56,562 - Epoch   0 Test set [recall@10: 0.0204 recall@20: 0.0341 recall@40: 0.0555 ] Test set [ndcg@10: 0.0104 ndcg@20: 0.0139 ndcg@40: 0.0183 ] 
2024-11-22 11:10:56,564 - Validation score increased.  Copying the best model ...
2024-11-22 11:11:15,002 - Epoch   3 Test set [recall@10: 0.0225 recall@20: 0.0373 recall@40: 0.0615 ] Test set [ndcg@10: 0.0116 ndcg@20: 0.0153 ndcg@40: 0.0202 ] 
2024-11-22 11:11:15,003 - Validation score increased.  Copying the best model ...
2024-11-22 11:11:33,315 - Epoch   6 Test set [recall@10: 0.0244 recall@20: 0.0402 recall@40: 0.0658 ] Test set [ndcg@10: 0.0125 ndcg@20: 0.0164 ndcg@40: 0.0216 ] 
2024-11-22 11:11:33,316 - Validation score increased.  Copying the best model ...
2024-11-22 11:11:52,360 - Epoch   9 Test set [recall@10: 0.0257 recall@20: 0.0425 recall@40: 0.0690 ] Test set [ndcg@10: 0.0131 ndcg@20: 0.0173 ndcg@40: 0.0227 ] 
2024-11-22 11:11:52,360 - Validation score increased.  Copying the best model ...
2024-11-22 11:12:14,279 - Epoch  12 Test set [recall@10: 0.0263 recall@20: 0.0433 recall@40: 0.0713 ] Test set [ndcg@10: 0.0134 ndcg@20: 0.0177 ndcg@40: 0.0234 ] 
2024-11-22 11:12:14,279 - Validation score increased.  Copying the best model ...
2024-11-22 11:12:36,126 - Epoch  15 Test set [recall@10: 0.0267 recall@20: 0.0447 recall@40: 0.0729 ] Test set [ndcg@10: 0.0137 ndcg@20: 0.0182 ndcg@40: 0.0239 ] 
2024-11-22 11:12:36,127 - Validation score increased.  Copying the best model ...
2024-11-22 11:12:58,828 - Epoch  18 Test set [recall@10: 0.0279 recall@20: 0.0447 recall@40: 0.0740 ] Test set [ndcg@10: 0.0142 ndcg@20: 0.0184 ndcg@40: 0.0244 ] 
2024-11-22 11:12:58,829 - Validation score increased.  Copying the best model ...
2024-11-22 11:13:23,039 - Epoch  21 Test set [recall@10: 0.0276 recall@20: 0.0458 recall@40: 0.0744 ] Test set [ndcg@10: 0.0141 ndcg@20: 0.0186 ndcg@40: 0.0245 ] 
2024-11-22 11:13:23,039 - Early stop counter: 1 out of 5
2024-11-22 11:13:47,036 - Epoch  24 Test set [recall@10: 0.0287 recall@20: 0.0481 recall@40: 0.0769 ] Test set [ndcg@10: 0.0148 ndcg@20: 0.0196 ndcg@40: 0.0255 ] 
2024-11-22 11:13:47,036 - Validation score increased.  Copying the best model ...
2024-11-22 11:14:09,605 - Epoch  27 Test set [recall@10: 0.0294 recall@20: 0.0483 recall@40: 0.0784 ] Test set [ndcg@10: 0.0150 ndcg@20: 0.0198 ndcg@40: 0.0259 ] 
2024-11-22 11:14:09,606 - Validation score increased.  Copying the best model ...
2024-11-22 11:14:32,219 - Epoch  30 Test set [recall@10: 0.0296 recall@20: 0.0493 recall@40: 0.0787 ] Test set [ndcg@10: 0.0153 ndcg@20: 0.0202 ndcg@40: 0.0262 ] 
2024-11-22 11:14:32,220 - Validation score increased.  Copying the best model ...
2024-11-22 11:14:54,865 - Epoch  33 Test set [recall@10: 0.0300 recall@20: 0.0491 recall@40: 0.0800 ] Test set [ndcg@10: 0.0155 ndcg@20: 0.0203 ndcg@40: 0.0266 ] 
2024-11-22 11:14:54,866 - Validation score increased.  Copying the best model ...
2024-11-22 11:15:14,135 - Epoch  36 Test set [recall@10: 0.0304 recall@20: 0.0499 recall@40: 0.0808 ] Test set [ndcg@10: 0.0156 ndcg@20: 0.0205 ndcg@40: 0.0268 ] 
2024-11-22 11:15:14,136 - Validation score increased.  Copying the best model ...
2024-11-22 11:15:33,234 - Epoch  39 Test set [recall@10: 0.0315 recall@20: 0.0504 recall@40: 0.0809 ] Test set [ndcg@10: 0.0161 ndcg@20: 0.0208 ndcg@40: 0.0270 ] 
2024-11-22 11:15:33,235 - Validation score increased.  Copying the best model ...
2024-11-22 11:15:52,200 - Epoch  42 Test set [recall@10: 0.0310 recall@20: 0.0503 recall@40: 0.0817 ] Test set [ndcg@10: 0.0159 ndcg@20: 0.0208 ndcg@40: 0.0272 ] 
2024-11-22 11:15:52,200 - Early stop counter: 1 out of 5
2024-11-22 11:16:11,242 - Epoch  45 Test set [recall@10: 0.0314 recall@20: 0.0509 recall@40: 0.0817 ] Test set [ndcg@10: 0.0160 ndcg@20: 0.0210 ndcg@40: 0.0272 ] 
2024-11-22 11:16:11,242 - Early stop counter: 2 out of 5
2024-11-22 11:16:29,950 - Epoch  48 Test set [recall@10: 0.0316 recall@20: 0.0519 recall@40: 0.0830 ] Test set [ndcg@10: 0.0160 ndcg@20: 0.0211 ndcg@40: 0.0274 ] 
2024-11-22 11:16:29,951 - Validation score increased.  Copying the best model ...
2024-11-22 11:16:48,651 - Epoch  51 Test set [recall@10: 0.0323 recall@20: 0.0526 recall@40: 0.0840 ] Test set [ndcg@10: 0.0162 ndcg@20: 0.0213 ndcg@40: 0.0277 ] 
2024-11-22 11:16:48,652 - Validation score increased.  Copying the best model ...
2024-11-22 11:17:07,290 - Epoch  54 Test set [recall@10: 0.0327 recall@20: 0.0532 recall@40: 0.0844 ] Test set [ndcg@10: 0.0165 ndcg@20: 0.0216 ndcg@40: 0.0280 ] 
2024-11-22 11:17:07,291 - Validation score increased.  Copying the best model ...
2024-11-22 11:17:25,959 - Epoch  57 Test set [recall@10: 0.0330 recall@20: 0.0535 recall@40: 0.0841 ] Test set [ndcg@10: 0.0167 ndcg@20: 0.0218 ndcg@40: 0.0281 ] 
2024-11-22 11:17:25,959 - Validation score increased.  Copying the best model ...
2024-11-22 11:17:44,603 - Epoch  60 Test set [recall@10: 0.0332 recall@20: 0.0533 recall@40: 0.0853 ] Test set [ndcg@10: 0.0168 ndcg@20: 0.0219 ndcg@40: 0.0284 ] 
2024-11-22 11:17:44,604 - Validation score increased.  Copying the best model ...
2024-11-22 11:18:03,140 - Epoch  63 Test set [recall@10: 0.0331 recall@20: 0.0534 recall@40: 0.0850 ] Test set [ndcg@10: 0.0167 ndcg@20: 0.0218 ndcg@40: 0.0282 ] 
2024-11-22 11:18:03,140 - Early stop counter: 1 out of 5
2024-11-22 11:18:21,719 - Epoch  66 Test set [recall@10: 0.0334 recall@20: 0.0530 recall@40: 0.0856 ] Test set [ndcg@10: 0.0167 ndcg@20: 0.0216 ndcg@40: 0.0282 ] 
2024-11-22 11:18:21,720 - Validation score increased.  Copying the best model ...
2024-11-22 11:18:40,163 - Epoch  69 Test set [recall@10: 0.0330 recall@20: 0.0534 recall@40: 0.0858 ] Test set [ndcg@10: 0.0168 ndcg@20: 0.0219 ndcg@40: 0.0285 ] 
2024-11-22 11:18:40,163 - Early stop counter: 1 out of 5
2024-11-22 11:18:58,775 - Epoch  72 Test set [recall@10: 0.0321 recall@20: 0.0536 recall@40: 0.0874 ] Test set [ndcg@10: 0.0165 ndcg@20: 0.0219 ndcg@40: 0.0287 ] 
2024-11-22 11:18:58,775 - Early stop counter: 2 out of 5
2024-11-22 11:19:17,220 - Epoch  75 Test set [recall@10: 0.0322 recall@20: 0.0548 recall@40: 0.0866 ] Test set [ndcg@10: 0.0166 ndcg@20: 0.0222 ndcg@40: 0.0287 ] 
2024-11-22 11:19:17,220 - Early stop counter: 3 out of 5
2024-11-22 11:19:35,678 - Epoch  78 Test set [recall@10: 0.0329 recall@20: 0.0542 recall@40: 0.0868 ] Test set [ndcg@10: 0.0169 ndcg@20: 0.0222 ndcg@40: 0.0289 ] 
2024-11-22 11:19:35,678 - Early stop counter: 4 out of 5
2024-11-22 11:19:54,078 - Epoch  81 Test set [recall@10: 0.0334 recall@20: 0.0544 recall@40: 0.0872 ] Test set [ndcg@10: 0.0170 ndcg@20: 0.0223 ndcg@40: 0.0289 ] 
2024-11-22 11:19:54,078 - Validation score increased.  Copying the best model ...
2024-11-22 11:20:12,724 - Epoch  84 Test set [recall@10: 0.0334 recall@20: 0.0547 recall@40: 0.0872 ] Test set [ndcg@10: 0.0171 ndcg@20: 0.0225 ndcg@40: 0.0291 ] 
2024-11-22 11:20:12,724 - Early stop counter: 1 out of 5
2024-11-22 11:20:31,000 - Epoch  87 Test set [recall@10: 0.0338 recall@20: 0.0548 recall@40: 0.0874 ] Test set [ndcg@10: 0.0173 ndcg@20: 0.0225 ndcg@40: 0.0292 ] 
2024-11-22 11:20:31,001 - Validation score increased.  Copying the best model ...
2024-11-22 11:20:49,659 - Epoch  90 Test set [recall@10: 0.0343 recall@20: 0.0553 recall@40: 0.0879 ] Test set [ndcg@10: 0.0173 ndcg@20: 0.0226 ndcg@40: 0.0292 ] 
2024-11-22 11:20:49,660 - Validation score increased.  Copying the best model ...
2024-11-22 11:21:08,258 - Epoch  93 Test set [recall@10: 0.0343 recall@20: 0.0553 recall@40: 0.0881 ] Test set [ndcg@10: 0.0175 ndcg@20: 0.0227 ndcg@40: 0.0294 ] 
2024-11-22 11:21:08,258 - Early stop counter: 1 out of 5
2024-11-22 11:21:26,851 - Epoch  96 Test set [recall@10: 0.0344 recall@20: 0.0554 recall@40: 0.0881 ] Test set [ndcg@10: 0.0177 ndcg@20: 0.0229 ndcg@40: 0.0296 ] 
2024-11-22 11:21:26,851 - Validation score increased.  Copying the best model ...
2024-11-22 11:21:45,167 - Epoch  99 Test set [recall@10: 0.0342 recall@20: 0.0559 recall@40: 0.0883 ] Test set [ndcg@10: 0.0176 ndcg@20: 0.0230 ndcg@40: 0.0296 ] 
2024-11-22 11:21:45,167 - Early stop counter: 1 out of 5
2024-11-22 11:22:03,510 - Epoch 102 Test set [recall@10: 0.0349 recall@20: 0.0564 recall@40: 0.0899 ] Test set [ndcg@10: 0.0178 ndcg@20: 0.0232 ndcg@40: 0.0300 ] 
2024-11-22 11:22:03,511 - Validation score increased.  Copying the best model ...
2024-11-22 11:22:21,705 - Epoch 105 Test set [recall@10: 0.0346 recall@20: 0.0558 recall@40: 0.0884 ] Test set [ndcg@10: 0.0177 ndcg@20: 0.0230 ndcg@40: 0.0296 ] 
2024-11-22 11:22:21,705 - Early stop counter: 1 out of 5
2024-11-22 11:22:40,176 - Epoch 108 Test set [recall@10: 0.0346 recall@20: 0.0560 recall@40: 0.0892 ] Test set [ndcg@10: 0.0177 ndcg@20: 0.0230 ndcg@40: 0.0298 ] 
2024-11-22 11:22:40,176 - Early stop counter: 2 out of 5
2024-11-22 11:22:58,524 - Epoch 111 Test set [recall@10: 0.0349 recall@20: 0.0565 recall@40: 0.0894 ] Test set [ndcg@10: 0.0176 ndcg@20: 0.0230 ndcg@40: 0.0297 ] 
2024-11-22 11:22:58,524 - Early stop counter: 3 out of 5
2024-11-22 11:23:17,067 - Epoch 114 Test set [recall@10: 0.0357 recall@20: 0.0565 recall@40: 0.0893 ] Test set [ndcg@10: 0.0179 ndcg@20: 0.0231 ndcg@40: 0.0298 ] 
2024-11-22 11:23:17,067 - Validation score increased.  Copying the best model ...
2024-11-22 11:23:35,924 - Epoch 117 Test set [recall@10: 0.0346 recall@20: 0.0558 recall@40: 0.0905 ] Test set [ndcg@10: 0.0176 ndcg@20: 0.0229 ndcg@40: 0.0299 ] 
2024-11-22 11:23:35,924 - Early stop counter: 1 out of 5
2024-11-22 11:23:54,536 - Epoch 120 Test set [recall@10: 0.0344 recall@20: 0.0560 recall@40: 0.0898 ] Test set [ndcg@10: 0.0177 ndcg@20: 0.0232 ndcg@40: 0.0300 ] 
2024-11-22 11:23:54,537 - Early stop counter: 2 out of 5
2024-11-22 11:24:14,001 - Epoch 123 Test set [recall@10: 0.0346 recall@20: 0.0560 recall@40: 0.0900 ] Test set [ndcg@10: 0.0178 ndcg@20: 0.0231 ndcg@40: 0.0300 ] 
2024-11-22 11:24:14,001 - Early stop counter: 3 out of 5
2024-11-22 11:24:33,643 - Epoch 126 Test set [recall@10: 0.0351 recall@20: 0.0566 recall@40: 0.0904 ] Test set [ndcg@10: 0.0180 ndcg@20: 0.0234 ndcg@40: 0.0303 ] 
2024-11-22 11:24:33,643 - Early stop counter: 4 out of 5
2024-11-22 11:24:52,133 - Epoch 129 Test set [recall@10: 0.0354 recall@20: 0.0559 recall@40: 0.0895 ] Test set [ndcg@10: 0.0179 ndcg@20: 0.0231 ndcg@40: 0.0299 ] 
2024-11-22 11:24:52,133 - Early stop counter: 5 out of 5
2024-11-22 11:24:52,133 - Best Epoch 114
2024-11-22 11:25:05,752 - Test set [recall@10: 0.0357 recall@20: 0.0565 recall@40: 0.0893 ] Test set [ndcg@10: 0.0179 ndcg@20: 0.0231 ndcg@40: 0.0298 ] 
2024-11-22 11:25:19,298 - Test set [recall@10: 0.0357 recall@20: 0.0565 recall@40: 0.0893 ] Test set [ndcg@10: 0.0179 ndcg@20: 0.0231 ndcg@40: 0.0298 ] 
2024-11-22 11:25:19,336 - hyperparameter: {'layer_num': 2, 'reg_weight': 1e-07}
2024-11-22 11:25:34,627 - Epoch   0 Test set [recall@10: 0.0205 recall@20: 0.0342 recall@40: 0.0556 ] Test set [ndcg@10: 0.0105 ndcg@20: 0.0139 ndcg@40: 0.0183 ] 
2024-11-22 11:25:34,627 - Validation score increased.  Copying the best model ...
2024-11-22 11:25:53,248 - Epoch   3 Test set [recall@10: 0.0224 recall@20: 0.0375 recall@40: 0.0615 ] Test set [ndcg@10: 0.0116 ndcg@20: 0.0154 ndcg@40: 0.0203 ] 
2024-11-22 11:25:53,249 - Validation score increased.  Copying the best model ...
2024-11-22 11:26:11,677 - Epoch   6 Test set [recall@10: 0.0245 recall@20: 0.0404 recall@40: 0.0662 ] Test set [ndcg@10: 0.0126 ndcg@20: 0.0165 ndcg@40: 0.0218 ] 
2024-11-22 11:26:11,678 - Validation score increased.  Copying the best model ...
2024-11-22 11:26:30,369 - Epoch   9 Test set [recall@10: 0.0262 recall@20: 0.0426 recall@40: 0.0688 ] Test set [ndcg@10: 0.0133 ndcg@20: 0.0174 ndcg@40: 0.0227 ] 
2024-11-22 11:26:30,369 - Validation score increased.  Copying the best model ...
2024-11-22 11:26:48,893 - Epoch  12 Test set [recall@10: 0.0266 recall@20: 0.0432 recall@40: 0.0706 ] Test set [ndcg@10: 0.0135 ndcg@20: 0.0177 ndcg@40: 0.0232 ] 
2024-11-22 11:26:48,893 - Validation score increased.  Copying the best model ...
2024-11-22 11:27:07,699 - Epoch  15 Test set [recall@10: 0.0271 recall@20: 0.0444 recall@40: 0.0713 ] Test set [ndcg@10: 0.0138 ndcg@20: 0.0181 ndcg@40: 0.0236 ] 
2024-11-22 11:27:07,700 - Validation score increased.  Copying the best model ...
2024-11-22 11:27:26,448 - Epoch  18 Test set [recall@10: 0.0281 recall@20: 0.0442 recall@40: 0.0737 ] Test set [ndcg@10: 0.0143 ndcg@20: 0.0184 ndcg@40: 0.0244 ] 
2024-11-22 11:27:26,449 - Validation score increased.  Copying the best model ...
2024-11-22 11:27:45,238 - Epoch  21 Test set [recall@10: 0.0275 recall@20: 0.0456 recall@40: 0.0740 ] Test set [ndcg@10: 0.0143 ndcg@20: 0.0188 ndcg@40: 0.0246 ] 
2024-11-22 11:27:45,238 - Early stop counter: 1 out of 5
2024-11-22 11:28:03,764 - Epoch  24 Test set [recall@10: 0.0291 recall@20: 0.0477 recall@40: 0.0762 ] Test set [ndcg@10: 0.0149 ndcg@20: 0.0196 ndcg@40: 0.0254 ] 
2024-11-22 11:28:03,765 - Validation score increased.  Copying the best model ...
2024-11-22 11:28:22,568 - Epoch  27 Test set [recall@10: 0.0297 recall@20: 0.0484 recall@40: 0.0776 ] Test set [ndcg@10: 0.0152 ndcg@20: 0.0200 ndcg@40: 0.0259 ] 
2024-11-22 11:28:22,568 - Validation score increased.  Copying the best model ...
2024-11-22 11:28:41,276 - Epoch  30 Test set [recall@10: 0.0300 recall@20: 0.0481 recall@40: 0.0788 ] Test set [ndcg@10: 0.0154 ndcg@20: 0.0200 ndcg@40: 0.0262 ] 
2024-11-22 11:28:41,276 - Validation score increased.  Copying the best model ...
2024-11-22 11:29:00,000 - Epoch  33 Test set [recall@10: 0.0298 recall@20: 0.0484 recall@40: 0.0781 ] Test set [ndcg@10: 0.0155 ndcg@20: 0.0201 ndcg@40: 0.0262 ] 
2024-11-22 11:29:00,000 - Early stop counter: 1 out of 5
2024-11-22 11:29:18,621 - Epoch  36 Test set [recall@10: 0.0302 recall@20: 0.0490 recall@40: 0.0788 ] Test set [ndcg@10: 0.0155 ndcg@20: 0.0203 ndcg@40: 0.0263 ] 
2024-11-22 11:29:18,622 - Validation score increased.  Copying the best model ...
2024-11-22 11:29:37,418 - Epoch  39 Test set [recall@10: 0.0310 recall@20: 0.0494 recall@40: 0.0791 ] Test set [ndcg@10: 0.0160 ndcg@20: 0.0207 ndcg@40: 0.0267 ] 
2024-11-22 11:29:37,418 - Validation score increased.  Copying the best model ...
2024-11-22 11:29:55,949 - Epoch  42 Test set [recall@10: 0.0311 recall@20: 0.0495 recall@40: 0.0793 ] Test set [ndcg@10: 0.0161 ndcg@20: 0.0207 ndcg@40: 0.0268 ] 
2024-11-22 11:29:55,950 - Validation score increased.  Copying the best model ...
2024-11-22 11:30:14,574 - Epoch  45 Test set [recall@10: 0.0309 recall@20: 0.0497 recall@40: 0.0797 ] Test set [ndcg@10: 0.0160 ndcg@20: 0.0207 ndcg@40: 0.0268 ] 
2024-11-22 11:30:14,575 - Early stop counter: 1 out of 5
2024-11-22 11:30:32,925 - Epoch  48 Test set [recall@10: 0.0306 recall@20: 0.0501 recall@40: 0.0799 ] Test set [ndcg@10: 0.0157 ndcg@20: 0.0206 ndcg@40: 0.0266 ] 
2024-11-22 11:30:32,925 - Early stop counter: 2 out of 5
2024-11-22 11:30:51,402 - Epoch  51 Test set [recall@10: 0.0308 recall@20: 0.0501 recall@40: 0.0801 ] Test set [ndcg@10: 0.0157 ndcg@20: 0.0205 ndcg@40: 0.0266 ] 
2024-11-22 11:30:51,402 - Early stop counter: 3 out of 5
2024-11-22 11:31:09,667 - Epoch  54 Test set [recall@10: 0.0312 recall@20: 0.0499 recall@40: 0.0799 ] Test set [ndcg@10: 0.0159 ndcg@20: 0.0206 ndcg@40: 0.0267 ] 
2024-11-22 11:31:09,668 - Validation score increased.  Copying the best model ...
2024-11-22 11:31:27,988 - Epoch  57 Test set [recall@10: 0.0315 recall@20: 0.0504 recall@40: 0.0795 ] Test set [ndcg@10: 0.0161 ndcg@20: 0.0209 ndcg@40: 0.0268 ] 
2024-11-22 11:31:27,989 - Validation score increased.  Copying the best model ...
2024-11-22 11:31:46,271 - Epoch  60 Test set [recall@10: 0.0314 recall@20: 0.0514 recall@40: 0.0797 ] Test set [ndcg@10: 0.0161 ndcg@20: 0.0211 ndcg@40: 0.0269 ] 
2024-11-22 11:31:46,272 - Early stop counter: 1 out of 5
2024-11-22 11:32:04,860 - Epoch  63 Test set [recall@10: 0.0311 recall@20: 0.0507 recall@40: 0.0797 ] Test set [ndcg@10: 0.0160 ndcg@20: 0.0209 ndcg@40: 0.0268 ] 
2024-11-22 11:32:04,860 - Early stop counter: 2 out of 5
2024-11-22 11:32:23,350 - Epoch  66 Test set [recall@10: 0.0314 recall@20: 0.0506 recall@40: 0.0794 ] Test set [ndcg@10: 0.0160 ndcg@20: 0.0209 ndcg@40: 0.0267 ] 
2024-11-22 11:32:23,350 - Early stop counter: 3 out of 5
2024-11-22 11:32:42,215 - Epoch  69 Test set [recall@10: 0.0312 recall@20: 0.0506 recall@40: 0.0802 ] Test set [ndcg@10: 0.0161 ndcg@20: 0.0209 ndcg@40: 0.0270 ] 
2024-11-22 11:32:42,215 - Early stop counter: 4 out of 5
2024-11-22 11:33:00,859 - Epoch  72 Test set [recall@10: 0.0306 recall@20: 0.0503 recall@40: 0.0806 ] Test set [ndcg@10: 0.0158 ndcg@20: 0.0207 ndcg@40: 0.0269 ] 
2024-11-22 11:33:00,859 - Early stop counter: 5 out of 5
2024-11-22 11:33:00,859 - Best Epoch 57
2024-11-22 11:33:14,453 - Test set [recall@10: 0.0315 recall@20: 0.0504 recall@40: 0.0795 ] Test set [ndcg@10: 0.0161 ndcg@20: 0.0209 ndcg@40: 0.0268 ] 
2024-11-22 11:33:28,249 - Test set [recall@10: 0.0315 recall@20: 0.0504 recall@40: 0.0795 ] Test set [ndcg@10: 0.0161 ndcg@20: 0.0209 ndcg@40: 0.0268 ] 
2024-11-22 11:33:28,287 - hyperparameter: {'layer_num': 2, 'reg_weight': 1e-08}
2024-11-22 11:33:43,869 - Epoch   0 Test set [recall@10: 0.0205 recall@20: 0.0342 recall@40: 0.0555 ] Test set [ndcg@10: 0.0105 ndcg@20: 0.0139 ndcg@40: 0.0183 ] 
2024-11-22 11:33:43,870 - Validation score increased.  Copying the best model ...
2024-11-22 11:34:02,424 - Epoch   3 Test set [recall@10: 0.0224 recall@20: 0.0376 recall@40: 0.0615 ] Test set [ndcg@10: 0.0116 ndcg@20: 0.0154 ndcg@40: 0.0202 ] 
2024-11-22 11:34:02,425 - Validation score increased.  Copying the best model ...
2024-11-22 11:34:21,122 - Epoch   6 Test set [recall@10: 0.0245 recall@20: 0.0404 recall@40: 0.0662 ] Test set [ndcg@10: 0.0126 ndcg@20: 0.0165 ndcg@40: 0.0218 ] 
2024-11-22 11:34:21,122 - Validation score increased.  Copying the best model ...
2024-11-22 11:34:39,710 - Epoch   9 Test set [recall@10: 0.0261 recall@20: 0.0426 recall@40: 0.0687 ] Test set [ndcg@10: 0.0133 ndcg@20: 0.0174 ndcg@40: 0.0227 ] 
2024-11-22 11:34:39,711 - Validation score increased.  Copying the best model ...
2024-11-22 11:34:58,366 - Epoch  12 Test set [recall@10: 0.0264 recall@20: 0.0431 recall@40: 0.0703 ] Test set [ndcg@10: 0.0135 ndcg@20: 0.0177 ndcg@40: 0.0232 ] 
2024-11-22 11:34:58,367 - Validation score increased.  Copying the best model ...
2024-11-22 11:35:17,150 - Epoch  15 Test set [recall@10: 0.0272 recall@20: 0.0443 recall@40: 0.0715 ] Test set [ndcg@10: 0.0138 ndcg@20: 0.0181 ndcg@40: 0.0236 ] 
2024-11-22 11:35:17,150 - Validation score increased.  Copying the best model ...
2024-11-22 11:35:35,700 - Epoch  18 Test set [recall@10: 0.0282 recall@20: 0.0441 recall@40: 0.0733 ] Test set [ndcg@10: 0.0143 ndcg@20: 0.0183 ndcg@40: 0.0243 ] 
2024-11-22 11:35:35,701 - Validation score increased.  Copying the best model ...
2024-11-22 11:35:54,406 - Epoch  21 Test set [recall@10: 0.0275 recall@20: 0.0456 recall@40: 0.0736 ] Test set [ndcg@10: 0.0142 ndcg@20: 0.0188 ndcg@40: 0.0245 ] 
2024-11-22 11:35:54,407 - Early stop counter: 1 out of 5
2024-11-22 11:36:12,830 - Epoch  24 Test set [recall@10: 0.0291 recall@20: 0.0475 recall@40: 0.0758 ] Test set [ndcg@10: 0.0148 ndcg@20: 0.0194 ndcg@40: 0.0252 ] 
2024-11-22 11:36:12,831 - Validation score increased.  Copying the best model ...
2024-11-22 11:36:31,324 - Epoch  27 Test set [recall@10: 0.0297 recall@20: 0.0484 recall@40: 0.0771 ] Test set [ndcg@10: 0.0152 ndcg@20: 0.0199 ndcg@40: 0.0257 ] 
2024-11-22 11:36:31,325 - Validation score increased.  Copying the best model ...
2024-11-22 11:36:49,715 - Epoch  30 Test set [recall@10: 0.0299 recall@20: 0.0479 recall@40: 0.0783 ] Test set [ndcg@10: 0.0154 ndcg@20: 0.0200 ndcg@40: 0.0261 ] 
2024-11-22 11:36:49,716 - Validation score increased.  Copying the best model ...
2024-11-22 11:37:08,282 - Epoch  33 Test set [recall@10: 0.0299 recall@20: 0.0482 recall@40: 0.0775 ] Test set [ndcg@10: 0.0154 ndcg@20: 0.0200 ndcg@40: 0.0260 ] 
2024-11-22 11:37:08,282 - Early stop counter: 1 out of 5
2024-11-22 11:37:27,162 - Epoch  36 Test set [recall@10: 0.0302 recall@20: 0.0485 recall@40: 0.0780 ] Test set [ndcg@10: 0.0155 ndcg@20: 0.0201 ndcg@40: 0.0261 ] 
2024-11-22 11:37:27,163 - Validation score increased.  Copying the best model ...
2024-11-22 11:37:46,143 - Epoch  39 Test set [recall@10: 0.0311 recall@20: 0.0491 recall@40: 0.0782 ] Test set [ndcg@10: 0.0160 ndcg@20: 0.0205 ndcg@40: 0.0264 ] 
2024-11-22 11:37:46,144 - Validation score increased.  Copying the best model ...
2024-11-22 11:38:04,823 - Epoch  42 Test set [recall@10: 0.0311 recall@20: 0.0489 recall@40: 0.0780 ] Test set [ndcg@10: 0.0160 ndcg@20: 0.0205 ndcg@40: 0.0264 ] 
2024-11-22 11:38:04,823 - Early stop counter: 1 out of 5
2024-11-22 11:38:23,532 - Epoch  45 Test set [recall@10: 0.0306 recall@20: 0.0495 recall@40: 0.0783 ] Test set [ndcg@10: 0.0158 ndcg@20: 0.0206 ndcg@40: 0.0264 ] 
2024-11-22 11:38:23,533 - Early stop counter: 2 out of 5
2024-11-22 11:38:42,118 - Epoch  48 Test set [recall@10: 0.0304 recall@20: 0.0490 recall@40: 0.0787 ] Test set [ndcg@10: 0.0156 ndcg@20: 0.0203 ndcg@40: 0.0263 ] 
2024-11-22 11:38:42,118 - Early stop counter: 3 out of 5
2024-11-22 11:39:00,921 - Epoch  51 Test set [recall@10: 0.0307 recall@20: 0.0494 recall@40: 0.0785 ] Test set [ndcg@10: 0.0155 ndcg@20: 0.0202 ndcg@40: 0.0261 ] 
2024-11-22 11:39:00,921 - Early stop counter: 4 out of 5
2024-11-22 11:39:19,573 - Epoch  54 Test set [recall@10: 0.0303 recall@20: 0.0487 recall@40: 0.0785 ] Test set [ndcg@10: 0.0156 ndcg@20: 0.0202 ndcg@40: 0.0263 ] 
2024-11-22 11:39:19,573 - Early stop counter: 5 out of 5
2024-11-22 11:39:19,573 - Best Epoch 39
2024-11-22 11:39:33,315 - Test set [recall@10: 0.0311 recall@20: 0.0491 recall@40: 0.0782 ] Test set [ndcg@10: 0.0160 ndcg@20: 0.0205 ndcg@40: 0.0264 ] 
2024-11-22 11:39:47,203 - Test set [recall@10: 0.0311 recall@20: 0.0491 recall@40: 0.0782 ] Test set [ndcg@10: 0.0160 ndcg@20: 0.0205 ndcg@40: 0.0264 ] 
2024-11-22 11:39:47,240 - hyperparameter: {'layer_num': 3, 'reg_weight': 1e-06}
2024-11-22 11:40:03,013 - Epoch   0 Test set [recall@10: 0.0196 recall@20: 0.0337 recall@40: 0.0558 ] Test set [ndcg@10: 0.0101 ndcg@20: 0.0136 ndcg@40: 0.0181 ] 
2024-11-22 11:40:03,014 - Validation score increased.  Copying the best model ...
2024-11-22 11:40:22,835 - Epoch   3 Test set [recall@10: 0.0228 recall@20: 0.0386 recall@40: 0.0644 ] Test set [ndcg@10: 0.0117 ndcg@20: 0.0157 ndcg@40: 0.0209 ] 
2024-11-22 11:40:22,836 - Validation score increased.  Copying the best model ...
2024-11-22 11:40:42,655 - Epoch   6 Test set [recall@10: 0.0245 recall@20: 0.0404 recall@40: 0.0671 ] Test set [ndcg@10: 0.0125 ndcg@20: 0.0165 ndcg@40: 0.0219 ] 
2024-11-22 11:40:42,656 - Validation score increased.  Copying the best model ...
2024-11-22 11:41:02,389 - Epoch   9 Test set [recall@10: 0.0255 recall@20: 0.0424 recall@40: 0.0688 ] Test set [ndcg@10: 0.0130 ndcg@20: 0.0173 ndcg@40: 0.0226 ] 
2024-11-22 11:41:02,390 - Validation score increased.  Copying the best model ...
2024-11-22 11:41:21,991 - Epoch  12 Test set [recall@10: 0.0263 recall@20: 0.0436 recall@40: 0.0710 ] Test set [ndcg@10: 0.0134 ndcg@20: 0.0178 ndcg@40: 0.0234 ] 
2024-11-22 11:41:21,991 - Validation score increased.  Copying the best model ...
2024-11-22 11:41:41,516 - Epoch  15 Test set [recall@10: 0.0273 recall@20: 0.0448 recall@40: 0.0732 ] Test set [ndcg@10: 0.0140 ndcg@20: 0.0183 ndcg@40: 0.0241 ] 
2024-11-22 11:41:41,517 - Validation score increased.  Copying the best model ...
2024-11-22 11:42:00,982 - Epoch  18 Test set [recall@10: 0.0284 recall@20: 0.0451 recall@40: 0.0743 ] Test set [ndcg@10: 0.0145 ndcg@20: 0.0187 ndcg@40: 0.0246 ] 
2024-11-22 11:42:00,982 - Validation score increased.  Copying the best model ...
2024-11-22 11:42:20,538 - Epoch  21 Test set [recall@10: 0.0281 recall@20: 0.0461 recall@40: 0.0751 ] Test set [ndcg@10: 0.0145 ndcg@20: 0.0191 ndcg@40: 0.0250 ] 
2024-11-22 11:42:20,538 - Early stop counter: 1 out of 5
2024-11-22 11:42:39,968 - Epoch  24 Test set [recall@10: 0.0297 recall@20: 0.0483 recall@40: 0.0780 ] Test set [ndcg@10: 0.0152 ndcg@20: 0.0199 ndcg@40: 0.0259 ] 
2024-11-22 11:42:39,969 - Validation score increased.  Copying the best model ...
2024-11-22 11:42:59,672 - Epoch  27 Test set [recall@10: 0.0298 recall@20: 0.0495 recall@40: 0.0791 ] Test set [ndcg@10: 0.0155 ndcg@20: 0.0204 ndcg@40: 0.0265 ] 
2024-11-22 11:42:59,672 - Validation score increased.  Copying the best model ...
2024-11-22 11:43:19,274 - Epoch  30 Test set [recall@10: 0.0309 recall@20: 0.0498 recall@40: 0.0794 ] Test set [ndcg@10: 0.0158 ndcg@20: 0.0206 ndcg@40: 0.0266 ] 
2024-11-22 11:43:19,275 - Validation score increased.  Copying the best model ...
2024-11-22 11:43:38,516 - Epoch  33 Test set [recall@10: 0.0317 recall@20: 0.0499 recall@40: 0.0806 ] Test set [ndcg@10: 0.0161 ndcg@20: 0.0207 ndcg@40: 0.0270 ] 
2024-11-22 11:43:38,517 - Validation score increased.  Copying the best model ...
2024-11-22 11:43:57,964 - Epoch  36 Test set [recall@10: 0.0322 recall@20: 0.0506 recall@40: 0.0819 ] Test set [ndcg@10: 0.0163 ndcg@20: 0.0209 ndcg@40: 0.0273 ] 
2024-11-22 11:43:57,964 - Validation score increased.  Copying the best model ...
2024-11-22 11:44:17,536 - Epoch  39 Test set [recall@10: 0.0326 recall@20: 0.0520 recall@40: 0.0822 ] Test set [ndcg@10: 0.0166 ndcg@20: 0.0215 ndcg@40: 0.0276 ] 
2024-11-22 11:44:17,537 - Validation score increased.  Copying the best model ...
2024-11-22 11:44:36,919 - Epoch  42 Test set [recall@10: 0.0322 recall@20: 0.0516 recall@40: 0.0836 ] Test set [ndcg@10: 0.0167 ndcg@20: 0.0215 ndcg@40: 0.0280 ] 
2024-11-22 11:44:36,919 - Early stop counter: 1 out of 5
2024-11-22 11:44:56,449 - Epoch  45 Test set [recall@10: 0.0322 recall@20: 0.0512 recall@40: 0.0829 ] Test set [ndcg@10: 0.0165 ndcg@20: 0.0212 ndcg@40: 0.0277 ] 
2024-11-22 11:44:56,450 - Early stop counter: 2 out of 5
2024-11-22 11:45:15,789 - Epoch  48 Test set [recall@10: 0.0327 recall@20: 0.0510 recall@40: 0.0830 ] Test set [ndcg@10: 0.0166 ndcg@20: 0.0212 ndcg@40: 0.0277 ] 
2024-11-22 11:45:15,790 - Validation score increased.  Copying the best model ...
2024-11-22 11:45:35,321 - Epoch  51 Test set [recall@10: 0.0329 recall@20: 0.0527 recall@40: 0.0836 ] Test set [ndcg@10: 0.0165 ndcg@20: 0.0215 ndcg@40: 0.0278 ] 
2024-11-22 11:45:35,321 - Validation score increased.  Copying the best model ...
2024-11-22 11:45:54,904 - Epoch  54 Test set [recall@10: 0.0329 recall@20: 0.0531 recall@40: 0.0839 ] Test set [ndcg@10: 0.0168 ndcg@20: 0.0219 ndcg@40: 0.0281 ] 
2024-11-22 11:45:54,904 - Early stop counter: 1 out of 5
2024-11-22 11:46:14,325 - Epoch  57 Test set [recall@10: 0.0330 recall@20: 0.0530 recall@40: 0.0834 ] Test set [ndcg@10: 0.0167 ndcg@20: 0.0218 ndcg@40: 0.0279 ] 
2024-11-22 11:46:14,325 - Validation score increased.  Copying the best model ...
2024-11-22 11:46:33,715 - Epoch  60 Test set [recall@10: 0.0332 recall@20: 0.0534 recall@40: 0.0847 ] Test set [ndcg@10: 0.0169 ndcg@20: 0.0220 ndcg@40: 0.0283 ] 
2024-11-22 11:46:33,715 - Validation score increased.  Copying the best model ...
2024-11-22 11:46:53,161 - Epoch  63 Test set [recall@10: 0.0334 recall@20: 0.0532 recall@40: 0.0855 ] Test set [ndcg@10: 0.0170 ndcg@20: 0.0220 ndcg@40: 0.0286 ] 
2024-11-22 11:46:53,162 - Validation score increased.  Copying the best model ...
2024-11-22 11:47:12,608 - Epoch  66 Test set [recall@10: 0.0328 recall@20: 0.0530 recall@40: 0.0864 ] Test set [ndcg@10: 0.0169 ndcg@20: 0.0220 ndcg@40: 0.0288 ] 
2024-11-22 11:47:12,608 - Early stop counter: 1 out of 5
2024-11-22 11:47:32,384 - Epoch  69 Test set [recall@10: 0.0327 recall@20: 0.0530 recall@40: 0.0861 ] Test set [ndcg@10: 0.0169 ndcg@20: 0.0220 ndcg@40: 0.0288 ] 
2024-11-22 11:47:32,385 - Early stop counter: 2 out of 5
2024-11-22 11:47:51,683 - Epoch  72 Test set [recall@10: 0.0324 recall@20: 0.0530 recall@40: 0.0864 ] Test set [ndcg@10: 0.0168 ndcg@20: 0.0220 ndcg@40: 0.0288 ] 
2024-11-22 11:47:51,683 - Early stop counter: 3 out of 5
2024-11-22 11:48:11,046 - Epoch  75 Test set [recall@10: 0.0327 recall@20: 0.0538 recall@40: 0.0863 ] Test set [ndcg@10: 0.0168 ndcg@20: 0.0222 ndcg@40: 0.0288 ] 
2024-11-22 11:48:11,046 - Early stop counter: 4 out of 5
2024-11-22 11:48:30,641 - Epoch  78 Test set [recall@10: 0.0326 recall@20: 0.0541 recall@40: 0.0862 ] Test set [ndcg@10: 0.0169 ndcg@20: 0.0223 ndcg@40: 0.0288 ] 
2024-11-22 11:48:30,641 - Early stop counter: 5 out of 5
2024-11-22 11:48:30,641 - Best Epoch 63
2024-11-22 11:48:44,340 - Test set [recall@10: 0.0334 recall@20: 0.0532 recall@40: 0.0855 ] Test set [ndcg@10: 0.0170 ndcg@20: 0.0220 ndcg@40: 0.0286 ] 
2024-11-22 11:48:57,856 - Test set [recall@10: 0.0334 recall@20: 0.0532 recall@40: 0.0855 ] Test set [ndcg@10: 0.0170 ndcg@20: 0.0220 ndcg@40: 0.0286 ] 
2024-11-22 11:48:57,893 - hyperparameter: {'layer_num': 3, 'reg_weight': 1e-07}
2024-11-22 11:49:14,049 - Epoch   0 Test set [recall@10: 0.0196 recall@20: 0.0337 recall@40: 0.0558 ] Test set [ndcg@10: 0.0101 ndcg@20: 0.0136 ndcg@40: 0.0181 ] 
2024-11-22 11:49:14,049 - Validation score increased.  Copying the best model ...
2024-11-22 11:49:33,998 - Epoch   3 Test set [recall@10: 0.0229 recall@20: 0.0386 recall@40: 0.0644 ] Test set [ndcg@10: 0.0118 ndcg@20: 0.0157 ndcg@40: 0.0209 ] 
2024-11-22 11:49:33,998 - Validation score increased.  Copying the best model ...
2024-11-22 11:49:54,245 - Epoch   6 Test set [recall@10: 0.0247 recall@20: 0.0406 recall@40: 0.0675 ] Test set [ndcg@10: 0.0126 ndcg@20: 0.0166 ndcg@40: 0.0220 ] 
2024-11-22 11:49:54,246 - Validation score increased.  Copying the best model ...
2024-11-22 11:50:14,216 - Epoch   9 Test set [recall@10: 0.0255 recall@20: 0.0426 recall@40: 0.0685 ] Test set [ndcg@10: 0.0130 ndcg@20: 0.0173 ndcg@40: 0.0226 ] 
2024-11-22 11:50:14,216 - Validation score increased.  Copying the best model ...
2024-11-22 11:50:34,025 - Epoch  12 Test set [recall@10: 0.0262 recall@20: 0.0435 recall@40: 0.0706 ] Test set [ndcg@10: 0.0135 ndcg@20: 0.0178 ndcg@40: 0.0233 ] 
2024-11-22 11:50:34,025 - Validation score increased.  Copying the best model ...
2024-11-22 11:50:54,123 - Epoch  15 Test set [recall@10: 0.0273 recall@20: 0.0450 recall@40: 0.0721 ] Test set [ndcg@10: 0.0140 ndcg@20: 0.0184 ndcg@40: 0.0240 ] 
2024-11-22 11:50:54,123 - Validation score increased.  Copying the best model ...
2024-11-22 11:51:13,779 - Epoch  18 Test set [recall@10: 0.0282 recall@20: 0.0449 recall@40: 0.0730 ] Test set [ndcg@10: 0.0144 ndcg@20: 0.0186 ndcg@40: 0.0243 ] 
2024-11-22 11:51:13,779 - Validation score increased.  Copying the best model ...
2024-11-22 11:51:32,969 - Epoch  21 Test set [recall@10: 0.0279 recall@20: 0.0465 recall@40: 0.0744 ] Test set [ndcg@10: 0.0146 ndcg@20: 0.0192 ndcg@40: 0.0249 ] 
2024-11-22 11:51:32,969 - Early stop counter: 1 out of 5
2024-11-22 11:51:52,623 - Epoch  24 Test set [recall@10: 0.0297 recall@20: 0.0481 recall@40: 0.0765 ] Test set [ndcg@10: 0.0151 ndcg@20: 0.0197 ndcg@40: 0.0255 ] 
2024-11-22 11:51:52,624 - Validation score increased.  Copying the best model ...
2024-11-22 11:52:12,204 - Epoch  27 Test set [recall@10: 0.0293 recall@20: 0.0493 recall@40: 0.0784 ] Test set [ndcg@10: 0.0153 ndcg@20: 0.0203 ndcg@40: 0.0262 ] 
2024-11-22 11:52:12,204 - Early stop counter: 1 out of 5
2024-11-22 11:52:31,614 - Epoch  30 Test set [recall@10: 0.0304 recall@20: 0.0495 recall@40: 0.0783 ] Test set [ndcg@10: 0.0156 ndcg@20: 0.0204 ndcg@40: 0.0263 ] 
2024-11-22 11:52:31,615 - Validation score increased.  Copying the best model ...
2024-11-22 11:52:51,253 - Epoch  33 Test set [recall@10: 0.0310 recall@20: 0.0497 recall@40: 0.0779 ] Test set [ndcg@10: 0.0160 ndcg@20: 0.0206 ndcg@40: 0.0264 ] 
2024-11-22 11:52:51,254 - Validation score increased.  Copying the best model ...
2024-11-22 11:53:10,766 - Epoch  36 Test set [recall@10: 0.0310 recall@20: 0.0497 recall@40: 0.0787 ] Test set [ndcg@10: 0.0159 ndcg@20: 0.0206 ndcg@40: 0.0265 ] 
2024-11-22 11:53:10,766 - Early stop counter: 1 out of 5
2024-11-22 11:53:30,289 - Epoch  39 Test set [recall@10: 0.0318 recall@20: 0.0505 recall@40: 0.0798 ] Test set [ndcg@10: 0.0164 ndcg@20: 0.0210 ndcg@40: 0.0270 ] 
2024-11-22 11:53:30,289 - Validation score increased.  Copying the best model ...
2024-11-22 11:53:49,463 - Epoch  42 Test set [recall@10: 0.0307 recall@20: 0.0498 recall@40: 0.0795 ] Test set [ndcg@10: 0.0160 ndcg@20: 0.0207 ndcg@40: 0.0268 ] 
2024-11-22 11:53:49,464 - Early stop counter: 1 out of 5
2024-11-22 11:54:08,945 - Epoch  45 Test set [recall@10: 0.0315 recall@20: 0.0495 recall@40: 0.0793 ] Test set [ndcg@10: 0.0161 ndcg@20: 0.0206 ndcg@40: 0.0267 ] 
2024-11-22 11:54:08,945 - Early stop counter: 2 out of 5
2024-11-22 11:54:28,415 - Epoch  48 Test set [recall@10: 0.0311 recall@20: 0.0501 recall@40: 0.0790 ] Test set [ndcg@10: 0.0159 ndcg@20: 0.0207 ndcg@40: 0.0266 ] 
2024-11-22 11:54:28,415 - Early stop counter: 3 out of 5
2024-11-22 11:54:48,121 - Epoch  51 Test set [recall@10: 0.0317 recall@20: 0.0498 recall@40: 0.0788 ] Test set [ndcg@10: 0.0160 ndcg@20: 0.0206 ndcg@40: 0.0265 ] 
2024-11-22 11:54:48,121 - Early stop counter: 4 out of 5
2024-11-22 11:55:07,886 - Epoch  54 Test set [recall@10: 0.0319 recall@20: 0.0499 recall@40: 0.0778 ] Test set [ndcg@10: 0.0162 ndcg@20: 0.0207 ndcg@40: 0.0264 ] 
2024-11-22 11:55:07,887 - Validation score increased.  Copying the best model ...
2024-11-22 11:55:27,465 - Epoch  57 Test set [recall@10: 0.0320 recall@20: 0.0496 recall@40: 0.0781 ] Test set [ndcg@10: 0.0162 ndcg@20: 0.0206 ndcg@40: 0.0264 ] 
2024-11-22 11:55:27,465 - Validation score increased.  Copying the best model ...
2024-11-22 11:55:47,284 - Epoch  60 Test set [recall@10: 0.0326 recall@20: 0.0506 recall@40: 0.0790 ] Test set [ndcg@10: 0.0165 ndcg@20: 0.0211 ndcg@40: 0.0268 ] 
2024-11-22 11:55:47,285 - Validation score increased.  Copying the best model ...
2024-11-22 11:56:08,013 - Epoch  63 Test set [recall@10: 0.0320 recall@20: 0.0498 recall@40: 0.0786 ] Test set [ndcg@10: 0.0164 ndcg@20: 0.0209 ndcg@40: 0.0267 ] 
2024-11-22 11:56:08,013 - Early stop counter: 1 out of 5
2024-11-22 11:56:28,702 - Epoch  66 Test set [recall@10: 0.0315 recall@20: 0.0501 recall@40: 0.0783 ] Test set [ndcg@10: 0.0162 ndcg@20: 0.0208 ndcg@40: 0.0266 ] 
2024-11-22 11:56:28,702 - Early stop counter: 2 out of 5
2024-11-22 11:56:48,850 - Epoch  69 Test set [recall@10: 0.0308 recall@20: 0.0498 recall@40: 0.0783 ] Test set [ndcg@10: 0.0158 ndcg@20: 0.0206 ndcg@40: 0.0264 ] 
2024-11-22 11:56:48,850 - Early stop counter: 3 out of 5
2024-11-22 11:57:08,316 - Epoch  72 Test set [recall@10: 0.0304 recall@20: 0.0492 recall@40: 0.0777 ] Test set [ndcg@10: 0.0155 ndcg@20: 0.0202 ndcg@40: 0.0260 ] 
2024-11-22 11:57:08,317 - Early stop counter: 4 out of 5
2024-11-22 11:57:27,990 - Epoch  75 Test set [recall@10: 0.0304 recall@20: 0.0500 recall@40: 0.0786 ] Test set [ndcg@10: 0.0155 ndcg@20: 0.0204 ndcg@40: 0.0262 ] 
2024-11-22 11:57:27,990 - Early stop counter: 5 out of 5
2024-11-22 11:57:27,990 - Best Epoch 60
2024-11-22 11:57:41,977 - Test set [recall@10: 0.0326 recall@20: 0.0506 recall@40: 0.0790 ] Test set [ndcg@10: 0.0165 ndcg@20: 0.0211 ndcg@40: 0.0268 ] 
2024-11-22 11:57:55,795 - Test set [recall@10: 0.0326 recall@20: 0.0506 recall@40: 0.0790 ] Test set [ndcg@10: 0.0165 ndcg@20: 0.0211 ndcg@40: 0.0268 ] 
2024-11-22 11:57:55,835 - hyperparameter: {'layer_num': 3, 'reg_weight': 1e-08}
2024-11-22 11:58:11,646 - Epoch   0 Test set [recall@10: 0.0196 recall@20: 0.0337 recall@40: 0.0558 ] Test set [ndcg@10: 0.0101 ndcg@20: 0.0136 ndcg@40: 0.0181 ] 
2024-11-22 11:58:11,647 - Validation score increased.  Copying the best model ...
2024-11-22 11:58:31,348 - Epoch   3 Test set [recall@10: 0.0229 recall@20: 0.0386 recall@40: 0.0644 ] Test set [ndcg@10: 0.0118 ndcg@20: 0.0157 ndcg@40: 0.0210 ] 
2024-11-22 11:58:31,349 - Validation score increased.  Copying the best model ...
2024-11-22 11:58:50,735 - Epoch   6 Test set [recall@10: 0.0247 recall@20: 0.0405 recall@40: 0.0674 ] Test set [ndcg@10: 0.0126 ndcg@20: 0.0166 ndcg@40: 0.0220 ] 
2024-11-22 11:58:50,736 - Validation score increased.  Copying the best model ...
2024-11-22 11:59:10,527 - Epoch   9 Test set [recall@10: 0.0256 recall@20: 0.0426 recall@40: 0.0684 ] Test set [ndcg@10: 0.0130 ndcg@20: 0.0173 ndcg@40: 0.0226 ] 
2024-11-22 11:59:10,527 - Validation score increased.  Copying the best model ...
2024-11-22 11:59:30,311 - Epoch  12 Test set [recall@10: 0.0261 recall@20: 0.0434 recall@40: 0.0706 ] Test set [ndcg@10: 0.0134 ndcg@20: 0.0178 ndcg@40: 0.0233 ] 
2024-11-22 11:59:30,311 - Validation score increased.  Copying the best model ...
2024-11-22 11:59:49,785 - Epoch  15 Test set [recall@10: 0.0273 recall@20: 0.0450 recall@40: 0.0718 ] Test set [ndcg@10: 0.0140 ndcg@20: 0.0185 ndcg@40: 0.0239 ] 
2024-11-22 11:59:49,785 - Validation score increased.  Copying the best model ...
2024-11-22 12:00:09,140 - Epoch  18 Test set [recall@10: 0.0280 recall@20: 0.0450 recall@40: 0.0728 ] Test set [ndcg@10: 0.0144 ndcg@20: 0.0187 ndcg@40: 0.0243 ] 
2024-11-22 12:00:09,141 - Validation score increased.  Copying the best model ...
2024-11-22 12:00:28,449 - Epoch  21 Test set [recall@10: 0.0279 recall@20: 0.0465 recall@40: 0.0744 ] Test set [ndcg@10: 0.0146 ndcg@20: 0.0192 ndcg@40: 0.0249 ] 
2024-11-22 12:00:28,449 - Early stop counter: 1 out of 5
2024-11-22 12:00:48,542 - Epoch  24 Test set [recall@10: 0.0298 recall@20: 0.0481 recall@40: 0.0765 ] Test set [ndcg@10: 0.0151 ndcg@20: 0.0197 ndcg@40: 0.0255 ] 
2024-11-22 12:00:48,543 - Validation score increased.  Copying the best model ...
2024-11-22 12:01:07,745 - Epoch  27 Test set [recall@10: 0.0291 recall@20: 0.0492 recall@40: 0.0780 ] Test set [ndcg@10: 0.0152 ndcg@20: 0.0203 ndcg@40: 0.0261 ] 
2024-11-22 12:01:07,745 - Early stop counter: 1 out of 5
2024-11-22 12:01:27,228 - Epoch  30 Test set [recall@10: 0.0303 recall@20: 0.0492 recall@40: 0.0777 ] Test set [ndcg@10: 0.0155 ndcg@20: 0.0203 ndcg@40: 0.0261 ] 
2024-11-22 12:01:27,229 - Validation score increased.  Copying the best model ...
2024-11-22 12:01:46,381 - Epoch  33 Test set [recall@10: 0.0308 recall@20: 0.0493 recall@40: 0.0771 ] Test set [ndcg@10: 0.0159 ndcg@20: 0.0205 ndcg@40: 0.0262 ] 
2024-11-22 12:01:46,382 - Validation score increased.  Copying the best model ...
2024-11-22 12:02:05,937 - Epoch  36 Test set [recall@10: 0.0307 recall@20: 0.0492 recall@40: 0.0780 ] Test set [ndcg@10: 0.0159 ndcg@20: 0.0205 ndcg@40: 0.0264 ] 
2024-11-22 12:02:05,937 - Early stop counter: 1 out of 5
2024-11-22 12:02:25,417 - Epoch  39 Test set [recall@10: 0.0314 recall@20: 0.0499 recall@40: 0.0788 ] Test set [ndcg@10: 0.0161 ndcg@20: 0.0207 ndcg@40: 0.0266 ] 
2024-11-22 12:02:25,418 - Validation score increased.  Copying the best model ...
2024-11-22 12:02:45,011 - Epoch  42 Test set [recall@10: 0.0308 recall@20: 0.0495 recall@40: 0.0783 ] Test set [ndcg@10: 0.0159 ndcg@20: 0.0206 ndcg@40: 0.0264 ] 
2024-11-22 12:02:45,011 - Early stop counter: 1 out of 5
2024-11-22 12:03:04,728 - Epoch  45 Test set [recall@10: 0.0309 recall@20: 0.0491 recall@40: 0.0784 ] Test set [ndcg@10: 0.0159 ndcg@20: 0.0205 ndcg@40: 0.0264 ] 
2024-11-22 12:03:04,729 - Early stop counter: 2 out of 5
2024-11-22 12:03:24,500 - Epoch  48 Test set [recall@10: 0.0305 recall@20: 0.0492 recall@40: 0.0775 ] Test set [ndcg@10: 0.0157 ndcg@20: 0.0204 ndcg@40: 0.0262 ] 
2024-11-22 12:03:24,500 - Early stop counter: 3 out of 5
2024-11-22 12:03:44,228 - Epoch  51 Test set [recall@10: 0.0310 recall@20: 0.0492 recall@40: 0.0771 ] Test set [ndcg@10: 0.0158 ndcg@20: 0.0203 ndcg@40: 0.0260 ] 
2024-11-22 12:03:44,228 - Early stop counter: 4 out of 5
2024-11-22 12:04:03,849 - Epoch  54 Test set [recall@10: 0.0315 recall@20: 0.0488 recall@40: 0.0760 ] Test set [ndcg@10: 0.0159 ndcg@20: 0.0203 ndcg@40: 0.0258 ] 
2024-11-22 12:04:03,850 - Validation score increased.  Copying the best model ...
2024-11-22 12:04:23,273 - Epoch  57 Test set [recall@10: 0.0316 recall@20: 0.0486 recall@40: 0.0773 ] Test set [ndcg@10: 0.0159 ndcg@20: 0.0201 ndcg@40: 0.0260 ] 
2024-11-22 12:04:23,274 - Validation score increased.  Copying the best model ...
2024-11-22 12:04:42,972 - Epoch  60 Test set [recall@10: 0.0318 recall@20: 0.0491 recall@40: 0.0772 ] Test set [ndcg@10: 0.0161 ndcg@20: 0.0204 ndcg@40: 0.0262 ] 
2024-11-22 12:04:42,973 - Validation score increased.  Copying the best model ...
2024-11-22 12:05:02,519 - Epoch  63 Test set [recall@10: 0.0310 recall@20: 0.0490 recall@40: 0.0768 ] Test set [ndcg@10: 0.0159 ndcg@20: 0.0204 ndcg@40: 0.0261 ] 
2024-11-22 12:05:02,519 - Early stop counter: 1 out of 5
2024-11-22 12:05:22,034 - Epoch  66 Test set [recall@10: 0.0305 recall@20: 0.0486 recall@40: 0.0760 ] Test set [ndcg@10: 0.0156 ndcg@20: 0.0202 ndcg@40: 0.0258 ] 
2024-11-22 12:05:22,034 - Early stop counter: 2 out of 5
2024-11-22 12:05:41,924 - Epoch  69 Test set [recall@10: 0.0301 recall@20: 0.0478 recall@40: 0.0760 ] Test set [ndcg@10: 0.0154 ndcg@20: 0.0199 ndcg@40: 0.0256 ] 
2024-11-22 12:05:41,924 - Early stop counter: 3 out of 5
2024-11-22 12:06:01,703 - Epoch  72 Test set [recall@10: 0.0293 recall@20: 0.0473 recall@40: 0.0753 ] Test set [ndcg@10: 0.0150 ndcg@20: 0.0195 ndcg@40: 0.0252 ] 
2024-11-22 12:06:01,703 - Early stop counter: 4 out of 5
2024-11-22 12:06:21,382 - Epoch  75 Test set [recall@10: 0.0292 recall@20: 0.0479 recall@40: 0.0756 ] Test set [ndcg@10: 0.0149 ndcg@20: 0.0196 ndcg@40: 0.0252 ] 
2024-11-22 12:06:21,382 - Early stop counter: 5 out of 5
2024-11-22 12:06:21,382 - Best Epoch 60
2024-11-22 12:06:34,758 - Test set [recall@10: 0.0318 recall@20: 0.0491 recall@40: 0.0772 ] Test set [ndcg@10: 0.0161 ndcg@20: 0.0204 ndcg@40: 0.0262 ] 
2024-11-22 12:06:48,275 - Test set [recall@10: 0.0318 recall@20: 0.0491 recall@40: 0.0772 ] Test set [ndcg@10: 0.0161 ndcg@20: 0.0204 ndcg@40: 0.0262 ] 
