2024-11-19 18:52:49,374 - {'optimizer': {'name': 'adam', 'lr': 0.001, 'weight_decay': 0}, 'train': {'epoch': 500, 'batch_size': 4096, 'save_model': False, 'loss': 'pairwise', 'log_loss': False, 'test_step': 3, 'patience': 5, 'reproducible': True, 'seed': 2023, 'early_stop': True}, 'test': {'metrics': ['recall', 'ndcg'], 'k': [10, 20, 40], 'batch_size': 1024}, 'data': {'type': 'social', 'name': 'yelp', 'user_num': 43043, 'item_num': 66576}, 'model': {'name': 'baseline_lightgcn', 'layer_num': 2, 'reg_weight': 1e-08, 'embedding_size': 64}, 'tune': {'enable': False, 'hyperparameters': ['layer_num', 'reg_weight'], 'layer_num': [2, 3], 'reg_weight': [1e-06, 1e-07, 1e-08]}, 'device': 'cuda', 'log': True}
2024-11-19 18:53:05,515 - Epoch   0 Test set [recall@10: 0.0205 recall@20: 0.0342 recall@40: 0.0555 ] Test set [ndcg@10: 0.0105 ndcg@20: 0.0139 ndcg@40: 0.0183 ] 
2024-11-19 18:53:05,516 - Validation score increased.  Copying the best model ...
2024-11-19 18:53:23,773 - Epoch   3 Test set [recall@10: 0.0224 recall@20: 0.0376 recall@40: 0.0615 ] Test set [ndcg@10: 0.0116 ndcg@20: 0.0154 ndcg@40: 0.0202 ] 
2024-11-19 18:53:23,773 - Validation score increased.  Copying the best model ...
2024-11-19 18:53:42,428 - Epoch   6 Test set [recall@10: 0.0245 recall@20: 0.0404 recall@40: 0.0662 ] Test set [ndcg@10: 0.0126 ndcg@20: 0.0165 ndcg@40: 0.0218 ] 
2024-11-19 18:53:42,429 - Validation score increased.  Copying the best model ...
2024-11-19 18:54:00,625 - Epoch   9 Test set [recall@10: 0.0261 recall@20: 0.0426 recall@40: 0.0687 ] Test set [ndcg@10: 0.0133 ndcg@20: 0.0174 ndcg@40: 0.0227 ] 
2024-11-19 18:54:00,626 - Validation score increased.  Copying the best model ...
2024-11-19 18:54:19,447 - Epoch  12 Test set [recall@10: 0.0264 recall@20: 0.0431 recall@40: 0.0703 ] Test set [ndcg@10: 0.0135 ndcg@20: 0.0177 ndcg@40: 0.0232 ] 
2024-11-19 18:54:19,447 - Validation score increased.  Copying the best model ...
2024-11-19 18:54:37,354 - Epoch  15 Test set [recall@10: 0.0272 recall@20: 0.0443 recall@40: 0.0715 ] Test set [ndcg@10: 0.0138 ndcg@20: 0.0181 ndcg@40: 0.0236 ] 
2024-11-19 18:54:37,355 - Validation score increased.  Copying the best model ...
2024-11-19 18:54:56,057 - Epoch  18 Test set [recall@10: 0.0282 recall@20: 0.0441 recall@40: 0.0733 ] Test set [ndcg@10: 0.0143 ndcg@20: 0.0183 ndcg@40: 0.0243 ] 
2024-11-19 18:54:56,057 - Validation score increased.  Copying the best model ...
2024-11-19 18:55:14,369 - Epoch  21 Test set [recall@10: 0.0275 recall@20: 0.0456 recall@40: 0.0736 ] Test set [ndcg@10: 0.0142 ndcg@20: 0.0188 ndcg@40: 0.0245 ] 
2024-11-19 18:55:14,369 - Early stop counter: 1 out of 5
2024-11-19 18:55:32,749 - Epoch  24 Test set [recall@10: 0.0291 recall@20: 0.0475 recall@40: 0.0758 ] Test set [ndcg@10: 0.0148 ndcg@20: 0.0194 ndcg@40: 0.0252 ] 
2024-11-19 18:55:32,750 - Validation score increased.  Copying the best model ...
2024-11-19 18:55:51,633 - Epoch  27 Test set [recall@10: 0.0297 recall@20: 0.0484 recall@40: 0.0771 ] Test set [ndcg@10: 0.0152 ndcg@20: 0.0199 ndcg@40: 0.0257 ] 
2024-11-19 18:55:51,634 - Validation score increased.  Copying the best model ...
2024-11-19 18:56:09,612 - Epoch  30 Test set [recall@10: 0.0299 recall@20: 0.0479 recall@40: 0.0783 ] Test set [ndcg@10: 0.0154 ndcg@20: 0.0200 ndcg@40: 0.0261 ] 
2024-11-19 18:56:09,612 - Validation score increased.  Copying the best model ...
2024-11-19 18:56:28,721 - Epoch  33 Test set [recall@10: 0.0299 recall@20: 0.0482 recall@40: 0.0775 ] Test set [ndcg@10: 0.0154 ndcg@20: 0.0200 ndcg@40: 0.0260 ] 
2024-11-19 18:56:28,721 - Early stop counter: 1 out of 5
2024-11-19 18:56:46,561 - Epoch  36 Test set [recall@10: 0.0302 recall@20: 0.0485 recall@40: 0.0780 ] Test set [ndcg@10: 0.0155 ndcg@20: 0.0201 ndcg@40: 0.0261 ] 
2024-11-19 18:56:46,562 - Validation score increased.  Copying the best model ...
2024-11-19 18:57:05,144 - Epoch  39 Test set [recall@10: 0.0311 recall@20: 0.0491 recall@40: 0.0782 ] Test set [ndcg@10: 0.0160 ndcg@20: 0.0205 ndcg@40: 0.0264 ] 
2024-11-19 18:57:05,145 - Validation score increased.  Copying the best model ...
2024-11-19 18:57:23,392 - Epoch  42 Test set [recall@10: 0.0311 recall@20: 0.0489 recall@40: 0.0780 ] Test set [ndcg@10: 0.0160 ndcg@20: 0.0205 ndcg@40: 0.0264 ] 
2024-11-19 18:57:23,392 - Early stop counter: 1 out of 5
2024-11-19 18:57:41,934 - Epoch  45 Test set [recall@10: 0.0306 recall@20: 0.0495 recall@40: 0.0783 ] Test set [ndcg@10: 0.0158 ndcg@20: 0.0206 ndcg@40: 0.0264 ] 
2024-11-19 18:57:41,934 - Early stop counter: 2 out of 5
2024-11-19 18:58:00,581 - Epoch  48 Test set [recall@10: 0.0304 recall@20: 0.0490 recall@40: 0.0787 ] Test set [ndcg@10: 0.0156 ndcg@20: 0.0203 ndcg@40: 0.0263 ] 
2024-11-19 18:58:00,581 - Early stop counter: 3 out of 5
2024-11-19 18:58:18,439 - Epoch  51 Test set [recall@10: 0.0307 recall@20: 0.0494 recall@40: 0.0785 ] Test set [ndcg@10: 0.0155 ndcg@20: 0.0202 ndcg@40: 0.0261 ] 
2024-11-19 18:58:18,440 - Early stop counter: 4 out of 5
2024-11-19 18:58:37,618 - Epoch  54 Test set [recall@10: 0.0303 recall@20: 0.0487 recall@40: 0.0785 ] Test set [ndcg@10: 0.0156 ndcg@20: 0.0202 ndcg@40: 0.0263 ] 
2024-11-19 18:58:37,618 - Early stop counter: 5 out of 5
2024-11-19 18:58:37,618 - Best Epoch 39
2024-11-19 18:58:50,689 - Test set [recall@10: 0.0311 recall@20: 0.0491 recall@40: 0.0782 ] Test set [ndcg@10: 0.0160 ndcg@20: 0.0205 ndcg@40: 0.0264 ] 
2024-11-19 18:59:04,596 - Test set [recall@10: 0.0311 recall@20: 0.0491 recall@40: 0.0782 ] Test set [ndcg@10: 0.0160 ndcg@20: 0.0205 ndcg@40: 0.0264 ] 
2024-11-19 18:59:17,763 - Test set [recall@10: 0.0311 recall@20: 0.0491 recall@40: 0.0782 ] Test set [ndcg@10: 0.0160 ndcg@20: 0.0205 ndcg@40: 0.0264 ] 
