2024-11-23 21:13:20,495 - {'optimizer': {'name': 'adam', 'lr': 0.001, 'weight_decay': 0}, 'train': {'epoch': 500, 'batch_size': 4096, 'save_model': False, 'loss': 'pairwise', 'log_loss': False, 'test_step': 3, 'patience': 5, 'reproducible': True, 'seed': 2023, 'early_stop': True}, 'test': {'metrics': ['recall', 'ndcg'], 'k': [10, 20, 40], 'batch_size': 1024}, 'data': {'type': 'social', 'name': 'ciao', 'user_num': 7375, 'item_num': 105114}, 'model': {'name': 'lightgcn', 'layer_num': 2, 'reg_weight': 1e-08, 'embedding_size': 64}, 'tune': {'enable': True, 'hyperparameters': ['layer_num', 'reg_weight'], 'layer_num': [2, 3], 'reg_weight': [1e-06, 1e-07, 1e-08]}, 'device': 'cuda', 'log': True}
2024-11-23 21:13:20,497 - hyperparameter: {'layer_num': 2, 'reg_weight': 1e-06}
2024-11-23 21:14:24,052 - Epoch   0 Test set [recall@10: 0.0261 recall@20: 0.0396 recall@40: 0.0555 ] Test set [ndcg@10: 0.0303 ndcg@20: 0.0333 ndcg@40: 0.0375 ] 
2024-11-23 21:14:24,055 - Validation score increased.  Copying the best model ...
2024-11-23 21:14:58,926 - Epoch   3 Test set [recall@10: 0.0290 recall@20: 0.0439 recall@40: 0.0613 ] Test set [ndcg@10: 0.0329 ndcg@20: 0.0364 ndcg@40: 0.0412 ] 
2024-11-23 21:14:58,927 - Validation score increased.  Copying the best model ...
2024-11-23 21:15:24,372 - Epoch   6 Test set [recall@10: 0.0314 recall@20: 0.0474 recall@40: 0.0668 ] Test set [ndcg@10: 0.0353 ndcg@20: 0.0389 ndcg@40: 0.0443 ] 
2024-11-23 21:15:24,373 - Validation score increased.  Copying the best model ...
2024-11-23 21:15:33,191 - Epoch   9 Test set [recall@10: 0.0321 recall@20: 0.0486 recall@40: 0.0696 ] Test set [ndcg@10: 0.0365 ndcg@20: 0.0404 ndcg@40: 0.0462 ] 
2024-11-23 21:15:33,192 - Validation score increased.  Copying the best model ...
2024-11-23 21:15:40,316 - Epoch  12 Test set [recall@10: 0.0324 recall@20: 0.0494 recall@40: 0.0712 ] Test set [ndcg@10: 0.0370 ndcg@20: 0.0411 ndcg@40: 0.0471 ] 
2024-11-23 21:15:40,316 - Validation score increased.  Copying the best model ...
2024-11-23 21:16:07,810 - Epoch  15 Test set [recall@10: 0.0332 recall@20: 0.0509 recall@40: 0.0725 ] Test set [ndcg@10: 0.0376 ndcg@20: 0.0417 ndcg@40: 0.0478 ] 
2024-11-23 21:16:07,811 - Validation score increased.  Copying the best model ...
2024-11-23 21:17:47,364 - Epoch  18 Test set [recall@10: 0.0337 recall@20: 0.0512 recall@40: 0.0736 ] Test set [ndcg@10: 0.0379 ndcg@20: 0.0420 ndcg@40: 0.0481 ] 
2024-11-23 21:17:47,365 - Validation score increased.  Copying the best model ...
2024-11-23 21:19:54,475 - Epoch  21 Test set [recall@10: 0.0343 recall@20: 0.0521 recall@40: 0.0752 ] Test set [ndcg@10: 0.0383 ndcg@20: 0.0425 ndcg@40: 0.0489 ] 
2024-11-23 21:19:54,476 - Validation score increased.  Copying the best model ...
2024-11-23 21:20:03,023 - Epoch  24 Test set [recall@10: 0.0346 recall@20: 0.0522 recall@40: 0.0760 ] Test set [ndcg@10: 0.0386 ndcg@20: 0.0427 ndcg@40: 0.0493 ] 
2024-11-23 21:20:03,024 - Validation score increased.  Copying the best model ...
2024-11-23 21:20:11,457 - Epoch  27 Test set [recall@10: 0.0346 recall@20: 0.0529 recall@40: 0.0766 ] Test set [ndcg@10: 0.0386 ndcg@20: 0.0430 ndcg@40: 0.0495 ] 
2024-11-23 21:20:11,457 - Early stop counter: 1 out of 5
2024-11-23 21:20:19,342 - Epoch  30 Test set [recall@10: 0.0354 recall@20: 0.0535 recall@40: 0.0775 ] Test set [ndcg@10: 0.0390 ndcg@20: 0.0433 ndcg@40: 0.0499 ] 
2024-11-23 21:20:19,343 - Validation score increased.  Copying the best model ...
2024-11-23 21:20:43,668 - Epoch  33 Test set [recall@10: 0.0358 recall@20: 0.0543 recall@40: 0.0785 ] Test set [ndcg@10: 0.0392 ndcg@20: 0.0436 ndcg@40: 0.0503 ] 
2024-11-23 21:20:43,669 - Validation score increased.  Copying the best model ...
2024-11-23 21:21:40,983 - Epoch  36 Test set [recall@10: 0.0360 recall@20: 0.0548 recall@40: 0.0792 ] Test set [ndcg@10: 0.0394 ndcg@20: 0.0438 ndcg@40: 0.0506 ] 
2024-11-23 21:21:40,984 - Validation score increased.  Copying the best model ...
2024-11-23 21:22:20,184 - Epoch  39 Test set [recall@10: 0.0366 recall@20: 0.0553 recall@40: 0.0800 ] Test set [ndcg@10: 0.0396 ndcg@20: 0.0439 ndcg@40: 0.0509 ] 
2024-11-23 21:22:20,184 - Validation score increased.  Copying the best model ...
2024-11-23 21:23:24,572 - Epoch  42 Test set [recall@10: 0.0368 recall@20: 0.0552 recall@40: 0.0811 ] Test set [ndcg@10: 0.0399 ndcg@20: 0.0441 ndcg@40: 0.0514 ] 
2024-11-23 21:23:24,573 - Validation score increased.  Copying the best model ...
2024-11-23 21:25:27,510 - Epoch  45 Test set [recall@10: 0.0368 recall@20: 0.0560 recall@40: 0.0813 ] Test set [ndcg@10: 0.0398 ndcg@20: 0.0444 ndcg@40: 0.0516 ] 
2024-11-23 21:25:27,511 - Early stop counter: 1 out of 5
2024-11-23 21:26:45,755 - Epoch  48 Test set [recall@10: 0.0363 recall@20: 0.0565 recall@40: 0.0809 ] Test set [ndcg@10: 0.0397 ndcg@20: 0.0447 ndcg@40: 0.0517 ] 
2024-11-23 21:26:45,755 - Early stop counter: 2 out of 5
2024-11-23 21:27:34,749 - Epoch  51 Test set [recall@10: 0.0365 recall@20: 0.0571 recall@40: 0.0820 ] Test set [ndcg@10: 0.0400 ndcg@20: 0.0452 ndcg@40: 0.0522 ] 
2024-11-23 21:27:34,749 - Early stop counter: 3 out of 5
2024-11-23 21:27:45,077 - Epoch  54 Test set [recall@10: 0.0365 recall@20: 0.0583 recall@40: 0.0819 ] Test set [ndcg@10: 0.0402 ndcg@20: 0.0456 ndcg@40: 0.0523 ] 
2024-11-23 21:27:45,077 - Early stop counter: 4 out of 5
2024-11-23 21:27:56,362 - Epoch  57 Test set [recall@10: 0.0370 recall@20: 0.0583 recall@40: 0.0821 ] Test set [ndcg@10: 0.0404 ndcg@20: 0.0459 ndcg@40: 0.0527 ] 
2024-11-23 21:27:56,363 - Validation score increased.  Copying the best model ...
2024-11-23 21:28:03,625 - Epoch  60 Test set [recall@10: 0.0373 recall@20: 0.0584 recall@40: 0.0829 ] Test set [ndcg@10: 0.0408 ndcg@20: 0.0460 ndcg@40: 0.0530 ] 
2024-11-23 21:28:03,626 - Validation score increased.  Copying the best model ...
2024-11-23 21:29:59,592 - Epoch  63 Test set [recall@10: 0.0374 recall@20: 0.0593 recall@40: 0.0832 ] Test set [ndcg@10: 0.0408 ndcg@20: 0.0463 ndcg@40: 0.0532 ] 
2024-11-23 21:29:59,593 - Validation score increased.  Copying the best model ...
2024-11-23 21:31:42,501 - Epoch  66 Test set [recall@10: 0.0379 recall@20: 0.0591 recall@40: 0.0832 ] Test set [ndcg@10: 0.0413 ndcg@20: 0.0465 ndcg@40: 0.0534 ] 
2024-11-23 21:31:42,502 - Validation score increased.  Copying the best model ...
2024-11-23 21:31:50,483 - Epoch  69 Test set [recall@10: 0.0380 recall@20: 0.0596 recall@40: 0.0836 ] Test set [ndcg@10: 0.0415 ndcg@20: 0.0467 ndcg@40: 0.0535 ] 
2024-11-23 21:31:50,483 - Validation score increased.  Copying the best model ...
2024-11-23 21:31:58,781 - Epoch  72 Test set [recall@10: 0.0383 recall@20: 0.0597 recall@40: 0.0832 ] Test set [ndcg@10: 0.0421 ndcg@20: 0.0470 ndcg@40: 0.0537 ] 
2024-11-23 21:31:58,781 - Validation score increased.  Copying the best model ...
2024-11-23 21:32:06,931 - Epoch  75 Test set [recall@10: 0.0386 recall@20: 0.0603 recall@40: 0.0840 ] Test set [ndcg@10: 0.0422 ndcg@20: 0.0474 ndcg@40: 0.0541 ] 
2024-11-23 21:32:06,932 - Validation score increased.  Copying the best model ...
2024-11-23 21:32:15,535 - Epoch  78 Test set [recall@10: 0.0387 recall@20: 0.0602 recall@40: 0.0846 ] Test set [ndcg@10: 0.0421 ndcg@20: 0.0473 ndcg@40: 0.0542 ] 
2024-11-23 21:32:15,536 - Validation score increased.  Copying the best model ...
2024-11-23 21:32:45,322 - Epoch  81 Test set [recall@10: 0.0385 recall@20: 0.0606 recall@40: 0.0851 ] Test set [ndcg@10: 0.0419 ndcg@20: 0.0473 ndcg@40: 0.0542 ] 
2024-11-23 21:32:45,322 - Early stop counter: 1 out of 5
2024-11-23 21:32:57,653 - Epoch  84 Test set [recall@10: 0.0383 recall@20: 0.0607 recall@40: 0.0846 ] Test set [ndcg@10: 0.0417 ndcg@20: 0.0474 ndcg@40: 0.0542 ] 
2024-11-23 21:32:57,653 - Early stop counter: 2 out of 5
2024-11-23 21:33:05,146 - Epoch  87 Test set [recall@10: 0.0382 recall@20: 0.0603 recall@40: 0.0854 ] Test set [ndcg@10: 0.0418 ndcg@20: 0.0475 ndcg@40: 0.0546 ] 
2024-11-23 21:33:05,146 - Early stop counter: 3 out of 5
2024-11-23 21:33:13,515 - Epoch  90 Test set [recall@10: 0.0386 recall@20: 0.0601 recall@40: 0.0856 ] Test set [ndcg@10: 0.0421 ndcg@20: 0.0475 ndcg@40: 0.0546 ] 
2024-11-23 21:33:13,516 - Early stop counter: 4 out of 5
2024-11-23 21:33:35,713 - Epoch  93 Test set [recall@10: 0.0394 recall@20: 0.0599 recall@40: 0.0849 ] Test set [ndcg@10: 0.0424 ndcg@20: 0.0475 ndcg@40: 0.0545 ] 
2024-11-23 21:33:35,714 - Validation score increased.  Copying the best model ...
2024-11-23 21:33:50,491 - Epoch  96 Test set [recall@10: 0.0388 recall@20: 0.0604 recall@40: 0.0863 ] Test set [ndcg@10: 0.0421 ndcg@20: 0.0475 ndcg@40: 0.0548 ] 
2024-11-23 21:33:50,492 - Early stop counter: 1 out of 5
2024-11-23 21:34:50,222 - Epoch  99 Test set [recall@10: 0.0388 recall@20: 0.0603 recall@40: 0.0861 ] Test set [ndcg@10: 0.0421 ndcg@20: 0.0475 ndcg@40: 0.0547 ] 
2024-11-23 21:34:50,223 - Early stop counter: 2 out of 5
2024-11-23 21:35:25,406 - Epoch 102 Test set [recall@10: 0.0393 recall@20: 0.0602 recall@40: 0.0865 ] Test set [ndcg@10: 0.0422 ndcg@20: 0.0475 ndcg@40: 0.0549 ] 
2024-11-23 21:35:25,407 - Early stop counter: 3 out of 5
2024-11-23 21:36:08,241 - Epoch 105 Test set [recall@10: 0.0391 recall@20: 0.0609 recall@40: 0.0863 ] Test set [ndcg@10: 0.0423 ndcg@20: 0.0477 ndcg@40: 0.0549 ] 
2024-11-23 21:36:08,241 - Early stop counter: 4 out of 5
2024-11-23 21:36:47,572 - Epoch 108 Test set [recall@10: 0.0387 recall@20: 0.0605 recall@40: 0.0866 ] Test set [ndcg@10: 0.0422 ndcg@20: 0.0476 ndcg@40: 0.0550 ] 
2024-11-23 21:36:47,572 - Early stop counter: 5 out of 5
2024-11-23 21:36:47,572 - Best Epoch 93
2024-11-23 21:37:30,426 - Test set [recall@10: 0.0394 recall@20: 0.0599 recall@40: 0.0849 ] Test set [ndcg@10: 0.0424 ndcg@20: 0.0475 ndcg@40: 0.0545 ] 
2024-11-23 21:37:59,913 - Test set [recall@10: 0.0394 recall@20: 0.0599 recall@40: 0.0849 ] Test set [ndcg@10: 0.0424 ndcg@20: 0.0475 ndcg@40: 0.0545 ] 
2024-11-23 21:37:59,954 - hyperparameter: {'layer_num': 2, 'reg_weight': 1e-07}
2024-11-23 21:38:05,039 - Epoch   0 Test set [recall@10: 0.0261 recall@20: 0.0394 recall@40: 0.0556 ] Test set [ndcg@10: 0.0302 ndcg@20: 0.0332 ndcg@40: 0.0375 ] 
2024-11-23 21:38:05,039 - Validation score increased.  Copying the best model ...
2024-11-23 21:38:12,687 - Epoch   3 Test set [recall@10: 0.0291 recall@20: 0.0439 recall@40: 0.0614 ] Test set [ndcg@10: 0.0330 ndcg@20: 0.0364 ndcg@40: 0.0412 ] 
2024-11-23 21:38:12,688 - Validation score increased.  Copying the best model ...
2024-11-23 21:38:20,780 - Epoch   6 Test set [recall@10: 0.0312 recall@20: 0.0472 recall@40: 0.0664 ] Test set [ndcg@10: 0.0352 ndcg@20: 0.0389 ndcg@40: 0.0441 ] 
2024-11-23 21:38:20,781 - Validation score increased.  Copying the best model ...
2024-11-23 21:39:28,667 - Epoch   9 Test set [recall@10: 0.0322 recall@20: 0.0483 recall@40: 0.0694 ] Test set [ndcg@10: 0.0365 ndcg@20: 0.0402 ndcg@40: 0.0460 ] 
2024-11-23 21:39:28,669 - Validation score increased.  Copying the best model ...
2024-11-23 21:41:37,536 - Epoch  12 Test set [recall@10: 0.0325 recall@20: 0.0493 recall@40: 0.0705 ] Test set [ndcg@10: 0.0370 ndcg@20: 0.0409 ndcg@40: 0.0468 ] 
2024-11-23 21:41:37,538 - Validation score increased.  Copying the best model ...
2024-11-23 21:42:41,854 - Epoch  15 Test set [recall@10: 0.0328 recall@20: 0.0501 recall@40: 0.0714 ] Test set [ndcg@10: 0.0373 ndcg@20: 0.0414 ndcg@40: 0.0473 ] 
2024-11-23 21:42:41,855 - Validation score increased.  Copying the best model ...
2024-11-23 21:42:55,157 - Epoch  18 Test set [recall@10: 0.0336 recall@20: 0.0504 recall@40: 0.0729 ] Test set [ndcg@10: 0.0378 ndcg@20: 0.0416 ndcg@40: 0.0478 ] 
2024-11-23 21:42:55,158 - Validation score increased.  Copying the best model ...
2024-11-23 21:43:04,035 - Epoch  21 Test set [recall@10: 0.0338 recall@20: 0.0514 recall@40: 0.0743 ] Test set [ndcg@10: 0.0378 ndcg@20: 0.0420 ndcg@40: 0.0483 ] 
2024-11-23 21:43:04,036 - Validation score increased.  Copying the best model ...
2024-11-23 21:43:11,806 - Epoch  24 Test set [recall@10: 0.0343 recall@20: 0.0518 recall@40: 0.0746 ] Test set [ndcg@10: 0.0382 ndcg@20: 0.0423 ndcg@40: 0.0487 ] 
2024-11-23 21:43:11,807 - Validation score increased.  Copying the best model ...
2024-11-23 21:43:31,785 - Epoch  27 Test set [recall@10: 0.0345 recall@20: 0.0523 recall@40: 0.0755 ] Test set [ndcg@10: 0.0383 ndcg@20: 0.0425 ndcg@40: 0.0489 ] 
2024-11-23 21:43:31,785 - Validation score increased.  Copying the best model ...
2024-11-23 21:44:15,185 - Epoch  30 Test set [recall@10: 0.0348 recall@20: 0.0528 recall@40: 0.0763 ] Test set [ndcg@10: 0.0383 ndcg@20: 0.0426 ndcg@40: 0.0491 ] 
2024-11-23 21:44:15,186 - Validation score increased.  Copying the best model ...
2024-11-23 21:44:24,205 - Epoch  33 Test set [recall@10: 0.0352 recall@20: 0.0533 recall@40: 0.0768 ] Test set [ndcg@10: 0.0385 ndcg@20: 0.0427 ndcg@40: 0.0493 ] 
2024-11-23 21:44:24,206 - Validation score increased.  Copying the best model ...
2024-11-23 21:44:32,029 - Epoch  36 Test set [recall@10: 0.0348 recall@20: 0.0538 recall@40: 0.0773 ] Test set [ndcg@10: 0.0383 ndcg@20: 0.0430 ndcg@40: 0.0495 ] 
2024-11-23 21:44:32,029 - Early stop counter: 1 out of 5
2024-11-23 21:46:07,938 - Epoch  39 Test set [recall@10: 0.0359 recall@20: 0.0541 recall@40: 0.0785 ] Test set [ndcg@10: 0.0387 ndcg@20: 0.0431 ndcg@40: 0.0499 ] 
2024-11-23 21:46:07,939 - Validation score increased.  Copying the best model ...
2024-11-23 21:47:39,158 - Epoch  42 Test set [recall@10: 0.0357 recall@20: 0.0548 recall@40: 0.0785 ] Test set [ndcg@10: 0.0386 ndcg@20: 0.0434 ndcg@40: 0.0501 ] 
2024-11-23 21:47:39,159 - Early stop counter: 1 out of 5
2024-11-23 21:48:27,113 - Epoch  45 Test set [recall@10: 0.0357 recall@20: 0.0559 recall@40: 0.0788 ] Test set [ndcg@10: 0.0388 ndcg@20: 0.0438 ndcg@40: 0.0502 ] 
2024-11-23 21:48:27,114 - Early stop counter: 2 out of 5
2024-11-23 21:48:35,932 - Epoch  48 Test set [recall@10: 0.0354 recall@20: 0.0562 recall@40: 0.0782 ] Test set [ndcg@10: 0.0385 ndcg@20: 0.0439 ndcg@40: 0.0502 ] 
2024-11-23 21:48:35,932 - Early stop counter: 3 out of 5
2024-11-23 21:48:43,438 - Epoch  51 Test set [recall@10: 0.0357 recall@20: 0.0560 recall@40: 0.0791 ] Test set [ndcg@10: 0.0387 ndcg@20: 0.0439 ndcg@40: 0.0506 ] 
2024-11-23 21:48:43,438 - Early stop counter: 4 out of 5
2024-11-23 21:48:51,368 - Epoch  54 Test set [recall@10: 0.0364 recall@20: 0.0566 recall@40: 0.0794 ] Test set [ndcg@10: 0.0390 ndcg@20: 0.0441 ndcg@40: 0.0507 ] 
2024-11-23 21:48:51,369 - Validation score increased.  Copying the best model ...
2024-11-23 21:48:58,236 - Epoch  57 Test set [recall@10: 0.0364 recall@20: 0.0569 recall@40: 0.0791 ] Test set [ndcg@10: 0.0394 ndcg@20: 0.0445 ndcg@40: 0.0510 ] 
2024-11-23 21:48:58,237 - Early stop counter: 1 out of 5
2024-11-23 21:49:46,337 - Epoch  60 Test set [recall@10: 0.0367 recall@20: 0.0572 recall@40: 0.0790 ] Test set [ndcg@10: 0.0397 ndcg@20: 0.0448 ndcg@40: 0.0511 ] 
2024-11-23 21:49:46,338 - Validation score increased.  Copying the best model ...
2024-11-23 21:50:53,184 - Epoch  63 Test set [recall@10: 0.0370 recall@20: 0.0568 recall@40: 0.0799 ] Test set [ndcg@10: 0.0397 ndcg@20: 0.0446 ndcg@40: 0.0512 ] 
2024-11-23 21:50:53,186 - Validation score increased.  Copying the best model ...
2024-11-23 21:51:44,132 - Epoch  66 Test set [recall@10: 0.0372 recall@20: 0.0562 recall@40: 0.0807 ] Test set [ndcg@10: 0.0400 ndcg@20: 0.0446 ndcg@40: 0.0516 ] 
2024-11-23 21:51:44,132 - Validation score increased.  Copying the best model ...
2024-11-23 21:52:31,762 - Epoch  69 Test set [recall@10: 0.0375 recall@20: 0.0567 recall@40: 0.0814 ] Test set [ndcg@10: 0.0404 ndcg@20: 0.0449 ndcg@40: 0.0519 ] 
2024-11-23 21:52:31,763 - Validation score increased.  Copying the best model ...
2024-11-23 21:53:22,753 - Epoch  72 Test set [recall@10: 0.0373 recall@20: 0.0572 recall@40: 0.0814 ] Test set [ndcg@10: 0.0404 ndcg@20: 0.0451 ndcg@40: 0.0520 ] 
2024-11-23 21:53:22,754 - Early stop counter: 1 out of 5
2024-11-23 21:54:10,118 - Epoch  75 Test set [recall@10: 0.0369 recall@20: 0.0571 recall@40: 0.0803 ] Test set [ndcg@10: 0.0403 ndcg@20: 0.0453 ndcg@40: 0.0518 ] 
2024-11-23 21:54:10,118 - Early stop counter: 2 out of 5
2024-11-23 21:54:17,693 - Epoch  78 Test set [recall@10: 0.0372 recall@20: 0.0569 recall@40: 0.0799 ] Test set [ndcg@10: 0.0401 ndcg@20: 0.0449 ndcg@40: 0.0515 ] 
2024-11-23 21:54:17,694 - Early stop counter: 3 out of 5
2024-11-23 21:54:25,607 - Epoch  81 Test set [recall@10: 0.0372 recall@20: 0.0567 recall@40: 0.0802 ] Test set [ndcg@10: 0.0405 ndcg@20: 0.0451 ndcg@40: 0.0518 ] 
2024-11-23 21:54:25,607 - Early stop counter: 4 out of 5
2024-11-23 21:54:34,492 - Epoch  84 Test set [recall@10: 0.0372 recall@20: 0.0572 recall@40: 0.0812 ] Test set [ndcg@10: 0.0404 ndcg@20: 0.0452 ndcg@40: 0.0520 ] 
2024-11-23 21:54:34,493 - Early stop counter: 5 out of 5
2024-11-23 21:54:34,493 - Best Epoch 69
2024-11-23 21:54:38,918 - Test set [recall@10: 0.0375 recall@20: 0.0567 recall@40: 0.0814 ] Test set [ndcg@10: 0.0404 ndcg@20: 0.0449 ndcg@40: 0.0519 ] 
2024-11-23 21:55:00,053 - Test set [recall@10: 0.0375 recall@20: 0.0567 recall@40: 0.0814 ] Test set [ndcg@10: 0.0404 ndcg@20: 0.0449 ndcg@40: 0.0519 ] 
2024-11-23 21:55:00,089 - hyperparameter: {'layer_num': 2, 'reg_weight': 1e-08}
2024-11-23 21:56:32,402 - Epoch   0 Test set [recall@10: 0.0261 recall@20: 0.0394 recall@40: 0.0556 ] Test set [ndcg@10: 0.0302 ndcg@20: 0.0332 ndcg@40: 0.0375 ] 
2024-11-23 21:56:32,407 - Validation score increased.  Copying the best model ...
2024-11-23 21:58:12,376 - Epoch   3 Test set [recall@10: 0.0290 recall@20: 0.0439 recall@40: 0.0614 ] Test set [ndcg@10: 0.0329 ndcg@20: 0.0364 ndcg@40: 0.0412 ] 
2024-11-23 21:58:12,377 - Validation score increased.  Copying the best model ...
2024-11-23 21:59:38,825 - Epoch   6 Test set [recall@10: 0.0312 recall@20: 0.0471 recall@40: 0.0664 ] Test set [ndcg@10: 0.0352 ndcg@20: 0.0388 ndcg@40: 0.0441 ] 
2024-11-23 21:59:38,826 - Validation score increased.  Copying the best model ...
2024-11-23 21:59:46,071 - Epoch   9 Test set [recall@10: 0.0322 recall@20: 0.0483 recall@40: 0.0693 ] Test set [ndcg@10: 0.0365 ndcg@20: 0.0401 ndcg@40: 0.0459 ] 
2024-11-23 21:59:46,072 - Validation score increased.  Copying the best model ...
2024-11-23 21:59:53,993 - Epoch  12 Test set [recall@10: 0.0324 recall@20: 0.0493 recall@40: 0.0704 ] Test set [ndcg@10: 0.0369 ndcg@20: 0.0409 ndcg@40: 0.0467 ] 
2024-11-23 21:59:53,993 - Validation score increased.  Copying the best model ...
2024-11-23 22:00:02,088 - Epoch  15 Test set [recall@10: 0.0328 recall@20: 0.0502 recall@40: 0.0715 ] Test set [ndcg@10: 0.0373 ndcg@20: 0.0414 ndcg@40: 0.0473 ] 
2024-11-23 22:00:02,088 - Validation score increased.  Copying the best model ...
2024-11-23 22:00:17,968 - Epoch  18 Test set [recall@10: 0.0337 recall@20: 0.0504 recall@40: 0.0727 ] Test set [ndcg@10: 0.0378 ndcg@20: 0.0416 ndcg@40: 0.0477 ] 
2024-11-23 22:00:17,969 - Validation score increased.  Copying the best model ...
2024-11-23 22:00:55,841 - Epoch  21 Test set [recall@10: 0.0339 recall@20: 0.0512 recall@40: 0.0738 ] Test set [ndcg@10: 0.0378 ndcg@20: 0.0418 ndcg@40: 0.0481 ] 
2024-11-23 22:00:55,842 - Validation score increased.  Copying the best model ...
2024-11-23 22:01:11,878 - Epoch  24 Test set [recall@10: 0.0343 recall@20: 0.0518 recall@40: 0.0743 ] Test set [ndcg@10: 0.0381 ndcg@20: 0.0422 ndcg@40: 0.0485 ] 
2024-11-23 22:01:11,878 - Validation score increased.  Copying the best model ...
2024-11-23 22:01:19,023 - Epoch  27 Test set [recall@10: 0.0344 recall@20: 0.0522 recall@40: 0.0751 ] Test set [ndcg@10: 0.0382 ndcg@20: 0.0423 ndcg@40: 0.0487 ] 
2024-11-23 22:01:19,024 - Validation score increased.  Copying the best model ...
2024-11-23 22:01:26,571 - Epoch  30 Test set [recall@10: 0.0346 recall@20: 0.0529 recall@40: 0.0760 ] Test set [ndcg@10: 0.0382 ndcg@20: 0.0425 ndcg@40: 0.0489 ] 
2024-11-23 22:01:26,572 - Validation score increased.  Copying the best model ...
2024-11-23 22:01:46,349 - Epoch  33 Test set [recall@10: 0.0348 recall@20: 0.0534 recall@40: 0.0761 ] Test set [ndcg@10: 0.0382 ndcg@20: 0.0426 ndcg@40: 0.0491 ] 
2024-11-23 22:01:46,349 - Validation score increased.  Copying the best model ...
2024-11-23 22:03:25,281 - Epoch  36 Test set [recall@10: 0.0345 recall@20: 0.0534 recall@40: 0.0769 ] Test set [ndcg@10: 0.0380 ndcg@20: 0.0427 ndcg@40: 0.0493 ] 
2024-11-23 22:03:25,281 - Early stop counter: 1 out of 5
2024-11-23 22:05:00,766 - Epoch  39 Test set [recall@10: 0.0354 recall@20: 0.0541 recall@40: 0.0780 ] Test set [ndcg@10: 0.0384 ndcg@20: 0.0430 ndcg@40: 0.0497 ] 
2024-11-23 22:05:00,768 - Validation score increased.  Copying the best model ...
2024-11-23 22:05:58,738 - Epoch  42 Test set [recall@10: 0.0354 recall@20: 0.0547 recall@40: 0.0780 ] Test set [ndcg@10: 0.0383 ndcg@20: 0.0431 ndcg@40: 0.0497 ] 
2024-11-23 22:05:58,738 - Early stop counter: 1 out of 5
2024-11-23 22:06:06,940 - Epoch  45 Test set [recall@10: 0.0355 recall@20: 0.0552 recall@40: 0.0783 ] Test set [ndcg@10: 0.0385 ndcg@20: 0.0435 ndcg@40: 0.0499 ] 
2024-11-23 22:06:06,941 - Validation score increased.  Copying the best model ...
2024-11-23 22:06:14,674 - Epoch  48 Test set [recall@10: 0.0352 recall@20: 0.0557 recall@40: 0.0776 ] Test set [ndcg@10: 0.0383 ndcg@20: 0.0436 ndcg@40: 0.0498 ] 
2024-11-23 22:06:14,675 - Early stop counter: 1 out of 5
2024-11-23 22:06:25,300 - Epoch  51 Test set [recall@10: 0.0356 recall@20: 0.0552 recall@40: 0.0782 ] Test set [ndcg@10: 0.0384 ndcg@20: 0.0435 ndcg@40: 0.0501 ] 
2024-11-23 22:06:25,300 - Validation score increased.  Copying the best model ...
2024-11-23 22:07:01,796 - Epoch  54 Test set [recall@10: 0.0360 recall@20: 0.0560 recall@40: 0.0789 ] Test set [ndcg@10: 0.0387 ndcg@20: 0.0437 ndcg@40: 0.0503 ] 
2024-11-23 22:07:01,796 - Validation score increased.  Copying the best model ...
2024-11-23 22:07:49,666 - Epoch  57 Test set [recall@10: 0.0365 recall@20: 0.0564 recall@40: 0.0783 ] Test set [ndcg@10: 0.0392 ndcg@20: 0.0441 ndcg@40: 0.0504 ] 
2024-11-23 22:07:49,667 - Validation score increased.  Copying the best model ...
2024-11-23 22:08:26,729 - Epoch  60 Test set [recall@10: 0.0360 recall@20: 0.0568 recall@40: 0.0782 ] Test set [ndcg@10: 0.0394 ndcg@20: 0.0445 ndcg@40: 0.0506 ] 
2024-11-23 22:08:26,729 - Early stop counter: 1 out of 5
2024-11-23 22:09:33,976 - Epoch  63 Test set [recall@10: 0.0362 recall@20: 0.0560 recall@40: 0.0790 ] Test set [ndcg@10: 0.0393 ndcg@20: 0.0441 ndcg@40: 0.0508 ] 
2024-11-23 22:09:33,976 - Early stop counter: 2 out of 5
2024-11-23 22:11:00,673 - Epoch  66 Test set [recall@10: 0.0366 recall@20: 0.0552 recall@40: 0.0793 ] Test set [ndcg@10: 0.0396 ndcg@20: 0.0440 ndcg@40: 0.0510 ] 
2024-11-23 22:11:00,675 - Validation score increased.  Copying the best model ...
2024-11-23 22:11:41,385 - Epoch  69 Test set [recall@10: 0.0366 recall@20: 0.0555 recall@40: 0.0793 ] Test set [ndcg@10: 0.0396 ndcg@20: 0.0440 ndcg@40: 0.0509 ] 
2024-11-23 22:11:41,385 - Early stop counter: 1 out of 5
2024-11-23 22:12:21,666 - Epoch  72 Test set [recall@10: 0.0366 recall@20: 0.0561 recall@40: 0.0797 ] Test set [ndcg@10: 0.0398 ndcg@20: 0.0445 ndcg@40: 0.0512 ] 
2024-11-23 22:12:21,667 - Early stop counter: 2 out of 5
2024-11-23 22:12:29,174 - Epoch  75 Test set [recall@10: 0.0359 recall@20: 0.0557 recall@40: 0.0791 ] Test set [ndcg@10: 0.0397 ndcg@20: 0.0445 ndcg@40: 0.0512 ] 
2024-11-23 22:12:29,174 - Early stop counter: 3 out of 5
2024-11-23 22:12:37,923 - Epoch  78 Test set [recall@10: 0.0365 recall@20: 0.0555 recall@40: 0.0782 ] Test set [ndcg@10: 0.0396 ndcg@20: 0.0442 ndcg@40: 0.0507 ] 
2024-11-23 22:12:37,923 - Early stop counter: 4 out of 5
2024-11-23 22:12:45,268 - Epoch  81 Test set [recall@10: 0.0368 recall@20: 0.0556 recall@40: 0.0785 ] Test set [ndcg@10: 0.0400 ndcg@20: 0.0443 ndcg@40: 0.0509 ] 
2024-11-23 22:12:45,269 - Validation score increased.  Copying the best model ...
2024-11-23 22:13:10,729 - Epoch  84 Test set [recall@10: 0.0360 recall@20: 0.0560 recall@40: 0.0791 ] Test set [ndcg@10: 0.0395 ndcg@20: 0.0445 ndcg@40: 0.0511 ] 
2024-11-23 22:13:10,730 - Early stop counter: 1 out of 5
2024-11-23 22:14:26,215 - Epoch  87 Test set [recall@10: 0.0364 recall@20: 0.0557 recall@40: 0.0793 ] Test set [ndcg@10: 0.0397 ndcg@20: 0.0444 ndcg@40: 0.0511 ] 
2024-11-23 22:14:26,215 - Early stop counter: 2 out of 5
2024-11-23 22:16:04,908 - Epoch  90 Test set [recall@10: 0.0365 recall@20: 0.0552 recall@40: 0.0788 ] Test set [ndcg@10: 0.0395 ndcg@20: 0.0442 ndcg@40: 0.0509 ] 
2024-11-23 22:16:04,909 - Early stop counter: 3 out of 5
