2024-11-23 21:11:46,140 - {'optimizer': {'name': 'adam', 'lr': 0.001, 'weight_decay': 0}, 'train': {'epoch': 500, 'batch_size': 4096, 'save_model': False, 'loss': 'pairwise', 'log_loss': False, 'test_step': 3, 'patience': 5, 'reproducible': True, 'seed': 2023, 'early_stop': True}, 'test': {'metrics': ['recall', 'ndcg'], 'k': [10, 20, 40], 'batch_size': 1024}, 'data': {'type': 'social', 'name': 'lastfm', 'user_num': 1892, 'item_num': 17632}, 'model': {'name': 'lightgcn', 'layer_num': 2, 'reg_weight': 1e-08, 'embedding_size': 64}, 'tune': {'enable': True, 'hyperparameters': ['layer_num', 'reg_weight'], 'layer_num': [2, 3], 'reg_weight': [1e-06, 1e-07, 1e-08]}, 'device': 'cuda', 'log': True}
2024-11-23 21:11:46,140 - hyperparameter: {'layer_num': 2, 'reg_weight': 1e-06}
2024-11-23 21:11:48,007 - Epoch   0 Test set [recall@10: 0.0963 recall@20: 0.1396 recall@40: 0.1987 ] Test set [ndcg@10: 0.1237 ndcg@20: 0.1396 ndcg@40: 0.1655 ] 
2024-11-23 21:11:48,007 - Validation score increased.  Copying the best model ...
2024-11-23 21:11:49,251 - Epoch   3 Test set [recall@10: 0.1042 recall@20: 0.1450 recall@40: 0.2026 ] Test set [ndcg@10: 0.1336 ndcg@20: 0.1474 ndcg@40: 0.1729 ] 
2024-11-23 21:11:49,252 - Validation score increased.  Copying the best model ...
2024-11-23 21:11:50,439 - Epoch   6 Test set [recall@10: 0.1125 recall@20: 0.1569 recall@40: 0.2197 ] Test set [ndcg@10: 0.1428 ndcg@20: 0.1579 ndcg@40: 0.1857 ] 
2024-11-23 21:11:50,440 - Validation score increased.  Copying the best model ...
2024-11-23 21:11:51,582 - Epoch   9 Test set [recall@10: 0.1203 recall@20: 0.1672 recall@40: 0.2357 ] Test set [ndcg@10: 0.1513 ndcg@20: 0.1673 ndcg@40: 0.1975 ] 
2024-11-23 21:11:51,583 - Validation score increased.  Copying the best model ...
2024-11-23 21:11:52,828 - Epoch  12 Test set [recall@10: 0.1255 recall@20: 0.1752 recall@40: 0.2478 ] Test set [ndcg@10: 0.1580 ndcg@20: 0.1750 ndcg@40: 0.2071 ] 
2024-11-23 21:11:52,828 - Validation score increased.  Copying the best model ...
2024-11-23 21:11:54,077 - Epoch  15 Test set [recall@10: 0.1297 recall@20: 0.1827 recall@40: 0.2583 ] Test set [ndcg@10: 0.1643 ndcg@20: 0.1828 ndcg@40: 0.2161 ] 
2024-11-23 21:11:54,078 - Validation score increased.  Copying the best model ...
2024-11-23 21:11:55,226 - Epoch  18 Test set [recall@10: 0.1342 recall@20: 0.1893 recall@40: 0.2691 ] Test set [ndcg@10: 0.1701 ndcg@20: 0.1894 ndcg@40: 0.2245 ] 
2024-11-23 21:11:55,226 - Validation score increased.  Copying the best model ...
2024-11-23 21:11:56,456 - Epoch  21 Test set [recall@10: 0.1373 recall@20: 0.1963 recall@40: 0.2752 ] Test set [ndcg@10: 0.1747 ndcg@20: 0.1958 ndcg@40: 0.2305 ] 
2024-11-23 21:11:56,456 - Validation score increased.  Copying the best model ...
2024-11-23 21:11:57,713 - Epoch  24 Test set [recall@10: 0.1414 recall@20: 0.2030 recall@40: 0.2819 ] Test set [ndcg@10: 0.1797 ndcg@20: 0.2018 ndcg@40: 0.2366 ] 
2024-11-23 21:11:57,713 - Validation score increased.  Copying the best model ...
2024-11-23 21:11:58,857 - Epoch  27 Test set [recall@10: 0.1449 recall@20: 0.2071 recall@40: 0.2882 ] Test set [ndcg@10: 0.1842 ndcg@20: 0.2064 ndcg@40: 0.2421 ] 
2024-11-23 21:11:58,857 - Validation score increased.  Copying the best model ...
2024-11-23 21:12:00,079 - Epoch  30 Test set [recall@10: 0.1479 recall@20: 0.2113 recall@40: 0.2944 ] Test set [ndcg@10: 0.1886 ndcg@20: 0.2110 ndcg@40: 0.2476 ] 
2024-11-23 21:12:00,080 - Validation score increased.  Copying the best model ...
2024-11-23 21:12:01,243 - Epoch  33 Test set [recall@10: 0.1505 recall@20: 0.2137 recall@40: 0.2973 ] Test set [ndcg@10: 0.1908 ndcg@20: 0.2130 ndcg@40: 0.2500 ] 
2024-11-23 21:12:01,243 - Validation score increased.  Copying the best model ...
2024-11-23 21:12:02,482 - Epoch  36 Test set [recall@10: 0.1524 recall@20: 0.2162 recall@40: 0.3020 ] Test set [ndcg@10: 0.1937 ndcg@20: 0.2161 ndcg@40: 0.2540 ] 
2024-11-23 21:12:02,482 - Validation score increased.  Copying the best model ...
2024-11-23 21:12:03,699 - Epoch  39 Test set [recall@10: 0.1532 recall@20: 0.2183 recall@40: 0.3059 ] Test set [ndcg@10: 0.1956 ndcg@20: 0.2187 ndcg@40: 0.2574 ] 
2024-11-23 21:12:03,699 - Validation score increased.  Copying the best model ...
2024-11-23 21:12:04,906 - Epoch  42 Test set [recall@10: 0.1560 recall@20: 0.2220 recall@40: 0.3094 ] Test set [ndcg@10: 0.1986 ndcg@20: 0.2219 ndcg@40: 0.2606 ] 
2024-11-23 21:12:04,907 - Validation score increased.  Copying the best model ...
2024-11-23 21:12:06,042 - Epoch  45 Test set [recall@10: 0.1588 recall@20: 0.2246 recall@40: 0.3126 ] Test set [ndcg@10: 0.2013 ndcg@20: 0.2243 ndcg@40: 0.2631 ] 
2024-11-23 21:12:06,042 - Validation score increased.  Copying the best model ...
2024-11-23 21:12:07,289 - Epoch  48 Test set [recall@10: 0.1600 recall@20: 0.2264 recall@40: 0.3156 ] Test set [ndcg@10: 0.2033 ndcg@20: 0.2265 ndcg@40: 0.2659 ] 
2024-11-23 21:12:07,290 - Validation score increased.  Copying the best model ...
2024-11-23 21:12:08,440 - Epoch  51 Test set [recall@10: 0.1609 recall@20: 0.2280 recall@40: 0.3178 ] Test set [ndcg@10: 0.2048 ndcg@20: 0.2284 ndcg@40: 0.2679 ] 
2024-11-23 21:12:08,441 - Validation score increased.  Copying the best model ...
2024-11-23 21:12:09,656 - Epoch  54 Test set [recall@10: 0.1619 recall@20: 0.2321 recall@40: 0.3196 ] Test set [ndcg@10: 0.2068 ndcg@20: 0.2315 ndcg@40: 0.2701 ] 
2024-11-23 21:12:09,657 - Validation score increased.  Copying the best model ...
2024-11-23 21:12:10,899 - Epoch  57 Test set [recall@10: 0.1634 recall@20: 0.2325 recall@40: 0.3225 ] Test set [ndcg@10: 0.2088 ndcg@20: 0.2329 ndcg@40: 0.2727 ] 
2024-11-23 21:12:10,900 - Validation score increased.  Copying the best model ...
2024-11-23 21:12:12,121 - Epoch  60 Test set [recall@10: 0.1653 recall@20: 0.2334 recall@40: 0.3244 ] Test set [ndcg@10: 0.2104 ndcg@20: 0.2339 ndcg@40: 0.2742 ] 
2024-11-23 21:12:12,122 - Validation score increased.  Copying the best model ...
2024-11-23 21:12:13,269 - Epoch  63 Test set [recall@10: 0.1665 recall@20: 0.2344 recall@40: 0.3266 ] Test set [ndcg@10: 0.2118 ndcg@20: 0.2350 ndcg@40: 0.2759 ] 
2024-11-23 21:12:13,269 - Validation score increased.  Copying the best model ...
2024-11-23 21:12:14,410 - Epoch  66 Test set [recall@10: 0.1664 recall@20: 0.2368 recall@40: 0.3293 ] Test set [ndcg@10: 0.2119 ndcg@20: 0.2363 ndcg@40: 0.2772 ] 
2024-11-23 21:12:14,411 - Early stop counter: 1 out of 5
2024-11-23 21:12:15,657 - Epoch  69 Test set [recall@10: 0.1671 recall@20: 0.2386 recall@40: 0.3309 ] Test set [ndcg@10: 0.2132 ndcg@20: 0.2382 ndcg@40: 0.2792 ] 
2024-11-23 21:12:15,658 - Validation score increased.  Copying the best model ...
2024-11-23 21:12:16,831 - Epoch  72 Test set [recall@10: 0.1678 recall@20: 0.2390 recall@40: 0.3319 ] Test set [ndcg@10: 0.2153 ndcg@20: 0.2399 ndcg@40: 0.2811 ] 
2024-11-23 21:12:16,832 - Validation score increased.  Copying the best model ...
2024-11-23 21:12:18,077 - Epoch  75 Test set [recall@10: 0.1687 recall@20: 0.2414 recall@40: 0.3354 ] Test set [ndcg@10: 0.2158 ndcg@20: 0.2412 ndcg@40: 0.2827 ] 
2024-11-23 21:12:18,078 - Validation score increased.  Copying the best model ...
2024-11-23 21:12:19,270 - Epoch  78 Test set [recall@10: 0.1700 recall@20: 0.2420 recall@40: 0.3382 ] Test set [ndcg@10: 0.2173 ndcg@20: 0.2421 ndcg@40: 0.2847 ] 
2024-11-23 21:12:19,271 - Validation score increased.  Copying the best model ...
2024-11-23 21:12:20,466 - Epoch  81 Test set [recall@10: 0.1707 recall@20: 0.2436 recall@40: 0.3380 ] Test set [ndcg@10: 0.2176 ndcg@20: 0.2429 ndcg@40: 0.2848 ] 
2024-11-23 21:12:20,467 - Validation score increased.  Copying the best model ...
2024-11-23 21:12:21,626 - Epoch  84 Test set [recall@10: 0.1728 recall@20: 0.2441 recall@40: 0.3397 ] Test set [ndcg@10: 0.2203 ndcg@20: 0.2446 ndcg@40: 0.2870 ] 
2024-11-23 21:12:21,626 - Validation score increased.  Copying the best model ...
2024-11-23 21:12:22,844 - Epoch  87 Test set [recall@10: 0.1736 recall@20: 0.2454 recall@40: 0.3412 ] Test set [ndcg@10: 0.2209 ndcg@20: 0.2454 ndcg@40: 0.2879 ] 
2024-11-23 21:12:22,845 - Validation score increased.  Copying the best model ...
2024-11-23 21:12:24,023 - Epoch  90 Test set [recall@10: 0.1736 recall@20: 0.2467 recall@40: 0.3430 ] Test set [ndcg@10: 0.2216 ndcg@20: 0.2469 ndcg@40: 0.2893 ] 
2024-11-23 21:12:24,023 - Early stop counter: 1 out of 5
2024-11-23 21:12:25,264 - Epoch  93 Test set [recall@10: 0.1749 recall@20: 0.2455 recall@40: 0.3448 ] Test set [ndcg@10: 0.2229 ndcg@20: 0.2468 ndcg@40: 0.2907 ] 
2024-11-23 21:12:25,264 - Validation score increased.  Copying the best model ...
2024-11-23 21:12:26,484 - Epoch  96 Test set [recall@10: 0.1750 recall@20: 0.2480 recall@40: 0.3449 ] Test set [ndcg@10: 0.2237 ndcg@20: 0.2487 ndcg@40: 0.2916 ] 
2024-11-23 21:12:26,484 - Validation score increased.  Copying the best model ...
2024-11-23 21:12:27,777 - Epoch  99 Test set [recall@10: 0.1761 recall@20: 0.2500 recall@40: 0.3460 ] Test set [ndcg@10: 0.2245 ndcg@20: 0.2498 ndcg@40: 0.2923 ] 
2024-11-23 21:12:27,777 - Validation score increased.  Copying the best model ...
2024-11-23 21:12:28,914 - Epoch 102 Test set [recall@10: 0.1759 recall@20: 0.2512 recall@40: 0.3462 ] Test set [ndcg@10: 0.2256 ndcg@20: 0.2518 ndcg@40: 0.2938 ] 
2024-11-23 21:12:28,914 - Early stop counter: 1 out of 5
2024-11-23 21:12:30,097 - Epoch 105 Test set [recall@10: 0.1782 recall@20: 0.2505 recall@40: 0.3471 ] Test set [ndcg@10: 0.2267 ndcg@20: 0.2515 ndcg@40: 0.2942 ] 
2024-11-23 21:12:30,098 - Validation score increased.  Copying the best model ...
2024-11-23 21:12:31,370 - Epoch 108 Test set [recall@10: 0.1779 recall@20: 0.2522 recall@40: 0.3490 ] Test set [ndcg@10: 0.2268 ndcg@20: 0.2525 ndcg@40: 0.2952 ] 
2024-11-23 21:12:31,370 - Early stop counter: 1 out of 5
2024-11-23 21:12:32,679 - Epoch 111 Test set [recall@10: 0.1782 recall@20: 0.2530 recall@40: 0.3507 ] Test set [ndcg@10: 0.2269 ndcg@20: 0.2530 ndcg@40: 0.2962 ] 
2024-11-23 21:12:32,679 - Early stop counter: 2 out of 5
2024-11-23 21:12:34,056 - Epoch 114 Test set [recall@10: 0.1791 recall@20: 0.2542 recall@40: 0.3506 ] Test set [ndcg@10: 0.2281 ndcg@20: 0.2542 ndcg@40: 0.2968 ] 
2024-11-23 21:12:34,057 - Validation score increased.  Copying the best model ...
2024-11-23 21:12:35,458 - Epoch 117 Test set [recall@10: 0.1796 recall@20: 0.2541 recall@40: 0.3513 ] Test set [ndcg@10: 0.2287 ndcg@20: 0.2545 ndcg@40: 0.2974 ] 
2024-11-23 21:12:35,459 - Validation score increased.  Copying the best model ...
2024-11-23 21:12:36,913 - Epoch 120 Test set [recall@10: 0.1812 recall@20: 0.2567 recall@40: 0.3521 ] Test set [ndcg@10: 0.2305 ndcg@20: 0.2565 ndcg@40: 0.2987 ] 
2024-11-23 21:12:36,914 - Validation score increased.  Copying the best model ...
2024-11-23 21:12:38,501 - Epoch 123 Test set [recall@10: 0.1816 recall@20: 0.2564 recall@40: 0.3540 ] Test set [ndcg@10: 0.2314 ndcg@20: 0.2570 ndcg@40: 0.3001 ] 
2024-11-23 21:12:38,502 - Validation score increased.  Copying the best model ...
2024-11-23 21:12:40,335 - Epoch 126 Test set [recall@10: 0.1813 recall@20: 0.2568 recall@40: 0.3543 ] Test set [ndcg@10: 0.2312 ndcg@20: 0.2574 ndcg@40: 0.3004 ] 
2024-11-23 21:12:40,336 - Early stop counter: 1 out of 5
2024-11-23 21:12:42,008 - Epoch 129 Test set [recall@10: 0.1817 recall@20: 0.2575 recall@40: 0.3538 ] Test set [ndcg@10: 0.2322 ndcg@20: 0.2583 ndcg@40: 0.3008 ] 
2024-11-23 21:12:42,009 - Validation score increased.  Copying the best model ...
2024-11-23 21:12:43,758 - Epoch 132 Test set [recall@10: 0.1820 recall@20: 0.2578 recall@40: 0.3545 ] Test set [ndcg@10: 0.2327 ndcg@20: 0.2587 ndcg@40: 0.3014 ] 
2024-11-23 21:12:43,759 - Validation score increased.  Copying the best model ...
2024-11-23 21:12:45,287 - Epoch 135 Test set [recall@10: 0.1822 recall@20: 0.2585 recall@40: 0.3559 ] Test set [ndcg@10: 0.2328 ndcg@20: 0.2591 ndcg@40: 0.3022 ] 
2024-11-23 21:12:45,288 - Validation score increased.  Copying the best model ...
2024-11-23 21:12:47,117 - Epoch 138 Test set [recall@10: 0.1828 recall@20: 0.2605 recall@40: 0.3573 ] Test set [ndcg@10: 0.2332 ndcg@20: 0.2602 ndcg@40: 0.3029 ] 
2024-11-23 21:12:47,118 - Validation score increased.  Copying the best model ...
2024-11-23 21:12:48,912 - Epoch 141 Test set [recall@10: 0.1832 recall@20: 0.2619 recall@40: 0.3567 ] Test set [ndcg@10: 0.2340 ndcg@20: 0.2614 ndcg@40: 0.3034 ] 
2024-11-23 21:12:48,913 - Validation score increased.  Copying the best model ...
2024-11-23 21:12:50,611 - Epoch 144 Test set [recall@10: 0.1834 recall@20: 0.2621 recall@40: 0.3563 ] Test set [ndcg@10: 0.2345 ndcg@20: 0.2621 ndcg@40: 0.3038 ] 
2024-11-23 21:12:50,612 - Validation score increased.  Copying the best model ...
2024-11-23 21:12:52,253 - Epoch 147 Test set [recall@10: 0.1843 recall@20: 0.2633 recall@40: 0.3570 ] Test set [ndcg@10: 0.2356 ndcg@20: 0.2631 ndcg@40: 0.3046 ] 
2024-11-23 21:12:52,254 - Validation score increased.  Copying the best model ...
2024-11-23 21:12:54,014 - Epoch 150 Test set [recall@10: 0.1853 recall@20: 0.2647 recall@40: 0.3568 ] Test set [ndcg@10: 0.2364 ndcg@20: 0.2638 ndcg@40: 0.3047 ] 
2024-11-23 21:12:54,015 - Validation score increased.  Copying the best model ...
2024-11-23 21:12:55,606 - Epoch 153 Test set [recall@10: 0.1851 recall@20: 0.2646 recall@40: 0.3575 ] Test set [ndcg@10: 0.2359 ndcg@20: 0.2637 ndcg@40: 0.3049 ] 
2024-11-23 21:12:55,607 - Early stop counter: 1 out of 5
2024-11-23 21:12:57,397 - Epoch 156 Test set [recall@10: 0.1861 recall@20: 0.2644 recall@40: 0.3589 ] Test set [ndcg@10: 0.2373 ndcg@20: 0.2645 ndcg@40: 0.3063 ] 
2024-11-23 21:12:57,397 - Validation score increased.  Copying the best model ...
2024-11-23 21:12:59,049 - Epoch 159 Test set [recall@10: 0.1868 recall@20: 0.2640 recall@40: 0.3581 ] Test set [ndcg@10: 0.2374 ndcg@20: 0.2642 ndcg@40: 0.3059 ] 
2024-11-23 21:12:59,049 - Validation score increased.  Copying the best model ...
2024-11-23 21:13:00,683 - Epoch 162 Test set [recall@10: 0.1867 recall@20: 0.2640 recall@40: 0.3575 ] Test set [ndcg@10: 0.2378 ndcg@20: 0.2646 ndcg@40: 0.3061 ] 
2024-11-23 21:13:00,683 - Early stop counter: 1 out of 5
2024-11-23 21:13:02,373 - Epoch 165 Test set [recall@10: 0.1886 recall@20: 0.2650 recall@40: 0.3583 ] Test set [ndcg@10: 0.2395 ndcg@20: 0.2658 ndcg@40: 0.3072 ] 
2024-11-23 21:13:02,374 - Validation score increased.  Copying the best model ...
2024-11-23 21:13:03,960 - Epoch 168 Test set [recall@10: 0.1875 recall@20: 0.2660 recall@40: 0.3590 ] Test set [ndcg@10: 0.2393 ndcg@20: 0.2664 ndcg@40: 0.3078 ] 
2024-11-23 21:13:03,961 - Early stop counter: 1 out of 5
2024-11-23 21:13:05,618 - Epoch 171 Test set [recall@10: 0.1879 recall@20: 0.2659 recall@40: 0.3591 ] Test set [ndcg@10: 0.2395 ndcg@20: 0.2666 ndcg@40: 0.3079 ] 
2024-11-23 21:13:05,618 - Early stop counter: 2 out of 5
2024-11-23 21:13:07,512 - Epoch 174 Test set [recall@10: 0.1893 recall@20: 0.2660 recall@40: 0.3599 ] Test set [ndcg@10: 0.2402 ndcg@20: 0.2665 ndcg@40: 0.3083 ] 
2024-11-23 21:13:07,512 - Validation score increased.  Copying the best model ...
2024-11-23 21:13:09,192 - Epoch 177 Test set [recall@10: 0.1887 recall@20: 0.2658 recall@40: 0.3609 ] Test set [ndcg@10: 0.2403 ndcg@20: 0.2669 ndcg@40: 0.3091 ] 
2024-11-23 21:13:09,192 - Early stop counter: 1 out of 5
2024-11-23 21:13:10,814 - Epoch 180 Test set [recall@10: 0.1889 recall@20: 0.2669 recall@40: 0.3627 ] Test set [ndcg@10: 0.2411 ndcg@20: 0.2681 ndcg@40: 0.3105 ] 
2024-11-23 21:13:10,814 - Early stop counter: 2 out of 5
2024-11-23 21:13:12,620 - Epoch 183 Test set [recall@10: 0.1896 recall@20: 0.2672 recall@40: 0.3630 ] Test set [ndcg@10: 0.2414 ndcg@20: 0.2681 ndcg@40: 0.3105 ] 
2024-11-23 21:13:12,620 - Validation score increased.  Copying the best model ...
2024-11-23 21:13:14,118 - Epoch 186 Test set [recall@10: 0.1894 recall@20: 0.2679 recall@40: 0.3647 ] Test set [ndcg@10: 0.2416 ndcg@20: 0.2687 ndcg@40: 0.3115 ] 
2024-11-23 21:13:14,118 - Early stop counter: 1 out of 5
2024-11-23 21:13:15,870 - Epoch 189 Test set [recall@10: 0.1898 recall@20: 0.2674 recall@40: 0.3648 ] Test set [ndcg@10: 0.2424 ndcg@20: 0.2689 ndcg@40: 0.3120 ] 
2024-11-23 21:13:15,871 - Validation score increased.  Copying the best model ...
2024-11-23 21:13:17,615 - Epoch 192 Test set [recall@10: 0.1914 recall@20: 0.2682 recall@40: 0.3642 ] Test set [ndcg@10: 0.2426 ndcg@20: 0.2687 ndcg@40: 0.3113 ] 
2024-11-23 21:13:17,615 - Validation score increased.  Copying the best model ...
2024-11-23 21:13:19,109 - Epoch 195 Test set [recall@10: 0.1910 recall@20: 0.2692 recall@40: 0.3643 ] Test set [ndcg@10: 0.2431 ndcg@20: 0.2699 ndcg@40: 0.3121 ] 
2024-11-23 21:13:19,109 - Early stop counter: 1 out of 5
2024-11-23 21:13:20,504 - Epoch 198 Test set [recall@10: 0.1917 recall@20: 0.2682 recall@40: 0.3631 ] Test set [ndcg@10: 0.2429 ndcg@20: 0.2691 ndcg@40: 0.3111 ] 
2024-11-23 21:13:20,504 - Validation score increased.  Copying the best model ...
2024-11-23 21:13:21,902 - Epoch 201 Test set [recall@10: 0.1912 recall@20: 0.2699 recall@40: 0.3627 ] Test set [ndcg@10: 0.2428 ndcg@20: 0.2701 ndcg@40: 0.3112 ] 
2024-11-23 21:13:21,903 - Early stop counter: 1 out of 5
2024-11-23 21:13:23,343 - Epoch 204 Test set [recall@10: 0.1896 recall@20: 0.2692 recall@40: 0.3638 ] Test set [ndcg@10: 0.2421 ndcg@20: 0.2696 ndcg@40: 0.3116 ] 
2024-11-23 21:13:23,343 - Early stop counter: 2 out of 5
2024-11-23 21:13:25,113 - Epoch 207 Test set [recall@10: 0.1901 recall@20: 0.2701 recall@40: 0.3644 ] Test set [ndcg@10: 0.2432 ndcg@20: 0.2707 ndcg@40: 0.3125 ] 
2024-11-23 21:13:25,113 - Early stop counter: 3 out of 5
2024-11-23 21:13:26,772 - Epoch 210 Test set [recall@10: 0.1909 recall@20: 0.2689 recall@40: 0.3642 ] Test set [ndcg@10: 0.2438 ndcg@20: 0.2704 ndcg@40: 0.3128 ] 
2024-11-23 21:13:26,773 - Early stop counter: 4 out of 5
2024-11-23 21:13:28,546 - Epoch 213 Test set [recall@10: 0.1908 recall@20: 0.2705 recall@40: 0.3659 ] Test set [ndcg@10: 0.2439 ndcg@20: 0.2713 ndcg@40: 0.3136 ] 
2024-11-23 21:13:28,547 - Early stop counter: 5 out of 5
2024-11-23 21:13:28,547 - Best Epoch 198
2024-11-23 21:13:29,081 - Test set [recall@10: 0.1917 recall@20: 0.2682 recall@40: 0.3631 ] Test set [ndcg@10: 0.2429 ndcg@20: 0.2691 ndcg@40: 0.3111 ] 
2024-11-23 21:13:29,724 - Test set [recall@10: 0.1917 recall@20: 0.2682 recall@40: 0.3631 ] Test set [ndcg@10: 0.2429 ndcg@20: 0.2691 ndcg@40: 0.3111 ] 
2024-11-23 21:13:29,739 - hyperparameter: {'layer_num': 2, 'reg_weight': 1e-07}
2024-11-23 21:13:30,681 - Epoch   0 Test set [recall@10: 0.0963 recall@20: 0.1398 recall@40: 0.1990 ] Test set [ndcg@10: 0.1236 ndcg@20: 0.1395 ndcg@40: 0.1655 ] 
2024-11-23 21:13:30,682 - Validation score increased.  Copying the best model ...
2024-11-23 21:13:32,083 - Epoch   3 Test set [recall@10: 0.1042 recall@20: 0.1450 recall@40: 0.2025 ] Test set [ndcg@10: 0.1336 ndcg@20: 0.1474 ndcg@40: 0.1729 ] 
2024-11-23 21:13:32,083 - Validation score increased.  Copying the best model ...
2024-11-23 21:13:33,723 - Epoch   6 Test set [recall@10: 0.1124 recall@20: 0.1570 recall@40: 0.2197 ] Test set [ndcg@10: 0.1428 ndcg@20: 0.1580 ndcg@40: 0.1858 ] 
2024-11-23 21:13:33,724 - Validation score increased.  Copying the best model ...
2024-11-23 21:13:35,444 - Epoch   9 Test set [recall@10: 0.1203 recall@20: 0.1672 recall@40: 0.2357 ] Test set [ndcg@10: 0.1513 ndcg@20: 0.1673 ndcg@40: 0.1976 ] 
2024-11-23 21:13:35,445 - Validation score increased.  Copying the best model ...
2024-11-23 21:13:37,134 - Epoch  12 Test set [recall@10: 0.1255 recall@20: 0.1752 recall@40: 0.2478 ] Test set [ndcg@10: 0.1580 ndcg@20: 0.1750 ndcg@40: 0.2070 ] 
2024-11-23 21:13:37,134 - Validation score increased.  Copying the best model ...
2024-11-23 21:13:38,781 - Epoch  15 Test set [recall@10: 0.1297 recall@20: 0.1824 recall@40: 0.2581 ] Test set [ndcg@10: 0.1643 ndcg@20: 0.1826 ndcg@40: 0.2160 ] 
2024-11-23 21:13:38,782 - Validation score increased.  Copying the best model ...
2024-11-23 21:13:40,503 - Epoch  18 Test set [recall@10: 0.1340 recall@20: 0.1896 recall@40: 0.2692 ] Test set [ndcg@10: 0.1698 ndcg@20: 0.1894 ndcg@40: 0.2244 ] 
2024-11-23 21:13:40,504 - Validation score increased.  Copying the best model ...
2024-11-23 21:13:42,235 - Epoch  21 Test set [recall@10: 0.1372 recall@20: 0.1962 recall@40: 0.2752 ] Test set [ndcg@10: 0.1745 ndcg@20: 0.1957 ndcg@40: 0.2304 ] 
2024-11-23 21:13:42,236 - Validation score increased.  Copying the best model ...
2024-11-23 21:13:43,744 - Epoch  24 Test set [recall@10: 0.1413 recall@20: 0.2031 recall@40: 0.2823 ] Test set [ndcg@10: 0.1794 ndcg@20: 0.2015 ndcg@40: 0.2364 ] 
2024-11-23 21:13:43,745 - Validation score increased.  Copying the best model ...
2024-11-23 21:13:45,475 - Epoch  27 Test set [recall@10: 0.1448 recall@20: 0.2073 recall@40: 0.2887 ] Test set [ndcg@10: 0.1841 ndcg@20: 0.2064 ndcg@40: 0.2422 ] 
2024-11-23 21:13:45,476 - Validation score increased.  Copying the best model ...
2024-11-23 21:13:47,166 - Epoch  30 Test set [recall@10: 0.1481 recall@20: 0.2116 recall@40: 0.2938 ] Test set [ndcg@10: 0.1882 ndcg@20: 0.2107 ndcg@40: 0.2469 ] 
2024-11-23 21:13:47,167 - Validation score increased.  Copying the best model ...
2024-11-23 21:13:48,957 - Epoch  33 Test set [recall@10: 0.1499 recall@20: 0.2135 recall@40: 0.2979 ] Test set [ndcg@10: 0.1905 ndcg@20: 0.2131 ndcg@40: 0.2504 ] 
2024-11-23 21:13:48,958 - Validation score increased.  Copying the best model ...
2024-11-23 21:13:50,720 - Epoch  36 Test set [recall@10: 0.1522 recall@20: 0.2158 recall@40: 0.3027 ] Test set [ndcg@10: 0.1934 ndcg@20: 0.2159 ndcg@40: 0.2542 ] 
2024-11-23 21:13:50,721 - Validation score increased.  Copying the best model ...
2024-11-23 21:13:52,612 - Epoch  39 Test set [recall@10: 0.1534 recall@20: 0.2184 recall@40: 0.3063 ] Test set [ndcg@10: 0.1955 ndcg@20: 0.2185 ndcg@40: 0.2574 ] 
2024-11-23 21:13:52,613 - Validation score increased.  Copying the best model ...
2024-11-23 21:13:54,224 - Epoch  42 Test set [recall@10: 0.1562 recall@20: 0.2213 recall@40: 0.3102 ] Test set [ndcg@10: 0.1988 ndcg@20: 0.2218 ndcg@40: 0.2610 ] 
2024-11-23 21:13:54,225 - Validation score increased.  Copying the best model ...
2024-11-23 21:13:56,044 - Epoch  45 Test set [recall@10: 0.1583 recall@20: 0.2250 recall@40: 0.3128 ] Test set [ndcg@10: 0.2007 ndcg@20: 0.2242 ndcg@40: 0.2630 ] 
2024-11-23 21:13:56,045 - Validation score increased.  Copying the best model ...
2024-11-23 21:13:57,639 - Epoch  48 Test set [recall@10: 0.1600 recall@20: 0.2269 recall@40: 0.3162 ] Test set [ndcg@10: 0.2031 ndcg@20: 0.2265 ndcg@40: 0.2660 ] 
2024-11-23 21:13:57,640 - Validation score increased.  Copying the best model ...
2024-11-23 21:13:59,448 - Epoch  51 Test set [recall@10: 0.1602 recall@20: 0.2288 recall@40: 0.3192 ] Test set [ndcg@10: 0.2042 ndcg@20: 0.2285 ndcg@40: 0.2682 ] 
2024-11-23 21:13:59,449 - Validation score increased.  Copying the best model ...
2024-11-23 21:14:01,123 - Epoch  54 Test set [recall@10: 0.1618 recall@20: 0.2318 recall@40: 0.3208 ] Test set [ndcg@10: 0.2065 ndcg@20: 0.2312 ndcg@40: 0.2704 ] 
2024-11-23 21:14:01,124 - Validation score increased.  Copying the best model ...
2024-11-23 21:14:02,807 - Epoch  57 Test set [recall@10: 0.1633 recall@20: 0.2335 recall@40: 0.3231 ] Test set [ndcg@10: 0.2079 ndcg@20: 0.2327 ndcg@40: 0.2723 ] 
2024-11-23 21:14:02,807 - Validation score increased.  Copying the best model ...
2024-11-23 21:14:04,457 - Epoch  60 Test set [recall@10: 0.1649 recall@20: 0.2343 recall@40: 0.3245 ] Test set [ndcg@10: 0.2098 ndcg@20: 0.2340 ndcg@40: 0.2739 ] 
2024-11-23 21:14:04,458 - Validation score increased.  Copying the best model ...
2024-11-23 21:14:06,228 - Epoch  63 Test set [recall@10: 0.1660 recall@20: 0.2345 recall@40: 0.3270 ] Test set [ndcg@10: 0.2112 ndcg@20: 0.2348 ndcg@40: 0.2758 ] 
2024-11-23 21:14:06,229 - Validation score increased.  Copying the best model ...
2024-11-23 21:14:07,898 - Epoch  66 Test set [recall@10: 0.1663 recall@20: 0.2379 recall@40: 0.3297 ] Test set [ndcg@10: 0.2116 ndcg@20: 0.2366 ndcg@40: 0.2772 ] 
2024-11-23 21:14:07,899 - Validation score increased.  Copying the best model ...
2024-11-23 21:14:09,629 - Epoch  69 Test set [recall@10: 0.1664 recall@20: 0.2393 recall@40: 0.3315 ] Test set [ndcg@10: 0.2124 ndcg@20: 0.2383 ndcg@40: 0.2790 ] 
2024-11-23 21:14:09,630 - Validation score increased.  Copying the best model ...
2024-11-23 21:14:11,248 - Epoch  72 Test set [recall@10: 0.1673 recall@20: 0.2402 recall@40: 0.3324 ] Test set [ndcg@10: 0.2145 ndcg@20: 0.2403 ndcg@40: 0.2810 ] 
2024-11-23 21:14:11,249 - Validation score increased.  Copying the best model ...
2024-11-23 21:14:12,904 - Epoch  75 Test set [recall@10: 0.1683 recall@20: 0.2417 recall@40: 0.3358 ] Test set [ndcg@10: 0.2149 ndcg@20: 0.2408 ndcg@40: 0.2824 ] 
2024-11-23 21:14:12,905 - Validation score increased.  Copying the best model ...
2024-11-23 21:14:14,564 - Epoch  78 Test set [recall@10: 0.1697 recall@20: 0.2431 recall@40: 0.3376 ] Test set [ndcg@10: 0.2171 ndcg@20: 0.2428 ndcg@40: 0.2846 ] 
2024-11-23 21:14:14,564 - Validation score increased.  Copying the best model ...
2024-11-23 21:14:16,245 - Epoch  81 Test set [recall@10: 0.1705 recall@20: 0.2436 recall@40: 0.3382 ] Test set [ndcg@10: 0.2175 ndcg@20: 0.2431 ndcg@40: 0.2849 ] 
2024-11-23 21:14:16,246 - Validation score increased.  Copying the best model ...
2024-11-23 21:14:17,916 - Epoch  84 Test set [recall@10: 0.1727 recall@20: 0.2447 recall@40: 0.3397 ] Test set [ndcg@10: 0.2196 ndcg@20: 0.2446 ndcg@40: 0.2866 ] 
2024-11-23 21:14:17,916 - Validation score increased.  Copying the best model ...
2024-11-23 21:14:19,419 - Epoch  87 Test set [recall@10: 0.1730 recall@20: 0.2451 recall@40: 0.3405 ] Test set [ndcg@10: 0.2200 ndcg@20: 0.2450 ndcg@40: 0.2872 ] 
2024-11-23 21:14:19,419 - Validation score increased.  Copying the best model ...
2024-11-23 21:14:21,102 - Epoch  90 Test set [recall@10: 0.1724 recall@20: 0.2468 recall@40: 0.3424 ] Test set [ndcg@10: 0.2203 ndcg@20: 0.2464 ndcg@40: 0.2886 ] 
2024-11-23 21:14:21,102 - Early stop counter: 1 out of 5
2024-11-23 21:14:22,757 - Epoch  93 Test set [recall@10: 0.1739 recall@20: 0.2463 recall@40: 0.3438 ] Test set [ndcg@10: 0.2217 ndcg@20: 0.2467 ndcg@40: 0.2898 ] 
2024-11-23 21:14:22,758 - Validation score increased.  Copying the best model ...
2024-11-23 21:14:24,309 - Epoch  96 Test set [recall@10: 0.1749 recall@20: 0.2482 recall@40: 0.3442 ] Test set [ndcg@10: 0.2227 ndcg@20: 0.2481 ndcg@40: 0.2906 ] 
2024-11-23 21:14:24,309 - Validation score increased.  Copying the best model ...
2024-11-23 21:14:25,588 - Epoch  99 Test set [recall@10: 0.1763 recall@20: 0.2502 recall@40: 0.3453 ] Test set [ndcg@10: 0.2243 ndcg@20: 0.2497 ndcg@40: 0.2917 ] 
2024-11-23 21:14:25,589 - Validation score increased.  Copying the best model ...
2024-11-23 21:14:27,036 - Epoch 102 Test set [recall@10: 0.1773 recall@20: 0.2505 recall@40: 0.3454 ] Test set [ndcg@10: 0.2262 ndcg@20: 0.2514 ndcg@40: 0.2934 ] 
2024-11-23 21:14:27,036 - Validation score increased.  Copying the best model ...
2024-11-23 21:14:28,422 - Epoch 105 Test set [recall@10: 0.1779 recall@20: 0.2515 recall@40: 0.3477 ] Test set [ndcg@10: 0.2264 ndcg@20: 0.2519 ndcg@40: 0.2944 ] 
2024-11-23 21:14:28,422 - Validation score increased.  Copying the best model ...
2024-11-23 21:14:30,006 - Epoch 108 Test set [recall@10: 0.1776 recall@20: 0.2523 recall@40: 0.3493 ] Test set [ndcg@10: 0.2265 ndcg@20: 0.2524 ndcg@40: 0.2954 ] 
2024-11-23 21:14:30,007 - Early stop counter: 1 out of 5
2024-11-23 21:14:31,684 - Epoch 111 Test set [recall@10: 0.1790 recall@20: 0.2526 recall@40: 0.3506 ] Test set [ndcg@10: 0.2271 ndcg@20: 0.2524 ndcg@40: 0.2957 ] 
2024-11-23 21:14:31,684 - Validation score increased.  Copying the best model ...
2024-11-23 21:14:33,278 - Epoch 114 Test set [recall@10: 0.1804 recall@20: 0.2544 recall@40: 0.3505 ] Test set [ndcg@10: 0.2283 ndcg@20: 0.2537 ndcg@40: 0.2963 ] 
2024-11-23 21:14:33,279 - Validation score increased.  Copying the best model ...
2024-11-23 21:14:35,016 - Epoch 117 Test set [recall@10: 0.1804 recall@20: 0.2544 recall@40: 0.3512 ] Test set [ndcg@10: 0.2284 ndcg@20: 0.2542 ndcg@40: 0.2970 ] 
2024-11-23 21:14:35,016 - Early stop counter: 1 out of 5
2024-11-23 21:14:36,624 - Epoch 120 Test set [recall@10: 0.1795 recall@20: 0.2565 recall@40: 0.3517 ] Test set [ndcg@10: 0.2288 ndcg@20: 0.2559 ndcg@40: 0.2980 ] 
2024-11-23 21:14:36,625 - Early stop counter: 2 out of 5
2024-11-23 21:14:38,274 - Epoch 123 Test set [recall@10: 0.1801 recall@20: 0.2559 recall@40: 0.3523 ] Test set [ndcg@10: 0.2302 ndcg@20: 0.2566 ndcg@40: 0.2991 ] 
2024-11-23 21:14:38,274 - Early stop counter: 3 out of 5
2024-11-23 21:14:39,888 - Epoch 126 Test set [recall@10: 0.1802 recall@20: 0.2567 recall@40: 0.3536 ] Test set [ndcg@10: 0.2298 ndcg@20: 0.2567 ndcg@40: 0.2995 ] 
2024-11-23 21:14:39,888 - Early stop counter: 4 out of 5
2024-11-23 21:14:41,567 - Epoch 129 Test set [recall@10: 0.1817 recall@20: 0.2567 recall@40: 0.3527 ] Test set [ndcg@10: 0.2314 ndcg@20: 0.2575 ndcg@40: 0.2998 ] 
2024-11-23 21:14:41,568 - Validation score increased.  Copying the best model ...
2024-11-23 21:14:43,171 - Epoch 132 Test set [recall@10: 0.1814 recall@20: 0.2584 recall@40: 0.3530 ] Test set [ndcg@10: 0.2313 ndcg@20: 0.2581 ndcg@40: 0.2999 ] 
2024-11-23 21:14:43,171 - Early stop counter: 1 out of 5
2024-11-23 21:14:44,892 - Epoch 135 Test set [recall@10: 0.1818 recall@20: 0.2589 recall@40: 0.3539 ] Test set [ndcg@10: 0.2312 ndcg@20: 0.2583 ndcg@40: 0.3002 ] 
2024-11-23 21:14:44,893 - Validation score increased.  Copying the best model ...
2024-11-23 21:14:46,481 - Epoch 138 Test set [recall@10: 0.1825 recall@20: 0.2603 recall@40: 0.3548 ] Test set [ndcg@10: 0.2316 ndcg@20: 0.2589 ndcg@40: 0.3007 ] 
2024-11-23 21:14:46,481 - Validation score increased.  Copying the best model ...
2024-11-23 21:14:48,195 - Epoch 141 Test set [recall@10: 0.1836 recall@20: 0.2606 recall@40: 0.3544 ] Test set [ndcg@10: 0.2333 ndcg@20: 0.2600 ndcg@40: 0.3015 ] 
2024-11-23 21:14:48,195 - Validation score increased.  Copying the best model ...
2024-11-23 21:14:49,859 - Epoch 144 Test set [recall@10: 0.1837 recall@20: 0.2609 recall@40: 0.3544 ] Test set [ndcg@10: 0.2339 ndcg@20: 0.2608 ndcg@40: 0.3022 ] 
2024-11-23 21:14:49,860 - Validation score increased.  Copying the best model ...
2024-11-23 21:14:51,484 - Epoch 147 Test set [recall@10: 0.1835 recall@20: 0.2618 recall@40: 0.3551 ] Test set [ndcg@10: 0.2339 ndcg@20: 0.2615 ndcg@40: 0.3028 ] 
2024-11-23 21:14:51,484 - Early stop counter: 1 out of 5
2024-11-23 21:14:53,307 - Epoch 150 Test set [recall@10: 0.1839 recall@20: 0.2619 recall@40: 0.3562 ] Test set [ndcg@10: 0.2345 ndcg@20: 0.2621 ndcg@40: 0.3036 ] 
2024-11-23 21:14:53,307 - Validation score increased.  Copying the best model ...
2024-11-23 21:14:54,887 - Epoch 153 Test set [recall@10: 0.1839 recall@20: 0.2629 recall@40: 0.3555 ] Test set [ndcg@10: 0.2342 ndcg@20: 0.2621 ndcg@40: 0.3030 ] 
2024-11-23 21:14:54,887 - Early stop counter: 1 out of 5
2024-11-23 21:14:56,293 - Epoch 156 Test set [recall@10: 0.1847 recall@20: 0.2628 recall@40: 0.3554 ] Test set [ndcg@10: 0.2352 ndcg@20: 0.2627 ndcg@40: 0.3036 ] 
2024-11-23 21:14:56,294 - Validation score increased.  Copying the best model ...
2024-11-23 21:14:57,760 - Epoch 159 Test set [recall@10: 0.1845 recall@20: 0.2634 recall@40: 0.3575 ] Test set [ndcg@10: 0.2351 ndcg@20: 0.2631 ndcg@40: 0.3046 ] 
2024-11-23 21:14:57,760 - Early stop counter: 1 out of 5
2024-11-23 21:14:59,101 - Epoch 162 Test set [recall@10: 0.1857 recall@20: 0.2641 recall@40: 0.3572 ] Test set [ndcg@10: 0.2364 ndcg@20: 0.2639 ndcg@40: 0.3051 ] 
2024-11-23 21:14:59,102 - Validation score increased.  Copying the best model ...
2024-11-23 21:15:00,288 - Epoch 165 Test set [recall@10: 0.1859 recall@20: 0.2634 recall@40: 0.3574 ] Test set [ndcg@10: 0.2360 ndcg@20: 0.2632 ndcg@40: 0.3048 ] 
2024-11-23 21:15:00,288 - Validation score increased.  Copying the best model ...
2024-11-23 21:15:01,643 - Epoch 168 Test set [recall@10: 0.1865 recall@20: 0.2636 recall@40: 0.3579 ] Test set [ndcg@10: 0.2370 ndcg@20: 0.2638 ndcg@40: 0.3056 ] 
2024-11-23 21:15:01,644 - Validation score increased.  Copying the best model ...
2024-11-23 21:15:02,979 - Epoch 171 Test set [recall@10: 0.1869 recall@20: 0.2641 recall@40: 0.3585 ] Test set [ndcg@10: 0.2373 ndcg@20: 0.2640 ndcg@40: 0.3059 ] 
2024-11-23 21:15:02,980 - Validation score increased.  Copying the best model ...
2024-11-23 21:15:04,594 - Epoch 174 Test set [recall@10: 0.1869 recall@20: 0.2646 recall@40: 0.3593 ] Test set [ndcg@10: 0.2376 ndcg@20: 0.2646 ndcg@40: 0.3066 ] 
2024-11-23 21:15:04,594 - Early stop counter: 1 out of 5
2024-11-23 21:15:06,305 - Epoch 177 Test set [recall@10: 0.1876 recall@20: 0.2650 recall@40: 0.3584 ] Test set [ndcg@10: 0.2379 ndcg@20: 0.2647 ndcg@40: 0.3062 ] 
2024-11-23 21:15:06,306 - Validation score increased.  Copying the best model ...
2024-11-23 21:15:07,892 - Epoch 180 Test set [recall@10: 0.1880 recall@20: 0.2648 recall@40: 0.3601 ] Test set [ndcg@10: 0.2385 ndcg@20: 0.2653 ndcg@40: 0.3075 ] 
2024-11-23 21:15:07,893 - Validation score increased.  Copying the best model ...
2024-11-23 21:15:09,495 - Epoch 183 Test set [recall@10: 0.1875 recall@20: 0.2657 recall@40: 0.3597 ] Test set [ndcg@10: 0.2383 ndcg@20: 0.2656 ndcg@40: 0.3073 ] 
2024-11-23 21:15:09,495 - Early stop counter: 1 out of 5
2024-11-23 21:15:11,075 - Epoch 186 Test set [recall@10: 0.1875 recall@20: 0.2653 recall@40: 0.3609 ] Test set [ndcg@10: 0.2380 ndcg@20: 0.2651 ndcg@40: 0.3075 ] 
2024-11-23 21:15:11,075 - Early stop counter: 2 out of 5
2024-11-23 21:15:12,675 - Epoch 189 Test set [recall@10: 0.1879 recall@20: 0.2655 recall@40: 0.3617 ] Test set [ndcg@10: 0.2390 ndcg@20: 0.2658 ndcg@40: 0.3084 ] 
2024-11-23 21:15:12,675 - Early stop counter: 3 out of 5
2024-11-23 21:15:14,353 - Epoch 192 Test set [recall@10: 0.1895 recall@20: 0.2666 recall@40: 0.3617 ] Test set [ndcg@10: 0.2403 ndcg@20: 0.2666 ndcg@40: 0.3087 ] 
2024-11-23 21:15:14,354 - Validation score increased.  Copying the best model ...
2024-11-23 21:15:16,050 - Epoch 195 Test set [recall@10: 0.1887 recall@20: 0.2656 recall@40: 0.3619 ] Test set [ndcg@10: 0.2401 ndcg@20: 0.2665 ndcg@40: 0.3091 ] 
2024-11-23 21:15:16,050 - Early stop counter: 1 out of 5
2024-11-23 21:15:17,669 - Epoch 198 Test set [recall@10: 0.1877 recall@20: 0.2666 recall@40: 0.3606 ] Test set [ndcg@10: 0.2399 ndcg@20: 0.2673 ndcg@40: 0.3089 ] 
2024-11-23 21:15:17,670 - Early stop counter: 2 out of 5
2024-11-23 21:15:19,343 - Epoch 201 Test set [recall@10: 0.1866 recall@20: 0.2668 recall@40: 0.3614 ] Test set [ndcg@10: 0.2384 ndcg@20: 0.2666 ndcg@40: 0.3084 ] 
2024-11-23 21:15:19,343 - Early stop counter: 3 out of 5
2024-11-23 21:15:20,905 - Epoch 204 Test set [recall@10: 0.1864 recall@20: 0.2660 recall@40: 0.3617 ] Test set [ndcg@10: 0.2387 ndcg@20: 0.2665 ndcg@40: 0.3089 ] 
2024-11-23 21:15:20,905 - Early stop counter: 4 out of 5
2024-11-23 21:15:22,250 - Epoch 207 Test set [recall@10: 0.1874 recall@20: 0.2673 recall@40: 0.3612 ] Test set [ndcg@10: 0.2389 ndcg@20: 0.2670 ndcg@40: 0.3085 ] 
2024-11-23 21:15:22,250 - Early stop counter: 5 out of 5
2024-11-23 21:15:22,250 - Best Epoch 192
2024-11-23 21:15:22,637 - Test set [recall@10: 0.1895 recall@20: 0.2666 recall@40: 0.3617 ] Test set [ndcg@10: 0.2403 ndcg@20: 0.2666 ndcg@40: 0.3087 ] 
2024-11-23 21:15:23,038 - Test set [recall@10: 0.1895 recall@20: 0.2666 recall@40: 0.3617 ] Test set [ndcg@10: 0.2403 ndcg@20: 0.2666 ndcg@40: 0.3087 ] 
2024-11-23 21:15:23,053 - hyperparameter: {'layer_num': 2, 'reg_weight': 1e-08}
2024-11-23 21:15:23,829 - Epoch   0 Test set [recall@10: 0.0963 recall@20: 0.1398 recall@40: 0.1990 ] Test set [ndcg@10: 0.1236 ndcg@20: 0.1396 ndcg@40: 0.1655 ] 
2024-11-23 21:15:23,829 - Validation score increased.  Copying the best model ...
2024-11-23 21:15:25,115 - Epoch   3 Test set [recall@10: 0.1041 recall@20: 0.1450 recall@40: 0.2025 ] Test set [ndcg@10: 0.1336 ndcg@20: 0.1474 ndcg@40: 0.1729 ] 
2024-11-23 21:15:25,116 - Validation score increased.  Copying the best model ...
2024-11-23 21:15:26,376 - Epoch   6 Test set [recall@10: 0.1124 recall@20: 0.1570 recall@40: 0.2197 ] Test set [ndcg@10: 0.1428 ndcg@20: 0.1580 ndcg@40: 0.1858 ] 
2024-11-23 21:15:26,377 - Validation score increased.  Copying the best model ...
2024-11-23 21:15:27,695 - Epoch   9 Test set [recall@10: 0.1202 recall@20: 0.1671 recall@40: 0.2357 ] Test set [ndcg@10: 0.1513 ndcg@20: 0.1673 ndcg@40: 0.1976 ] 
2024-11-23 21:15:27,696 - Validation score increased.  Copying the best model ...
2024-11-23 21:15:28,962 - Epoch  12 Test set [recall@10: 0.1255 recall@20: 0.1752 recall@40: 0.2478 ] Test set [ndcg@10: 0.1580 ndcg@20: 0.1750 ndcg@40: 0.2070 ] 
2024-11-23 21:15:28,963 - Validation score increased.  Copying the best model ...
2024-11-23 21:15:30,481 - Epoch  15 Test set [recall@10: 0.1297 recall@20: 0.1823 recall@40: 0.2583 ] Test set [ndcg@10: 0.1643 ndcg@20: 0.1826 ndcg@40: 0.2162 ] 
2024-11-23 21:15:30,482 - Validation score increased.  Copying the best model ...
2024-11-23 21:15:31,973 - Epoch  18 Test set [recall@10: 0.1341 recall@20: 0.1897 recall@40: 0.2692 ] Test set [ndcg@10: 0.1699 ndcg@20: 0.1894 ndcg@40: 0.2245 ] 
2024-11-23 21:15:31,974 - Validation score increased.  Copying the best model ...
2024-11-23 21:15:33,361 - Epoch  21 Test set [recall@10: 0.1371 recall@20: 0.1963 recall@40: 0.2751 ] Test set [ndcg@10: 0.1744 ndcg@20: 0.1957 ndcg@40: 0.2303 ] 
2024-11-23 21:15:33,361 - Validation score increased.  Copying the best model ...
2024-11-23 21:15:34,564 - Epoch  24 Test set [recall@10: 0.1412 recall@20: 0.2029 recall@40: 0.2821 ] Test set [ndcg@10: 0.1794 ndcg@20: 0.2014 ndcg@40: 0.2363 ] 
2024-11-23 21:15:34,565 - Validation score increased.  Copying the best model ...
2024-11-23 21:15:35,783 - Epoch  27 Test set [recall@10: 0.1448 recall@20: 0.2073 recall@40: 0.2888 ] Test set [ndcg@10: 0.1840 ndcg@20: 0.2063 ndcg@40: 0.2422 ] 
2024-11-23 21:15:35,784 - Validation score increased.  Copying the best model ...
2024-11-23 21:15:36,972 - Epoch  30 Test set [recall@10: 0.1480 recall@20: 0.2115 recall@40: 0.2937 ] Test set [ndcg@10: 0.1881 ndcg@20: 0.2106 ndcg@40: 0.2468 ] 
2024-11-23 21:15:36,973 - Validation score increased.  Copying the best model ...
2024-11-23 21:15:38,221 - Epoch  33 Test set [recall@10: 0.1500 recall@20: 0.2137 recall@40: 0.2978 ] Test set [ndcg@10: 0.1906 ndcg@20: 0.2132 ndcg@40: 0.2503 ] 
2024-11-23 21:15:38,222 - Validation score increased.  Copying the best model ...
2024-11-23 21:15:39,437 - Epoch  36 Test set [recall@10: 0.1522 recall@20: 0.2158 recall@40: 0.3026 ] Test set [ndcg@10: 0.1934 ndcg@20: 0.2159 ndcg@40: 0.2542 ] 
2024-11-23 21:15:39,438 - Validation score increased.  Copying the best model ...
2024-11-23 21:15:40,670 - Epoch  39 Test set [recall@10: 0.1535 recall@20: 0.2186 recall@40: 0.3064 ] Test set [ndcg@10: 0.1954 ndcg@20: 0.2185 ndcg@40: 0.2573 ] 
2024-11-23 21:15:40,671 - Validation score increased.  Copying the best model ...
2024-11-23 21:15:41,856 - Epoch  42 Test set [recall@10: 0.1561 recall@20: 0.2213 recall@40: 0.3102 ] Test set [ndcg@10: 0.1987 ndcg@20: 0.2217 ndcg@40: 0.2610 ] 
2024-11-23 21:15:41,857 - Validation score increased.  Copying the best model ...
2024-11-23 21:15:43,071 - Epoch  45 Test set [recall@10: 0.1582 recall@20: 0.2250 recall@40: 0.3126 ] Test set [ndcg@10: 0.2007 ndcg@20: 0.2243 ndcg@40: 0.2629 ] 
2024-11-23 21:15:43,072 - Validation score increased.  Copying the best model ...
2024-11-23 21:15:44,434 - Epoch  48 Test set [recall@10: 0.1599 recall@20: 0.2268 recall@40: 0.3161 ] Test set [ndcg@10: 0.2030 ndcg@20: 0.2265 ndcg@40: 0.2659 ] 
2024-11-23 21:15:44,434 - Validation score increased.  Copying the best model ...
2024-11-23 21:15:45,840 - Epoch  51 Test set [recall@10: 0.1602 recall@20: 0.2290 recall@40: 0.3193 ] Test set [ndcg@10: 0.2043 ndcg@20: 0.2287 ndcg@40: 0.2683 ] 
2024-11-23 21:15:45,840 - Validation score increased.  Copying the best model ...
2024-11-23 21:15:47,435 - Epoch  54 Test set [recall@10: 0.1619 recall@20: 0.2319 recall@40: 0.3207 ] Test set [ndcg@10: 0.2065 ndcg@20: 0.2312 ndcg@40: 0.2704 ] 
2024-11-23 21:15:47,436 - Validation score increased.  Copying the best model ...
2024-11-23 21:15:49,177 - Epoch  57 Test set [recall@10: 0.1629 recall@20: 0.2335 recall@40: 0.3234 ] Test set [ndcg@10: 0.2077 ndcg@20: 0.2327 ndcg@40: 0.2724 ] 
2024-11-23 21:15:49,178 - Validation score increased.  Copying the best model ...
2024-11-23 21:15:50,798 - Epoch  60 Test set [recall@10: 0.1648 recall@20: 0.2345 recall@40: 0.3243 ] Test set [ndcg@10: 0.2097 ndcg@20: 0.2340 ndcg@40: 0.2737 ] 
2024-11-23 21:15:50,799 - Validation score increased.  Copying the best model ...
2024-11-23 21:15:52,326 - Epoch  63 Test set [recall@10: 0.1657 recall@20: 0.2344 recall@40: 0.3269 ] Test set [ndcg@10: 0.2111 ndcg@20: 0.2349 ndcg@40: 0.2759 ] 
2024-11-23 21:15:52,327 - Validation score increased.  Copying the best model ...
2024-11-23 21:15:54,019 - Epoch  66 Test set [recall@10: 0.1662 recall@20: 0.2376 recall@40: 0.3297 ] Test set [ndcg@10: 0.2115 ndcg@20: 0.2364 ndcg@40: 0.2771 ] 
2024-11-23 21:15:54,020 - Validation score increased.  Copying the best model ...
2024-11-23 21:15:55,723 - Epoch  69 Test set [recall@10: 0.1665 recall@20: 0.2393 recall@40: 0.3318 ] Test set [ndcg@10: 0.2125 ndcg@20: 0.2383 ndcg@40: 0.2791 ] 
2024-11-23 21:15:55,723 - Validation score increased.  Copying the best model ...
2024-11-23 21:15:57,385 - Epoch  72 Test set [recall@10: 0.1674 recall@20: 0.2405 recall@40: 0.3327 ] Test set [ndcg@10: 0.2145 ndcg@20: 0.2403 ndcg@40: 0.2811 ] 
2024-11-23 21:15:57,386 - Validation score increased.  Copying the best model ...
2024-11-23 21:15:59,079 - Epoch  75 Test set [recall@10: 0.1683 recall@20: 0.2415 recall@40: 0.3357 ] Test set [ndcg@10: 0.2148 ndcg@20: 0.2407 ndcg@40: 0.2822 ] 
2024-11-23 21:15:59,080 - Validation score increased.  Copying the best model ...
2024-11-23 21:16:00,789 - Epoch  78 Test set [recall@10: 0.1696 recall@20: 0.2430 recall@40: 0.3372 ] Test set [ndcg@10: 0.2168 ndcg@20: 0.2426 ndcg@40: 0.2843 ] 
2024-11-23 21:16:00,790 - Validation score increased.  Copying the best model ...
2024-11-23 21:16:02,374 - Epoch  81 Test set [recall@10: 0.1706 recall@20: 0.2438 recall@40: 0.3380 ] Test set [ndcg@10: 0.2174 ndcg@20: 0.2431 ndcg@40: 0.2848 ] 
2024-11-23 21:16:02,374 - Validation score increased.  Copying the best model ...
2024-11-23 21:16:04,151 - Epoch  84 Test set [recall@10: 0.1723 recall@20: 0.2449 recall@40: 0.3389 ] Test set [ndcg@10: 0.2192 ndcg@20: 0.2446 ndcg@40: 0.2862 ] 
2024-11-23 21:16:04,152 - Validation score increased.  Copying the best model ...
2024-11-23 21:16:05,737 - Epoch  87 Test set [recall@10: 0.1731 recall@20: 0.2455 recall@40: 0.3401 ] Test set [ndcg@10: 0.2203 ndcg@20: 0.2454 ndcg@40: 0.2872 ] 
2024-11-23 21:16:05,737 - Validation score increased.  Copying the best model ...
2024-11-23 21:16:07,487 - Epoch  90 Test set [recall@10: 0.1720 recall@20: 0.2472 recall@40: 0.3420 ] Test set [ndcg@10: 0.2199 ndcg@20: 0.2465 ndcg@40: 0.2884 ] 
2024-11-23 21:16:07,487 - Early stop counter: 1 out of 5
2024-11-23 21:16:08,884 - Epoch  93 Test set [recall@10: 0.1740 recall@20: 0.2464 recall@40: 0.3437 ] Test set [ndcg@10: 0.2216 ndcg@20: 0.2466 ndcg@40: 0.2896 ] 
2024-11-23 21:16:08,885 - Validation score increased.  Copying the best model ...
2024-11-23 21:16:10,309 - Epoch  96 Test set [recall@10: 0.1743 recall@20: 0.2485 recall@40: 0.3443 ] Test set [ndcg@10: 0.2224 ndcg@20: 0.2482 ndcg@40: 0.2906 ] 
2024-11-23 21:16:10,310 - Validation score increased.  Copying the best model ...
2024-11-23 21:16:11,656 - Epoch  99 Test set [recall@10: 0.1761 recall@20: 0.2505 recall@40: 0.3451 ] Test set [ndcg@10: 0.2240 ndcg@20: 0.2496 ndcg@40: 0.2916 ] 
2024-11-23 21:16:11,656 - Validation score increased.  Copying the best model ...
2024-11-23 21:16:13,096 - Epoch 102 Test set [recall@10: 0.1773 recall@20: 0.2510 recall@40: 0.3454 ] Test set [ndcg@10: 0.2261 ndcg@20: 0.2515 ndcg@40: 0.2933 ] 
2024-11-23 21:16:13,097 - Validation score increased.  Copying the best model ...
2024-11-23 21:16:14,801 - Epoch 105 Test set [recall@10: 0.1775 recall@20: 0.2519 recall@40: 0.3477 ] Test set [ndcg@10: 0.2257 ndcg@20: 0.2517 ndcg@40: 0.2941 ] 
2024-11-23 21:16:14,802 - Validation score increased.  Copying the best model ...
2024-11-23 21:16:16,412 - Epoch 108 Test set [recall@10: 0.1776 recall@20: 0.2525 recall@40: 0.3487 ] Test set [ndcg@10: 0.2262 ndcg@20: 0.2522 ndcg@40: 0.2948 ] 
2024-11-23 21:16:16,413 - Validation score increased.  Copying the best model ...
2024-11-23 21:16:18,128 - Epoch 111 Test set [recall@10: 0.1789 recall@20: 0.2530 recall@40: 0.3505 ] Test set [ndcg@10: 0.2269 ndcg@20: 0.2526 ndcg@40: 0.2957 ] 
2024-11-23 21:16:18,129 - Validation score increased.  Copying the best model ...
2024-11-23 21:16:19,975 - Epoch 114 Test set [recall@10: 0.1799 recall@20: 0.2542 recall@40: 0.3501 ] Test set [ndcg@10: 0.2279 ndcg@20: 0.2535 ndcg@40: 0.2960 ] 
2024-11-23 21:16:19,976 - Validation score increased.  Copying the best model ...
2024-11-23 21:16:21,618 - Epoch 117 Test set [recall@10: 0.1800 recall@20: 0.2546 recall@40: 0.3514 ] Test set [ndcg@10: 0.2279 ndcg@20: 0.2540 ndcg@40: 0.2967 ] 
2024-11-23 21:16:21,619 - Validation score increased.  Copying the best model ...
2024-11-23 21:16:23,158 - Epoch 120 Test set [recall@10: 0.1798 recall@20: 0.2562 recall@40: 0.3518 ] Test set [ndcg@10: 0.2287 ndcg@20: 0.2555 ndcg@40: 0.2978 ] 
2024-11-23 21:16:23,159 - Early stop counter: 1 out of 5
2024-11-23 21:16:24,834 - Epoch 123 Test set [recall@10: 0.1798 recall@20: 0.2563 recall@40: 0.3522 ] Test set [ndcg@10: 0.2297 ndcg@20: 0.2565 ndcg@40: 0.2988 ] 
2024-11-23 21:16:24,835 - Early stop counter: 2 out of 5
2024-11-23 21:16:26,477 - Epoch 126 Test set [recall@10: 0.1798 recall@20: 0.2572 recall@40: 0.3537 ] Test set [ndcg@10: 0.2294 ndcg@20: 0.2567 ndcg@40: 0.2992 ] 
2024-11-23 21:16:26,477 - Early stop counter: 3 out of 5
2024-11-23 21:16:28,063 - Epoch 129 Test set [recall@10: 0.1808 recall@20: 0.2569 recall@40: 0.3524 ] Test set [ndcg@10: 0.2306 ndcg@20: 0.2572 ndcg@40: 0.2994 ] 
2024-11-23 21:16:28,064 - Validation score increased.  Copying the best model ...
2024-11-23 21:16:29,699 - Epoch 132 Test set [recall@10: 0.1814 recall@20: 0.2571 recall@40: 0.3525 ] Test set [ndcg@10: 0.2311 ndcg@20: 0.2575 ndcg@40: 0.2996 ] 
2024-11-23 21:16:29,700 - Validation score increased.  Copying the best model ...
2024-11-23 21:16:31,418 - Epoch 135 Test set [recall@10: 0.1819 recall@20: 0.2586 recall@40: 0.3538 ] Test set [ndcg@10: 0.2307 ndcg@20: 0.2578 ndcg@40: 0.2998 ] 
2024-11-23 21:16:31,420 - Validation score increased.  Copying the best model ...
2024-11-23 21:16:33,009 - Epoch 138 Test set [recall@10: 0.1819 recall@20: 0.2591 recall@40: 0.3544 ] Test set [ndcg@10: 0.2313 ndcg@20: 0.2585 ndcg@40: 0.3005 ] 
2024-11-23 21:16:33,009 - Early stop counter: 1 out of 5
2024-11-23 21:16:34,584 - Epoch 141 Test set [recall@10: 0.1832 recall@20: 0.2601 recall@40: 0.3538 ] Test set [ndcg@10: 0.2327 ndcg@20: 0.2595 ndcg@40: 0.3009 ] 
2024-11-23 21:16:34,584 - Validation score increased.  Copying the best model ...
2024-11-23 21:16:36,264 - Epoch 144 Test set [recall@10: 0.1839 recall@20: 0.2609 recall@40: 0.3539 ] Test set [ndcg@10: 0.2339 ndcg@20: 0.2606 ndcg@40: 0.3018 ] 
2024-11-23 21:16:36,265 - Validation score increased.  Copying the best model ...
2024-11-23 21:16:37,948 - Epoch 147 Test set [recall@10: 0.1835 recall@20: 0.2603 recall@40: 0.3546 ] Test set [ndcg@10: 0.2336 ndcg@20: 0.2606 ndcg@40: 0.3023 ] 
2024-11-23 21:16:37,948 - Early stop counter: 1 out of 5
2024-11-23 21:16:39,468 - Epoch 150 Test set [recall@10: 0.1837 recall@20: 0.2612 recall@40: 0.3562 ] Test set [ndcg@10: 0.2342 ndcg@20: 0.2616 ndcg@40: 0.3034 ] 
2024-11-23 21:16:39,468 - Early stop counter: 2 out of 5
2024-11-23 21:16:41,310 - Epoch 153 Test set [recall@10: 0.1839 recall@20: 0.2625 recall@40: 0.3552 ] Test set [ndcg@10: 0.2337 ndcg@20: 0.2615 ndcg@40: 0.3024 ] 
2024-11-23 21:16:41,311 - Early stop counter: 3 out of 5
2024-11-23 21:16:42,951 - Epoch 156 Test set [recall@10: 0.1842 recall@20: 0.2621 recall@40: 0.3553 ] Test set [ndcg@10: 0.2346 ndcg@20: 0.2621 ndcg@40: 0.3033 ] 
2024-11-23 21:16:42,951 - Validation score increased.  Copying the best model ...
2024-11-23 21:16:44,649 - Epoch 159 Test set [recall@10: 0.1837 recall@20: 0.2630 recall@40: 0.3558 ] Test set [ndcg@10: 0.2341 ndcg@20: 0.2623 ndcg@40: 0.3033 ] 
2024-11-23 21:16:44,649 - Early stop counter: 1 out of 5
2024-11-23 21:16:46,367 - Epoch 162 Test set [recall@10: 0.1849 recall@20: 0.2638 recall@40: 0.3568 ] Test set [ndcg@10: 0.2355 ndcg@20: 0.2632 ndcg@40: 0.3043 ] 
2024-11-23 21:16:46,367 - Validation score increased.  Copying the best model ...
2024-11-23 21:16:47,973 - Epoch 165 Test set [recall@10: 0.1855 recall@20: 0.2641 recall@40: 0.3567 ] Test set [ndcg@10: 0.2355 ndcg@20: 0.2632 ndcg@40: 0.3043 ] 
2024-11-23 21:16:47,973 - Validation score increased.  Copying the best model ...
2024-11-23 21:16:49,694 - Epoch 168 Test set [recall@10: 0.1860 recall@20: 0.2642 recall@40: 0.3571 ] Test set [ndcg@10: 0.2357 ndcg@20: 0.2631 ndcg@40: 0.3043 ] 
2024-11-23 21:16:49,695 - Validation score increased.  Copying the best model ...
2024-11-23 21:16:51,380 - Epoch 171 Test set [recall@10: 0.1862 recall@20: 0.2643 recall@40: 0.3580 ] Test set [ndcg@10: 0.2361 ndcg@20: 0.2634 ndcg@40: 0.3049 ] 
2024-11-23 21:16:51,381 - Validation score increased.  Copying the best model ...
2024-11-23 21:16:53,039 - Epoch 174 Test set [recall@10: 0.1872 recall@20: 0.2645 recall@40: 0.3584 ] Test set [ndcg@10: 0.2372 ndcg@20: 0.2639 ndcg@40: 0.3055 ] 
2024-11-23 21:16:53,039 - Validation score increased.  Copying the best model ...
2024-11-23 21:16:54,635 - Epoch 177 Test set [recall@10: 0.1874 recall@20: 0.2643 recall@40: 0.3581 ] Test set [ndcg@10: 0.2371 ndcg@20: 0.2637 ndcg@40: 0.3053 ] 
2024-11-23 21:16:54,636 - Validation score increased.  Copying the best model ...
2024-11-23 21:16:56,417 - Epoch 180 Test set [recall@10: 0.1874 recall@20: 0.2649 recall@40: 0.3588 ] Test set [ndcg@10: 0.2377 ndcg@20: 0.2647 ndcg@40: 0.3063 ] 
2024-11-23 21:16:56,418 - Validation score increased.  Copying the best model ...
2024-11-23 21:16:58,048 - Epoch 183 Test set [recall@10: 0.1872 recall@20: 0.2652 recall@40: 0.3586 ] Test set [ndcg@10: 0.2377 ndcg@20: 0.2648 ndcg@40: 0.3062 ] 
2024-11-23 21:16:58,048 - Early stop counter: 1 out of 5
2024-11-23 21:16:59,995 - Epoch 186 Test set [recall@10: 0.1873 recall@20: 0.2648 recall@40: 0.3600 ] Test set [ndcg@10: 0.2378 ndcg@20: 0.2646 ndcg@40: 0.3068 ] 
2024-11-23 21:16:59,996 - Early stop counter: 2 out of 5
2024-11-23 21:17:01,916 - Epoch 189 Test set [recall@10: 0.1874 recall@20: 0.2652 recall@40: 0.3601 ] Test set [ndcg@10: 0.2380 ndcg@20: 0.2651 ndcg@40: 0.3071 ] 
2024-11-23 21:17:01,917 - Validation score increased.  Copying the best model ...
2024-11-23 21:17:03,723 - Epoch 192 Test set [recall@10: 0.1886 recall@20: 0.2660 recall@40: 0.3610 ] Test set [ndcg@10: 0.2391 ndcg@20: 0.2657 ndcg@40: 0.3077 ] 
2024-11-23 21:17:03,724 - Validation score increased.  Copying the best model ...
2024-11-23 21:17:05,333 - Epoch 195 Test set [recall@10: 0.1880 recall@20: 0.2649 recall@40: 0.3611 ] Test set [ndcg@10: 0.2391 ndcg@20: 0.2656 ndcg@40: 0.3081 ] 
2024-11-23 21:17:05,333 - Early stop counter: 1 out of 5
2024-11-23 21:17:07,055 - Epoch 198 Test set [recall@10: 0.1865 recall@20: 0.2654 recall@40: 0.3598 ] Test set [ndcg@10: 0.2386 ndcg@20: 0.2662 ndcg@40: 0.3080 ] 
2024-11-23 21:17:07,056 - Early stop counter: 2 out of 5
2024-11-23 21:17:08,759 - Epoch 201 Test set [recall@10: 0.1848 recall@20: 0.2656 recall@40: 0.3608 ] Test set [ndcg@10: 0.2370 ndcg@20: 0.2655 ndcg@40: 0.3076 ] 
2024-11-23 21:17:08,759 - Early stop counter: 3 out of 5
2024-11-23 21:17:10,434 - Epoch 204 Test set [recall@10: 0.1861 recall@20: 0.2660 recall@40: 0.3601 ] Test set [ndcg@10: 0.2378 ndcg@20: 0.2658 ndcg@40: 0.3075 ] 
2024-11-23 21:17:10,434 - Early stop counter: 4 out of 5
2024-11-23 21:17:12,032 - Epoch 207 Test set [recall@10: 0.1861 recall@20: 0.2662 recall@40: 0.3606 ] Test set [ndcg@10: 0.2375 ndcg@20: 0.2656 ndcg@40: 0.3074 ] 
2024-11-23 21:17:12,033 - Early stop counter: 5 out of 5
2024-11-23 21:17:12,033 - Best Epoch 192
2024-11-23 21:17:12,514 - Test set [recall@10: 0.1886 recall@20: 0.2660 recall@40: 0.3610 ] Test set [ndcg@10: 0.2391 ndcg@20: 0.2657 ndcg@40: 0.3077 ] 
2024-11-23 21:17:12,970 - Test set [recall@10: 0.1886 recall@20: 0.2660 recall@40: 0.3610 ] Test set [ndcg@10: 0.2391 ndcg@20: 0.2657 ndcg@40: 0.3077 ] 
2024-11-23 21:17:13,000 - hyperparameter: {'layer_num': 3, 'reg_weight': 1e-06}
2024-11-23 21:17:14,099 - Epoch   0 Test set [recall@10: 0.0909 recall@20: 0.1292 recall@40: 0.1861 ] Test set [ndcg@10: 0.1171 ndcg@20: 0.1306 ndcg@40: 0.1559 ] 
2024-11-23 21:17:14,103 - Validation score increased.  Copying the best model ...
2024-11-23 21:17:16,067 - Epoch   3 Test set [recall@10: 0.0976 recall@20: 0.1377 recall@40: 0.1913 ] Test set [ndcg@10: 0.1258 ndcg@20: 0.1399 ndcg@40: 0.1636 ] 
2024-11-23 21:17:16,068 - Validation score increased.  Copying the best model ...
2024-11-23 21:17:17,763 - Epoch   6 Test set [recall@10: 0.1114 recall@20: 0.1554 recall@40: 0.2166 ] Test set [ndcg@10: 0.1419 ndcg@20: 0.1568 ndcg@40: 0.1839 ] 
2024-11-23 21:17:17,764 - Validation score increased.  Copying the best model ...
2024-11-23 21:17:19,388 - Epoch   9 Test set [recall@10: 0.1184 recall@20: 0.1678 recall@40: 0.2365 ] Test set [ndcg@10: 0.1498 ndcg@20: 0.1674 ndcg@40: 0.1976 ] 
2024-11-23 21:17:19,389 - Validation score increased.  Copying the best model ...
2024-11-23 21:17:21,120 - Epoch  12 Test set [recall@10: 0.1258 recall@20: 0.1768 recall@40: 0.2513 ] Test set [ndcg@10: 0.1586 ndcg@20: 0.1763 ndcg@40: 0.2089 ] 
2024-11-23 21:17:21,121 - Validation score increased.  Copying the best model ...
2024-11-23 21:17:22,735 - Epoch  15 Test set [recall@10: 0.1299 recall@20: 0.1849 recall@40: 0.2610 ] Test set [ndcg@10: 0.1652 ndcg@20: 0.1849 ndcg@40: 0.2183 ] 
2024-11-23 21:17:22,736 - Validation score increased.  Copying the best model ...
2024-11-23 21:17:24,521 - Epoch  18 Test set [recall@10: 0.1348 recall@20: 0.1925 recall@40: 0.2710 ] Test set [ndcg@10: 0.1717 ndcg@20: 0.1924 ndcg@40: 0.2269 ] 
2024-11-23 21:17:24,522 - Validation score increased.  Copying the best model ...
2024-11-23 21:17:26,441 - Epoch  21 Test set [recall@10: 0.1388 recall@20: 0.1991 recall@40: 0.2792 ] Test set [ndcg@10: 0.1769 ndcg@20: 0.1985 ndcg@40: 0.2338 ] 
2024-11-23 21:17:26,441 - Validation score increased.  Copying the best model ...
2024-11-23 21:17:28,269 - Epoch  24 Test set [recall@10: 0.1429 recall@20: 0.2065 recall@40: 0.2852 ] Test set [ndcg@10: 0.1819 ndcg@20: 0.2046 ndcg@40: 0.2394 ] 
2024-11-23 21:17:28,270 - Validation score increased.  Copying the best model ...
2024-11-23 21:17:30,063 - Epoch  27 Test set [recall@10: 0.1463 recall@20: 0.2108 recall@40: 0.2919 ] Test set [ndcg@10: 0.1868 ndcg@20: 0.2098 ndcg@40: 0.2455 ] 
2024-11-23 21:17:30,063 - Validation score increased.  Copying the best model ...
2024-11-23 21:17:31,816 - Epoch  30 Test set [recall@10: 0.1489 recall@20: 0.2137 recall@40: 0.2976 ] Test set [ndcg@10: 0.1903 ndcg@20: 0.2132 ndcg@40: 0.2502 ] 
2024-11-23 21:17:31,817 - Validation score increased.  Copying the best model ...
2024-11-23 21:17:33,489 - Epoch  33 Test set [recall@10: 0.1523 recall@20: 0.2168 recall@40: 0.3015 ] Test set [ndcg@10: 0.1942 ndcg@20: 0.2165 ndcg@40: 0.2541 ] 
2024-11-23 21:17:33,490 - Validation score increased.  Copying the best model ...
2024-11-23 21:17:35,325 - Epoch  36 Test set [recall@10: 0.1542 recall@20: 0.2177 recall@40: 0.3049 ] Test set [ndcg@10: 0.1961 ndcg@20: 0.2180 ndcg@40: 0.2568 ] 
2024-11-23 21:17:35,325 - Validation score increased.  Copying the best model ...
2024-11-23 21:17:37,060 - Epoch  39 Test set [recall@10: 0.1564 recall@20: 0.2206 recall@40: 0.3097 ] Test set [ndcg@10: 0.1989 ndcg@20: 0.2208 ndcg@40: 0.2604 ] 
2024-11-23 21:17:37,060 - Validation score increased.  Copying the best model ...
2024-11-23 21:17:39,081 - Epoch  42 Test set [recall@10: 0.1580 recall@20: 0.2239 recall@40: 0.3128 ] Test set [ndcg@10: 0.2011 ndcg@20: 0.2238 ndcg@40: 0.2633 ] 
2024-11-23 21:17:39,084 - Validation score increased.  Copying the best model ...
2024-11-23 21:17:40,827 - Epoch  45 Test set [recall@10: 0.1596 recall@20: 0.2253 recall@40: 0.3150 ] Test set [ndcg@10: 0.2036 ndcg@20: 0.2263 ndcg@40: 0.2660 ] 
2024-11-23 21:17:40,827 - Validation score increased.  Copying the best model ...
2024-11-23 21:17:42,491 - Epoch  48 Test set [recall@10: 0.1616 recall@20: 0.2273 recall@40: 0.3187 ] Test set [ndcg@10: 0.2058 ndcg@20: 0.2284 ndcg@40: 0.2689 ] 
2024-11-23 21:17:42,492 - Validation score increased.  Copying the best model ...
2024-11-23 21:17:44,320 - Epoch  51 Test set [recall@10: 0.1616 recall@20: 0.2302 recall@40: 0.3206 ] Test set [ndcg@10: 0.2063 ndcg@20: 0.2304 ndcg@40: 0.2704 ] 
2024-11-23 21:17:44,321 - Validation score increased.  Copying the best model ...
2024-11-23 21:17:46,324 - Epoch  54 Test set [recall@10: 0.1633 recall@20: 0.2327 recall@40: 0.3240 ] Test set [ndcg@10: 0.2086 ndcg@20: 0.2331 ndcg@40: 0.2732 ] 
2024-11-23 21:17:46,324 - Validation score increased.  Copying the best model ...
2024-11-23 21:17:47,957 - Epoch  57 Test set [recall@10: 0.1655 recall@20: 0.2332 recall@40: 0.3257 ] Test set [ndcg@10: 0.2111 ndcg@20: 0.2345 ndcg@40: 0.2753 ] 
2024-11-23 21:17:47,958 - Validation score increased.  Copying the best model ...
2024-11-23 21:17:49,646 - Epoch  60 Test set [recall@10: 0.1663 recall@20: 0.2348 recall@40: 0.3302 ] Test set [ndcg@10: 0.2129 ndcg@20: 0.2363 ndcg@40: 0.2784 ] 
2024-11-23 21:17:49,647 - Validation score increased.  Copying the best model ...
2024-11-23 21:17:51,428 - Epoch  63 Test set [recall@10: 0.1675 recall@20: 0.2349 recall@40: 0.3319 ] Test set [ndcg@10: 0.2142 ndcg@20: 0.2369 ndcg@40: 0.2798 ] 
2024-11-23 21:17:51,428 - Validation score increased.  Copying the best model ...
2024-11-23 21:17:52,977 - Epoch  66 Test set [recall@10: 0.1679 recall@20: 0.2368 recall@40: 0.3333 ] Test set [ndcg@10: 0.2150 ndcg@20: 0.2385 ndcg@40: 0.2812 ] 
2024-11-23 21:17:52,978 - Validation score increased.  Copying the best model ...
2024-11-23 21:17:54,797 - Epoch  69 Test set [recall@10: 0.1692 recall@20: 0.2400 recall@40: 0.3345 ] Test set [ndcg@10: 0.2162 ndcg@20: 0.2405 ndcg@40: 0.2824 ] 
2024-11-23 21:17:54,798 - Validation score increased.  Copying the best model ...
2024-11-23 21:17:56,417 - Epoch  72 Test set [recall@10: 0.1692 recall@20: 0.2404 recall@40: 0.3354 ] Test set [ndcg@10: 0.2175 ndcg@20: 0.2420 ndcg@40: 0.2840 ] 
2024-11-23 21:17:56,417 - Early stop counter: 1 out of 5
2024-11-23 21:17:58,156 - Epoch  75 Test set [recall@10: 0.1702 recall@20: 0.2436 recall@40: 0.3390 ] Test set [ndcg@10: 0.2184 ndcg@20: 0.2439 ndcg@40: 0.2861 ] 
2024-11-23 21:17:58,157 - Validation score increased.  Copying the best model ...
2024-11-23 21:17:59,866 - Epoch  78 Test set [recall@10: 0.1711 recall@20: 0.2444 recall@40: 0.3410 ] Test set [ndcg@10: 0.2200 ndcg@20: 0.2455 ndcg@40: 0.2881 ] 
2024-11-23 21:17:59,866 - Validation score increased.  Copying the best model ...
2024-11-23 21:18:01,621 - Epoch  81 Test set [recall@10: 0.1718 recall@20: 0.2459 recall@40: 0.3417 ] Test set [ndcg@10: 0.2202 ndcg@20: 0.2461 ndcg@40: 0.2885 ] 
2024-11-23 21:18:01,622 - Validation score increased.  Copying the best model ...
2024-11-23 21:18:03,244 - Epoch  84 Test set [recall@10: 0.1729 recall@20: 0.2457 recall@40: 0.3425 ] Test set [ndcg@10: 0.2210 ndcg@20: 0.2463 ndcg@40: 0.2890 ] 
2024-11-23 21:18:03,245 - Validation score increased.  Copying the best model ...
2024-11-23 21:18:05,186 - Epoch  87 Test set [recall@10: 0.1731 recall@20: 0.2464 recall@40: 0.3448 ] Test set [ndcg@10: 0.2218 ndcg@20: 0.2472 ndcg@40: 0.2905 ] 
2024-11-23 21:18:05,187 - Validation score increased.  Copying the best model ...
2024-11-23 21:18:06,802 - Epoch  90 Test set [recall@10: 0.1733 recall@20: 0.2478 recall@40: 0.3466 ] Test set [ndcg@10: 0.2218 ndcg@20: 0.2479 ndcg@40: 0.2915 ] 
2024-11-23 21:18:06,803 - Validation score increased.  Copying the best model ...
2024-11-23 21:18:08,508 - Epoch  93 Test set [recall@10: 0.1743 recall@20: 0.2482 recall@40: 0.3477 ] Test set [ndcg@10: 0.2228 ndcg@20: 0.2485 ndcg@40: 0.2924 ] 
2024-11-23 21:18:08,509 - Validation score increased.  Copying the best model ...
2024-11-23 21:18:10,263 - Epoch  96 Test set [recall@10: 0.1750 recall@20: 0.2498 recall@40: 0.3489 ] Test set [ndcg@10: 0.2243 ndcg@20: 0.2503 ndcg@40: 0.2939 ] 
2024-11-23 21:18:10,263 - Validation score increased.  Copying the best model ...
2024-11-23 21:18:12,102 - Epoch  99 Test set [recall@10: 0.1760 recall@20: 0.2526 recall@40: 0.3488 ] Test set [ndcg@10: 0.2253 ndcg@20: 0.2520 ndcg@40: 0.2945 ] 
2024-11-23 21:18:12,103 - Validation score increased.  Copying the best model ...
2024-11-23 21:18:13,733 - Epoch 102 Test set [recall@10: 0.1774 recall@20: 0.2525 recall@40: 0.3513 ] Test set [ndcg@10: 0.2270 ndcg@20: 0.2530 ndcg@40: 0.2965 ] 
2024-11-23 21:18:13,733 - Validation score increased.  Copying the best model ...
2024-11-23 21:18:15,519 - Epoch 105 Test set [recall@10: 0.1784 recall@20: 0.2535 recall@40: 0.3517 ] Test set [ndcg@10: 0.2283 ndcg@20: 0.2542 ndcg@40: 0.2976 ] 
2024-11-23 21:18:15,520 - Validation score increased.  Copying the best model ...
2024-11-23 21:18:17,369 - Epoch 108 Test set [recall@10: 0.1788 recall@20: 0.2556 recall@40: 0.3528 ] Test set [ndcg@10: 0.2284 ndcg@20: 0.2551 ndcg@40: 0.2980 ] 
2024-11-23 21:18:17,370 - Validation score increased.  Copying the best model ...
2024-11-23 21:18:19,276 - Epoch 111 Test set [recall@10: 0.1799 recall@20: 0.2554 recall@40: 0.3540 ] Test set [ndcg@10: 0.2295 ndcg@20: 0.2554 ndcg@40: 0.2991 ] 
2024-11-23 21:18:19,277 - Validation score increased.  Copying the best model ...
2024-11-23 21:18:21,695 - Epoch 114 Test set [recall@10: 0.1794 recall@20: 0.2561 recall@40: 0.3547 ] Test set [ndcg@10: 0.2298 ndcg@20: 0.2565 ndcg@40: 0.3000 ] 
2024-11-23 21:18:21,695 - Early stop counter: 1 out of 5
2024-11-23 21:18:23,427 - Epoch 117 Test set [recall@10: 0.1815 recall@20: 0.2575 recall@40: 0.3556 ] Test set [ndcg@10: 0.2321 ndcg@20: 0.2581 ndcg@40: 0.3015 ] 
2024-11-23 21:18:23,428 - Validation score increased.  Copying the best model ...
2024-11-23 21:18:25,247 - Epoch 120 Test set [recall@10: 0.1815 recall@20: 0.2587 recall@40: 0.3568 ] Test set [ndcg@10: 0.2320 ndcg@20: 0.2588 ndcg@40: 0.3021 ] 
2024-11-23 21:18:25,247 - Validation score increased.  Copying the best model ...
2024-11-23 21:18:27,036 - Epoch 123 Test set [recall@10: 0.1818 recall@20: 0.2584 recall@40: 0.3582 ] Test set [ndcg@10: 0.2329 ndcg@20: 0.2595 ndcg@40: 0.3034 ] 
2024-11-23 21:18:27,037 - Validation score increased.  Copying the best model ...
2024-11-23 21:18:28,872 - Epoch 126 Test set [recall@10: 0.1830 recall@20: 0.2596 recall@40: 0.3585 ] Test set [ndcg@10: 0.2334 ndcg@20: 0.2598 ndcg@40: 0.3034 ] 
2024-11-23 21:18:28,873 - Validation score increased.  Copying the best model ...
2024-11-23 21:18:30,645 - Epoch 129 Test set [recall@10: 0.1837 recall@20: 0.2601 recall@40: 0.3578 ] Test set [ndcg@10: 0.2351 ndcg@20: 0.2613 ndcg@40: 0.3044 ] 
2024-11-23 21:18:30,646 - Validation score increased.  Copying the best model ...
2024-11-23 21:18:32,576 - Epoch 132 Test set [recall@10: 0.1836 recall@20: 0.2618 recall@40: 0.3581 ] Test set [ndcg@10: 0.2349 ndcg@20: 0.2619 ndcg@40: 0.3044 ] 
2024-11-23 21:18:32,577 - Early stop counter: 1 out of 5
2024-11-23 21:18:34,361 - Epoch 135 Test set [recall@10: 0.1843 recall@20: 0.2623 recall@40: 0.3585 ] Test set [ndcg@10: 0.2354 ndcg@20: 0.2622 ndcg@40: 0.3047 ] 
2024-11-23 21:18:34,362 - Validation score increased.  Copying the best model ...
2024-11-23 21:18:36,376 - Epoch 138 Test set [recall@10: 0.1859 recall@20: 0.2628 recall@40: 0.3605 ] Test set [ndcg@10: 0.2366 ndcg@20: 0.2629 ndcg@40: 0.3060 ] 
2024-11-23 21:18:36,377 - Validation score increased.  Copying the best model ...
2024-11-23 21:18:38,138 - Epoch 141 Test set [recall@10: 0.1862 recall@20: 0.2641 recall@40: 0.3600 ] Test set [ndcg@10: 0.2371 ndcg@20: 0.2637 ndcg@40: 0.3061 ] 
2024-11-23 21:18:38,139 - Validation score increased.  Copying the best model ...
2024-11-23 21:18:39,819 - Epoch 144 Test set [recall@10: 0.1872 recall@20: 0.2643 recall@40: 0.3591 ] Test set [ndcg@10: 0.2380 ndcg@20: 0.2643 ndcg@40: 0.3063 ] 
2024-11-23 21:18:39,820 - Validation score increased.  Copying the best model ...
2024-11-23 21:18:41,540 - Epoch 147 Test set [recall@10: 0.1874 recall@20: 0.2651 recall@40: 0.3608 ] Test set [ndcg@10: 0.2382 ndcg@20: 0.2648 ndcg@40: 0.3073 ] 
2024-11-23 21:18:41,541 - Validation score increased.  Copying the best model ...
2024-11-23 21:18:43,307 - Epoch 150 Test set [recall@10: 0.1873 recall@20: 0.2662 recall@40: 0.3619 ] Test set [ndcg@10: 0.2385 ndcg@20: 0.2657 ndcg@40: 0.3081 ] 
2024-11-23 21:18:43,308 - Early stop counter: 1 out of 5
2024-11-23 21:18:44,998 - Epoch 153 Test set [recall@10: 0.1879 recall@20: 0.2675 recall@40: 0.3613 ] Test set [ndcg@10: 0.2395 ndcg@20: 0.2668 ndcg@40: 0.3084 ] 
2024-11-23 21:18:44,999 - Validation score increased.  Copying the best model ...
2024-11-23 21:18:46,740 - Epoch 156 Test set [recall@10: 0.1884 recall@20: 0.2675 recall@40: 0.3620 ] Test set [ndcg@10: 0.2400 ndcg@20: 0.2672 ndcg@40: 0.3092 ] 
2024-11-23 21:18:46,741 - Validation score increased.  Copying the best model ...
2024-11-23 21:18:48,611 - Epoch 159 Test set [recall@10: 0.1888 recall@20: 0.2658 recall@40: 0.3611 ] Test set [ndcg@10: 0.2407 ndcg@20: 0.2668 ndcg@40: 0.3091 ] 
2024-11-23 21:18:48,612 - Validation score increased.  Copying the best model ...
2024-11-23 21:18:50,345 - Epoch 162 Test set [recall@10: 0.1895 recall@20: 0.2676 recall@40: 0.3613 ] Test set [ndcg@10: 0.2415 ndcg@20: 0.2682 ndcg@40: 0.3099 ] 
2024-11-23 21:18:50,346 - Validation score increased.  Copying the best model ...
2024-11-23 21:18:52,092 - Epoch 165 Test set [recall@10: 0.1901 recall@20: 0.2690 recall@40: 0.3611 ] Test set [ndcg@10: 0.2423 ndcg@20: 0.2693 ndcg@40: 0.3103 ] 
2024-11-23 21:18:52,093 - Validation score increased.  Copying the best model ...
2024-11-23 21:18:53,885 - Epoch 168 Test set [recall@10: 0.1886 recall@20: 0.2701 recall@40: 0.3627 ] Test set [ndcg@10: 0.2408 ndcg@20: 0.2693 ndcg@40: 0.3105 ] 
2024-11-23 21:18:53,885 - Early stop counter: 1 out of 5
2024-11-23 21:18:55,620 - Epoch 171 Test set [recall@10: 0.1896 recall@20: 0.2699 recall@40: 0.3613 ] Test set [ndcg@10: 0.2420 ndcg@20: 0.2697 ndcg@40: 0.3105 ] 
2024-11-23 21:18:55,620 - Early stop counter: 2 out of 5
2024-11-23 21:18:57,312 - Epoch 174 Test set [recall@10: 0.1892 recall@20: 0.2690 recall@40: 0.3631 ] Test set [ndcg@10: 0.2421 ndcg@20: 0.2696 ndcg@40: 0.3115 ] 
2024-11-23 21:18:57,312 - Early stop counter: 3 out of 5
2024-11-23 21:18:58,997 - Epoch 177 Test set [recall@10: 0.1898 recall@20: 0.2700 recall@40: 0.3655 ] Test set [ndcg@10: 0.2425 ndcg@20: 0.2703 ndcg@40: 0.3126 ] 
2024-11-23 21:18:58,998 - Early stop counter: 4 out of 5
2024-11-23 21:19:00,637 - Epoch 180 Test set [recall@10: 0.1892 recall@20: 0.2707 recall@40: 0.3670 ] Test set [ndcg@10: 0.2427 ndcg@20: 0.2709 ndcg@40: 0.3137 ] 
2024-11-23 21:19:00,638 - Early stop counter: 5 out of 5
2024-11-23 21:19:00,638 - Best Epoch 165
2024-11-23 21:19:01,107 - Test set [recall@10: 0.1901 recall@20: 0.2690 recall@40: 0.3611 ] Test set [ndcg@10: 0.2423 ndcg@20: 0.2693 ndcg@40: 0.3103 ] 
2024-11-23 21:19:01,576 - Test set [recall@10: 0.1901 recall@20: 0.2690 recall@40: 0.3611 ] Test set [ndcg@10: 0.2423 ndcg@20: 0.2693 ndcg@40: 0.3103 ] 
2024-11-23 21:19:01,591 - hyperparameter: {'layer_num': 3, 'reg_weight': 1e-07}
2024-11-23 21:19:02,485 - Epoch   0 Test set [recall@10: 0.0910 recall@20: 0.1291 recall@40: 0.1860 ] Test set [ndcg@10: 0.1171 ndcg@20: 0.1306 ndcg@40: 0.1558 ] 
2024-11-23 21:19:02,485 - Validation score increased.  Copying the best model ...
2024-11-23 21:19:04,206 - Epoch   3 Test set [recall@10: 0.0976 recall@20: 0.1377 recall@40: 0.1917 ] Test set [ndcg@10: 0.1259 ndcg@20: 0.1400 ndcg@40: 0.1637 ] 
2024-11-23 21:19:04,206 - Validation score increased.  Copying the best model ...
2024-11-23 21:19:05,827 - Epoch   6 Test set [recall@10: 0.1117 recall@20: 0.1555 recall@40: 0.2165 ] Test set [ndcg@10: 0.1420 ndcg@20: 0.1568 ndcg@40: 0.1839 ] 
2024-11-23 21:19:05,828 - Validation score increased.  Copying the best model ...
2024-11-23 21:19:07,612 - Epoch   9 Test set [recall@10: 0.1184 recall@20: 0.1679 recall@40: 0.2367 ] Test set [ndcg@10: 0.1499 ndcg@20: 0.1675 ndcg@40: 0.1977 ] 
2024-11-23 21:19:07,613 - Validation score increased.  Copying the best model ...
2024-11-23 21:19:09,420 - Epoch  12 Test set [recall@10: 0.1258 recall@20: 0.1767 recall@40: 0.2513 ] Test set [ndcg@10: 0.1585 ndcg@20: 0.1762 ndcg@40: 0.2089 ] 
2024-11-23 21:19:09,421 - Validation score increased.  Copying the best model ...
2024-11-23 21:19:11,150 - Epoch  15 Test set [recall@10: 0.1297 recall@20: 0.1849 recall@40: 0.2610 ] Test set [ndcg@10: 0.1652 ndcg@20: 0.1850 ndcg@40: 0.2184 ] 
2024-11-23 21:19:11,151 - Validation score increased.  Copying the best model ...
2024-11-23 21:19:12,783 - Epoch  18 Test set [recall@10: 0.1348 recall@20: 0.1926 recall@40: 0.2708 ] Test set [ndcg@10: 0.1717 ndcg@20: 0.1925 ndcg@40: 0.2268 ] 
2024-11-23 21:19:12,784 - Validation score increased.  Copying the best model ...
2024-11-23 21:19:14,522 - Epoch  21 Test set [recall@10: 0.1386 recall@20: 0.1991 recall@40: 0.2791 ] Test set [ndcg@10: 0.1766 ndcg@20: 0.1985 ndcg@40: 0.2337 ] 
2024-11-23 21:19:14,522 - Validation score increased.  Copying the best model ...
2024-11-23 21:19:16,095 - Epoch  24 Test set [recall@10: 0.1430 recall@20: 0.2057 recall@40: 0.2855 ] Test set [ndcg@10: 0.1816 ndcg@20: 0.2041 ndcg@40: 0.2393 ] 
2024-11-23 21:19:16,096 - Validation score increased.  Copying the best model ...
2024-11-23 21:19:17,833 - Epoch  27 Test set [recall@10: 0.1464 recall@20: 0.2108 recall@40: 0.2921 ] Test set [ndcg@10: 0.1866 ndcg@20: 0.2097 ndcg@40: 0.2455 ] 
2024-11-23 21:19:17,835 - Validation score increased.  Copying the best model ...
2024-11-23 21:19:19,631 - Epoch  30 Test set [recall@10: 0.1492 recall@20: 0.2139 recall@40: 0.2974 ] Test set [ndcg@10: 0.1905 ndcg@20: 0.2135 ndcg@40: 0.2502 ] 
2024-11-23 21:19:19,632 - Validation score increased.  Copying the best model ...
2024-11-23 21:19:21,355 - Epoch  33 Test set [recall@10: 0.1520 recall@20: 0.2168 recall@40: 0.3025 ] Test set [ndcg@10: 0.1940 ndcg@20: 0.2166 ndcg@40: 0.2546 ] 
2024-11-23 21:19:21,355 - Validation score increased.  Copying the best model ...
2024-11-23 21:19:23,032 - Epoch  36 Test set [recall@10: 0.1542 recall@20: 0.2182 recall@40: 0.3054 ] Test set [ndcg@10: 0.1963 ndcg@20: 0.2183 ndcg@40: 0.2571 ] 
2024-11-23 21:19:23,033 - Validation score increased.  Copying the best model ...
2024-11-23 21:19:24,827 - Epoch  39 Test set [recall@10: 0.1566 recall@20: 0.2213 recall@40: 0.3102 ] Test set [ndcg@10: 0.1988 ndcg@20: 0.2209 ndcg@40: 0.2604 ] 
2024-11-23 21:19:24,828 - Validation score increased.  Copying the best model ...
2024-11-23 21:19:26,517 - Epoch  42 Test set [recall@10: 0.1584 recall@20: 0.2236 recall@40: 0.3135 ] Test set [ndcg@10: 0.2013 ndcg@20: 0.2236 ndcg@40: 0.2636 ] 
2024-11-23 21:19:26,518 - Validation score increased.  Copying the best model ...
2024-11-23 21:19:28,164 - Epoch  45 Test set [recall@10: 0.1599 recall@20: 0.2256 recall@40: 0.3158 ] Test set [ndcg@10: 0.2036 ndcg@20: 0.2262 ndcg@40: 0.2662 ] 
2024-11-23 21:19:28,165 - Validation score increased.  Copying the best model ...
2024-11-23 21:19:29,819 - Epoch  48 Test set [recall@10: 0.1619 recall@20: 0.2275 recall@40: 0.3198 ] Test set [ndcg@10: 0.2055 ndcg@20: 0.2281 ndcg@40: 0.2690 ] 
2024-11-23 21:19:29,820 - Validation score increased.  Copying the best model ...
2024-11-23 21:19:31,714 - Epoch  51 Test set [recall@10: 0.1626 recall@20: 0.2301 recall@40: 0.3208 ] Test set [ndcg@10: 0.2066 ndcg@20: 0.2301 ndcg@40: 0.2702 ] 
2024-11-23 21:19:31,715 - Validation score increased.  Copying the best model ...
2024-11-23 21:19:33,450 - Epoch  54 Test set [recall@10: 0.1642 recall@20: 0.2334 recall@40: 0.3243 ] Test set [ndcg@10: 0.2091 ndcg@20: 0.2334 ndcg@40: 0.2734 ] 
2024-11-23 21:19:33,450 - Validation score increased.  Copying the best model ...
2024-11-23 21:19:35,209 - Epoch  57 Test set [recall@10: 0.1656 recall@20: 0.2345 recall@40: 0.3269 ] Test set [ndcg@10: 0.2110 ndcg@20: 0.2349 ndcg@40: 0.2756 ] 
2024-11-23 21:19:35,210 - Validation score increased.  Copying the best model ...
2024-11-23 21:19:37,009 - Epoch  60 Test set [recall@10: 0.1670 recall@20: 0.2356 recall@40: 0.3303 ] Test set [ndcg@10: 0.2134 ndcg@20: 0.2368 ndcg@40: 0.2786 ] 
2024-11-23 21:19:37,010 - Validation score increased.  Copying the best model ...
2024-11-23 21:19:38,639 - Epoch  63 Test set [recall@10: 0.1678 recall@20: 0.2366 recall@40: 0.3315 ] Test set [ndcg@10: 0.2144 ndcg@20: 0.2379 ndcg@40: 0.2798 ] 
2024-11-23 21:19:38,640 - Validation score increased.  Copying the best model ...
2024-11-23 21:19:40,275 - Epoch  66 Test set [recall@10: 0.1686 recall@20: 0.2384 recall@40: 0.3338 ] Test set [ndcg@10: 0.2152 ndcg@20: 0.2391 ndcg@40: 0.2813 ] 
2024-11-23 21:19:40,276 - Validation score increased.  Copying the best model ...
2024-11-23 21:19:41,998 - Epoch  69 Test set [recall@10: 0.1688 recall@20: 0.2410 recall@40: 0.3353 ] Test set [ndcg@10: 0.2156 ndcg@20: 0.2407 ndcg@40: 0.2824 ] 
2024-11-23 21:19:41,998 - Validation score increased.  Copying the best model ...
2024-11-23 21:19:43,795 - Epoch  72 Test set [recall@10: 0.1690 recall@20: 0.2416 recall@40: 0.3366 ] Test set [ndcg@10: 0.2170 ndcg@20: 0.2422 ndcg@40: 0.2843 ] 
2024-11-23 21:19:43,797 - Validation score increased.  Copying the best model ...
2024-11-23 21:19:45,618 - Epoch  75 Test set [recall@10: 0.1697 recall@20: 0.2428 recall@40: 0.3395 ] Test set [ndcg@10: 0.2181 ndcg@20: 0.2436 ndcg@40: 0.2864 ] 
2024-11-23 21:19:45,619 - Validation score increased.  Copying the best model ...
2024-11-23 21:19:47,425 - Epoch  78 Test set [recall@10: 0.1710 recall@20: 0.2444 recall@40: 0.3409 ] Test set [ndcg@10: 0.2196 ndcg@20: 0.2451 ndcg@40: 0.2879 ] 
2024-11-23 21:19:47,426 - Validation score increased.  Copying the best model ...
2024-11-23 21:19:49,168 - Epoch  81 Test set [recall@10: 0.1720 recall@20: 0.2449 recall@40: 0.3418 ] Test set [ndcg@10: 0.2195 ndcg@20: 0.2450 ndcg@40: 0.2878 ] 
2024-11-23 21:19:49,168 - Validation score increased.  Copying the best model ...
2024-11-23 21:19:50,976 - Epoch  84 Test set [recall@10: 0.1724 recall@20: 0.2457 recall@40: 0.3431 ] Test set [ndcg@10: 0.2196 ndcg@20: 0.2455 ndcg@40: 0.2884 ] 
2024-11-23 21:19:50,977 - Validation score increased.  Copying the best model ...
2024-11-23 21:19:52,694 - Epoch  87 Test set [recall@10: 0.1735 recall@20: 0.2467 recall@40: 0.3449 ] Test set [ndcg@10: 0.2213 ndcg@20: 0.2468 ndcg@40: 0.2902 ] 
2024-11-23 21:19:52,695 - Validation score increased.  Copying the best model ...
2024-11-23 21:19:54,378 - Epoch  90 Test set [recall@10: 0.1735 recall@20: 0.2487 recall@40: 0.3471 ] Test set [ndcg@10: 0.2216 ndcg@20: 0.2481 ndcg@40: 0.2915 ] 
2024-11-23 21:19:54,378 - Early stop counter: 1 out of 5
2024-11-23 21:19:55,865 - Epoch  93 Test set [recall@10: 0.1742 recall@20: 0.2487 recall@40: 0.3477 ] Test set [ndcg@10: 0.2221 ndcg@20: 0.2482 ndcg@40: 0.2919 ] 
2024-11-23 21:19:55,866 - Validation score increased.  Copying the best model ...
2024-11-23 21:19:57,299 - Epoch  96 Test set [recall@10: 0.1756 recall@20: 0.2505 recall@40: 0.3494 ] Test set [ndcg@10: 0.2244 ndcg@20: 0.2505 ndcg@40: 0.2940 ] 
2024-11-23 21:19:57,299 - Validation score increased.  Copying the best model ...
2024-11-23 21:19:58,563 - Epoch  99 Test set [recall@10: 0.1770 recall@20: 0.2530 recall@40: 0.3495 ] Test set [ndcg@10: 0.2252 ndcg@20: 0.2518 ndcg@40: 0.2944 ] 
2024-11-23 21:19:58,564 - Validation score increased.  Copying the best model ...
2024-11-23 21:19:59,832 - Epoch 102 Test set [recall@10: 0.1776 recall@20: 0.2540 recall@40: 0.3508 ] Test set [ndcg@10: 0.2265 ndcg@20: 0.2533 ndcg@40: 0.2960 ] 
2024-11-23 21:19:59,832 - Validation score increased.  Copying the best model ...
2024-11-23 21:20:01,260 - Epoch 105 Test set [recall@10: 0.1785 recall@20: 0.2542 recall@40: 0.3519 ] Test set [ndcg@10: 0.2279 ndcg@20: 0.2542 ndcg@40: 0.2974 ] 
2024-11-23 21:20:01,261 - Validation score increased.  Copying the best model ...
2024-11-23 21:20:02,738 - Epoch 108 Test set [recall@10: 0.1777 recall@20: 0.2555 recall@40: 0.3527 ] Test set [ndcg@10: 0.2273 ndcg@20: 0.2545 ndcg@40: 0.2974 ] 
2024-11-23 21:20:02,739 - Early stop counter: 1 out of 5
2024-11-23 21:20:03,997 - Epoch 111 Test set [recall@10: 0.1793 recall@20: 0.2558 recall@40: 0.3540 ] Test set [ndcg@10: 0.2284 ndcg@20: 0.2549 ndcg@40: 0.2983 ] 
2024-11-23 21:20:03,997 - Validation score increased.  Copying the best model ...
2024-11-23 21:20:05,238 - Epoch 114 Test set [recall@10: 0.1789 recall@20: 0.2571 recall@40: 0.3551 ] Test set [ndcg@10: 0.2291 ndcg@20: 0.2564 ndcg@40: 0.2997 ] 
2024-11-23 21:20:05,238 - Early stop counter: 1 out of 5
2024-11-23 21:20:06,473 - Epoch 117 Test set [recall@10: 0.1800 recall@20: 0.2589 recall@40: 0.3561 ] Test set [ndcg@10: 0.2305 ndcg@20: 0.2582 ndcg@40: 0.3011 ] 
2024-11-23 21:20:06,474 - Validation score increased.  Copying the best model ...
2024-11-23 21:20:07,927 - Epoch 120 Test set [recall@10: 0.1797 recall@20: 0.2588 recall@40: 0.3568 ] Test set [ndcg@10: 0.2302 ndcg@20: 0.2580 ndcg@40: 0.3013 ] 
2024-11-23 21:20:07,927 - Early stop counter: 1 out of 5
2024-11-23 21:20:09,412 - Epoch 123 Test set [recall@10: 0.1811 recall@20: 0.2586 recall@40: 0.3572 ] Test set [ndcg@10: 0.2315 ndcg@20: 0.2586 ndcg@40: 0.3021 ] 
2024-11-23 21:20:09,412 - Validation score increased.  Copying the best model ...
2024-11-23 21:20:10,837 - Epoch 126 Test set [recall@10: 0.1822 recall@20: 0.2595 recall@40: 0.3580 ] Test set [ndcg@10: 0.2322 ndcg@20: 0.2591 ndcg@40: 0.3024 ] 
2024-11-23 21:20:10,837 - Validation score increased.  Copying the best model ...
2024-11-23 21:20:12,267 - Epoch 129 Test set [recall@10: 0.1825 recall@20: 0.2612 recall@40: 0.3566 ] Test set [ndcg@10: 0.2330 ndcg@20: 0.2606 ndcg@40: 0.3027 ] 
2024-11-23 21:20:12,267 - Validation score increased.  Copying the best model ...
2024-11-23 21:20:13,486 - Epoch 132 Test set [recall@10: 0.1821 recall@20: 0.2614 recall@40: 0.3563 ] Test set [ndcg@10: 0.2327 ndcg@20: 0.2606 ndcg@40: 0.3024 ] 
2024-11-23 21:20:13,486 - Early stop counter: 1 out of 5
2024-11-23 21:20:14,661 - Epoch 135 Test set [recall@10: 0.1829 recall@20: 0.2625 recall@40: 0.3569 ] Test set [ndcg@10: 0.2328 ndcg@20: 0.2608 ndcg@40: 0.3025 ] 
2024-11-23 21:20:14,662 - Validation score increased.  Copying the best model ...
2024-11-23 21:20:15,966 - Epoch 138 Test set [recall@10: 0.1837 recall@20: 0.2633 recall@40: 0.3581 ] Test set [ndcg@10: 0.2338 ndcg@20: 0.2617 ndcg@40: 0.3035 ] 
2024-11-23 21:20:15,966 - Validation score increased.  Copying the best model ...
2024-11-23 21:20:17,439 - Epoch 141 Test set [recall@10: 0.1846 recall@20: 0.2638 recall@40: 0.3586 ] Test set [ndcg@10: 0.2346 ndcg@20: 0.2623 ndcg@40: 0.3041 ] 
2024-11-23 21:20:17,440 - Validation score increased.  Copying the best model ...
2024-11-23 21:20:18,816 - Epoch 144 Test set [recall@10: 0.1856 recall@20: 0.2650 recall@40: 0.3589 ] Test set [ndcg@10: 0.2359 ndcg@20: 0.2637 ndcg@40: 0.3051 ] 
2024-11-23 21:20:18,816 - Validation score increased.  Copying the best model ...
2024-11-23 21:20:20,119 - Epoch 147 Test set [recall@10: 0.1847 recall@20: 0.2648 recall@40: 0.3596 ] Test set [ndcg@10: 0.2351 ndcg@20: 0.2633 ndcg@40: 0.3052 ] 
2024-11-23 21:20:20,119 - Early stop counter: 1 out of 5
2024-11-23 21:20:21,387 - Epoch 150 Test set [recall@10: 0.1853 recall@20: 0.2654 recall@40: 0.3595 ] Test set [ndcg@10: 0.2364 ndcg@20: 0.2644 ndcg@40: 0.3061 ] 
2024-11-23 21:20:21,387 - Early stop counter: 2 out of 5
2024-11-23 21:20:22,598 - Epoch 153 Test set [recall@10: 0.1852 recall@20: 0.2656 recall@40: 0.3595 ] Test set [ndcg@10: 0.2367 ndcg@20: 0.2647 ndcg@40: 0.3063 ] 
2024-11-23 21:20:22,598 - Early stop counter: 3 out of 5
2024-11-23 21:20:23,861 - Epoch 156 Test set [recall@10: 0.1851 recall@20: 0.2659 recall@40: 0.3596 ] Test set [ndcg@10: 0.2377 ndcg@20: 0.2662 ndcg@40: 0.3076 ] 
2024-11-23 21:20:23,861 - Early stop counter: 4 out of 5
2024-11-23 21:20:25,219 - Epoch 159 Test set [recall@10: 0.1859 recall@20: 0.2656 recall@40: 0.3600 ] Test set [ndcg@10: 0.2385 ndcg@20: 0.2663 ndcg@40: 0.3081 ] 
2024-11-23 21:20:25,219 - Validation score increased.  Copying the best model ...
2024-11-23 21:20:26,910 - Epoch 162 Test set [recall@10: 0.1861 recall@20: 0.2665 recall@40: 0.3602 ] Test set [ndcg@10: 0.2383 ndcg@20: 0.2665 ndcg@40: 0.3080 ] 
2024-11-23 21:20:26,911 - Validation score increased.  Copying the best model ...
2024-11-23 21:20:28,690 - Epoch 165 Test set [recall@10: 0.1867 recall@20: 0.2657 recall@40: 0.3610 ] Test set [ndcg@10: 0.2385 ndcg@20: 0.2661 ndcg@40: 0.3082 ] 
2024-11-23 21:20:28,691 - Validation score increased.  Copying the best model ...
2024-11-23 21:20:30,547 - Epoch 168 Test set [recall@10: 0.1865 recall@20: 0.2674 recall@40: 0.3620 ] Test set [ndcg@10: 0.2380 ndcg@20: 0.2665 ndcg@40: 0.3084 ] 
2024-11-23 21:20:30,547 - Early stop counter: 1 out of 5
2024-11-23 21:20:32,144 - Epoch 171 Test set [recall@10: 0.1867 recall@20: 0.2687 recall@40: 0.3622 ] Test set [ndcg@10: 0.2387 ndcg@20: 0.2677 ndcg@40: 0.3091 ] 
2024-11-23 21:20:32,145 - Validation score increased.  Copying the best model ...
2024-11-23 21:20:33,742 - Epoch 174 Test set [recall@10: 0.1885 recall@20: 0.2688 recall@40: 0.3621 ] Test set [ndcg@10: 0.2397 ndcg@20: 0.2674 ndcg@40: 0.3088 ] 
2024-11-23 21:20:33,742 - Validation score increased.  Copying the best model ...
2024-11-23 21:20:35,483 - Epoch 177 Test set [recall@10: 0.1880 recall@20: 0.2686 recall@40: 0.3625 ] Test set [ndcg@10: 0.2394 ndcg@20: 0.2674 ndcg@40: 0.3091 ] 
2024-11-23 21:20:35,483 - Early stop counter: 1 out of 5
2024-11-23 21:20:37,299 - Epoch 180 Test set [recall@10: 0.1879 recall@20: 0.2677 recall@40: 0.3633 ] Test set [ndcg@10: 0.2398 ndcg@20: 0.2676 ndcg@40: 0.3099 ] 
2024-11-23 21:20:37,299 - Early stop counter: 2 out of 5
2024-11-23 21:20:39,075 - Epoch 183 Test set [recall@10: 0.1880 recall@20: 0.2684 recall@40: 0.3641 ] Test set [ndcg@10: 0.2397 ndcg@20: 0.2677 ndcg@40: 0.3100 ] 
2024-11-23 21:20:39,075 - Early stop counter: 3 out of 5
2024-11-23 21:20:40,834 - Epoch 186 Test set [recall@10: 0.1873 recall@20: 0.2683 recall@40: 0.3645 ] Test set [ndcg@10: 0.2399 ndcg@20: 0.2684 ndcg@40: 0.3108 ] 
2024-11-23 21:20:40,834 - Early stop counter: 4 out of 5
2024-11-23 21:20:42,610 - Epoch 189 Test set [recall@10: 0.1879 recall@20: 0.2696 recall@40: 0.3645 ] Test set [ndcg@10: 0.2403 ndcg@20: 0.2690 ndcg@40: 0.3109 ] 
2024-11-23 21:20:42,611 - Early stop counter: 5 out of 5
2024-11-23 21:20:42,611 - Best Epoch 174
2024-11-23 21:20:43,079 - Test set [recall@10: 0.1885 recall@20: 0.2688 recall@40: 0.3621 ] Test set [ndcg@10: 0.2397 ndcg@20: 0.2674 ndcg@40: 0.3088 ] 
2024-11-23 21:20:43,499 - Test set [recall@10: 0.1885 recall@20: 0.2688 recall@40: 0.3621 ] Test set [ndcg@10: 0.2397 ndcg@20: 0.2674 ndcg@40: 0.3088 ] 
2024-11-23 21:20:43,519 - hyperparameter: {'layer_num': 3, 'reg_weight': 1e-08}
2024-11-23 21:20:44,301 - Epoch   0 Test set [recall@10: 0.0909 recall@20: 0.1291 recall@40: 0.1860 ] Test set [ndcg@10: 0.1170 ndcg@20: 0.1306 ndcg@40: 0.1558 ] 
2024-11-23 21:20:44,301 - Validation score increased.  Copying the best model ...
2024-11-23 21:20:45,662 - Epoch   3 Test set [recall@10: 0.0976 recall@20: 0.1377 recall@40: 0.1917 ] Test set [ndcg@10: 0.1259 ndcg@20: 0.1400 ndcg@40: 0.1637 ] 
2024-11-23 21:20:45,662 - Validation score increased.  Copying the best model ...
2024-11-23 21:20:47,156 - Epoch   6 Test set [recall@10: 0.1117 recall@20: 0.1556 recall@40: 0.2165 ] Test set [ndcg@10: 0.1420 ndcg@20: 0.1568 ndcg@40: 0.1839 ] 
2024-11-23 21:20:47,157 - Validation score increased.  Copying the best model ...
2024-11-23 21:20:48,730 - Epoch   9 Test set [recall@10: 0.1184 recall@20: 0.1679 recall@40: 0.2367 ] Test set [ndcg@10: 0.1498 ndcg@20: 0.1675 ndcg@40: 0.1977 ] 
2024-11-23 21:20:48,731 - Validation score increased.  Copying the best model ...
2024-11-23 21:20:50,343 - Epoch  12 Test set [recall@10: 0.1258 recall@20: 0.1767 recall@40: 0.2513 ] Test set [ndcg@10: 0.1585 ndcg@20: 0.1762 ndcg@40: 0.2089 ] 
2024-11-23 21:20:50,344 - Validation score increased.  Copying the best model ...
2024-11-23 21:20:52,088 - Epoch  15 Test set [recall@10: 0.1298 recall@20: 0.1849 recall@40: 0.2610 ] Test set [ndcg@10: 0.1652 ndcg@20: 0.1850 ndcg@40: 0.2184 ] 
2024-11-23 21:20:52,088 - Validation score increased.  Copying the best model ...
2024-11-23 21:20:53,850 - Epoch  18 Test set [recall@10: 0.1348 recall@20: 0.1928 recall@40: 0.2708 ] Test set [ndcg@10: 0.1718 ndcg@20: 0.1926 ndcg@40: 0.2269 ] 
2024-11-23 21:20:53,850 - Validation score increased.  Copying the best model ...
2024-11-23 21:20:55,461 - Epoch  21 Test set [recall@10: 0.1386 recall@20: 0.1990 recall@40: 0.2793 ] Test set [ndcg@10: 0.1767 ndcg@20: 0.1984 ndcg@40: 0.2338 ] 
2024-11-23 21:20:55,462 - Validation score increased.  Copying the best model ...
2024-11-23 21:20:57,168 - Epoch  24 Test set [recall@10: 0.1429 recall@20: 0.2056 recall@40: 0.2853 ] Test set [ndcg@10: 0.1816 ndcg@20: 0.2040 ndcg@40: 0.2392 ] 
2024-11-23 21:20:57,168 - Validation score increased.  Copying the best model ...
2024-11-23 21:20:58,765 - Epoch  27 Test set [recall@10: 0.1463 recall@20: 0.2107 recall@40: 0.2925 ] Test set [ndcg@10: 0.1866 ndcg@20: 0.2097 ndcg@40: 0.2456 ] 
2024-11-23 21:20:58,765 - Validation score increased.  Copying the best model ...
2024-11-23 21:21:00,626 - Epoch  30 Test set [recall@10: 0.1492 recall@20: 0.2140 recall@40: 0.2973 ] Test set [ndcg@10: 0.1905 ndcg@20: 0.2136 ndcg@40: 0.2503 ] 
2024-11-23 21:21:00,627 - Validation score increased.  Copying the best model ...
2024-11-23 21:21:02,438 - Epoch  33 Test set [recall@10: 0.1519 recall@20: 0.2168 recall@40: 0.3026 ] Test set [ndcg@10: 0.1939 ndcg@20: 0.2166 ndcg@40: 0.2546 ] 
2024-11-23 21:21:02,439 - Validation score increased.  Copying the best model ...
2024-11-23 21:21:04,269 - Epoch  36 Test set [recall@10: 0.1541 recall@20: 0.2183 recall@40: 0.3055 ] Test set [ndcg@10: 0.1962 ndcg@20: 0.2183 ndcg@40: 0.2571 ] 
2024-11-23 21:21:04,272 - Validation score increased.  Copying the best model ...
2024-11-23 21:21:05,962 - Epoch  39 Test set [recall@10: 0.1567 recall@20: 0.2207 recall@40: 0.3102 ] Test set [ndcg@10: 0.1988 ndcg@20: 0.2207 ndcg@40: 0.2604 ] 
2024-11-23 21:21:05,963 - Validation score increased.  Copying the best model ...
2024-11-23 21:21:07,620 - Epoch  42 Test set [recall@10: 0.1585 recall@20: 0.2237 recall@40: 0.3135 ] Test set [ndcg@10: 0.2013 ndcg@20: 0.2237 ndcg@40: 0.2635 ] 
2024-11-23 21:21:07,621 - Validation score increased.  Copying the best model ...
2024-11-23 21:21:09,201 - Epoch  45 Test set [recall@10: 0.1598 recall@20: 0.2256 recall@40: 0.3158 ] Test set [ndcg@10: 0.2035 ndcg@20: 0.2262 ndcg@40: 0.2662 ] 
2024-11-23 21:21:09,201 - Validation score increased.  Copying the best model ...
2024-11-23 21:21:10,902 - Epoch  48 Test set [recall@10: 0.1619 recall@20: 0.2277 recall@40: 0.3197 ] Test set [ndcg@10: 0.2055 ndcg@20: 0.2282 ndcg@40: 0.2689 ] 
2024-11-23 21:21:10,903 - Validation score increased.  Copying the best model ...
2024-11-23 21:21:12,842 - Epoch  51 Test set [recall@10: 0.1624 recall@20: 0.2302 recall@40: 0.3210 ] Test set [ndcg@10: 0.2065 ndcg@20: 0.2301 ndcg@40: 0.2703 ] 
2024-11-23 21:21:12,842 - Validation score increased.  Copying the best model ...
2024-11-23 21:21:14,449 - Epoch  54 Test set [recall@10: 0.1642 recall@20: 0.2337 recall@40: 0.3245 ] Test set [ndcg@10: 0.2089 ndcg@20: 0.2333 ndcg@40: 0.2733 ] 
2024-11-23 21:21:14,450 - Validation score increased.  Copying the best model ...
2024-11-23 21:21:16,195 - Epoch  57 Test set [recall@10: 0.1655 recall@20: 0.2346 recall@40: 0.3265 ] Test set [ndcg@10: 0.2108 ndcg@20: 0.2349 ndcg@40: 0.2754 ] 
2024-11-23 21:21:16,196 - Validation score increased.  Copying the best model ...
2024-11-23 21:21:17,855 - Epoch  60 Test set [recall@10: 0.1667 recall@20: 0.2357 recall@40: 0.3301 ] Test set [ndcg@10: 0.2133 ndcg@20: 0.2370 ndcg@40: 0.2786 ] 
2024-11-23 21:21:17,856 - Validation score increased.  Copying the best model ...
2024-11-23 21:21:19,618 - Epoch  63 Test set [recall@10: 0.1677 recall@20: 0.2362 recall@40: 0.3313 ] Test set [ndcg@10: 0.2143 ndcg@20: 0.2375 ndcg@40: 0.2796 ] 
2024-11-23 21:21:19,618 - Validation score increased.  Copying the best model ...
2024-11-23 21:21:21,314 - Epoch  66 Test set [recall@10: 0.1685 recall@20: 0.2386 recall@40: 0.3339 ] Test set [ndcg@10: 0.2149 ndcg@20: 0.2389 ndcg@40: 0.2810 ] 
2024-11-23 21:21:21,314 - Validation score increased.  Copying the best model ...
2024-11-23 21:21:23,043 - Epoch  69 Test set [recall@10: 0.1690 recall@20: 0.2411 recall@40: 0.3355 ] Test set [ndcg@10: 0.2156 ndcg@20: 0.2406 ndcg@40: 0.2824 ] 
2024-11-23 21:21:23,044 - Validation score increased.  Copying the best model ...
2024-11-23 21:21:24,517 - Epoch  72 Test set [recall@10: 0.1689 recall@20: 0.2414 recall@40: 0.3366 ] Test set [ndcg@10: 0.2169 ndcg@20: 0.2420 ndcg@40: 0.2842 ] 
2024-11-23 21:21:24,517 - Early stop counter: 1 out of 5
2024-11-23 21:21:26,387 - Epoch  75 Test set [recall@10: 0.1695 recall@20: 0.2428 recall@40: 0.3394 ] Test set [ndcg@10: 0.2178 ndcg@20: 0.2434 ndcg@40: 0.2862 ] 
2024-11-23 21:21:26,387 - Validation score increased.  Copying the best model ...
2024-11-23 21:21:28,127 - Epoch  78 Test set [recall@10: 0.1706 recall@20: 0.2437 recall@40: 0.3413 ] Test set [ndcg@10: 0.2192 ndcg@20: 0.2448 ndcg@40: 0.2879 ] 
2024-11-23 21:21:28,128 - Validation score increased.  Copying the best model ...
2024-11-23 21:21:29,872 - Epoch  81 Test set [recall@10: 0.1718 recall@20: 0.2451 recall@40: 0.3416 ] Test set [ndcg@10: 0.2192 ndcg@20: 0.2450 ndcg@40: 0.2876 ] 
2024-11-23 21:21:29,872 - Validation score increased.  Copying the best model ...
2024-11-23 21:21:31,562 - Epoch  84 Test set [recall@10: 0.1726 recall@20: 0.2456 recall@40: 0.3429 ] Test set [ndcg@10: 0.2197 ndcg@20: 0.2454 ndcg@40: 0.2883 ] 
2024-11-23 21:21:31,563 - Validation score increased.  Copying the best model ...
2024-11-23 21:21:33,138 - Epoch  87 Test set [recall@10: 0.1737 recall@20: 0.2463 recall@40: 0.3446 ] Test set [ndcg@10: 0.2214 ndcg@20: 0.2465 ndcg@40: 0.2899 ] 
2024-11-23 21:21:33,139 - Validation score increased.  Copying the best model ...
2024-11-23 21:21:34,792 - Epoch  90 Test set [recall@10: 0.1732 recall@20: 0.2488 recall@40: 0.3467 ] Test set [ndcg@10: 0.2213 ndcg@20: 0.2480 ndcg@40: 0.2912 ] 
2024-11-23 21:21:34,792 - Early stop counter: 1 out of 5
2024-11-23 21:21:36,523 - Epoch  93 Test set [recall@10: 0.1746 recall@20: 0.2487 recall@40: 0.3472 ] Test set [ndcg@10: 0.2223 ndcg@20: 0.2482 ndcg@40: 0.2917 ] 
2024-11-23 21:21:36,524 - Validation score increased.  Copying the best model ...
2024-11-23 21:21:38,216 - Epoch  96 Test set [recall@10: 0.1759 recall@20: 0.2502 recall@40: 0.3502 ] Test set [ndcg@10: 0.2243 ndcg@20: 0.2501 ndcg@40: 0.2941 ] 
2024-11-23 21:21:38,217 - Validation score increased.  Copying the best model ...
2024-11-23 21:21:39,926 - Epoch  99 Test set [recall@10: 0.1771 recall@20: 0.2526 recall@40: 0.3496 ] Test set [ndcg@10: 0.2252 ndcg@20: 0.2515 ndcg@40: 0.2944 ] 
2024-11-23 21:21:39,926 - Validation score increased.  Copying the best model ...
2024-11-23 21:21:41,477 - Epoch 102 Test set [recall@10: 0.1775 recall@20: 0.2538 recall@40: 0.3508 ] Test set [ndcg@10: 0.2264 ndcg@20: 0.2531 ndcg@40: 0.2959 ] 
2024-11-23 21:21:41,477 - Validation score increased.  Copying the best model ...
2024-11-23 21:21:42,888 - Epoch 105 Test set [recall@10: 0.1780 recall@20: 0.2539 recall@40: 0.3516 ] Test set [ndcg@10: 0.2272 ndcg@20: 0.2537 ndcg@40: 0.2969 ] 
2024-11-23 21:21:42,888 - Validation score increased.  Copying the best model ...
2024-11-23 21:21:44,295 - Epoch 108 Test set [recall@10: 0.1775 recall@20: 0.2550 recall@40: 0.3525 ] Test set [ndcg@10: 0.2271 ndcg@20: 0.2543 ndcg@40: 0.2973 ] 
2024-11-23 21:21:44,295 - Early stop counter: 1 out of 5
2024-11-23 21:21:45,757 - Epoch 111 Test set [recall@10: 0.1791 recall@20: 0.2561 recall@40: 0.3535 ] Test set [ndcg@10: 0.2280 ndcg@20: 0.2548 ndcg@40: 0.2978 ] 
2024-11-23 21:21:45,758 - Validation score increased.  Copying the best model ...
2024-11-23 21:21:47,452 - Epoch 114 Test set [recall@10: 0.1785 recall@20: 0.2572 recall@40: 0.3554 ] Test set [ndcg@10: 0.2286 ndcg@20: 0.2562 ndcg@40: 0.2995 ] 
2024-11-23 21:21:47,452 - Early stop counter: 1 out of 5
2024-11-23 21:21:49,200 - Epoch 117 Test set [recall@10: 0.1800 recall@20: 0.2590 recall@40: 0.3554 ] Test set [ndcg@10: 0.2303 ndcg@20: 0.2581 ndcg@40: 0.3006 ] 
2024-11-23 21:21:49,201 - Validation score increased.  Copying the best model ...
2024-11-23 21:21:50,927 - Epoch 120 Test set [recall@10: 0.1788 recall@20: 0.2589 recall@40: 0.3551 ] Test set [ndcg@10: 0.2292 ndcg@20: 0.2578 ndcg@40: 0.3003 ] 
2024-11-23 21:21:50,927 - Early stop counter: 1 out of 5
2024-11-23 21:21:52,612 - Epoch 123 Test set [recall@10: 0.1810 recall@20: 0.2584 recall@40: 0.3568 ] Test set [ndcg@10: 0.2310 ndcg@20: 0.2582 ndcg@40: 0.3016 ] 
2024-11-23 21:21:52,612 - Validation score increased.  Copying the best model ...
2024-11-23 21:21:54,374 - Epoch 126 Test set [recall@10: 0.1827 recall@20: 0.2594 recall@40: 0.3570 ] Test set [ndcg@10: 0.2322 ndcg@20: 0.2588 ndcg@40: 0.3018 ] 
2024-11-23 21:21:54,375 - Validation score increased.  Copying the best model ...
2024-11-23 21:21:56,054 - Epoch 129 Test set [recall@10: 0.1824 recall@20: 0.2604 recall@40: 0.3561 ] Test set [ndcg@10: 0.2329 ndcg@20: 0.2602 ndcg@40: 0.3024 ] 
2024-11-23 21:21:56,054 - Early stop counter: 1 out of 5
2024-11-23 21:21:57,745 - Epoch 132 Test set [recall@10: 0.1822 recall@20: 0.2610 recall@40: 0.3553 ] Test set [ndcg@10: 0.2323 ndcg@20: 0.2601 ndcg@40: 0.3018 ] 
2024-11-23 21:21:57,745 - Early stop counter: 2 out of 5
2024-11-23 21:21:59,478 - Epoch 135 Test set [recall@10: 0.1834 recall@20: 0.2623 recall@40: 0.3560 ] Test set [ndcg@10: 0.2328 ndcg@20: 0.2605 ndcg@40: 0.3018 ] 
2024-11-23 21:21:59,479 - Validation score increased.  Copying the best model ...
2024-11-23 21:22:01,032 - Epoch 138 Test set [recall@10: 0.1834 recall@20: 0.2630 recall@40: 0.3577 ] Test set [ndcg@10: 0.2333 ndcg@20: 0.2613 ndcg@40: 0.3031 ] 
2024-11-23 21:22:01,033 - Early stop counter: 1 out of 5
2024-11-23 21:22:02,749 - Epoch 141 Test set [recall@10: 0.1843 recall@20: 0.2630 recall@40: 0.3579 ] Test set [ndcg@10: 0.2341 ndcg@20: 0.2616 ndcg@40: 0.3034 ] 
2024-11-23 21:22:02,750 - Validation score increased.  Copying the best model ...
2024-11-23 21:22:04,438 - Epoch 144 Test set [recall@10: 0.1853 recall@20: 0.2646 recall@40: 0.3583 ] Test set [ndcg@10: 0.2355 ndcg@20: 0.2633 ndcg@40: 0.3046 ] 
2024-11-23 21:22:04,438 - Validation score increased.  Copying the best model ...
2024-11-23 21:22:06,139 - Epoch 147 Test set [recall@10: 0.1844 recall@20: 0.2654 recall@40: 0.3589 ] Test set [ndcg@10: 0.2348 ndcg@20: 0.2635 ndcg@40: 0.3048 ] 
2024-11-23 21:22:06,139 - Early stop counter: 1 out of 5
2024-11-23 21:22:07,855 - Epoch 150 Test set [recall@10: 0.1847 recall@20: 0.2655 recall@40: 0.3591 ] Test set [ndcg@10: 0.2357 ndcg@20: 0.2643 ndcg@40: 0.3056 ] 
2024-11-23 21:22:07,855 - Early stop counter: 2 out of 5
2024-11-23 21:22:09,427 - Epoch 153 Test set [recall@10: 0.1853 recall@20: 0.2648 recall@40: 0.3592 ] Test set [ndcg@10: 0.2362 ndcg@20: 0.2639 ndcg@40: 0.3057 ] 
2024-11-23 21:22:09,428 - Validation score increased.  Copying the best model ...
2024-11-23 21:22:11,106 - Epoch 156 Test set [recall@10: 0.1847 recall@20: 0.2656 recall@40: 0.3589 ] Test set [ndcg@10: 0.2368 ndcg@20: 0.2653 ndcg@40: 0.3065 ] 
2024-11-23 21:22:11,106 - Early stop counter: 1 out of 5
2024-11-23 21:22:12,731 - Epoch 159 Test set [recall@10: 0.1853 recall@20: 0.2657 recall@40: 0.3597 ] Test set [ndcg@10: 0.2374 ndcg@20: 0.2656 ndcg@40: 0.3072 ] 
2024-11-23 21:22:12,731 - Validation score increased.  Copying the best model ...
2024-11-23 21:22:14,444 - Epoch 162 Test set [recall@10: 0.1858 recall@20: 0.2662 recall@40: 0.3595 ] Test set [ndcg@10: 0.2379 ndcg@20: 0.2661 ndcg@40: 0.3075 ] 
2024-11-23 21:22:14,445 - Validation score increased.  Copying the best model ...
2024-11-23 21:22:16,077 - Epoch 165 Test set [recall@10: 0.1866 recall@20: 0.2660 recall@40: 0.3607 ] Test set [ndcg@10: 0.2382 ndcg@20: 0.2658 ndcg@40: 0.3077 ] 
2024-11-23 21:22:16,078 - Validation score increased.  Copying the best model ...
2024-11-23 21:22:17,816 - Epoch 168 Test set [recall@10: 0.1860 recall@20: 0.2674 recall@40: 0.3612 ] Test set [ndcg@10: 0.2369 ndcg@20: 0.2658 ndcg@40: 0.3073 ] 
2024-11-23 21:22:17,817 - Early stop counter: 1 out of 5
2024-11-23 21:22:19,242 - Epoch 171 Test set [recall@10: 0.1864 recall@20: 0.2680 recall@40: 0.3617 ] Test set [ndcg@10: 0.2382 ndcg@20: 0.2671 ndcg@40: 0.3085 ] 
2024-11-23 21:22:19,243 - Early stop counter: 2 out of 5
2024-11-23 21:22:20,532 - Epoch 174 Test set [recall@10: 0.1877 recall@20: 0.2679 recall@40: 0.3617 ] Test set [ndcg@10: 0.2388 ndcg@20: 0.2666 ndcg@40: 0.3081 ] 
2024-11-23 21:22:20,532 - Validation score increased.  Copying the best model ...
2024-11-23 21:22:21,734 - Epoch 177 Test set [recall@10: 0.1878 recall@20: 0.2682 recall@40: 0.3621 ] Test set [ndcg@10: 0.2385 ndcg@20: 0.2666 ndcg@40: 0.3081 ] 
2024-11-23 21:22:21,734 - Validation score increased.  Copying the best model ...
2024-11-23 21:22:23,012 - Epoch 180 Test set [recall@10: 0.1872 recall@20: 0.2671 recall@40: 0.3628 ] Test set [ndcg@10: 0.2389 ndcg@20: 0.2666 ndcg@40: 0.3089 ] 
2024-11-23 21:22:23,012 - Early stop counter: 1 out of 5
2024-11-23 21:22:24,361 - Epoch 183 Test set [recall@10: 0.1877 recall@20: 0.2678 recall@40: 0.3633 ] Test set [ndcg@10: 0.2392 ndcg@20: 0.2671 ndcg@40: 0.3093 ] 
2024-11-23 21:22:24,362 - Early stop counter: 2 out of 5
2024-11-23 21:22:25,843 - Epoch 186 Test set [recall@10: 0.1875 recall@20: 0.2677 recall@40: 0.3638 ] Test set [ndcg@10: 0.2388 ndcg@20: 0.2670 ndcg@40: 0.3094 ] 
2024-11-23 21:22:25,843 - Early stop counter: 3 out of 5
2024-11-23 21:22:27,627 - Epoch 189 Test set [recall@10: 0.1878 recall@20: 0.2692 recall@40: 0.3638 ] Test set [ndcg@10: 0.2395 ndcg@20: 0.2681 ndcg@40: 0.3099 ] 
2024-11-23 21:22:27,630 - Early stop counter: 4 out of 5
2024-11-23 21:22:29,410 - Epoch 192 Test set [recall@10: 0.1873 recall@20: 0.2695 recall@40: 0.3636 ] Test set [ndcg@10: 0.2388 ndcg@20: 0.2680 ndcg@40: 0.3097 ] 
2024-11-23 21:22:29,411 - Early stop counter: 5 out of 5
2024-11-23 21:22:29,411 - Best Epoch 177
2024-11-23 21:22:29,964 - Test set [recall@10: 0.1878 recall@20: 0.2682 recall@40: 0.3621 ] Test set [ndcg@10: 0.2385 ndcg@20: 0.2666 ndcg@40: 0.3081 ] 
2024-11-23 21:22:30,441 - Test set [recall@10: 0.1878 recall@20: 0.2682 recall@40: 0.3621 ] Test set [ndcg@10: 0.2385 ndcg@20: 0.2666 ndcg@40: 0.3081 ] 
