2024-11-23 21:12:33,315 - {'optimizer': {'name': 'adam', 'lr': 0.001, 'weight_decay': 0}, 'train': {'epoch': 500, 'batch_size': 4096, 'save_model': False, 'loss': 'pairwise', 'log_loss': False, 'test_step': 3, 'patience': 5, 'reproducible': True, 'seed': 2023, 'early_stop': True}, 'test': {'metrics': ['recall', 'ndcg'], 'k': [10, 20, 40], 'batch_size': 1024}, 'data': {'type': 'social', 'name': 'yelp', 'user_num': 43043, 'item_num': 66576}, 'model': {'name': 'lightgcn', 'layer_num': 2, 'reg_weight': 1e-08, 'embedding_size': 64}, 'tune': {'enable': True, 'hyperparameters': ['layer_num', 'reg_weight'], 'layer_num': [2, 3], 'reg_weight': [1e-06, 1e-07, 1e-08]}, 'device': 'cuda', 'log': True}
2024-11-23 21:12:33,316 - hyperparameter: {'layer_num': 2, 'reg_weight': 1e-06}
2024-11-23 21:14:55,575 - Epoch   0 Test set [recall@10: 0.0214 recall@20: 0.0350 recall@40: 0.0575 ] Test set [ndcg@10: 0.0111 ndcg@20: 0.0145 ndcg@40: 0.0191 ] 
2024-11-23 21:14:55,576 - Validation score increased.  Copying the best model ...
2024-11-23 21:15:36,642 - Epoch   3 Test set [recall@10: 0.0225 recall@20: 0.0377 recall@40: 0.0613 ] Test set [ndcg@10: 0.0118 ndcg@20: 0.0156 ndcg@40: 0.0203 ] 
2024-11-23 21:15:36,643 - Validation score increased.  Copying the best model ...
2024-11-23 21:19:54,863 - Epoch   6 Test set [recall@10: 0.0241 recall@20: 0.0396 recall@40: 0.0648 ] Test set [ndcg@10: 0.0126 ndcg@20: 0.0164 ndcg@40: 0.0215 ] 
2024-11-23 21:19:54,864 - Validation score increased.  Copying the best model ...
2024-11-23 21:20:18,253 - Epoch   9 Test set [recall@10: 0.0255 recall@20: 0.0424 recall@40: 0.0674 ] Test set [ndcg@10: 0.0132 ndcg@20: 0.0174 ndcg@40: 0.0225 ] 
2024-11-23 21:20:18,255 - Validation score increased.  Copying the best model ...
2024-11-23 21:22:18,320 - Epoch  12 Test set [recall@10: 0.0264 recall@20: 0.0435 recall@40: 0.0686 ] Test set [ndcg@10: 0.0135 ndcg@20: 0.0178 ndcg@40: 0.0229 ] 
2024-11-23 21:22:18,321 - Validation score increased.  Copying the best model ...
2024-11-23 21:27:32,210 - Epoch  15 Test set [recall@10: 0.0273 recall@20: 0.0447 recall@40: 0.0720 ] Test set [ndcg@10: 0.0140 ndcg@20: 0.0183 ndcg@40: 0.0239 ] 
2024-11-23 21:27:32,212 - Validation score increased.  Copying the best model ...
2024-11-23 21:27:59,373 - Epoch  18 Test set [recall@10: 0.0279 recall@20: 0.0450 recall@40: 0.0731 ] Test set [ndcg@10: 0.0143 ndcg@20: 0.0186 ndcg@40: 0.0243 ] 
2024-11-23 21:27:59,374 - Validation score increased.  Copying the best model ...
2024-11-23 21:31:48,864 - Epoch  21 Test set [recall@10: 0.0281 recall@20: 0.0460 recall@40: 0.0739 ] Test set [ndcg@10: 0.0144 ndcg@20: 0.0189 ndcg@40: 0.0246 ] 
2024-11-23 21:31:48,865 - Validation score increased.  Copying the best model ...
2024-11-23 21:32:11,067 - Epoch  24 Test set [recall@10: 0.0292 recall@20: 0.0477 recall@40: 0.0763 ] Test set [ndcg@10: 0.0149 ndcg@20: 0.0195 ndcg@40: 0.0253 ] 
2024-11-23 21:32:11,068 - Validation score increased.  Copying the best model ...
2024-11-23 21:33:00,760 - Epoch  27 Test set [recall@10: 0.0297 recall@20: 0.0483 recall@40: 0.0776 ] Test set [ndcg@10: 0.0151 ndcg@20: 0.0198 ndcg@40: 0.0257 ] 
2024-11-23 21:33:00,761 - Validation score increased.  Copying the best model ...
2024-11-23 21:33:36,867 - Epoch  30 Test set [recall@10: 0.0295 recall@20: 0.0488 recall@40: 0.0773 ] Test set [ndcg@10: 0.0152 ndcg@20: 0.0201 ndcg@40: 0.0259 ] 
2024-11-23 21:33:36,867 - Early stop counter: 1 out of 5
2024-11-23 21:35:31,200 - Epoch  33 Test set [recall@10: 0.0297 recall@20: 0.0491 recall@40: 0.0785 ] Test set [ndcg@10: 0.0153 ndcg@20: 0.0201 ndcg@40: 0.0261 ] 
2024-11-23 21:35:31,201 - Validation score increased.  Copying the best model ...
2024-11-23 21:37:59,566 - Epoch  36 Test set [recall@10: 0.0303 recall@20: 0.0498 recall@40: 0.0791 ] Test set [ndcg@10: 0.0155 ndcg@20: 0.0204 ndcg@40: 0.0264 ] 
2024-11-23 21:37:59,567 - Validation score increased.  Copying the best model ...
2024-11-23 21:38:22,137 - Epoch  39 Test set [recall@10: 0.0304 recall@20: 0.0500 recall@40: 0.0802 ] Test set [ndcg@10: 0.0155 ndcg@20: 0.0205 ndcg@40: 0.0266 ] 
2024-11-23 21:38:22,138 - Validation score increased.  Copying the best model ...
2024-11-23 21:42:55,020 - Epoch  42 Test set [recall@10: 0.0304 recall@20: 0.0511 recall@40: 0.0808 ] Test set [ndcg@10: 0.0158 ndcg@20: 0.0209 ndcg@40: 0.0270 ] 
2024-11-23 21:42:55,020 - Early stop counter: 1 out of 5
2024-11-23 21:43:27,735 - Epoch  45 Test set [recall@10: 0.0317 recall@20: 0.0511 recall@40: 0.0812 ] Test set [ndcg@10: 0.0161 ndcg@20: 0.0209 ndcg@40: 0.0270 ] 
2024-11-23 21:43:27,736 - Validation score increased.  Copying the best model ...
2024-11-23 21:44:26,913 - Epoch  48 Test set [recall@10: 0.0308 recall@20: 0.0508 recall@40: 0.0818 ] Test set [ndcg@10: 0.0159 ndcg@20: 0.0209 ndcg@40: 0.0272 ] 
2024-11-23 21:44:26,914 - Early stop counter: 1 out of 5
2024-11-23 21:48:31,313 - Epoch  51 Test set [recall@10: 0.0315 recall@20: 0.0520 recall@40: 0.0824 ] Test set [ndcg@10: 0.0160 ndcg@20: 0.0212 ndcg@40: 0.0274 ] 
2024-11-23 21:48:31,313 - Early stop counter: 2 out of 5
2024-11-23 21:48:52,991 - Epoch  54 Test set [recall@10: 0.0318 recall@20: 0.0520 recall@40: 0.0829 ] Test set [ndcg@10: 0.0162 ndcg@20: 0.0213 ndcg@40: 0.0275 ] 
2024-11-23 21:48:52,992 - Validation score increased.  Copying the best model ...
2024-11-23 21:51:41,564 - Epoch  57 Test set [recall@10: 0.0318 recall@20: 0.0519 recall@40: 0.0826 ] Test set [ndcg@10: 0.0163 ndcg@20: 0.0214 ndcg@40: 0.0276 ] 
2024-11-23 21:51:41,564 - Early stop counter: 1 out of 5
2024-11-23 21:54:13,561 - Epoch  60 Test set [recall@10: 0.0321 recall@20: 0.0521 recall@40: 0.0826 ] Test set [ndcg@10: 0.0165 ndcg@20: 0.0215 ndcg@40: 0.0277 ] 
2024-11-23 21:54:13,562 - Validation score increased.  Copying the best model ...
2024-11-23 21:54:36,794 - Epoch  63 Test set [recall@10: 0.0324 recall@20: 0.0522 recall@40: 0.0834 ] Test set [ndcg@10: 0.0165 ndcg@20: 0.0214 ndcg@40: 0.0278 ] 
2024-11-23 21:54:36,795 - Validation score increased.  Copying the best model ...
2024-11-23 21:59:42,719 - Epoch  66 Test set [recall@10: 0.0330 recall@20: 0.0522 recall@40: 0.0836 ] Test set [ndcg@10: 0.0166 ndcg@20: 0.0214 ndcg@40: 0.0278 ] 
2024-11-23 21:59:42,720 - Validation score increased.  Copying the best model ...
2024-11-23 22:00:04,932 - Epoch  69 Test set [recall@10: 0.0326 recall@20: 0.0530 recall@40: 0.0846 ] Test set [ndcg@10: 0.0165 ndcg@20: 0.0216 ndcg@40: 0.0280 ] 
2024-11-23 22:00:04,932 - Early stop counter: 1 out of 5
2024-11-23 22:01:13,978 - Epoch  72 Test set [recall@10: 0.0322 recall@20: 0.0530 recall@40: 0.0843 ] Test set [ndcg@10: 0.0163 ndcg@20: 0.0215 ndcg@40: 0.0279 ] 
2024-11-23 22:01:13,978 - Early stop counter: 2 out of 5
2024-11-23 22:01:48,480 - Epoch  75 Test set [recall@10: 0.0323 recall@20: 0.0527 recall@40: 0.0855 ] Test set [ndcg@10: 0.0165 ndcg@20: 0.0216 ndcg@40: 0.0283 ] 
2024-11-23 22:01:48,481 - Early stop counter: 3 out of 5
2024-11-23 22:06:06,738 - Epoch  78 Test set [recall@10: 0.0329 recall@20: 0.0532 recall@40: 0.0853 ] Test set [ndcg@10: 0.0167 ndcg@20: 0.0218 ndcg@40: 0.0283 ] 
2024-11-23 22:06:06,739 - Early stop counter: 4 out of 5
2024-11-23 22:06:38,381 - Epoch  81 Test set [recall@10: 0.0329 recall@20: 0.0540 recall@40: 0.0866 ] Test set [ndcg@10: 0.0167 ndcg@20: 0.0220 ndcg@40: 0.0286 ] 
2024-11-23 22:06:38,382 - Early stop counter: 5 out of 5
2024-11-23 22:06:38,382 - Best Epoch 66
2024-11-23 22:08:30,214 - Test set [recall@10: 0.0330 recall@20: 0.0522 recall@40: 0.0836 ] Test set [ndcg@10: 0.0166 ndcg@20: 0.0214 ndcg@40: 0.0278 ] 
2024-11-23 22:12:25,162 - Test set [recall@10: 0.0330 recall@20: 0.0522 recall@40: 0.0836 ] Test set [ndcg@10: 0.0166 ndcg@20: 0.0214 ndcg@40: 0.0278 ] 
2024-11-23 22:12:25,199 - hyperparameter: {'layer_num': 2, 'reg_weight': 1e-07}
2024-11-23 22:12:43,171 - Epoch   0 Test set [recall@10: 0.0212 recall@20: 0.0352 recall@40: 0.0580 ] Test set [ndcg@10: 0.0111 ndcg@20: 0.0146 ndcg@40: 0.0192 ] 
2024-11-23 22:12:43,172 - Validation score increased.  Copying the best model ...
