2024-11-23 22:41:09,860 - {'optimizer': {'name': 'adam', 'lr': 0.001, 'weight_decay': 0}, 'train': {'epoch': 500, 'batch_size': 4096, 'save_model': False, 'loss': 'pairwise', 'log_loss': False, 'test_step': 3, 'patience': 5, 'reproducible': True, 'seed': 2023, 'early_stop': True}, 'test': {'metrics': ['recall', 'ndcg'], 'k': [10, 20, 40], 'batch_size': 1024}, 'data': {'type': 'social', 'name': 'yelp', 'user_num': 43043, 'item_num': 66576}, 'model': {'name': 'lightgcn', 'layer_num': 2, 'reg_weight': 1e-08, 'embedding_size': 64}, 'tune': {'enable': True, 'hyperparameters': ['layer_num', 'reg_weight'], 'layer_num': [2, 3], 'reg_weight': [1e-06, 1e-07, 1e-08]}, 'device': 'cuda', 'log': True}
2024-11-23 22:41:09,861 - hyperparameter: {'layer_num': 2, 'reg_weight': 1e-06}
2024-11-23 22:41:30,984 - Epoch   0 Test set [recall@10: 0.0214 recall@20: 0.0350 recall@40: 0.0575 ] Test set [ndcg@10: 0.0111 ndcg@20: 0.0145 ndcg@40: 0.0191 ] 
2024-11-23 22:41:30,986 - Validation score increased.  Copying the best model ...
2024-11-23 22:41:51,609 - Epoch   3 Test set [recall@10: 0.0225 recall@20: 0.0377 recall@40: 0.0613 ] Test set [ndcg@10: 0.0118 ndcg@20: 0.0156 ndcg@40: 0.0203 ] 
2024-11-23 22:41:51,610 - Validation score increased.  Copying the best model ...
2024-11-23 22:42:13,548 - Epoch   6 Test set [recall@10: 0.0241 recall@20: 0.0396 recall@40: 0.0648 ] Test set [ndcg@10: 0.0126 ndcg@20: 0.0164 ndcg@40: 0.0215 ] 
2024-11-23 22:42:13,549 - Validation score increased.  Copying the best model ...
2024-11-23 22:42:35,028 - Epoch   9 Test set [recall@10: 0.0255 recall@20: 0.0424 recall@40: 0.0674 ] Test set [ndcg@10: 0.0132 ndcg@20: 0.0174 ndcg@40: 0.0225 ] 
2024-11-23 22:42:35,028 - Validation score increased.  Copying the best model ...
2024-11-23 22:43:42,185 - Epoch  12 Test set [recall@10: 0.0264 recall@20: 0.0435 recall@40: 0.0686 ] Test set [ndcg@10: 0.0135 ndcg@20: 0.0178 ndcg@40: 0.0229 ] 
2024-11-23 22:43:42,185 - Validation score increased.  Copying the best model ...
2024-11-23 22:44:04,892 - Epoch  15 Test set [recall@10: 0.0273 recall@20: 0.0447 recall@40: 0.0720 ] Test set [ndcg@10: 0.0140 ndcg@20: 0.0183 ndcg@40: 0.0239 ] 
2024-11-23 22:44:04,893 - Validation score increased.  Copying the best model ...
2024-11-23 22:45:00,279 - Epoch  18 Test set [recall@10: 0.0279 recall@20: 0.0450 recall@40: 0.0731 ] Test set [ndcg@10: 0.0143 ndcg@20: 0.0186 ndcg@40: 0.0243 ] 
2024-11-23 22:45:00,280 - Validation score increased.  Copying the best model ...
2024-11-23 22:48:35,808 - Epoch  21 Test set [recall@10: 0.0281 recall@20: 0.0460 recall@40: 0.0739 ] Test set [ndcg@10: 0.0144 ndcg@20: 0.0189 ndcg@40: 0.0246 ] 
2024-11-23 22:48:35,809 - Validation score increased.  Copying the best model ...
2024-11-23 22:50:19,740 - Epoch  24 Test set [recall@10: 0.0292 recall@20: 0.0477 recall@40: 0.0763 ] Test set [ndcg@10: 0.0149 ndcg@20: 0.0195 ndcg@40: 0.0253 ] 
2024-11-23 22:50:19,741 - Validation score increased.  Copying the best model ...
2024-11-23 22:53:27,106 - Epoch  27 Test set [recall@10: 0.0297 recall@20: 0.0483 recall@40: 0.0776 ] Test set [ndcg@10: 0.0151 ndcg@20: 0.0198 ndcg@40: 0.0257 ] 
2024-11-23 22:53:27,107 - Validation score increased.  Copying the best model ...
2024-11-23 22:56:15,992 - Epoch  30 Test set [recall@10: 0.0295 recall@20: 0.0488 recall@40: 0.0773 ] Test set [ndcg@10: 0.0152 ndcg@20: 0.0201 ndcg@40: 0.0259 ] 
2024-11-23 22:56:15,992 - Early stop counter: 1 out of 5
2024-11-23 22:56:52,420 - Epoch  33 Test set [recall@10: 0.0297 recall@20: 0.0491 recall@40: 0.0785 ] Test set [ndcg@10: 0.0153 ndcg@20: 0.0201 ndcg@40: 0.0261 ] 
2024-11-23 22:56:52,421 - Validation score increased.  Copying the best model ...
2024-11-23 22:58:01,128 - Epoch  36 Test set [recall@10: 0.0303 recall@20: 0.0498 recall@40: 0.0791 ] Test set [ndcg@10: 0.0155 ndcg@20: 0.0204 ndcg@40: 0.0264 ] 
2024-11-23 22:58:01,129 - Validation score increased.  Copying the best model ...
2024-11-23 22:59:34,834 - Epoch  39 Test set [recall@10: 0.0304 recall@20: 0.0500 recall@40: 0.0802 ] Test set [ndcg@10: 0.0155 ndcg@20: 0.0205 ndcg@40: 0.0266 ] 
2024-11-23 22:59:34,836 - Validation score increased.  Copying the best model ...
2024-11-23 23:03:30,168 - Epoch  42 Test set [recall@10: 0.0304 recall@20: 0.0511 recall@40: 0.0808 ] Test set [ndcg@10: 0.0158 ndcg@20: 0.0209 ndcg@40: 0.0270 ] 
2024-11-23 23:03:30,169 - Early stop counter: 1 out of 5
2024-11-23 23:04:17,964 - Epoch  45 Test set [recall@10: 0.0317 recall@20: 0.0511 recall@40: 0.0812 ] Test set [ndcg@10: 0.0161 ndcg@20: 0.0209 ndcg@40: 0.0270 ] 
2024-11-23 23:04:17,965 - Validation score increased.  Copying the best model ...
2024-11-23 23:05:31,586 - Epoch  48 Test set [recall@10: 0.0308 recall@20: 0.0508 recall@40: 0.0818 ] Test set [ndcg@10: 0.0159 ndcg@20: 0.0209 ndcg@40: 0.0272 ] 
2024-11-23 23:05:31,587 - Early stop counter: 1 out of 5
2024-11-23 23:09:29,411 - Epoch  51 Test set [recall@10: 0.0315 recall@20: 0.0520 recall@40: 0.0824 ] Test set [ndcg@10: 0.0160 ndcg@20: 0.0212 ndcg@40: 0.0274 ] 
2024-11-23 23:09:29,412 - Early stop counter: 2 out of 5
2024-11-23 23:09:53,323 - Epoch  54 Test set [recall@10: 0.0318 recall@20: 0.0520 recall@40: 0.0829 ] Test set [ndcg@10: 0.0162 ndcg@20: 0.0213 ndcg@40: 0.0275 ] 
2024-11-23 23:09:53,324 - Validation score increased.  Copying the best model ...
2024-11-23 23:13:07,626 - Epoch  57 Test set [recall@10: 0.0318 recall@20: 0.0519 recall@40: 0.0826 ] Test set [ndcg@10: 0.0163 ndcg@20: 0.0214 ndcg@40: 0.0276 ] 
2024-11-23 23:13:07,626 - Early stop counter: 1 out of 5
2024-11-23 23:15:25,602 - Epoch  60 Test set [recall@10: 0.0321 recall@20: 0.0521 recall@40: 0.0826 ] Test set [ndcg@10: 0.0165 ndcg@20: 0.0215 ndcg@40: 0.0277 ] 
2024-11-23 23:15:25,603 - Validation score increased.  Copying the best model ...
2024-11-23 23:15:49,526 - Epoch  63 Test set [recall@10: 0.0324 recall@20: 0.0522 recall@40: 0.0834 ] Test set [ndcg@10: 0.0165 ndcg@20: 0.0214 ndcg@40: 0.0278 ] 
2024-11-23 23:15:49,527 - Validation score increased.  Copying the best model ...
2024-11-23 23:19:49,165 - Epoch  66 Test set [recall@10: 0.0330 recall@20: 0.0522 recall@40: 0.0836 ] Test set [ndcg@10: 0.0166 ndcg@20: 0.0214 ndcg@40: 0.0278 ] 
2024-11-23 23:19:49,170 - Validation score increased.  Copying the best model ...
2024-11-23 23:21:08,879 - Epoch  69 Test set [recall@10: 0.0326 recall@20: 0.0530 recall@40: 0.0846 ] Test set [ndcg@10: 0.0165 ndcg@20: 0.0216 ndcg@40: 0.0280 ] 
2024-11-23 23:21:08,879 - Early stop counter: 1 out of 5
2024-11-23 23:22:10,875 - Epoch  72 Test set [recall@10: 0.0322 recall@20: 0.0530 recall@40: 0.0843 ] Test set [ndcg@10: 0.0163 ndcg@20: 0.0215 ndcg@40: 0.0279 ] 
2024-11-23 23:22:10,875 - Early stop counter: 2 out of 5
2024-11-23 23:27:21,443 - Epoch  75 Test set [recall@10: 0.0323 recall@20: 0.0527 recall@40: 0.0855 ] Test set [ndcg@10: 0.0165 ndcg@20: 0.0216 ndcg@40: 0.0283 ] 
2024-11-23 23:27:21,443 - Early stop counter: 3 out of 5
2024-11-23 23:27:44,048 - Epoch  78 Test set [recall@10: 0.0329 recall@20: 0.0532 recall@40: 0.0853 ] Test set [ndcg@10: 0.0167 ndcg@20: 0.0218 ndcg@40: 0.0283 ] 
2024-11-23 23:27:44,048 - Early stop counter: 4 out of 5
2024-11-23 23:29:13,343 - Epoch  81 Test set [recall@10: 0.0329 recall@20: 0.0540 recall@40: 0.0866 ] Test set [ndcg@10: 0.0167 ndcg@20: 0.0220 ndcg@40: 0.0286 ] 
2024-11-23 23:29:13,343 - Early stop counter: 5 out of 5
2024-11-23 23:29:13,343 - Best Epoch 66
2024-11-23 23:31:33,426 - Test set [recall@10: 0.0330 recall@20: 0.0522 recall@40: 0.0836 ] Test set [ndcg@10: 0.0166 ndcg@20: 0.0214 ndcg@40: 0.0278 ] 
2024-11-23 23:33:54,755 - Test set [recall@10: 0.0330 recall@20: 0.0522 recall@40: 0.0836 ] Test set [ndcg@10: 0.0166 ndcg@20: 0.0214 ndcg@40: 0.0278 ] 
2024-11-23 23:33:54,797 - hyperparameter: {'layer_num': 2, 'reg_weight': 1e-07}
2024-11-23 23:34:15,947 - Epoch   0 Test set [recall@10: 0.0212 recall@20: 0.0352 recall@40: 0.0580 ] Test set [ndcg@10: 0.0111 ndcg@20: 0.0146 ndcg@40: 0.0192 ] 
2024-11-23 23:34:15,948 - Validation score increased.  Copying the best model ...
2024-11-23 23:37:51,736 - Epoch   3 Test set [recall@10: 0.0228 recall@20: 0.0380 recall@40: 0.0615 ] Test set [ndcg@10: 0.0118 ndcg@20: 0.0156 ndcg@40: 0.0204 ] 
2024-11-23 23:37:51,737 - Validation score increased.  Copying the best model ...
2024-11-23 23:39:26,654 - Epoch   6 Test set [recall@10: 0.0243 recall@20: 0.0398 recall@40: 0.0649 ] Test set [ndcg@10: 0.0126 ndcg@20: 0.0165 ndcg@40: 0.0216 ] 
2024-11-23 23:39:26,655 - Validation score increased.  Copying the best model ...
2024-11-23 23:39:48,431 - Epoch   9 Test set [recall@10: 0.0257 recall@20: 0.0431 recall@40: 0.0674 ] Test set [ndcg@10: 0.0132 ndcg@20: 0.0176 ndcg@40: 0.0225 ] 
2024-11-23 23:39:48,432 - Validation score increased.  Copying the best model ...
2024-11-23 23:44:38,345 - Epoch  12 Test set [recall@10: 0.0266 recall@20: 0.0439 recall@40: 0.0689 ] Test set [ndcg@10: 0.0135 ndcg@20: 0.0178 ndcg@40: 0.0229 ] 
2024-11-23 23:44:38,346 - Validation score increased.  Copying the best model ...
2024-11-23 23:45:24,257 - Epoch  15 Test set [recall@10: 0.0275 recall@20: 0.0441 recall@40: 0.0719 ] Test set [ndcg@10: 0.0141 ndcg@20: 0.0182 ndcg@40: 0.0239 ] 
2024-11-23 23:45:24,259 - Validation score increased.  Copying the best model ...
2024-11-23 23:46:33,291 - Epoch  18 Test set [recall@10: 0.0276 recall@20: 0.0450 recall@40: 0.0729 ] Test set [ndcg@10: 0.0142 ndcg@20: 0.0186 ndcg@40: 0.0242 ] 
2024-11-23 23:46:33,292 - Validation score increased.  Copying the best model ...
2024-11-23 23:47:32,205 - Epoch  21 Test set [recall@10: 0.0283 recall@20: 0.0460 recall@40: 0.0734 ] Test set [ndcg@10: 0.0145 ndcg@20: 0.0190 ndcg@40: 0.0245 ] 
2024-11-23 23:47:32,206 - Validation score increased.  Copying the best model ...
2024-11-23 23:51:20,460 - Epoch  24 Test set [recall@10: 0.0292 recall@20: 0.0469 recall@40: 0.0755 ] Test set [ndcg@10: 0.0149 ndcg@20: 0.0194 ndcg@40: 0.0252 ] 
2024-11-23 23:51:20,462 - Validation score increased.  Copying the best model ...
2024-11-23 23:51:50,038 - Epoch  27 Test set [recall@10: 0.0295 recall@20: 0.0479 recall@40: 0.0769 ] Test set [ndcg@10: 0.0151 ndcg@20: 0.0197 ndcg@40: 0.0256 ] 
2024-11-23 23:51:50,039 - Validation score increased.  Copying the best model ...
2024-11-23 23:52:31,622 - Epoch  30 Test set [recall@10: 0.0291 recall@20: 0.0474 recall@40: 0.0768 ] Test set [ndcg@10: 0.0151 ndcg@20: 0.0197 ndcg@40: 0.0257 ] 
2024-11-23 23:52:31,622 - Early stop counter: 1 out of 5
2024-11-23 23:53:13,187 - Epoch  33 Test set [recall@10: 0.0293 recall@20: 0.0472 recall@40: 0.0767 ] Test set [ndcg@10: 0.0152 ndcg@20: 0.0197 ndcg@40: 0.0256 ] 
2024-11-23 23:53:13,187 - Early stop counter: 2 out of 5
2024-11-23 23:56:23,925 - Epoch  36 Test set [recall@10: 0.0295 recall@20: 0.0477 recall@40: 0.0767 ] Test set [ndcg@10: 0.0153 ndcg@20: 0.0198 ndcg@40: 0.0257 ] 
2024-11-23 23:56:23,925 - Validation score increased.  Copying the best model ...
2024-11-23 23:57:36,920 - Epoch  39 Test set [recall@10: 0.0300 recall@20: 0.0480 recall@40: 0.0771 ] Test set [ndcg@10: 0.0154 ndcg@20: 0.0199 ndcg@40: 0.0258 ] 
2024-11-23 23:57:36,920 - Validation score increased.  Copying the best model ...
2024-11-23 23:58:09,952 - Epoch  42 Test set [recall@10: 0.0292 recall@20: 0.0481 recall@40: 0.0771 ] Test set [ndcg@10: 0.0152 ndcg@20: 0.0199 ndcg@40: 0.0258 ] 
2024-11-23 23:58:09,952 - Early stop counter: 1 out of 5
2024-11-24 00:00:03,719 - Epoch  45 Test set [recall@10: 0.0301 recall@20: 0.0481 recall@40: 0.0770 ] Test set [ndcg@10: 0.0154 ndcg@20: 0.0199 ndcg@40: 0.0258 ] 
2024-11-24 00:00:03,720 - Validation score increased.  Copying the best model ...
2024-11-24 00:02:08,836 - Epoch  48 Test set [recall@10: 0.0295 recall@20: 0.0478 recall@40: 0.0777 ] Test set [ndcg@10: 0.0153 ndcg@20: 0.0199 ndcg@40: 0.0259 ] 
2024-11-24 00:02:08,837 - Early stop counter: 1 out of 5
2024-11-24 00:03:27,302 - Epoch  51 Test set [recall@10: 0.0302 recall@20: 0.0486 recall@40: 0.0773 ] Test set [ndcg@10: 0.0155 ndcg@20: 0.0201 ndcg@40: 0.0259 ] 
2024-11-24 00:03:27,302 - Validation score increased.  Copying the best model ...
2024-11-24 00:08:24,881 - Epoch  54 Test set [recall@10: 0.0303 recall@20: 0.0488 recall@40: 0.0777 ] Test set [ndcg@10: 0.0156 ndcg@20: 0.0202 ndcg@40: 0.0261 ] 
2024-11-24 00:08:24,882 - Validation score increased.  Copying the best model ...
2024-11-24 00:10:15,764 - Epoch  57 Test set [recall@10: 0.0307 recall@20: 0.0487 recall@40: 0.0769 ] Test set [ndcg@10: 0.0158 ndcg@20: 0.0203 ndcg@40: 0.0260 ] 
2024-11-24 00:10:15,765 - Validation score increased.  Copying the best model ...
2024-11-24 00:14:26,675 - Epoch  60 Test set [recall@10: 0.0299 recall@20: 0.0487 recall@40: 0.0772 ] Test set [ndcg@10: 0.0154 ndcg@20: 0.0201 ndcg@40: 0.0259 ] 
2024-11-24 00:14:26,675 - Early stop counter: 1 out of 5
2024-11-24 00:15:22,479 - Epoch  63 Test set [recall@10: 0.0297 recall@20: 0.0494 recall@40: 0.0770 ] Test set [ndcg@10: 0.0153 ndcg@20: 0.0203 ndcg@40: 0.0259 ] 
2024-11-24 00:15:22,479 - Early stop counter: 2 out of 5
2024-11-24 00:16:50,301 - Epoch  66 Test set [recall@10: 0.0297 recall@20: 0.0493 recall@40: 0.0773 ] Test set [ndcg@10: 0.0152 ndcg@20: 0.0201 ndcg@40: 0.0259 ] 
2024-11-24 00:16:50,301 - Early stop counter: 3 out of 5
2024-11-24 00:19:48,762 - Epoch  69 Test set [recall@10: 0.0296 recall@20: 0.0486 recall@40: 0.0778 ] Test set [ndcg@10: 0.0152 ndcg@20: 0.0199 ndcg@40: 0.0259 ] 
2024-11-24 00:19:48,763 - Early stop counter: 4 out of 5
2024-11-24 00:20:13,360 - Epoch  72 Test set [recall@10: 0.0293 recall@20: 0.0486 recall@40: 0.0776 ] Test set [ndcg@10: 0.0150 ndcg@20: 0.0198 ndcg@40: 0.0257 ] 
2024-11-24 00:20:13,360 - Early stop counter: 5 out of 5
2024-11-24 00:20:13,360 - Best Epoch 57
2024-11-24 00:20:55,151 - Test set [recall@10: 0.0307 recall@20: 0.0487 recall@40: 0.0769 ] Test set [ndcg@10: 0.0158 ndcg@20: 0.0203 ndcg@40: 0.0260 ] 
2024-11-24 00:21:59,752 - Test set [recall@10: 0.0307 recall@20: 0.0487 recall@40: 0.0769 ] Test set [ndcg@10: 0.0158 ndcg@20: 0.0203 ndcg@40: 0.0260 ] 
2024-11-24 00:21:59,787 - hyperparameter: {'layer_num': 2, 'reg_weight': 1e-08}
2024-11-24 00:23:11,365 - Epoch   0 Test set [recall@10: 0.0212 recall@20: 0.0352 recall@40: 0.0581 ] Test set [ndcg@10: 0.0111 ndcg@20: 0.0146 ndcg@40: 0.0192 ] 
2024-11-24 00:23:11,366 - Validation score increased.  Copying the best model ...
2024-11-24 00:26:51,007 - Epoch   3 Test set [recall@10: 0.0228 recall@20: 0.0381 recall@40: 0.0614 ] Test set [ndcg@10: 0.0118 ndcg@20: 0.0157 ndcg@40: 0.0204 ] 
2024-11-24 00:26:51,008 - Validation score increased.  Copying the best model ...
2024-11-24 00:27:28,251 - Epoch   6 Test set [recall@10: 0.0242 recall@20: 0.0397 recall@40: 0.0648 ] Test set [ndcg@10: 0.0126 ndcg@20: 0.0165 ndcg@40: 0.0216 ] 
2024-11-24 00:27:28,252 - Validation score increased.  Copying the best model ...
2024-11-24 00:28:17,368 - Epoch   9 Test set [recall@10: 0.0256 recall@20: 0.0430 recall@40: 0.0672 ] Test set [ndcg@10: 0.0132 ndcg@20: 0.0176 ndcg@40: 0.0225 ] 
2024-11-24 00:28:17,369 - Validation score increased.  Copying the best model ...
2024-11-24 00:29:21,526 - Epoch  12 Test set [recall@10: 0.0267 recall@20: 0.0439 recall@40: 0.0691 ] Test set [ndcg@10: 0.0135 ndcg@20: 0.0179 ndcg@40: 0.0230 ] 
2024-11-24 00:29:21,527 - Validation score increased.  Copying the best model ...
2024-11-24 00:34:37,777 - Epoch  15 Test set [recall@10: 0.0275 recall@20: 0.0441 recall@40: 0.0715 ] Test set [ndcg@10: 0.0141 ndcg@20: 0.0183 ndcg@40: 0.0238 ] 
2024-11-24 00:34:37,778 - Validation score increased.  Copying the best model ...
2024-11-24 00:40:16,388 - Epoch  18 Test set [recall@10: 0.0277 recall@20: 0.0450 recall@40: 0.0728 ] Test set [ndcg@10: 0.0143 ndcg@20: 0.0186 ndcg@40: 0.0242 ] 
2024-11-24 00:40:16,389 - Validation score increased.  Copying the best model ...
2024-11-24 00:40:37,399 - Epoch  21 Test set [recall@10: 0.0283 recall@20: 0.0463 recall@40: 0.0731 ] Test set [ndcg@10: 0.0145 ndcg@20: 0.0190 ndcg@40: 0.0245 ] 
2024-11-24 00:40:37,400 - Validation score increased.  Copying the best model ...
2024-11-24 00:45:29,554 - Epoch  24 Test set [recall@10: 0.0292 recall@20: 0.0469 recall@40: 0.0754 ] Test set [ndcg@10: 0.0149 ndcg@20: 0.0193 ndcg@40: 0.0251 ] 
2024-11-24 00:45:29,555 - Validation score increased.  Copying the best model ...
2024-11-24 00:45:50,480 - Epoch  27 Test set [recall@10: 0.0295 recall@20: 0.0472 recall@40: 0.0766 ] Test set [ndcg@10: 0.0151 ndcg@20: 0.0195 ndcg@40: 0.0255 ] 
2024-11-24 00:45:50,481 - Validation score increased.  Copying the best model ...
2024-11-24 00:47:24,497 - Epoch  30 Test set [recall@10: 0.0290 recall@20: 0.0472 recall@40: 0.0764 ] Test set [ndcg@10: 0.0150 ndcg@20: 0.0196 ndcg@40: 0.0255 ] 
2024-11-24 00:47:24,497 - Early stop counter: 1 out of 5
2024-11-24 00:48:41,132 - Epoch  33 Test set [recall@10: 0.0291 recall@20: 0.0469 recall@40: 0.0756 ] Test set [ndcg@10: 0.0150 ndcg@20: 0.0195 ndcg@40: 0.0253 ] 
2024-11-24 00:48:41,132 - Early stop counter: 2 out of 5
2024-11-24 00:51:26,484 - Epoch  36 Test set [recall@10: 0.0295 recall@20: 0.0468 recall@40: 0.0755 ] Test set [ndcg@10: 0.0152 ndcg@20: 0.0195 ndcg@40: 0.0253 ] 
2024-11-24 00:51:26,485 - Validation score increased.  Copying the best model ...
2024-11-24 00:51:58,926 - Epoch  39 Test set [recall@10: 0.0297 recall@20: 0.0473 recall@40: 0.0761 ] Test set [ndcg@10: 0.0153 ndcg@20: 0.0198 ndcg@40: 0.0256 ] 
2024-11-24 00:51:58,927 - Validation score increased.  Copying the best model ...
2024-11-24 00:53:06,276 - Epoch  42 Test set [recall@10: 0.0289 recall@20: 0.0476 recall@40: 0.0756 ] Test set [ndcg@10: 0.0150 ndcg@20: 0.0197 ndcg@40: 0.0254 ] 
2024-11-24 00:53:06,276 - Early stop counter: 1 out of 5
2024-11-24 00:53:25,395 - Epoch  45 Test set [recall@10: 0.0293 recall@20: 0.0471 recall@40: 0.0760 ] Test set [ndcg@10: 0.0151 ndcg@20: 0.0196 ndcg@40: 0.0255 ] 
2024-11-24 00:53:25,395 - Early stop counter: 2 out of 5
2024-11-24 00:54:59,046 - Epoch  48 Test set [recall@10: 0.0293 recall@20: 0.0466 recall@40: 0.0759 ] Test set [ndcg@10: 0.0151 ndcg@20: 0.0194 ndcg@40: 0.0254 ] 
2024-11-24 00:54:59,046 - Early stop counter: 3 out of 5
2024-11-24 00:55:18,577 - Epoch  51 Test set [recall@10: 0.0299 recall@20: 0.0480 recall@40: 0.0757 ] Test set [ndcg@10: 0.0152 ndcg@20: 0.0197 ndcg@40: 0.0253 ] 
2024-11-24 00:55:18,578 - Validation score increased.  Copying the best model ...
2024-11-24 00:55:38,187 - Epoch  54 Test set [recall@10: 0.0298 recall@20: 0.0480 recall@40: 0.0760 ] Test set [ndcg@10: 0.0152 ndcg@20: 0.0197 ndcg@40: 0.0254 ] 
2024-11-24 00:55:38,187 - Early stop counter: 1 out of 5
2024-11-24 00:55:57,462 - Epoch  57 Test set [recall@10: 0.0299 recall@20: 0.0476 recall@40: 0.0751 ] Test set [ndcg@10: 0.0153 ndcg@20: 0.0198 ndcg@40: 0.0254 ] 
2024-11-24 00:55:57,463 - Validation score increased.  Copying the best model ...
2024-11-24 00:56:17,166 - Epoch  60 Test set [recall@10: 0.0293 recall@20: 0.0475 recall@40: 0.0747 ] Test set [ndcg@10: 0.0151 ndcg@20: 0.0197 ndcg@40: 0.0252 ] 
2024-11-24 00:56:17,166 - Early stop counter: 1 out of 5
2024-11-24 00:56:36,063 - Epoch  63 Test set [recall@10: 0.0290 recall@20: 0.0481 recall@40: 0.0745 ] Test set [ndcg@10: 0.0150 ndcg@20: 0.0198 ndcg@40: 0.0252 ] 
2024-11-24 00:56:36,063 - Early stop counter: 2 out of 5
2024-11-24 00:56:56,265 - Epoch  66 Test set [recall@10: 0.0287 recall@20: 0.0474 recall@40: 0.0749 ] Test set [ndcg@10: 0.0147 ndcg@20: 0.0195 ndcg@40: 0.0251 ] 
2024-11-24 00:56:56,265 - Early stop counter: 3 out of 5
2024-11-24 00:57:15,085 - Epoch  69 Test set [recall@10: 0.0290 recall@20: 0.0473 recall@40: 0.0741 ] Test set [ndcg@10: 0.0148 ndcg@20: 0.0194 ndcg@40: 0.0249 ] 
2024-11-24 00:57:15,085 - Early stop counter: 4 out of 5
2024-11-24 00:58:15,402 - Epoch  72 Test set [recall@10: 0.0280 recall@20: 0.0465 recall@40: 0.0745 ] Test set [ndcg@10: 0.0143 ndcg@20: 0.0189 ndcg@40: 0.0246 ] 
2024-11-24 00:58:15,402 - Early stop counter: 5 out of 5
2024-11-24 00:58:15,402 - Best Epoch 57
2024-11-24 00:58:31,090 - Test set [recall@10: 0.0299 recall@20: 0.0476 recall@40: 0.0751 ] Test set [ndcg@10: 0.0153 ndcg@20: 0.0198 ndcg@40: 0.0254 ] 
2024-11-24 00:58:47,155 - Test set [recall@10: 0.0299 recall@20: 0.0476 recall@40: 0.0751 ] Test set [ndcg@10: 0.0153 ndcg@20: 0.0198 ndcg@40: 0.0254 ] 
2024-11-24 00:58:47,190 - hyperparameter: {'layer_num': 3, 'reg_weight': 1e-06}
2024-11-24 00:59:03,186 - Epoch   0 Test set [recall@10: 0.0212 recall@20: 0.0348 recall@40: 0.0571 ] Test set [ndcg@10: 0.0111 ndcg@20: 0.0145 ndcg@40: 0.0191 ] 
2024-11-24 00:59:03,187 - Validation score increased.  Copying the best model ...
2024-11-24 00:59:24,374 - Epoch   3 Test set [recall@10: 0.0227 recall@20: 0.0373 recall@40: 0.0613 ] Test set [ndcg@10: 0.0119 ndcg@20: 0.0156 ndcg@40: 0.0205 ] 
2024-11-24 00:59:24,375 - Validation score increased.  Copying the best model ...
2024-11-24 00:59:45,537 - Epoch   6 Test set [recall@10: 0.0247 recall@20: 0.0404 recall@40: 0.0662 ] Test set [ndcg@10: 0.0129 ndcg@20: 0.0169 ndcg@40: 0.0221 ] 
2024-11-24 00:59:45,538 - Validation score increased.  Copying the best model ...
2024-11-24 01:00:06,921 - Epoch   9 Test set [recall@10: 0.0258 recall@20: 0.0436 recall@40: 0.0682 ] Test set [ndcg@10: 0.0134 ndcg@20: 0.0179 ndcg@40: 0.0229 ] 
2024-11-24 01:00:06,922 - Validation score increased.  Copying the best model ...
2024-11-24 01:00:27,078 - Epoch  12 Test set [recall@10: 0.0267 recall@20: 0.0441 recall@40: 0.0702 ] Test set [ndcg@10: 0.0138 ndcg@20: 0.0181 ndcg@40: 0.0234 ] 
2024-11-24 01:00:27,079 - Validation score increased.  Copying the best model ...
2024-11-24 01:00:47,683 - Epoch  15 Test set [recall@10: 0.0279 recall@20: 0.0450 recall@40: 0.0722 ] Test set [ndcg@10: 0.0143 ndcg@20: 0.0186 ndcg@40: 0.0241 ] 
2024-11-24 01:00:47,684 - Validation score increased.  Copying the best model ...
2024-11-24 01:01:10,036 - Epoch  18 Test set [recall@10: 0.0281 recall@20: 0.0457 recall@40: 0.0737 ] Test set [ndcg@10: 0.0145 ndcg@20: 0.0189 ndcg@40: 0.0246 ] 
2024-11-24 01:01:10,037 - Validation score increased.  Copying the best model ...
2024-11-24 01:01:30,361 - Epoch  21 Test set [recall@10: 0.0284 recall@20: 0.0471 recall@40: 0.0750 ] Test set [ndcg@10: 0.0147 ndcg@20: 0.0194 ndcg@40: 0.0251 ] 
2024-11-24 01:01:30,361 - Validation score increased.  Copying the best model ...
2024-11-24 01:01:50,108 - Epoch  24 Test set [recall@10: 0.0293 recall@20: 0.0481 recall@40: 0.0778 ] Test set [ndcg@10: 0.0151 ndcg@20: 0.0198 ndcg@40: 0.0259 ] 
2024-11-24 01:01:50,109 - Validation score increased.  Copying the best model ...
2024-11-24 01:02:10,905 - Epoch  27 Test set [recall@10: 0.0297 recall@20: 0.0490 recall@40: 0.0790 ] Test set [ndcg@10: 0.0153 ndcg@20: 0.0201 ndcg@40: 0.0262 ] 
2024-11-24 01:02:10,906 - Validation score increased.  Copying the best model ...
2024-11-24 01:02:31,215 - Epoch  30 Test set [recall@10: 0.0303 recall@20: 0.0494 recall@40: 0.0789 ] Test set [ndcg@10: 0.0156 ndcg@20: 0.0204 ndcg@40: 0.0264 ] 
2024-11-24 01:02:31,216 - Validation score increased.  Copying the best model ...
2024-11-24 01:02:51,028 - Epoch  33 Test set [recall@10: 0.0310 recall@20: 0.0496 recall@40: 0.0792 ] Test set [ndcg@10: 0.0158 ndcg@20: 0.0205 ndcg@40: 0.0265 ] 
2024-11-24 01:02:51,029 - Validation score increased.  Copying the best model ...
2024-11-24 01:03:10,530 - Epoch  36 Test set [recall@10: 0.0309 recall@20: 0.0506 recall@40: 0.0805 ] Test set [ndcg@10: 0.0159 ndcg@20: 0.0208 ndcg@40: 0.0269 ] 
2024-11-24 01:03:10,530 - Early stop counter: 1 out of 5
2024-11-24 01:03:30,612 - Epoch  39 Test set [recall@10: 0.0315 recall@20: 0.0512 recall@40: 0.0814 ] Test set [ndcg@10: 0.0160 ndcg@20: 0.0209 ndcg@40: 0.0270 ] 
2024-11-24 01:03:30,612 - Validation score increased.  Copying the best model ...
2024-11-24 01:04:37,216 - Epoch  42 Test set [recall@10: 0.0313 recall@20: 0.0514 recall@40: 0.0820 ] Test set [ndcg@10: 0.0160 ndcg@20: 0.0211 ndcg@40: 0.0273 ] 
2024-11-24 01:04:37,216 - Early stop counter: 1 out of 5
2024-11-24 01:04:56,788 - Epoch  45 Test set [recall@10: 0.0319 recall@20: 0.0512 recall@40: 0.0825 ] Test set [ndcg@10: 0.0162 ndcg@20: 0.0211 ndcg@40: 0.0274 ] 
2024-11-24 01:04:56,789 - Validation score increased.  Copying the best model ...
2024-11-24 01:05:17,241 - Epoch  48 Test set [recall@10: 0.0317 recall@20: 0.0521 recall@40: 0.0827 ] Test set [ndcg@10: 0.0162 ndcg@20: 0.0213 ndcg@40: 0.0275 ] 
2024-11-24 01:05:17,241 - Early stop counter: 1 out of 5
2024-11-24 01:05:36,715 - Epoch  51 Test set [recall@10: 0.0326 recall@20: 0.0526 recall@40: 0.0835 ] Test set [ndcg@10: 0.0163 ndcg@20: 0.0213 ndcg@40: 0.0276 ] 
2024-11-24 01:05:36,716 - Validation score increased.  Copying the best model ...
2024-11-24 01:05:56,740 - Epoch  54 Test set [recall@10: 0.0331 recall@20: 0.0527 recall@40: 0.0847 ] Test set [ndcg@10: 0.0166 ndcg@20: 0.0215 ndcg@40: 0.0280 ] 
2024-11-24 01:05:56,741 - Validation score increased.  Copying the best model ...
2024-11-24 01:06:17,273 - Epoch  57 Test set [recall@10: 0.0328 recall@20: 0.0523 recall@40: 0.0841 ] Test set [ndcg@10: 0.0166 ndcg@20: 0.0215 ndcg@40: 0.0279 ] 
2024-11-24 01:06:17,273 - Early stop counter: 1 out of 5
2024-11-24 01:06:37,383 - Epoch  60 Test set [recall@10: 0.0330 recall@20: 0.0527 recall@40: 0.0844 ] Test set [ndcg@10: 0.0167 ndcg@20: 0.0216 ndcg@40: 0.0280 ] 
2024-11-24 01:06:37,384 - Early stop counter: 2 out of 5
2024-11-24 01:06:57,786 - Epoch  63 Test set [recall@10: 0.0330 recall@20: 0.0532 recall@40: 0.0844 ] Test set [ndcg@10: 0.0167 ndcg@20: 0.0218 ndcg@40: 0.0282 ] 
2024-11-24 01:06:57,786 - Early stop counter: 3 out of 5
2024-11-24 01:08:01,193 - Epoch  66 Test set [recall@10: 0.0339 recall@20: 0.0534 recall@40: 0.0853 ] Test set [ndcg@10: 0.0169 ndcg@20: 0.0218 ndcg@40: 0.0283 ] 
2024-11-24 01:08:01,194 - Validation score increased.  Copying the best model ...
2024-11-24 01:08:21,684 - Epoch  69 Test set [recall@10: 0.0332 recall@20: 0.0530 recall@40: 0.0853 ] Test set [ndcg@10: 0.0168 ndcg@20: 0.0218 ndcg@40: 0.0284 ] 
2024-11-24 01:08:21,684 - Early stop counter: 1 out of 5
2024-11-24 01:08:41,738 - Epoch  72 Test set [recall@10: 0.0335 recall@20: 0.0539 recall@40: 0.0850 ] Test set [ndcg@10: 0.0169 ndcg@20: 0.0220 ndcg@40: 0.0283 ] 
2024-11-24 01:08:41,738 - Early stop counter: 2 out of 5
2024-11-24 01:09:01,456 - Epoch  75 Test set [recall@10: 0.0331 recall@20: 0.0538 recall@40: 0.0858 ] Test set [ndcg@10: 0.0169 ndcg@20: 0.0221 ndcg@40: 0.0286 ] 
2024-11-24 01:09:01,456 - Early stop counter: 3 out of 5
2024-11-24 01:09:22,088 - Epoch  78 Test set [recall@10: 0.0333 recall@20: 0.0545 recall@40: 0.0854 ] Test set [ndcg@10: 0.0169 ndcg@20: 0.0222 ndcg@40: 0.0285 ] 
2024-11-24 01:09:22,088 - Early stop counter: 4 out of 5
2024-11-24 01:09:41,423 - Epoch  81 Test set [recall@10: 0.0336 recall@20: 0.0557 recall@40: 0.0874 ] Test set [ndcg@10: 0.0171 ndcg@20: 0.0227 ndcg@40: 0.0291 ] 
2024-11-24 01:09:41,424 - Early stop counter: 5 out of 5
2024-11-24 01:09:41,424 - Best Epoch 66
2024-11-24 01:09:56,061 - Test set [recall@10: 0.0339 recall@20: 0.0534 recall@40: 0.0853 ] Test set [ndcg@10: 0.0169 ndcg@20: 0.0218 ndcg@40: 0.0283 ] 
2024-11-24 01:10:11,367 - Test set [recall@10: 0.0339 recall@20: 0.0534 recall@40: 0.0853 ] Test set [ndcg@10: 0.0169 ndcg@20: 0.0218 ndcg@40: 0.0283 ] 
2024-11-24 01:10:11,402 - hyperparameter: {'layer_num': 3, 'reg_weight': 1e-07}
2024-11-24 01:10:27,668 - Epoch   0 Test set [recall@10: 0.0213 recall@20: 0.0346 recall@40: 0.0571 ] Test set [ndcg@10: 0.0112 ndcg@20: 0.0145 ndcg@40: 0.0191 ] 
2024-11-24 01:10:27,668 - Validation score increased.  Copying the best model ...
2024-11-24 01:11:42,306 - Epoch   3 Test set [recall@10: 0.0229 recall@20: 0.0373 recall@40: 0.0614 ] Test set [ndcg@10: 0.0120 ndcg@20: 0.0156 ndcg@40: 0.0205 ] 
2024-11-24 01:11:42,307 - Validation score increased.  Copying the best model ...
2024-11-24 01:12:02,266 - Epoch   6 Test set [recall@10: 0.0249 recall@20: 0.0405 recall@40: 0.0662 ] Test set [ndcg@10: 0.0130 ndcg@20: 0.0169 ndcg@40: 0.0221 ] 
2024-11-24 01:12:02,267 - Validation score increased.  Copying the best model ...
2024-11-24 01:12:22,378 - Epoch   9 Test set [recall@10: 0.0259 recall@20: 0.0436 recall@40: 0.0684 ] Test set [ndcg@10: 0.0135 ndcg@20: 0.0179 ndcg@40: 0.0229 ] 
2024-11-24 01:12:22,379 - Validation score increased.  Copying the best model ...
2024-11-24 01:12:42,463 - Epoch  12 Test set [recall@10: 0.0265 recall@20: 0.0443 recall@40: 0.0703 ] Test set [ndcg@10: 0.0138 ndcg@20: 0.0183 ndcg@40: 0.0235 ] 
2024-11-24 01:12:42,463 - Validation score increased.  Copying the best model ...
2024-11-24 01:13:02,551 - Epoch  15 Test set [recall@10: 0.0276 recall@20: 0.0446 recall@40: 0.0720 ] Test set [ndcg@10: 0.0142 ndcg@20: 0.0185 ndcg@40: 0.0240 ] 
2024-11-24 01:13:02,552 - Validation score increased.  Copying the best model ...
2024-11-24 01:13:22,825 - Epoch  18 Test set [recall@10: 0.0279 recall@20: 0.0452 recall@40: 0.0730 ] Test set [ndcg@10: 0.0144 ndcg@20: 0.0188 ndcg@40: 0.0244 ] 
2024-11-24 01:13:22,825 - Validation score increased.  Copying the best model ...
2024-11-24 01:13:42,484 - Epoch  21 Test set [recall@10: 0.0288 recall@20: 0.0462 recall@40: 0.0745 ] Test set [ndcg@10: 0.0148 ndcg@20: 0.0192 ndcg@40: 0.0249 ] 
2024-11-24 01:13:42,485 - Validation score increased.  Copying the best model ...
2024-11-24 01:14:02,503 - Epoch  24 Test set [recall@10: 0.0296 recall@20: 0.0473 recall@40: 0.0771 ] Test set [ndcg@10: 0.0151 ndcg@20: 0.0196 ndcg@40: 0.0257 ] 
2024-11-24 01:14:02,503 - Validation score increased.  Copying the best model ...
2024-11-24 01:14:24,455 - Epoch  27 Test set [recall@10: 0.0302 recall@20: 0.0475 recall@40: 0.0775 ] Test set [ndcg@10: 0.0154 ndcg@20: 0.0198 ndcg@40: 0.0259 ] 
2024-11-24 01:14:24,455 - Validation score increased.  Copying the best model ...
2024-11-24 01:14:44,963 - Epoch  30 Test set [recall@10: 0.0305 recall@20: 0.0478 recall@40: 0.0776 ] Test set [ndcg@10: 0.0157 ndcg@20: 0.0201 ndcg@40: 0.0261 ] 
2024-11-24 01:14:44,964 - Validation score increased.  Copying the best model ...
2024-11-24 01:15:04,430 - Epoch  33 Test set [recall@10: 0.0305 recall@20: 0.0484 recall@40: 0.0774 ] Test set [ndcg@10: 0.0158 ndcg@20: 0.0202 ndcg@40: 0.0261 ] 
2024-11-24 01:15:04,431 - Early stop counter: 1 out of 5
2024-11-24 01:15:25,181 - Epoch  36 Test set [recall@10: 0.0304 recall@20: 0.0478 recall@40: 0.0778 ] Test set [ndcg@10: 0.0156 ndcg@20: 0.0199 ndcg@40: 0.0260 ] 
2024-11-24 01:15:25,181 - Early stop counter: 2 out of 5
2024-11-24 01:15:44,506 - Epoch  39 Test set [recall@10: 0.0304 recall@20: 0.0483 recall@40: 0.0781 ] Test set [ndcg@10: 0.0156 ndcg@20: 0.0201 ndcg@40: 0.0262 ] 
2024-11-24 01:15:44,506 - Early stop counter: 3 out of 5
2024-11-24 01:16:05,413 - Epoch  42 Test set [recall@10: 0.0303 recall@20: 0.0482 recall@40: 0.0779 ] Test set [ndcg@10: 0.0156 ndcg@20: 0.0201 ndcg@40: 0.0261 ] 
2024-11-24 01:16:05,413 - Early stop counter: 4 out of 5
2024-11-24 01:16:25,137 - Epoch  45 Test set [recall@10: 0.0308 recall@20: 0.0486 recall@40: 0.0773 ] Test set [ndcg@10: 0.0157 ndcg@20: 0.0201 ndcg@40: 0.0260 ] 
2024-11-24 01:16:25,137 - Validation score increased.  Copying the best model ...
2024-11-24 01:16:46,231 - Epoch  48 Test set [recall@10: 0.0308 recall@20: 0.0483 recall@40: 0.0780 ] Test set [ndcg@10: 0.0158 ndcg@20: 0.0201 ndcg@40: 0.0262 ] 
2024-11-24 01:16:46,232 - Early stop counter: 1 out of 5
2024-11-24 01:17:06,849 - Epoch  51 Test set [recall@10: 0.0306 recall@20: 0.0487 recall@40: 0.0783 ] Test set [ndcg@10: 0.0156 ndcg@20: 0.0202 ndcg@40: 0.0262 ] 
2024-11-24 01:17:06,849 - Early stop counter: 2 out of 5
2024-11-24 01:18:05,303 - Epoch  54 Test set [recall@10: 0.0308 recall@20: 0.0495 recall@40: 0.0784 ] Test set [ndcg@10: 0.0157 ndcg@20: 0.0204 ndcg@40: 0.0263 ] 
2024-11-24 01:18:05,303 - Early stop counter: 3 out of 5
2024-11-24 01:18:25,463 - Epoch  57 Test set [recall@10: 0.0310 recall@20: 0.0488 recall@40: 0.0778 ] Test set [ndcg@10: 0.0160 ndcg@20: 0.0204 ndcg@40: 0.0263 ] 
2024-11-24 01:18:25,463 - Validation score increased.  Copying the best model ...
2024-11-24 01:18:46,516 - Epoch  60 Test set [recall@10: 0.0305 recall@20: 0.0483 recall@40: 0.0779 ] Test set [ndcg@10: 0.0156 ndcg@20: 0.0200 ndcg@40: 0.0261 ] 
2024-11-24 01:18:46,516 - Early stop counter: 1 out of 5
2024-11-24 01:19:06,402 - Epoch  63 Test set [recall@10: 0.0305 recall@20: 0.0487 recall@40: 0.0776 ] Test set [ndcg@10: 0.0157 ndcg@20: 0.0203 ndcg@40: 0.0262 ] 
2024-11-24 01:19:06,402 - Early stop counter: 2 out of 5
2024-11-24 01:19:26,469 - Epoch  66 Test set [recall@10: 0.0305 recall@20: 0.0487 recall@40: 0.0782 ] Test set [ndcg@10: 0.0157 ndcg@20: 0.0202 ndcg@40: 0.0262 ] 
2024-11-24 01:19:26,469 - Early stop counter: 3 out of 5
2024-11-24 01:19:46,991 - Epoch  69 Test set [recall@10: 0.0298 recall@20: 0.0482 recall@40: 0.0775 ] Test set [ndcg@10: 0.0155 ndcg@20: 0.0201 ndcg@40: 0.0261 ] 
2024-11-24 01:19:46,991 - Early stop counter: 4 out of 5
2024-11-24 01:20:07,075 - Epoch  72 Test set [recall@10: 0.0301 recall@20: 0.0482 recall@40: 0.0783 ] Test set [ndcg@10: 0.0152 ndcg@20: 0.0198 ndcg@40: 0.0259 ] 
2024-11-24 01:20:07,076 - Early stop counter: 5 out of 5
2024-11-24 01:20:07,076 - Best Epoch 57
2024-11-24 01:20:21,663 - Test set [recall@10: 0.0310 recall@20: 0.0488 recall@40: 0.0778 ] Test set [ndcg@10: 0.0160 ndcg@20: 0.0204 ndcg@40: 0.0263 ] 
2024-11-24 01:21:35,706 - Test set [recall@10: 0.0310 recall@20: 0.0488 recall@40: 0.0778 ] Test set [ndcg@10: 0.0160 ndcg@20: 0.0204 ndcg@40: 0.0263 ] 
2024-11-24 01:21:35,741 - hyperparameter: {'layer_num': 3, 'reg_weight': 1e-08}
2024-11-24 01:21:52,328 - Epoch   0 Test set [recall@10: 0.0213 recall@20: 0.0346 recall@40: 0.0571 ] Test set [ndcg@10: 0.0112 ndcg@20: 0.0145 ndcg@40: 0.0191 ] 
2024-11-24 01:21:52,328 - Validation score increased.  Copying the best model ...
2024-11-24 01:22:13,059 - Epoch   3 Test set [recall@10: 0.0228 recall@20: 0.0372 recall@40: 0.0613 ] Test set [ndcg@10: 0.0120 ndcg@20: 0.0156 ndcg@40: 0.0205 ] 
2024-11-24 01:22:13,060 - Validation score increased.  Copying the best model ...
2024-11-24 01:22:32,750 - Epoch   6 Test set [recall@10: 0.0248 recall@20: 0.0404 recall@40: 0.0662 ] Test set [ndcg@10: 0.0129 ndcg@20: 0.0168 ndcg@40: 0.0221 ] 
2024-11-24 01:22:32,751 - Validation score increased.  Copying the best model ...
2024-11-24 01:22:52,934 - Epoch   9 Test set [recall@10: 0.0258 recall@20: 0.0437 recall@40: 0.0683 ] Test set [ndcg@10: 0.0135 ndcg@20: 0.0179 ndcg@40: 0.0229 ] 
2024-11-24 01:22:52,934 - Validation score increased.  Copying the best model ...
2024-11-24 01:23:12,832 - Epoch  12 Test set [recall@10: 0.0265 recall@20: 0.0442 recall@40: 0.0704 ] Test set [ndcg@10: 0.0138 ndcg@20: 0.0182 ndcg@40: 0.0235 ] 
2024-11-24 01:23:12,833 - Validation score increased.  Copying the best model ...
2024-11-24 01:23:33,435 - Epoch  15 Test set [recall@10: 0.0275 recall@20: 0.0445 recall@40: 0.0718 ] Test set [ndcg@10: 0.0142 ndcg@20: 0.0185 ndcg@40: 0.0240 ] 
2024-11-24 01:23:33,435 - Validation score increased.  Copying the best model ...
2024-11-24 01:23:53,596 - Epoch  18 Test set [recall@10: 0.0279 recall@20: 0.0453 recall@40: 0.0729 ] Test set [ndcg@10: 0.0144 ndcg@20: 0.0188 ndcg@40: 0.0244 ] 
2024-11-24 01:23:53,596 - Validation score increased.  Copying the best model ...
2024-11-24 01:24:14,824 - Epoch  21 Test set [recall@10: 0.0286 recall@20: 0.0462 recall@40: 0.0740 ] Test set [ndcg@10: 0.0148 ndcg@20: 0.0192 ndcg@40: 0.0249 ] 
2024-11-24 01:24:14,824 - Validation score increased.  Copying the best model ...
2024-11-24 01:24:36,343 - Epoch  24 Test set [recall@10: 0.0293 recall@20: 0.0474 recall@40: 0.0766 ] Test set [ndcg@10: 0.0151 ndcg@20: 0.0196 ndcg@40: 0.0255 ] 
2024-11-24 01:24:36,344 - Validation score increased.  Copying the best model ...
2024-11-24 01:24:56,751 - Epoch  27 Test set [recall@10: 0.0301 recall@20: 0.0475 recall@40: 0.0773 ] Test set [ndcg@10: 0.0154 ndcg@20: 0.0198 ndcg@40: 0.0258 ] 
2024-11-24 01:24:56,751 - Validation score increased.  Copying the best model ...
2024-11-24 01:25:16,976 - Epoch  30 Test set [recall@10: 0.0304 recall@20: 0.0478 recall@40: 0.0772 ] Test set [ndcg@10: 0.0156 ndcg@20: 0.0200 ndcg@40: 0.0259 ] 
2024-11-24 01:25:16,976 - Validation score increased.  Copying the best model ...
2024-11-24 01:25:36,540 - Epoch  33 Test set [recall@10: 0.0299 recall@20: 0.0482 recall@40: 0.0766 ] Test set [ndcg@10: 0.0155 ndcg@20: 0.0201 ndcg@40: 0.0259 ] 
2024-11-24 01:25:36,540 - Early stop counter: 1 out of 5
2024-11-24 01:25:57,483 - Epoch  36 Test set [recall@10: 0.0302 recall@20: 0.0475 recall@40: 0.0769 ] Test set [ndcg@10: 0.0155 ndcg@20: 0.0198 ndcg@40: 0.0258 ] 
2024-11-24 01:25:57,483 - Early stop counter: 2 out of 5
2024-11-24 01:26:17,110 - Epoch  39 Test set [recall@10: 0.0300 recall@20: 0.0480 recall@40: 0.0774 ] Test set [ndcg@10: 0.0154 ndcg@20: 0.0199 ndcg@40: 0.0259 ] 
2024-11-24 01:26:17,110 - Early stop counter: 3 out of 5
2024-11-24 01:26:38,711 - Epoch  42 Test set [recall@10: 0.0299 recall@20: 0.0477 recall@40: 0.0770 ] Test set [ndcg@10: 0.0154 ndcg@20: 0.0199 ndcg@40: 0.0258 ] 
2024-11-24 01:26:38,711 - Early stop counter: 4 out of 5
2024-11-24 01:26:59,059 - Epoch  45 Test set [recall@10: 0.0306 recall@20: 0.0479 recall@40: 0.0759 ] Test set [ndcg@10: 0.0156 ndcg@20: 0.0199 ndcg@40: 0.0256 ] 
2024-11-24 01:26:59,059 - Validation score increased.  Copying the best model ...
2024-11-24 01:28:20,664 - Epoch  48 Test set [recall@10: 0.0300 recall@20: 0.0472 recall@40: 0.0765 ] Test set [ndcg@10: 0.0154 ndcg@20: 0.0197 ndcg@40: 0.0256 ] 
2024-11-24 01:28:20,664 - Early stop counter: 1 out of 5
2024-11-24 01:28:40,638 - Epoch  51 Test set [recall@10: 0.0298 recall@20: 0.0474 recall@40: 0.0766 ] Test set [ndcg@10: 0.0153 ndcg@20: 0.0197 ndcg@40: 0.0256 ] 
2024-11-24 01:28:40,638 - Early stop counter: 2 out of 5
2024-11-24 01:29:01,274 - Epoch  54 Test set [recall@10: 0.0305 recall@20: 0.0484 recall@40: 0.0773 ] Test set [ndcg@10: 0.0154 ndcg@20: 0.0199 ndcg@40: 0.0258 ] 
2024-11-24 01:29:01,274 - Early stop counter: 3 out of 5
2024-11-24 01:29:23,073 - Epoch  57 Test set [recall@10: 0.0301 recall@20: 0.0484 recall@40: 0.0762 ] Test set [ndcg@10: 0.0155 ndcg@20: 0.0200 ndcg@40: 0.0257 ] 
2024-11-24 01:29:23,074 - Early stop counter: 4 out of 5
2024-11-24 01:29:43,846 - Epoch  60 Test set [recall@10: 0.0298 recall@20: 0.0473 recall@40: 0.0757 ] Test set [ndcg@10: 0.0151 ndcg@20: 0.0195 ndcg@40: 0.0253 ] 
2024-11-24 01:29:43,846 - Early stop counter: 5 out of 5
2024-11-24 01:29:43,846 - Best Epoch 45
2024-11-24 01:29:58,867 - Test set [recall@10: 0.0306 recall@20: 0.0479 recall@40: 0.0759 ] Test set [ndcg@10: 0.0156 ndcg@20: 0.0199 ndcg@40: 0.0256 ] 
2024-11-24 01:30:13,851 - Test set [recall@10: 0.0306 recall@20: 0.0479 recall@40: 0.0759 ] Test set [ndcg@10: 0.0156 ndcg@20: 0.0199 ndcg@40: 0.0256 ] 
